###############################################################################
#                                                                             #
# IAR ANSI C/C++ Compiler V6.50.3.4676/W32 for ARM      12/Sep/2017  15:11:51 #
# Copyright 1999-2013 IAR Systems AB.                                         #
#                                                                             #
#    Cpu mode     =  thumb                                                    #
#    Endian       =  little                                                   #
#    Source file  =  C:\repositorios\MaisPipocaG2\SOFTWARE\Potencia\ControleT #
#                    emperatura.c                                             #
#    Command line =  C:\repositorios\MaisPipocaG2\SOFTWARE\Potencia\ControleT #
#                    emperatura.c -lC C:\repositorios\MaisPipocaG2\SOFTWARE\D #
#                    ebug\List\ -lA C:\repositorios\MaisPipocaG2\SOFTWARE\Deb #
#                    ug\List\ -o C:\repositorios\MaisPipocaG2\SOFTWARE\Debug\ #
#                    Obj\ --no_cse --no_unroll --no_inline --no_code_motion   #
#                    --no_tbaa --no_clustering --no_scheduling --debug        #
#                    --endian=little --cpu=Cortex-M3 -e --fpu=None            #
#                    --dlib_config "C:\Program Files (x86)\IAR                #
#                    Systems\Embedded Workbench 6.5\arm\INC\c\DLib_Config_Nor #
#                    mal.h" -On                                               #
#    List file    =  C:\repositorios\MaisPipocaG2\SOFTWARE\Debug\List\Control #
#                    eTemperatura.lst                                         #
#    Object file  =  C:\repositorios\MaisPipocaG2\SOFTWARE\Debug\Obj\Controle #
#                    Temperatura.o                                            #
#                                                                             #
#                                                                             #
###############################################################################

C:\repositorios\MaisPipocaG2\SOFTWARE\Potencia\ControleTemperatura.c
      1          /*__________________________________________________________________________________
      2          |	DEXTRO SOLUÇÕES TECNOLÓGICAS
      3          |       
      4          |       ITAJAÍ - SC
      5          |       www.dextro.ind.br
      6          | __________________________________________________________________________________
      7          |
      8          |       This source code was developed by DEXTRO  and cannot be copied, in part 
      9          |       or in whole, or used, except when legally licensed by DEXTRO 
     10          |       or its distributors.
     11          |
     12          |       Este código é propriedade da DEXTRO  e não pode ser copiado, em parte 
     13          |       ou em todo, ou utilizado, exceto quando for legalmente licenciado pela 
     14          |       DEXTRO  ou por um de seus distribuidores.
     15          | __________________________________________________________________________________
     16          |
     17          |       Arquivo            :  ControleTemperatura.c
     18          |       Descrição          :  Menu para configuração do sistema
     19          | 
     20          |       Autor              :  Marcos Aquino
     21          |       Data criação       :  22/02/2017
     22          |
     23          |       Revisões           :  1.0.0.0
     24          |
     25          |
     26          | __________________________________________________________________________________
     27          */
     28          
     29          /***********************************************************************************
     30          *       Includes
     31          ***********************************************************************************/
     32          #include <stdio.h>
     33          #include <stdlib.h>
     34          #include <string.h>
     35          #include <nxp\iolpc1768.h>

   \                                 In section .noinit, at 0x2009c040
   \   __absolute union <unnamed> volatile _A_FIO2DIR
   \                     _A_FIO2DIR:
   \   00000000                      DS8 4

   \                                 In section .noinit, at 0x2009c058
   \   __absolute union <unnamed> volatile _A_FIO2SET
   \                     _A_FIO2SET:
   \   00000000                      DS8 4

   \                                 In section .noinit, at 0x2009c05c
   \   __absolute union <unnamed> volatile _A_FIO2CLR
   \                     _A_FIO2CLR:
   \   00000000                      DS8 4
     36          #include "..\includes.h"
     37          #include "ControleTemperatura.h"
     38          
     39          /***********************************************************************************
     40          *       Definições
     41          ***********************************************************************************/
     42          #define PULSO_RESISTENCIA_PIN           (0x01)<<2
     43          #define INI_PULSO_RESISTENCIA()         FIO2DIR|=PULSO_RESISTENCIA_PIN
     44          #define SET_PULSO_RESISTENCIA(X)        X?(FIO2SET|=PULSO_RESISTENCIA_PIN):(FIO2CLR|=PULSO_RESISTENCIA_PIN)
     45          
     46          /***********************************************************************************
     47          *       Constantes
     48          ***********************************************************************************/
     49          
     50          
     51          /***********************************************************************************
     52          *       Variaveis locais
     53          ***********************************************************************************/

   \                                 In section .bss, align 1
     54          unsigned char CT_preset_temperatura=0;
   \                     CT_preset_temperatura:
   \   00000000                      DS8 1
     55          
     56          /***********************************************************************************
     57          *       Funções locais
     58          ***********************************************************************************/
     59          
     60          /***********************************************************************************
     61          *       Descrição       :       Inicializa o módulo de controle da temperatura
     62          *       Parametros      :       nenhum
     63          *       Retorno         :       nenhum
     64          ***********************************************************************************/

   \                                 In section .text, align 2, keep-with-next
     65          void CT_ini(void){
     66            
     67            INI_PULSO_RESISTENCIA();
   \                     CT_ini:
   \   00000000   0x....             LDR.N    R0,??DataTable2  ;; 0x2009c040
   \   00000002   0x6800             LDR      R0,[R0, #+0]
   \   00000004   0xF050 0x0004      ORRS     R0,R0,#0x4
   \   00000008   0x....             LDR.N    R1,??DataTable2  ;; 0x2009c040
   \   0000000A   0x6008             STR      R0,[R1, #+0]
     68          }
   \   0000000C   0x4770             BX       LR               ;; return
   \   0000000E                      REQUIRE _A_FIO2DIR
     69          /***********************************************************************************
     70          *       Descrição       :       Timer tick para controle da temperatura
     71          *       Parametros      :       nenhum
     72          *       Retorno         :       nenhum
     73          ***********************************************************************************/

   \                                 In section .text, align 2, keep-with-next
     74          void CT_timer_tick(void){
   \                     CT_timer_tick:
   \   00000000   0xB510             PUSH     {R4,LR}
     75            unsigned short int temperatura;
     76            
     77            if(CT_preset_temperatura){    
   \   00000002   0x....             LDR.N    R0,??DataTable2_1
   \   00000004   0x7800             LDRB     R0,[R0, #+0]
   \   00000006   0x2800             CMP      R0,#+0
   \   00000008   0xD016             BEQ.N    ??CT_timer_tick_0
     78              temperatura = AA_calculaTemperatura();
   \   0000000A   0x.... 0x....      BL       AA_calculaTemperatura
   \   0000000E   0x0004             MOVS     R4,R0
     79              if(temperatura>CT_preset_temperatura)
   \   00000010   0x....             LDR.N    R0,??DataTable2_1
   \   00000012   0x7800             LDRB     R0,[R0, #+0]
   \   00000014   0xB280             UXTH     R0,R0            ;; ZeroExt  R0,R0,#+16,#+16
   \   00000016   0xB2A4             UXTH     R4,R4            ;; ZeroExt  R4,R4,#+16,#+16
   \   00000018   0x42A0             CMP      R0,R4
   \   0000001A   0xD206             BCS.N    ??CT_timer_tick_1
     80                SET_PULSO_RESISTENCIA(0);
   \   0000001C   0x....             LDR.N    R0,??DataTable2_2  ;; 0x2009c05c
   \   0000001E   0x6800             LDR      R0,[R0, #+0]
   \   00000020   0xF050 0x0004      ORRS     R0,R0,#0x4
   \   00000024   0x....             LDR.N    R1,??DataTable2_2  ;; 0x2009c05c
   \   00000026   0x6008             STR      R0,[R1, #+0]
   \   00000028   0xE00C             B.N      ??CT_timer_tick_2
     81              else
     82                SET_PULSO_RESISTENCIA(1);
   \                     ??CT_timer_tick_1:
   \   0000002A   0x....             LDR.N    R0,??DataTable2_3  ;; 0x2009c058
   \   0000002C   0x6800             LDR      R0,[R0, #+0]
   \   0000002E   0xF050 0x0004      ORRS     R0,R0,#0x4
   \   00000032   0x....             LDR.N    R1,??DataTable2_3  ;; 0x2009c058
   \   00000034   0x6008             STR      R0,[R1, #+0]
   \   00000036   0xE005             B.N      ??CT_timer_tick_2
     83            }  
     84            else
     85              SET_PULSO_RESISTENCIA(0);
   \                     ??CT_timer_tick_0:
   \   00000038   0x....             LDR.N    R0,??DataTable2_2  ;; 0x2009c05c
   \   0000003A   0x6800             LDR      R0,[R0, #+0]
   \   0000003C   0xF050 0x0004      ORRS     R0,R0,#0x4
   \   00000040   0x....             LDR.N    R1,??DataTable2_2  ;; 0x2009c05c
   \   00000042   0x6008             STR      R0,[R1, #+0]
     86          }
   \                     ??CT_timer_tick_2:
   \   00000044   0xBD10             POP      {R4,PC}          ;; return
   \   00000046                      REQUIRE _A_FIO2CLR
   \   00000046                      REQUIRE _A_FIO2SET
     87          /***********************************************************************************
     88          *       Descrição       :       Setter para o preset da temperatura
     89          *       Parametros      :       (unsigned short int) temperatura
     90          *       Retorno         :       nenhum
     91          ***********************************************************************************/

   \                                 In section .text, align 2, keep-with-next
     92          void CT_set_temperatura(unsigned short int temperatura){
     93            
     94            CT_preset_temperatura = temperatura;
   \                     CT_set_temperatura:
   \   00000000   0x....             LDR.N    R1,??DataTable2_1
   \   00000002   0x7008             STRB     R0,[R1, #+0]
     95          }
   \   00000004   0x4770             BX       LR               ;; return

   \                                 In section .text, align 4, keep-with-next
   \                     ??DataTable2:
   \   00000000   0x2009C040         DC32     0x2009c040

   \                                 In section .text, align 4, keep-with-next
   \                     ??DataTable2_1:
   \   00000000   0x........         DC32     CT_preset_temperatura

   \                                 In section .text, align 4, keep-with-next
   \                     ??DataTable2_2:
   \   00000000   0x2009C05C         DC32     0x2009c05c

   \                                 In section .text, align 4, keep-with-next
   \                     ??DataTable2_3:
   \   00000000   0x2009C058         DC32     0x2009c058
     96          /***********************************************************************************
     97          *       Fim do arquivo
     98          ***********************************************************************************/

   Maximum stack usage in bytes:

   .cstack Function
   ------- --------
       0   CT_ini
       0   CT_set_temperatura
       8   CT_timer_tick
         8   -> AA_calculaTemperatura


   Section sizes:

   Bytes  Function/Label
   -----  --------------
       4  ??DataTable2
       4  ??DataTable2_1
       4  ??DataTable2_2
       4  ??DataTable2_3
      14  CT_ini
       1  CT_preset_temperatura
       6  CT_set_temperatura
      70  CT_timer_tick
       4  _A_FIO2CLR
       4  _A_FIO2DIR
       4  _A_FIO2SET

 
   1 byte  in section .bss
  12 bytes in section .noinit (abs)
 106 bytes in section .text
 
 106 bytes of CODE memory
   1 byte  of DATA memory (+ 12 bytes shared)

Errors: none
Warnings: none
