###############################################################################
#                                                                             #
# IAR ANSI C/C++ Compiler V6.50.3.4676/W32 for ARM      07/Jul/2017  16:53:53 #
# Copyright 1999-2013 IAR Systems AB.                                         #
#                                                                             #
#    Cpu mode     =  thumb                                                    #
#    Endian       =  little                                                   #
#    Source file  =  C:\Users\Marcos\Dropbox\Reps\Dextro\IBA\Hardware\pegabol #
#                    a_g2\FIRMWARE\app\Protocolo\dxt_file_target.c            #
#    Command line =  C:\Users\Marcos\Dropbox\Reps\Dextro\IBA\Hardware\pegabol #
#                    a_g2\FIRMWARE\app\Protocolo\dxt_file_target.c -lC        #
#                    C:\Users\Marcos\Dropbox\Reps\Dextro\IBA\Hardware\MaisPip #
#                    ocaG2\SOFTWARE\Debug\List\ -lA                           #
#                    C:\Users\Marcos\Dropbox\Reps\Dextro\IBA\Hardware\MaisPip #
#                    ocaG2\SOFTWARE\Debug\List\ -o                            #
#                    C:\Users\Marcos\Dropbox\Reps\Dextro\IBA\Hardware\MaisPip #
#                    ocaG2\SOFTWARE\Debug\Obj\ --no_cse --no_unroll           #
#                    --no_inline --no_code_motion --no_tbaa --no_clustering   #
#                    --no_scheduling --debug --endian=little --cpu=Cortex-M3  #
#                    -e --fpu=None --dlib_config "C:\Program Files (x86)\IAR  #
#                    Systems\Embedded Workbench 6.5\arm\INC\c\DLib_Config_Nor #
#                    mal.h" -Ol                                               #
#    List file    =  C:\Users\Marcos\Dropbox\Reps\Dextro\IBA\Hardware\MaisPip #
#                    ocaG2\SOFTWARE\Debug\List\dxt_file_target.lst            #
#    Object file  =  C:\Users\Marcos\Dropbox\Reps\Dextro\IBA\Hardware\MaisPip #
#                    ocaG2\SOFTWARE\Debug\Obj\dxt_file_target.o               #
#                                                                             #
#                                                                             #
###############################################################################

C:\Users\Marcos\Dropbox\Reps\Dextro\IBA\Hardware\pegabola_g2\FIRMWARE\app\Protocolo\dxt_file_target.c
      1          /*__________________________________________________________________________________
      2          |	Dextro Soluções Tecnológicas
      3          |       
      4          |       Itajaí - SC
      5          |       www.dextro-st.com.br
      6          | __________________________________________________________________________________
      7          |
      8          |       This source code was developed by Dextro  and cannot be copied, in part 
      9          |       or in whole, or used, except when legally licensed by Dextro 
     10          |       or its distributors.
     11          |
     12          |       Este código é propriedade da Dextro  e não pode ser copiado, em parte 
     13          |       ou em todo, ou utilizado, exceto quando for legalmente licenciado pela 
     14          |       Dextro  ou por um de seus distribuidores.
     15          | __________________________________________________________________________________
     16          |
     17          |       Arquivo            :  dxt_file_target.c
     18          | 
     19          |       Autor              :  Marcos Aquino
     20          |       Data criação       :  07/07/2017
     21          |
     22          |       Revisões           :  001
     23          |
     24          |
     25          | __________________________________________________________________________________
     26          */
     27          
     28          /***********************************************************************************
     29          *       Includes
     30          ***********************************************************************************/
     31          #include <stdio.h>
     32          #include <stdlib.h>
     33          #include <string.h>
     34          
     35          
     36          /***********************************************************************************
     37          *       Definições locais
     38          ***********************************************************************************/
     39          
     40          
     41          /***********************************************************************************
     42          *       Constantes
     43          ***********************************************************************************/
     44          
     45          
     46          /***********************************************************************************
     47          *       Variaveis locais
     48          ***********************************************************************************/
     49          
     50          
     51          /***********************************************************************************
     52          *       Funções locais
     53          ***********************************************************************************/
     54          
     55          /***********************************************************************************
     56          *       Descrição       :       Escreve um bloco na memória de massa
     57          *                               do sistema
     58          *       Parametros      :       (unsigned int) address
     59          *                               (unsigned int) size
     60          *                               (unsigned char*) pData
     61          *       Retorno         :       nenhum
     62          ***********************************************************************************/

   \                                 In section .text, align 2, keep-with-next
     63          void DXF_write_block(unsigned int address,unsigned int size,unsigned char *pData){
     64            
     65            
     66            
     67          }
   \                     DXF_write_block:
   \   00000000   0x4770             BX       LR               ;; return
     68          /***********************************************************************************
     69          *       Descrição       :       Lê um bloco na memória de massa do sistema
     70          *       Parametros      :       (unsigned int) address
     71          *                               (unsigned int) size
     72          *                               (unsigned char*)pData
     73          *       Retorno         :       nenhum
     74          ***********************************************************************************/

   \                                 In section .text, align 2, keep-with-next
     75          void DXF_read_block(unsigned int address,unsigned int size,unsigned char *pData){
     76            
     77            
     78            
     79          }
   \                     DXF_read_block:
   \   00000000   0x4770             BX       LR               ;; return
     80          /***********************************************************************************
     81          *       Fim do arquivo
     82          ***********************************************************************************/

   Maximum stack usage in bytes:

   .cstack Function
   ------- --------
       0   DXF_read_block
       0   DXF_write_block


   Section sizes:

   Bytes  Function/Label
   -----  --------------
       2  DXF_read_block
       2  DXF_write_block

 
 4 bytes in section .text
 
 4 bytes of CODE memory

Errors: none
Warnings: none
