###############################################################################
#                                                                             #
# IAR ANSI C/C++ Compiler V6.50.3.4676/W32 for ARM      09/Sep/2017  15:56:28 #
# Copyright 1999-2013 IAR Systems AB.                                         #
#                                                                             #
#    Cpu mode     =  thumb                                                    #
#    Endian       =  little                                                   #
#    Source file  =  C:\repositorios\MaisPipocaG2\SOFTWARE\IU\leds.c          #
#    Command line =  C:\repositorios\MaisPipocaG2\SOFTWARE\IU\leds.c -lC      #
#                    C:\repositorios\MaisPipocaG2\SOFTWARE\Debug\List\ -lA    #
#                    C:\repositorios\MaisPipocaG2\SOFTWARE\Debug\List\ -o     #
#                    C:\repositorios\MaisPipocaG2\SOFTWARE\Debug\Obj\         #
#                    --no_cse --no_unroll --no_inline --no_code_motion        #
#                    --no_tbaa --no_clustering --no_scheduling --debug        #
#                    --endian=little --cpu=Cortex-M3 -e --fpu=None            #
#                    --dlib_config "C:\Program Files (x86)\IAR                #
#                    Systems\Embedded Workbench 6.5\arm\INC\c\DLib_Config_Nor #
#                    mal.h" -On                                               #
#    List file    =  C:\repositorios\MaisPipocaG2\SOFTWARE\Debug\List\leds.ls #
#                    t                                                        #
#    Object file  =  C:\repositorios\MaisPipocaG2\SOFTWARE\Debug\Obj\leds.o   #
#                                                                             #
#                                                                             #
###############################################################################

C:\repositorios\MaisPipocaG2\SOFTWARE\IU\leds.c
      1          /*__________________________________________________________________________________
      2          |	Quark Tecnologia Eletrônica Embarcada
      3          |       
      4          |       Itapema - SC
      5          |       www.quarktee.com.br
      6          | __________________________________________________________________________________
      7          |
      8          |       This source code was developed by Quark  and cannot be copied, in part 
      9          |       or in whole, or used, except when legally licensed by Quark 
     10          |       or its distributors.
     11          |
     12          |       Este código é propriedade da Quark  e não pode ser copiado, em parte 
     13          |       ou em todo, ou utilizado, exceto quando for legalmente licenciado pela 
     14          |       Quark  ou por um de seus distribuidores.
     15          | __________________________________________________________________________________
     16          |
     17          |       Arquivo            :  leds.c
     18          | 
     19          |       Autor              :  Marcos Aquino
     20          |       Data criação       :  24/02/2017
     21          |
     22          |       Revisões           :  0001
     23          |
     24          |
     25          | __________________________________________________________________________________
     26          */
     27          
     28          /***********************************************************************************
     29          *       Includes
     30          ***********************************************************************************/
     31          #include <stdio.h>
     32          #include <stdlib.h>
     33          #include <string.h>
     34          #include <nxp\iolpc1768.h>

   \                                 In section .noinit, at 0x2009c020
   \   __absolute union <unnamed> volatile _A_FIO1DIR
   \                     _A_FIO1DIR:
   \   00000000                      DS8 4

   \                                 In section .noinit, at 0x2009c038
   \   __absolute union <unnamed> volatile _A_FIO1SET
   \                     _A_FIO1SET:
   \   00000000                      DS8 4

   \                                 In section .noinit, at 0x2009c03c
   \   __absolute union <unnamed> volatile _A_FIO1CLR
   \                     _A_FIO1CLR:
   \   00000000                      DS8 4
     35          #include "..\includes.h"
     36          
     37          /***********************************************************************************
     38          *       Definições locais
     39          ***********************************************************************************/
     40          #define LED_DATA_PIN                            (0x01)<<20
     41          #define LED_CLOCK_PIN                           (0x01)<<22
     42          #define LED_STROBE_PIN                          (0x01)<<21
     43          
     44          #define INI_LED_PINS()                          FIO1DIR|=LED_DATA_PIN|LED_CLOCK_PIN|LED_STROBE_PIN
     45          
     46          #define SET_LED_DATA(X)                         X?(FIO1SET|=LED_DATA_PIN ): (FIO1CLR|=LED_DATA_PIN)
     47          #define SET_CLOCK(X)                            X?(FIO1SET|=LED_CLOCK_PIN): (FIO1CLR|=LED_CLOCK_PIN)
     48          #define SET_STROBE(X)                           X?(FIO1SET|=LED_STROBE_PIN):(FIO1CLR|=LED_STROBE_PIN)
     49          
     50          /***********************************************************************************
     51          *       Variaveis locais
     52          ***********************************************************************************/

   \                                 In section .bss, align 1
     53          unsigned char LEDS_espelho_leds={0};
   \                     LEDS_espelho_leds:
   \   00000000                      DS8 1
     54          //unsigned int LEDS_temp=0;
     55          
     56          /***********************************************************************************
     57          *       Funções locais
     58          ***********************************************************************************/
     59          void LEDS_envia_bitstream(unsigned char valor);
     60          
     61          /***********************************************************************************
     62          *       Implementação das funções
     63          ***********************************************************************************/
     64          
     65          /***********************************************************************************
     66          *       Descrição       :       Inicialização do módulo de controle
     67          *                               dos leds
     68          *       Parametros      :       nenhum
     69          *       Retorno         :       nenhu
     70          ***********************************************************************************/

   \                                 In section .text, align 2, keep-with-next
     71          void LEDS_ini(void){
     72            
     73            INI_LED_PINS();
   \                     LEDS_ini:
   \   00000000   0x....             LDR.N    R0,??DataTable3  ;; 0x2009c020
   \   00000002   0x6800             LDR      R0,[R0, #+0]
   \   00000004   0xF450 0x00E0      ORRS     R0,R0,#0x700000
   \   00000008   0x....             LDR.N    R1,??DataTable3  ;; 0x2009c020
   \   0000000A   0x6008             STR      R0,[R1, #+0]
     74          }
   \   0000000C   0x4770             BX       LR               ;; return
   \   0000000E                      REQUIRE _A_FIO1DIR
     75          /***********************************************************************************
     76          *       Descrição       :       Função principal da thread de controle dos
     77          *                               leds
     78          *       Parametros      :       nenhum
     79          *       Retorno         :       nenhum
     80          ***********************************************************************************/

   \                                 In section .text, align 2, keep-with-next
     81          void LEDS_main(void*pPar){
   \                     LEDS_main:
   \   00000000   0xB510             PUSH     {R4,LR}
   \   00000002   0x0004             MOVS     R4,R0
     82            
     83            for(;;){
     84              
     85              LEDS_envia_bitstream(LEDS_espelho_leds);
   \                     ??LEDS_main_0:
   \   00000004   0x....             LDR.N    R0,??DataTable3_1
   \   00000006   0x7800             LDRB     R0,[R0, #+0]
   \   00000008   0x.... 0x....      BL       LEDS_envia_bitstream
     86              vTaskDelay(100);
   \   0000000C   0x2064             MOVS     R0,#+100
   \   0000000E   0x.... 0x....      BL       vTaskDelay
   \   00000012   0xE7F7             B.N      ??LEDS_main_0
     87            }  
     88          }
     89          /***********************************************************************************
     90          *       Descrição       :       Envia o dado dos leds para o registrador
     91          *                               de deslocamento
     92          *       Parametros      :       nenhum
     93          *       Retorno         :       nenhum
     94          ***********************************************************************************/

   \                                 In section .text, align 2, keep-with-next
     95          void LEDS_envia_bitstream(unsigned char valor){
   \                     LEDS_envia_bitstream:
   \   00000000   0xB510             PUSH     {R4,LR}
   \   00000002   0x0004             MOVS     R4,R0
     96            
     97            for(unsigned char i=0;i<8;i++){
   \   00000004   0x2000             MOVS     R0,#+0
   \                     ??LEDS_envia_bitstream_0:
   \   00000006   0xB2C0             UXTB     R0,R0            ;; ZeroExt  R0,R0,#+24,#+24
   \   00000008   0x2808             CMP      R0,#+8
   \   0000000A   0xDA1F             BGE.N    ??LEDS_envia_bitstream_1
     98              
     99              SET_CLOCK(1);
   \   0000000C   0x....             LDR.N    R1,??DataTable3_2  ;; 0x2009c038
   \   0000000E   0x6809             LDR      R1,[R1, #+0]
   \   00000010   0xF451 0x0180      ORRS     R1,R1,#0x400000
   \   00000014   0x....             LDR.N    R2,??DataTable3_2  ;; 0x2009c038
   \   00000016   0x6011             STR      R1,[R2, #+0]
    100              
    101              SET_LED_DATA(0);
   \   00000018   0x....             LDR.N    R1,??DataTable3_3  ;; 0x2009c03c
   \   0000001A   0x6809             LDR      R1,[R1, #+0]
   \   0000001C   0xF451 0x1180      ORRS     R1,R1,#0x100000
   \   00000020   0x....             LDR.N    R2,??DataTable3_3  ;; 0x2009c03c
   \   00000022   0x6011             STR      R1,[R2, #+0]
    102              if(valor&(0x01<<i))
   \   00000024   0x2101             MOVS     R1,#+1
   \   00000026   0x4081             LSLS     R1,R1,R0
   \   00000028   0x0022             MOVS     R2,R4
   \   0000002A   0xB2D2             UXTB     R2,R2            ;; ZeroExt  R2,R2,#+24,#+24
   \   0000002C   0x420A             TST      R2,R1
   \   0000002E   0xD005             BEQ.N    ??LEDS_envia_bitstream_2
    103                SET_LED_DATA(1);
   \   00000030   0x....             LDR.N    R1,??DataTable3_2  ;; 0x2009c038
   \   00000032   0x6809             LDR      R1,[R1, #+0]
   \   00000034   0xF451 0x1180      ORRS     R1,R1,#0x100000
   \   00000038   0x....             LDR.N    R2,??DataTable3_2  ;; 0x2009c038
   \   0000003A   0x6011             STR      R1,[R2, #+0]
    104              
    105              SET_CLOCK(0);    
   \                     ??LEDS_envia_bitstream_2:
   \   0000003C   0x....             LDR.N    R1,??DataTable3_3  ;; 0x2009c03c
   \   0000003E   0x6809             LDR      R1,[R1, #+0]
   \   00000040   0xF451 0x0180      ORRS     R1,R1,#0x400000
   \   00000044   0x....             LDR.N    R2,??DataTable3_3  ;; 0x2009c03c
   \   00000046   0x6011             STR      R1,[R2, #+0]
    106            }
   \   00000048   0x1C40             ADDS     R0,R0,#+1
   \   0000004A   0xE7DC             B.N      ??LEDS_envia_bitstream_0
    107            
    108            SET_STROBE(1);
   \                     ??LEDS_envia_bitstream_1:
   \   0000004C   0x....             LDR.N    R0,??DataTable3_2  ;; 0x2009c038
   \   0000004E   0x6800             LDR      R0,[R0, #+0]
   \   00000050   0xF450 0x1000      ORRS     R0,R0,#0x200000
   \   00000054   0x....             LDR.N    R1,??DataTable3_2  ;; 0x2009c038
   \   00000056   0x6008             STR      R0,[R1, #+0]
    109            vTaskDelay(1);
   \   00000058   0x2001             MOVS     R0,#+1
   \   0000005A   0x.... 0x....      BL       vTaskDelay
    110            SET_STROBE(0);  
   \   0000005E   0x....             LDR.N    R0,??DataTable3_3  ;; 0x2009c03c
   \   00000060   0x6800             LDR      R0,[R0, #+0]
   \   00000062   0xF450 0x1000      ORRS     R0,R0,#0x200000
   \   00000066   0x....             LDR.N    R1,??DataTable3_3  ;; 0x2009c03c
   \   00000068   0x6008             STR      R0,[R1, #+0]
    111          }
   \   0000006A   0xBD10             POP      {R4,PC}          ;; return
   \   0000006C                      REQUIRE _A_FIO1SET
   \   0000006C                      REQUIRE _A_FIO1CLR
    112          /***********************************************************************************
    113          *       Descrição       :       Setter para os leds
    114          *       Parametros      :       (unsigned char) led
    115          *                               (unsigned char) estado
    116          *       Retorno         :       nenhum
    117          ***********************************************************************************/

   \                                 In section .text, align 2, keep-with-next
    118          void LEDS_setter_led(unsigned char led,unsigned char estado){
    119            
    120            if(estado)
   \                     LEDS_setter_led:
   \   00000000   0xB2C9             UXTB     R1,R1            ;; ZeroExt  R1,R1,#+24,#+24
   \   00000002   0x2900             CMP      R1,#+0
   \   00000004   0xD007             BEQ.N    ??LEDS_setter_led_0
    121              LEDS_espelho_leds |=  (0x01)<<led;
   \   00000006   0x....             LDR.N    R2,??DataTable3_1
   \   00000008   0x7812             LDRB     R2,[R2, #+0]
   \   0000000A   0x2301             MOVS     R3,#+1
   \   0000000C   0x4083             LSLS     R3,R3,R0
   \   0000000E   0x431A             ORRS     R2,R3,R2
   \   00000010   0x....             LDR.N    R3,??DataTable3_1
   \   00000012   0x701A             STRB     R2,[R3, #+0]
   \   00000014   0xE006             B.N      ??LEDS_setter_led_1
    122            else
    123              LEDS_espelho_leds &= ~((0x01)<<led);
   \                     ??LEDS_setter_led_0:
   \   00000016   0x....             LDR.N    R2,??DataTable3_1
   \   00000018   0x7812             LDRB     R2,[R2, #+0]
   \   0000001A   0x2301             MOVS     R3,#+1
   \   0000001C   0x4083             LSLS     R3,R3,R0
   \   0000001E   0x439A             BICS     R2,R2,R3
   \   00000020   0x....             LDR.N    R3,??DataTable3_1
   \   00000022   0x701A             STRB     R2,[R3, #+0]
    124          }
   \                     ??LEDS_setter_led_1:
   \   00000024   0x4770             BX       LR               ;; return

   \                                 In section .text, align 4, keep-with-next
   \                     ??DataTable3:
   \   00000000   0x2009C020         DC32     0x2009c020

   \                                 In section .text, align 4, keep-with-next
   \                     ??DataTable3_1:
   \   00000000   0x........         DC32     LEDS_espelho_leds

   \                                 In section .text, align 4, keep-with-next
   \                     ??DataTable3_2:
   \   00000000   0x2009C038         DC32     0x2009c038

   \                                 In section .text, align 4, keep-with-next
   \                     ??DataTable3_3:
   \   00000000   0x2009C03C         DC32     0x2009c03c
    125          /***********************************************************************************
    126          *       Fim do arquivo
    127          ***********************************************************************************/

   Maximum stack usage in bytes:

   .cstack Function
   ------- --------
       8   LEDS_envia_bitstream
         8   -> vTaskDelay
       0   LEDS_ini
       8   LEDS_main
         8   -> LEDS_envia_bitstream
         8   -> vTaskDelay
       0   LEDS_setter_led


   Section sizes:

   Bytes  Function/Label
   -----  --------------
       4  ??DataTable3
       4  ??DataTable3_1
       4  ??DataTable3_2
       4  ??DataTable3_3
     108  LEDS_envia_bitstream
       1  LEDS_espelho_leds
      14  LEDS_ini
      20  LEDS_main
      38  LEDS_setter_led
       4  _A_FIO1CLR
       4  _A_FIO1DIR
       4  _A_FIO1SET

 
   1 byte  in section .bss
  12 bytes in section .noinit (abs)
 196 bytes in section .text
 
 196 bytes of CODE memory
   1 byte  of DATA memory (+ 12 bytes shared)

Errors: none
Warnings: none
