###############################################################################
#                                                                             #
# IAR ANSI C/C++ Compiler V6.50.3.4676/W32 for ARM      20/Jul/2017  13:55:55 #
# Copyright 1999-2013 IAR Systems AB.                                         #
#                                                                             #
#    Cpu mode     =  thumb                                                    #
#    Endian       =  little                                                   #
#    Source file  =  C:\Users\Marcos\Dropbox\Reps\Dextro\IBA\Hardware\MaisPip #
#                    ocaG2\SOFTWARE\Aplicacao\menu_ajuste_relogio.c           #
#    Command line =  C:\Users\Marcos\Dropbox\Reps\Dextro\IBA\Hardware\MaisPip #
#                    ocaG2\SOFTWARE\Aplicacao\menu_ajuste_relogio.c -lC       #
#                    C:\Users\Marcos\Dropbox\Reps\Dextro\IBA\Hardware\MaisPip #
#                    ocaG2\SOFTWARE\Debug\List\ -lA                           #
#                    C:\Users\Marcos\Dropbox\Reps\Dextro\IBA\Hardware\MaisPip #
#                    ocaG2\SOFTWARE\Debug\List\ -o                            #
#                    C:\Users\Marcos\Dropbox\Reps\Dextro\IBA\Hardware\MaisPip #
#                    ocaG2\SOFTWARE\Debug\Obj\ --no_cse --no_unroll           #
#                    --no_inline --no_code_motion --no_tbaa --no_clustering   #
#                    --no_scheduling --debug --endian=little --cpu=Cortex-M3  #
#                    -e --fpu=None --dlib_config "C:\Program Files (x86)\IAR  #
#                    Systems\Embedded Workbench 6.5\arm\INC\c\DLib_Config_Nor #
#                    mal.h" -Ol                                               #
#    List file    =  C:\Users\Marcos\Dropbox\Reps\Dextro\IBA\Hardware\MaisPip #
#                    ocaG2\SOFTWARE\Debug\List\menu_ajuste_relogio.lst        #
#    Object file  =  C:\Users\Marcos\Dropbox\Reps\Dextro\IBA\Hardware\MaisPip #
#                    ocaG2\SOFTWARE\Debug\Obj\menu_ajuste_relogio.o           #
#                                                                             #
#                                                                             #
###############################################################################

C:\Users\Marcos\Dropbox\Reps\Dextro\IBA\Hardware\MaisPipocaG2\SOFTWARE\Aplicacao\menu_ajuste_relogio.c
      1          /*__________________________________________________________________________________
      2          |	DEXTRO SOLUÇÕES TECNOLÓGICAS
      3          |       
      4          |       ITAJAÍ - SC
      5          |       www.dextro.ind.br
      6          | __________________________________________________________________________________
      7          |
      8          |       This source code was developed by DEXTRO  and cannot be copied, in part 
      9          |       or in whole, or used, except when legally licensed by DEXTRO 
     10          |       or its distributors.
     11          |
     12          |       Este código é propriedade da DEXTRO  e não pode ser copiado, em parte 
     13          |       ou em todo, ou utilizado, exceto quando for legalmente licenciado pela 
     14          |       DEXTRO  ou por um de seus distribuidores.
     15          | __________________________________________________________________________________
     16          |
     17          |       Arquivo            :  menu_ajuste_relogio.c
     18          |       Descrição          :  Menu
     19          | 
     20          |       Autor              :  Marcos Aquino
     21          |       Data criação       :  18/01/2017
     22          |
     23          |       Revisões           :  1.0.0.0
     24          |
     25          |
     26          | __________________________________________________________________________________
     27          */
     28          
     29          /***********************************************************************************
     30          *       Includes
     31          ***********************************************************************************/
     32          #include <stdio.h>
     33          #include <stdlib.h>
     34          #include <string.h>
     35          #include "..\includes.h"
     36          #include "menu_ajuste_relogio.h"
     37          
     38          /***********************************************************************************
     39          *       Definições locais
     40          ***********************************************************************************/
     41          
     42          
     43          /***********************************************************************************
     44          *       Constantes
     45          ***********************************************************************************/
     46          
     47          
     48          /***********************************************************************************
     49          *       Variaveis - locais
     50          ***********************************************************************************/
     51          
     52          
     53          /***********************************************************************************
     54          *       Funções locais
     55          ***********************************************************************************/
     56          
     57          
     58          /***********************************************************************************
     59          *       Implementação das funções
     60          ***********************************************************************************/
     61          
     62          /***********************************************************************************
     63          *       Descrição       :       Ponto de entrada do menu para configuração
     64          *                               do RTC
     65          *       Parametros      :       nenhum
     66          *       Retorno         :       nenhum
     67          ***********************************************************************************/

   \                                 In section .text, align 4, keep-with-next
     68          void MARTC_entry(void){
   \                     MARTC_entry:
   \   00000000   0xB510             PUSH     {R4,LR}
   \   00000002   0xB09E             SUB      SP,SP,#+120
     69            unsigned char hora;
     70            unsigned char minuto;
     71            unsigned char segundo;
     72            unsigned char dia;
     73            unsigned char mes;
     74            unsigned int ano;
     75            eTECLA tecla;
     76            unsigned int matriz_edicao[6];
     77            unsigned int limites_inf[6]={0,0,0,1,1,2017};
   \   00000004   0xA818             ADD      R0,SP,#+96
   \   00000006   0x4972             LDR.N    R1,??MARTC_entry_0
   \   00000008   0x2218             MOVS     R2,#+24
   \   0000000A   0x.... 0x....      BL       __aeabi_memcpy4
     78            unsigned int limites_sup[6]={23,59,59,31,12,2117};  
   \   0000000E   0xA812             ADD      R0,SP,#+72
   \   00000010   0x4970             LDR.N    R1,??MARTC_entry_0+0x4
   \   00000012   0x2218             MOVS     R2,#+24
   \   00000014   0x.... 0x....      BL       __aeabi_memcpy4
     79            unsigned int indice=0;
   \   00000018   0x2400             MOVS     R4,#+0
     80            char linha[17];
     81            const unsigned char posicoes[6]={4,7,10,2,5,8};
   \   0000001A   0xA80B             ADD      R0,SP,#+44
   \   0000001C   0x496E             LDR.N    R1,??MARTC_entry_0+0x8
   \   0000001E   0xC90C             LDM      R1!,{R2,R3}
   \   00000020   0xC00C             STM      R0!,{R2,R3}
   \   00000022   0x3908             SUBS     R1,R1,#+8
   \   00000024   0x3808             SUBS     R0,R0,#+8
     82            
     83            RTC_getValue(&hora,&minuto,&segundo,&dia,&mes,&ano);
   \   00000026   0xA804             ADD      R0,SP,#+16
   \   00000028   0x9001             STR      R0,[SP, #+4]
   \   0000002A   0xA802             ADD      R0,SP,#+8
   \   0000002C   0x9000             STR      R0,[SP, #+0]
   \   0000002E   0xF10D 0x0309      ADD      R3,SP,#+9
   \   00000032   0xF10D 0x020A      ADD      R2,SP,#+10
   \   00000036   0xF10D 0x010B      ADD      R1,SP,#+11
   \   0000003A   0xA803             ADD      R0,SP,#+12
   \   0000003C   0x.... 0x....      BL       RTC_getValue
     84            if(hora>23) hora = 23;
   \   00000040   0xF89D 0x000C      LDRB     R0,[SP, #+12]
   \   00000044   0x2818             CMP      R0,#+24
   \   00000046   0xDB02             BLT.N    ??MARTC_entry_1
   \   00000048   0x2017             MOVS     R0,#+23
   \   0000004A   0xF88D 0x000C      STRB     R0,[SP, #+12]
     85            if(minuto>59) minuto = 59;
   \                     ??MARTC_entry_1:
   \   0000004E   0xF89D 0x000B      LDRB     R0,[SP, #+11]
   \   00000052   0x283C             CMP      R0,#+60
   \   00000054   0xDB02             BLT.N    ??MARTC_entry_2
   \   00000056   0x203B             MOVS     R0,#+59
   \   00000058   0xF88D 0x000B      STRB     R0,[SP, #+11]
     86            if(segundo>59) segundo = 59;
   \                     ??MARTC_entry_2:
   \   0000005C   0xF89D 0x000A      LDRB     R0,[SP, #+10]
   \   00000060   0x283C             CMP      R0,#+60
   \   00000062   0xDB02             BLT.N    ??MARTC_entry_3
   \   00000064   0x203B             MOVS     R0,#+59
   \   00000066   0xF88D 0x000A      STRB     R0,[SP, #+10]
     87            if(!dia || dia>31) dia = 1;
   \                     ??MARTC_entry_3:
   \   0000006A   0xF89D 0x0009      LDRB     R0,[SP, #+9]
   \   0000006E   0x2800             CMP      R0,#+0
   \   00000070   0xD003             BEQ.N    ??MARTC_entry_4
   \   00000072   0xF89D 0x0009      LDRB     R0,[SP, #+9]
   \   00000076   0x2820             CMP      R0,#+32
   \   00000078   0xDB02             BLT.N    ??MARTC_entry_5
   \                     ??MARTC_entry_4:
   \   0000007A   0x2001             MOVS     R0,#+1
   \   0000007C   0xF88D 0x0009      STRB     R0,[SP, #+9]
     88            if(!mes || mes>12) mes = 1;
   \                     ??MARTC_entry_5:
   \   00000080   0xF89D 0x0008      LDRB     R0,[SP, #+8]
   \   00000084   0x2800             CMP      R0,#+0
   \   00000086   0xD003             BEQ.N    ??MARTC_entry_6
   \   00000088   0xF89D 0x0008      LDRB     R0,[SP, #+8]
   \   0000008C   0x280D             CMP      R0,#+13
   \   0000008E   0xDB02             BLT.N    ??MARTC_entry_7
   \                     ??MARTC_entry_6:
   \   00000090   0x2001             MOVS     R0,#+1
   \   00000092   0xF88D 0x0008      STRB     R0,[SP, #+8]
     89            if(ano<2017 || ano>2117) ano = 2017;
   \                     ??MARTC_entry_7:
   \   00000096   0x9804             LDR      R0,[SP, #+16]
   \   00000098   0xF2A0 0x70E1      SUBW     R0,R0,#+2017
   \   0000009C   0x2865             CMP      R0,#+101
   \   0000009E   0xD302             BCC.N    ??MARTC_entry_8
   \   000000A0   0xF240 0x70E1      MOVW     R0,#+2017
   \   000000A4   0x9004             STR      R0,[SP, #+16]
     90            
     91            matriz_edicao[0] = hora;
   \                     ??MARTC_entry_8:
   \   000000A6   0xF89D 0x000C      LDRB     R0,[SP, #+12]
   \   000000AA   0x9005             STR      R0,[SP, #+20]
     92            matriz_edicao[1] = minuto;
   \   000000AC   0xF89D 0x000B      LDRB     R0,[SP, #+11]
   \   000000B0   0x9006             STR      R0,[SP, #+24]
     93            matriz_edicao[2] = segundo;
   \   000000B2   0xF89D 0x000A      LDRB     R0,[SP, #+10]
   \   000000B6   0x9007             STR      R0,[SP, #+28]
     94            matriz_edicao[3] = dia;
   \   000000B8   0xF89D 0x0009      LDRB     R0,[SP, #+9]
   \   000000BC   0x9008             STR      R0,[SP, #+32]
     95            matriz_edicao[4] = mes;
   \   000000BE   0xF89D 0x0008      LDRB     R0,[SP, #+8]
   \   000000C2   0x9009             STR      R0,[SP, #+36]
     96            matriz_edicao[5] = ano;
   \   000000C4   0x9804             LDR      R0,[SP, #+16]
   \   000000C6   0x900A             STR      R0,[SP, #+40]
     97            
     98            HD44780_clearText();
   \   000000C8   0x200C             MOVS     R0,#+12
   \   000000CA   0x.... 0x....      BL       HD44780_writeChar
   \   000000CE   0xE033             B.N      ??MARTC_entry_9
     99            
    100            for(;TECLADO_getContadorInatividade();){
    101              
    102              tecla = TECLADO_getch();
    103              switch(tecla){
    104                case TECLA_ENTER: 
    105                     indice++;
    106                     if(indice>5){
    107                       RTC_setValue(matriz_edicao[0],matriz_edicao[1],matriz_edicao[2],
    108                                    matriz_edicao[3],matriz_edicao[4],matriz_edicao[5]);
    109                     }
    110                     else
    111                       break;
    112                case TECLA_ESC:
    113                     return;
    114                case TECLA_INC:
    115                     if(matriz_edicao[indice]>=limites_sup[indice])
    116                       matriz_edicao[indice] = limites_inf[indice];
    117                     else
    118                       matriz_edicao[indice]++;
    119                     break;
    120                case TECLA_DEC:
    121                      if(matriz_edicao[indice]<=limites_inf[indice])
    122                        matriz_edicao[indice] = limites_sup[indice];
    123                      else
    124                        matriz_edicao[indice]--;
   \                     ??MARTC_entry_10:
   \   000000D0   0xA805             ADD      R0,SP,#+20
   \   000000D2   0xF850 0x0024      LDR      R0,[R0, R4, LSL #+2]
   \   000000D6   0x1E40             SUBS     R0,R0,#+1
   \   000000D8   0xA905             ADD      R1,SP,#+20
   \   000000DA   0xF841 0x0024      STR      R0,[R1, R4, LSL #+2]
    125                     break;
    126              }
    127              
    128              // Escreve a primeira linha no LCD
    129              sprintf(linha,"%02d:%02d:%02d",matriz_edicao[0],matriz_edicao[1],matriz_edicao[2]);
   \                     ??MARTC_entry_11:
   \                     ??MARTC_entry_12:
   \   000000DE   0x9807             LDR      R0,[SP, #+28]
   \   000000E0   0x9000             STR      R0,[SP, #+0]
   \   000000E2   0x9B06             LDR      R3,[SP, #+24]
   \   000000E4   0x9A05             LDR      R2,[SP, #+20]
   \   000000E6   0x493D             LDR.N    R1,??MARTC_entry_0+0xC
   \   000000E8   0xA80D             ADD      R0,SP,#+52
   \   000000EA   0x.... 0x....      BL       sprintf
    130              HD44780_posicionaTexto(4,0);
   \   000000EE   0x2100             MOVS     R1,#+0
   \   000000F0   0x2004             MOVS     R0,#+4
   \   000000F2   0x.... 0x....      BL       HD44780_posicionaTexto
    131              HD44780_writeString(linha);
   \   000000F6   0xA80D             ADD      R0,SP,#+52
   \   000000F8   0x.... 0x....      BL       HD44780_writeString
    132              
    133              // Escreve a segunda linha no LCd
    134              sprintf(linha,"%02d/%02d/%04d",matriz_edicao[3],matriz_edicao[4],matriz_edicao[5]);
   \   000000FC   0x980A             LDR      R0,[SP, #+40]
   \   000000FE   0x9000             STR      R0,[SP, #+0]
   \   00000100   0x9B09             LDR      R3,[SP, #+36]
   \   00000102   0x9A08             LDR      R2,[SP, #+32]
   \   00000104   0x4936             LDR.N    R1,??MARTC_entry_0+0x10
   \   00000106   0xA80D             ADD      R0,SP,#+52
   \   00000108   0x.... 0x....      BL       sprintf
    135              HD44780_posicionaTexto(2,1);
   \   0000010C   0x2101             MOVS     R1,#+1
   \   0000010E   0x2002             MOVS     R0,#+2
   \   00000110   0x.... 0x....      BL       HD44780_posicionaTexto
    136              HD44780_writeString(linha);
   \   00000114   0xA80D             ADD      R0,SP,#+52
   \   00000116   0x.... 0x....      BL       HD44780_writeString
    137              
    138              // Liga o cursor piscante
    139              HD44780_ligaCursorPiscante();    
   \   0000011A   0x.... 0x....      BL       HD44780_ligaCursorPiscante
    140              HD44780_posicionaTexto(posicoes[indice],indice/3);    
   \   0000011E   0x2003             MOVS     R0,#+3
   \   00000120   0xFBB4 0xF1F0      UDIV     R1,R4,R0
   \   00000124   0xB2C9             UXTB     R1,R1            ;; ZeroExt  R1,R1,#+24,#+24
   \   00000126   0xA80B             ADD      R0,SP,#+44
   \   00000128   0x5C20             LDRB     R0,[R4, R0]
   \   0000012A   0x.... 0x....      BL       HD44780_posicionaTexto
    141              vTaskDelay(150);
   \   0000012E   0x2096             MOVS     R0,#+150
   \   00000130   0x.... 0x....      BL       vTaskDelay
    142              HD44780_desligaCursorPiscante();    
   \   00000134   0x.... 0x....      BL       HD44780_desligaCursorPiscante
   \                     ??MARTC_entry_9:
   \   00000138   0x.... 0x....      BL       TECLADO_getContadorInatividade
   \   0000013C   0x2800             CMP      R0,#+0
   \   0000013E   0xD044             BEQ.N    ??MARTC_entry_13
   \   00000140   0x.... 0x....      BL       TECLADO_getch
   \   00000144   0xB2C0             UXTB     R0,R0            ;; ZeroExt  R0,R0,#+24,#+24
   \   00000146   0x2801             CMP      R0,#+1
   \   00000148   0xD017             BEQ.N    ??MARTC_entry_14
   \   0000014A   0xD3C8             BCC.N    ??MARTC_entry_12
   \   0000014C   0x2803             CMP      R0,#+3
   \   0000014E   0xD02D             BEQ.N    ??MARTC_entry_15
   \   00000150   0xD315             BCC.N    ??MARTC_entry_16
   \   00000152   0x2804             CMP      R0,#+4
   \   00000154   0xD1C3             BNE.N    ??MARTC_entry_12
   \                     ??MARTC_entry_17:
   \   00000156   0x1C64             ADDS     R4,R4,#+1
   \   00000158   0x2C06             CMP      R4,#+6
   \   0000015A   0xD30F             BCC.N    ??MARTC_entry_18
   \   0000015C   0x980A             LDR      R0,[SP, #+40]
   \   0000015E   0x9001             STR      R0,[SP, #+4]
   \   00000160   0x9809             LDR      R0,[SP, #+36]
   \   00000162   0xB2C0             UXTB     R0,R0            ;; ZeroExt  R0,R0,#+24,#+24
   \   00000164   0x9000             STR      R0,[SP, #+0]
   \   00000166   0x9B08             LDR      R3,[SP, #+32]
   \   00000168   0xB2DB             UXTB     R3,R3            ;; ZeroExt  R3,R3,#+24,#+24
   \   0000016A   0x9A07             LDR      R2,[SP, #+28]
   \   0000016C   0xB2D2             UXTB     R2,R2            ;; ZeroExt  R2,R2,#+24,#+24
   \   0000016E   0x9906             LDR      R1,[SP, #+24]
   \   00000170   0xB2C9             UXTB     R1,R1            ;; ZeroExt  R1,R1,#+24,#+24
   \   00000172   0x9805             LDR      R0,[SP, #+20]
   \   00000174   0xB2C0             UXTB     R0,R0            ;; ZeroExt  R0,R0,#+24,#+24
   \   00000176   0x.... 0x....      BL       RTC_setValue
   \                     ??MARTC_entry_14:
   \   0000017A   0xE026             B.N      ??MARTC_entry_19
   \                     ??MARTC_entry_18:
   \   0000017C   0xE7AF             B.N      ??MARTC_entry_12
   \                     ??MARTC_entry_16:
   \   0000017E   0xA805             ADD      R0,SP,#+20
   \   00000180   0xF850 0x0024      LDR      R0,[R0, R4, LSL #+2]
   \   00000184   0xA912             ADD      R1,SP,#+72
   \   00000186   0xF851 0x1024      LDR      R1,[R1, R4, LSL #+2]
   \   0000018A   0x4288             CMP      R0,R1
   \   0000018C   0xD306             BCC.N    ??MARTC_entry_20
   \   0000018E   0xA805             ADD      R0,SP,#+20
   \   00000190   0xA918             ADD      R1,SP,#+96
   \   00000192   0xF851 0x1024      LDR      R1,[R1, R4, LSL #+2]
   \   00000196   0xF840 0x1024      STR      R1,[R0, R4, LSL #+2]
   \   0000019A   0xE006             B.N      ??MARTC_entry_21
   \                     ??MARTC_entry_20:
   \   0000019C   0xA805             ADD      R0,SP,#+20
   \   0000019E   0xF850 0x0024      LDR      R0,[R0, R4, LSL #+2]
   \   000001A2   0x1C40             ADDS     R0,R0,#+1
   \   000001A4   0xA905             ADD      R1,SP,#+20
   \   000001A6   0xF841 0x0024      STR      R0,[R1, R4, LSL #+2]
   \                     ??MARTC_entry_21:
   \   000001AA   0xE798             B.N      ??MARTC_entry_12
   \                     ??MARTC_entry_15:
   \   000001AC   0xA818             ADD      R0,SP,#+96
   \   000001AE   0xF850 0x0024      LDR      R0,[R0, R4, LSL #+2]
   \   000001B2   0xA905             ADD      R1,SP,#+20
   \   000001B4   0xF851 0x1024      LDR      R1,[R1, R4, LSL #+2]
   \   000001B8   0x4288             CMP      R0,R1
   \   000001BA   0xD389             BCC.N    ??MARTC_entry_10
   \   000001BC   0xA805             ADD      R0,SP,#+20
   \   000001BE   0xA912             ADD      R1,SP,#+72
   \   000001C0   0xF851 0x1024      LDR      R1,[R1, R4, LSL #+2]
   \   000001C4   0xF840 0x1024      STR      R1,[R0, R4, LSL #+2]
   \   000001C8   0xE789             B.N      ??MARTC_entry_11
    143            }     
    144          }
   \                     ??MARTC_entry_13:
   \                     ??MARTC_entry_19:
   \   000001CA   0xB01E             ADD      SP,SP,#+120
   \   000001CC   0xBD10             POP      {R4,PC}          ;; return
   \   000001CE   0xBF00             Nop      
   \                     ??MARTC_entry_0:
   \   000001D0   0x........         DC32     `?<Constant {0, 0, 0, 1, 1, 2017}>`
   \   000001D4   0x........         DC32     `?<Constant {23, 59, 59, 31, 12, 2117}>`
   \   000001D8   0x........         DC32     `?<Constant {4, 7, 10, 2, 5, 8}>`
   \   000001DC   0x........         DC32     `?<Constant "%02d:%02d:%02d">`
   \   000001E0   0x........         DC32     `?<Constant "%02d/%02d/%04d">`

   \                                 In section .rodata, align 4
   \                     `?<Constant {0, 0, 0, 1, 1, 2017}>`:
   \   00000000   0x00000000         DC32 0, 0, 0, 1, 1, 2017
   \              0x00000000   
   \              0x00000000   
   \              0x00000001   
   \              0x00000001   
   \              0x000007E1   

   \                                 In section .rodata, align 4
   \                     `?<Constant {23, 59, 59, 31, 12, 2117}>`:
   \   00000000   0x00000017         DC32 23, 59, 59, 31, 12, 2117
   \              0x0000003B   
   \              0x0000003B   
   \              0x0000001F   
   \              0x0000000C   
   \              0x00000845   

   \                                 In section .rodata, align 4
   \                     `?<Constant {4, 7, 10, 2, 5, 8}>`:
   \   00000000   0x04 0x07          DC8 4, 7, 10, 2, 5, 8, 0, 0
   \              0x0A 0x02    
   \              0x05 0x08    
   \              0x00 0x00    

   \                                 In section .rodata, align 4
   \                     `?<Constant "%02d:%02d:%02d">`:
   \   00000000   0x25 0x30          DC8 "%02d:%02d:%02d"
   \              0x32 0x64    
   \              0x3A 0x25    
   \              0x30 0x32    
   \              0x64 0x3A    
   \              0x25 0x30    
   \              0x32 0x64    
   \              0x00         
   \   0000000F   0x00               DC8 0

   \                                 In section .rodata, align 4
   \                     `?<Constant "%02d/%02d/%04d">`:
   \   00000000   0x25 0x30          DC8 "%02d/%02d/%04d"
   \              0x32 0x64    
   \              0x2F 0x25    
   \              0x30 0x32    
   \              0x64 0x2F    
   \              0x25 0x30    
   \              0x34 0x64    
   \              0x00         
   \   0000000F   0x00               DC8 0
    145          /***********************************************************************************
    146          *       Fim do arquivo
    147          ***********************************************************************************/

   Maximum stack usage in bytes:

   .cstack Function
   ------- --------
     128   MARTC_entry
       128   -> HD44780_desligaCursorPiscante
       128   -> HD44780_ligaCursorPiscante
       128   -> HD44780_posicionaTexto
       128   -> HD44780_writeChar
       128   -> HD44780_writeString
       128   -> RTC_getValue
       128   -> RTC_setValue
       128   -> TECLADO_getContadorInatividade
       128   -> TECLADO_getch
       128   -> __aeabi_memcpy4
       128   -> sprintf
       128   -> vTaskDelay


   Section sizes:

   Bytes  Function/Label
   -----  --------------
      16  ?<Constant "%02d/%02d/%04d">
      16  ?<Constant "%02d:%02d:%02d">
      24  ?<Constant {0, 0, 0, 1, 1, 2017}>
      24  ?<Constant {23, 59, 59, 31, 12, 2117}>
       8  ?<Constant {4, 7, 10, 2, 5, 8}>
     484  MARTC_entry

 
  88 bytes in section .rodata
 484 bytes in section .text
 
 484 bytes of CODE  memory
  88 bytes of CONST memory

Errors: none
Warnings: none
