###############################################################################
#                                                                             #
# IAR ANSI C/C++ Compiler V6.50.3.4676/W32 for ARM      20/Jul/2017  15:52:11 #
# Copyright 1999-2013 IAR Systems AB.                                         #
#                                                                             #
#    Cpu mode     =  thumb                                                    #
#    Endian       =  little                                                   #
#    Source file  =  C:\Users\Marcos\Dropbox\Reps\Dextro\IBA\Hardware\MaisPip #
#                    ocaG2\SOFTWARE\Aplicacao\menu_seleciona_lista.c          #
#    Command line =  C:\Users\Marcos\Dropbox\Reps\Dextro\IBA\Hardware\MaisPip #
#                    ocaG2\SOFTWARE\Aplicacao\menu_seleciona_lista.c -lC      #
#                    C:\Users\Marcos\Dropbox\Reps\Dextro\IBA\Hardware\MaisPip #
#                    ocaG2\SOFTWARE\Debug\List\ -lA                           #
#                    C:\Users\Marcos\Dropbox\Reps\Dextro\IBA\Hardware\MaisPip #
#                    ocaG2\SOFTWARE\Debug\List\ -o                            #
#                    C:\Users\Marcos\Dropbox\Reps\Dextro\IBA\Hardware\MaisPip #
#                    ocaG2\SOFTWARE\Debug\Obj\ --no_cse --no_unroll           #
#                    --no_inline --no_code_motion --no_tbaa --no_clustering   #
#                    --no_scheduling --debug --endian=little --cpu=Cortex-M3  #
#                    -e --fpu=None --dlib_config "C:\Program Files (x86)\IAR  #
#                    Systems\Embedded Workbench 6.5\arm\INC\c\DLib_Config_Nor #
#                    mal.h" -Ol                                               #
#    List file    =  C:\Users\Marcos\Dropbox\Reps\Dextro\IBA\Hardware\MaisPip #
#                    ocaG2\SOFTWARE\Debug\List\menu_seleciona_lista.lst       #
#    Object file  =  C:\Users\Marcos\Dropbox\Reps\Dextro\IBA\Hardware\MaisPip #
#                    ocaG2\SOFTWARE\Debug\Obj\menu_seleciona_lista.o          #
#                                                                             #
#                                                                             #
###############################################################################

C:\Users\Marcos\Dropbox\Reps\Dextro\IBA\Hardware\MaisPipocaG2\SOFTWARE\Aplicacao\menu_seleciona_lista.c
      1          /*__________________________________________________________________________________
      2          |	DEXTRO SOLUÇÕES TECNOLÓGICAS
      3          |       
      4          |       ITAJAÍ - SC
      5          |       www.dextro.ind.br
      6          | __________________________________________________________________________________
      7          |
      8          |       This source code was developed by DEXTRO  and cannot be copied, in part 
      9          |       or in whole, or used, except when legally licensed by DEXTRO 
     10          |       or its distributors.
     11          |
     12          |       Este código é propriedade da DEXTRO  e não pode ser copiado, em parte 
     13          |       ou em todo, ou utilizado, exceto quando for legalmente licenciado pela 
     14          |       DEXTRO  ou por um de seus distribuidores.
     15          | __________________________________________________________________________________
     16          |
     17          |       Arquivo            :  menu_seleciona_lista.c
     18          |       Descrição          :  Menu para edição de uma lista de flags
     19          | 
     20          |       Autor              :  Marcos Aquino
     21          |       Data criação       :  28/02/2017
     22          |
     23          |       Revisões           :  001
     24          |
     25          |
     26          | __________________________________________________________________________________
     27          */
     28          
     29          /***********************************************************************************
     30          *       Includes
     31          ***********************************************************************************/
     32          #include <stdio.h>
     33          #include <stdlib.h>
     34          #include <string.h>
     35          #include "menu_seleciona_lista.h"
     36          #include "menu_edita_listagem.h"
     37          #include "menu_edita_flag.h"
     38          #include "..\includes.h"
     39          
     40          /***********************************************************************************
     41          *       Definições locais
     42          ***********************************************************************************/
     43          
     44          
     45          /***********************************************************************************
     46          *       Constantes locais
     47          ***********************************************************************************/
     48          
     49          
     50          /***********************************************************************************
     51          *       Variaveis locais
     52          ***********************************************************************************/
     53          
     54          
     55          /***********************************************************************************
     56          *       Funções locais
     57          ***********************************************************************************/
     58          void MSL_escreve_flag(char*label,unsigned char flag);
     59          
     60          /***********************************************************************************
     61          *       Implementação das funções
     62          ***********************************************************************************/
     63          
     64          /***********************************************************************************
     65          *       Descrição       :       ponto de entrada para a tela de edição
     66          *                               de listagem de flags
     67          *       Parametros      :       (char**) labels dos flags
     68          *                               (unsigned char*) flags
     69          *                               (unsigned char) tamanho da listagem
     70          *       Retorno         :       nenhum
     71          ***********************************************************************************/

   \                                 In section .text, align 2, keep-with-next
     72          void MSL_entry(char *titulo,char** labels,unsigned char *flags,unsigned char size){
   \                     MSL_entry:
   \   00000000   0xE92D 0x43F8      PUSH     {R3-R9,LR}
   \   00000004   0x4681             MOV      R9,R0
   \   00000006   0x000C             MOVS     R4,R1
   \   00000008   0x0015             MOVS     R5,R2
   \   0000000A   0x001E             MOVS     R6,R3
     73            eTECLA tecla;
     74            unsigned char indice=0;
   \   0000000C   0x2700             MOVS     R7,#+0
     75            unsigned char ultimoIndice=255;
   \   0000000E   0xF04F 0x08FF      MOV      R8,#+255
     76            
     77            HD44780_clearText();
   \   00000012   0x200C             MOVS     R0,#+12
   \   00000014   0x.... 0x....      BL       HD44780_writeChar
     78            unsigned char tam = strlen(titulo);
   \   00000018   0x4648             MOV      R0,R9
   \   0000001A   0x.... 0x....      BL       strlen
     79            HD44780_posicionaTexto((16-tam)>>1,0);
   \   0000001E   0x2100             MOVS     R1,#+0
   \   00000020   0xB2C0             UXTB     R0,R0            ;; ZeroExt  R0,R0,#+24,#+24
   \   00000022   0xF1D0 0x0010      RSBS     R0,R0,#+16
   \   00000026   0x1040             ASRS     R0,R0,#+1
   \   00000028   0xB2C0             UXTB     R0,R0            ;; ZeroExt  R0,R0,#+24,#+24
   \   0000002A   0x.... 0x....      BL       HD44780_posicionaTexto
     80            HD44780_writeString(titulo);
   \   0000002E   0x4648             MOV      R0,R9
   \   00000030   0x.... 0x....      BL       HD44780_writeString
   \   00000034   0xE010             B.N      ??MSL_entry_0
     81            
     82            for(;TECLADO_getContadorInatividade();){
     83            
     84              tecla = TECLADO_getch();
     85              switch(tecla){
     86                case TECLA_ENTER:
     87                     for(unsigned char i=0;i<size;i++)
     88                       if(i!=indice)
     89                         flags[i] = 0;
     90                     
     91                     flags[indice]?(flags[indice]=0):(flags[indice]=255);
     92                     ultimoIndice = 255;
     93                     break;
     94                case TECLA_ESC:
     95                     return;
     96                case TECLA_INC:
     97                     indice = (indice+1) % size;
     98                     break;
     99                case TECLA_DEC: 
    100                     if(indice>0)
    101                       indice--;
    102                     else
    103                       indice = size - 1;
   \                     ??MSL_entry_1:
   \   00000036   0x1E77             SUBS     R7,R6,#+1
    104                     break;
    105              }
    106               
    107              if(ultimoIndice!=indice)
   \                     ??MSL_entry_2:
   \                     ??MSL_entry_3:
   \   00000038   0xFA5F 0xF888      UXTB     R8,R8            ;; ZeroExt  R8,R8,#+24,#+24
   \   0000003C   0xB2FF             UXTB     R7,R7            ;; ZeroExt  R7,R7,#+24,#+24
   \   0000003E   0x45B8             CMP      R8,R7
   \   00000040   0xD006             BEQ.N    ??MSL_entry_4
    108                MEL_escreve_flag((char*)labels[indice],flags[indice]);    
   \   00000042   0xB2FF             UXTB     R7,R7            ;; ZeroExt  R7,R7,#+24,#+24
   \   00000044   0x5D79             LDRB     R1,[R7, R5]
   \   00000046   0xB2FF             UXTB     R7,R7            ;; ZeroExt  R7,R7,#+24,#+24
   \   00000048   0xF854 0x0027      LDR      R0,[R4, R7, LSL #+2]
   \   0000004C   0x.... 0x....      BL       MEL_escreve_flag
    109              
    110              ultimoIndice = indice;
   \                     ??MSL_entry_4:
   \   00000050   0x46B8             MOV      R8,R7
    111              
    112              vTaskDelay(50); 
   \   00000052   0x2032             MOVS     R0,#+50
   \   00000054   0x.... 0x....      BL       vTaskDelay
   \                     ??MSL_entry_0:
   \   00000058   0x.... 0x....      BL       TECLADO_getContadorInatividade
   \   0000005C   0x2800             CMP      R0,#+0
   \   0000005E   0xD036             BEQ.N    ??MSL_entry_5
   \   00000060   0x.... 0x....      BL       TECLADO_getch
   \   00000064   0xB2C0             UXTB     R0,R0            ;; ZeroExt  R0,R0,#+24,#+24
   \   00000066   0x2801             CMP      R0,#+1
   \   00000068   0xD023             BEQ.N    ??MSL_entry_6
   \   0000006A   0xD3E5             BCC.N    ??MSL_entry_3
   \   0000006C   0x2803             CMP      R0,#+3
   \   0000006E   0xD029             BEQ.N    ??MSL_entry_7
   \   00000070   0xD320             BCC.N    ??MSL_entry_8
   \   00000072   0x2804             CMP      R0,#+4
   \   00000074   0xD1E0             BNE.N    ??MSL_entry_3
   \                     ??MSL_entry_9:
   \   00000076   0x2000             MOVS     R0,#+0
   \   00000078   0xE007             B.N      ??MSL_entry_10
   \                     ??MSL_entry_11:
   \   0000007A   0xB2C0             UXTB     R0,R0            ;; ZeroExt  R0,R0,#+24,#+24
   \   0000007C   0xB2FF             UXTB     R7,R7            ;; ZeroExt  R7,R7,#+24,#+24
   \   0000007E   0x42B8             CMP      R0,R7
   \   00000080   0xD002             BEQ.N    ??MSL_entry_12
   \   00000082   0xB2C0             UXTB     R0,R0            ;; ZeroExt  R0,R0,#+24,#+24
   \   00000084   0x2100             MOVS     R1,#+0
   \   00000086   0x5541             STRB     R1,[R0, R5]
   \                     ??MSL_entry_12:
   \   00000088   0x1C40             ADDS     R0,R0,#+1
   \                     ??MSL_entry_10:
   \   0000008A   0xB2C0             UXTB     R0,R0            ;; ZeroExt  R0,R0,#+24,#+24
   \   0000008C   0xB2F6             UXTB     R6,R6            ;; ZeroExt  R6,R6,#+24,#+24
   \   0000008E   0x42B0             CMP      R0,R6
   \   00000090   0xD3F3             BCC.N    ??MSL_entry_11
   \   00000092   0xB2FF             UXTB     R7,R7            ;; ZeroExt  R7,R7,#+24,#+24
   \   00000094   0x5D78             LDRB     R0,[R7, R5]
   \   00000096   0x2800             CMP      R0,#+0
   \   00000098   0xD004             BEQ.N    ??MSL_entry_13
   \   0000009A   0x2000             MOVS     R0,#+0
   \   0000009C   0xB2FF             UXTB     R7,R7            ;; ZeroExt  R7,R7,#+24,#+24
   \   0000009E   0x5578             STRB     R0,[R7, R5]
   \   000000A0   0xB2C0             UXTB     R0,R0            ;; ZeroExt  R0,R0,#+24,#+24
   \   000000A2   0xE003             B.N      ??MSL_entry_14
   \                     ??MSL_entry_13:
   \   000000A4   0x20FF             MOVS     R0,#+255
   \   000000A6   0xB2FF             UXTB     R7,R7            ;; ZeroExt  R7,R7,#+24,#+24
   \   000000A8   0x5578             STRB     R0,[R7, R5]
   \   000000AA   0xB2C0             UXTB     R0,R0            ;; ZeroExt  R0,R0,#+24,#+24
   \                     ??MSL_entry_14:
   \   000000AC   0xF04F 0x08FF      MOV      R8,#+255
   \   000000B0   0xE7C2             B.N      ??MSL_entry_3
   \                     ??MSL_entry_6:
   \   000000B2   0xE00C             B.N      ??MSL_entry_15
   \                     ??MSL_entry_8:
   \   000000B4   0xB2FF             UXTB     R7,R7            ;; ZeroExt  R7,R7,#+24,#+24
   \   000000B6   0x1C78             ADDS     R0,R7,#+1
   \   000000B8   0xB2F6             UXTB     R6,R6            ;; ZeroExt  R6,R6,#+24,#+24
   \   000000BA   0xFB90 0xF1F6      SDIV     R1,R0,R6
   \   000000BE   0xFB06 0x0711      MLS      R7,R6,R1,R0
   \   000000C2   0xE7B9             B.N      ??MSL_entry_3
   \                     ??MSL_entry_7:
   \   000000C4   0xB2FF             UXTB     R7,R7            ;; ZeroExt  R7,R7,#+24,#+24
   \   000000C6   0x2F00             CMP      R7,#+0
   \   000000C8   0xD0B5             BEQ.N    ??MSL_entry_1
   \   000000CA   0x1E7F             SUBS     R7,R7,#+1
   \   000000CC   0xE7B4             B.N      ??MSL_entry_2
    113            }  
    114          }
   \                     ??MSL_entry_5:
   \                     ??MSL_entry_15:
   \   000000CE   0xE8BD 0x83F1      POP      {R0,R4-R9,PC}    ;; return
    115          /***********************************************************************************
    116          *       Descrição       :       Escreve o flag em uma linha
    117          *       Parametros      :       (unsigned char*) label
    118          *                               (unsigned char) flag
    119          *       Retorno         :       nenhum
    120          ***********************************************************************************/

   \                                 In section .text, align 2, keep-with-next
    121          void MSL_escreve_flag(char*label,unsigned char flag){
   \                     MSL_escreve_flag:
   \   00000000   0xB530             PUSH     {R4,R5,LR}
   \   00000002   0xB085             SUB      SP,SP,#+20
   \   00000004   0x0004             MOVS     R4,R0
   \   00000006   0x000D             MOVS     R5,R1
    122            char linha[17];
    123          
    124            HD44780_posicionaTexto(0,1);
   \   00000008   0x2101             MOVS     R1,#+1
   \   0000000A   0x2000             MOVS     R0,#+0
   \   0000000C   0x.... 0x....      BL       HD44780_posicionaTexto
    125            HD44780_writeString("                ");  
   \   00000010   0x....             LDR.N    R0,??DataTable0
   \   00000012   0x.... 0x....      BL       HD44780_writeString
    126            sprintf(linha,"[%c] %s",flag?'X':' ',label);
   \   00000016   0xB2ED             UXTB     R5,R5            ;; ZeroExt  R5,R5,#+24,#+24
   \   00000018   0x2D00             CMP      R5,#+0
   \   0000001A   0xD001             BEQ.N    ??MSL_escreve_flag_0
   \   0000001C   0x2258             MOVS     R2,#+88
   \   0000001E   0xE000             B.N      ??MSL_escreve_flag_1
   \                     ??MSL_escreve_flag_0:
   \   00000020   0x2220             MOVS     R2,#+32
   \                     ??MSL_escreve_flag_1:
   \   00000022   0x0023             MOVS     R3,R4
   \   00000024   0x....             LDR.N    R1,??DataTable0_1
   \   00000026   0xA800             ADD      R0,SP,#+0
   \   00000028   0x.... 0x....      BL       sprintf
    127            HD44780_posicionaTexto(0,1);
   \   0000002C   0x2101             MOVS     R1,#+1
   \   0000002E   0x2000             MOVS     R0,#+0
   \   00000030   0x.... 0x....      BL       HD44780_posicionaTexto
    128            HD44780_writeString(linha); 
   \   00000034   0xA800             ADD      R0,SP,#+0
   \   00000036   0x.... 0x....      BL       HD44780_writeString
    129          }
   \   0000003A   0xB005             ADD      SP,SP,#+20
   \   0000003C   0xBD30             POP      {R4,R5,PC}       ;; return

   \                                 In section .text, align 4, keep-with-next
   \                     ??DataTable0:
   \   00000000   0x........         DC32     `?<Constant "                ">`

   \                                 In section .text, align 4, keep-with-next
   \                     ??DataTable0_1:
   \   00000000   0x........         DC32     `?<Constant "[%c] %s">`

   \                                 In section .rodata, align 4
   \                     `?<Constant "                ">`:
   \   00000000   0x20 0x20          DC8 "                "
   \              0x20 0x20    
   \              0x20 0x20    
   \              0x20 0x20    
   \              0x20 0x20    
   \              0x20 0x20    
   \              0x20 0x20    
   \              0x20 0x20    
   \              0x00         
   \   00000011   0x00 0x00          DC8 0, 0, 0
   \              0x00         

   \                                 In section .rodata, align 4
   \                     `?<Constant "[%c] %s">`:
   \   00000000   0x5B 0x25          DC8 "[%c] %s"
   \              0x63 0x5D    
   \              0x20 0x25    
   \              0x73 0x00    
    130          /***********************************************************************************
    131          *       Fim do arquivo
    132          ***********************************************************************************/

   Maximum stack usage in bytes:

   .cstack Function
   ------- --------
      32   MSL_entry
        32   -> HD44780_posicionaTexto
        32   -> HD44780_writeChar
        32   -> HD44780_writeString
        32   -> MEL_escreve_flag
        32   -> TECLADO_getContadorInatividade
        32   -> TECLADO_getch
        32   -> strlen
        32   -> vTaskDelay
      32   MSL_escreve_flag
        32   -> HD44780_posicionaTexto
        32   -> HD44780_writeString
        32   -> sprintf


   Section sizes:

   Bytes  Function/Label
   -----  --------------
      20  ?<Constant "                ">
       8  ?<Constant "[%c] %s">
       4  ??DataTable0
       4  ??DataTable0_1
     210  MSL_entry
      62  MSL_escreve_flag

 
  28 bytes in section .rodata
 280 bytes in section .text
 
 280 bytes of CODE  memory
  28 bytes of CONST memory

Errors: none
Warnings: none
