###############################################################################
#                                                                             #
# IAR ANSI C/C++ Compiler V6.50.3.4676/W32 for ARM      13/Sep/2017  18:10:20 #
# Copyright 1999-2013 IAR Systems AB.                                         #
#                                                                             #
#    Cpu mode     =  thumb                                                    #
#    Endian       =  little                                                   #
#    Source file  =  C:\repositorios\MaisPipocaG2\SOFTWARE\Aplicacao\menu_edi #
#                    ta_inteiro.c                                             #
#    Command line =  C:\repositorios\MaisPipocaG2\SOFTWARE\Aplicacao\menu_edi #
#                    ta_inteiro.c -lC C:\repositorios\MaisPipocaG2\SOFTWARE\D #
#                    ebug\List\ -lA C:\repositorios\MaisPipocaG2\SOFTWARE\Deb #
#                    ug\List\ -o C:\repositorios\MaisPipocaG2\SOFTWARE\Debug\ #
#                    Obj\ --no_cse --no_unroll --no_inline --no_code_motion   #
#                    --no_tbaa --no_clustering --no_scheduling --debug        #
#                    --endian=little --cpu=Cortex-M3 -e --fpu=None            #
#                    --dlib_config "C:\Program Files (x86)\IAR                #
#                    Systems\Embedded Workbench 6.5\arm\INC\c\DLib_Config_Nor #
#                    mal.h" -On                                               #
#    List file    =  C:\repositorios\MaisPipocaG2\SOFTWARE\Debug\List\menu_ed #
#                    ita_inteiro.lst                                          #
#    Object file  =  C:\repositorios\MaisPipocaG2\SOFTWARE\Debug\Obj\menu_edi #
#                    ta_inteiro.o                                             #
#                                                                             #
#                                                                             #
###############################################################################

C:\repositorios\MaisPipocaG2\SOFTWARE\Aplicacao\menu_edita_inteiro.c
      1          /*__________________________________________________________________________________
      2          |	DEXTRO SOLUÇÕES TECNOLÓGICAS
      3          |       
      4          |       ITAJAÍ - SC
      5          |       www.dextro.ind.br
      6          | __________________________________________________________________________________
      7          |
      8          |       This source code was developed by DEXTRO  and cannot be copied, in part 
      9          |       or in whole, or used, except when legally licensed by DEXTRO 
     10          |       or its distributors.
     11          |
     12          |       Este código é propriedade da DEXTRO  e não pode ser copiado, em parte 
     13          |       ou em todo, ou utilizado, exceto quando for legalmente licenciado pela 
     14          |       DEXTRO  ou por um de seus distribuidores.
     15          | __________________________________________________________________________________
     16          |
     17          |       Arquivo            :  menu_edita_inteiro.c
     18          |       Descrição          :  Tela para realizar a edição de números inteiros
     19          | 
     20          |       Autor              :  Marcos Aquino
     21          |       Data criação       :  07/11/2016
     22          |
     23          |       Revisões           :  1.0.0.0
     24          |
     25          |
     26          | __________________________________________________________________________________
     27          */
     28          
     29          /***********************************************************************************
     30          *       Includes
     31          ***********************************************************************************/
     32          #include <stdio.h>
     33          #include <stdlib.h>
     34          #include <string.h>
     35          #include "menu_edita_inteiro.h"
     36          #include "..\includes.h"
     37          
     38          /***********************************************************************************
     39          *       Constantes
     40          ***********************************************************************************/
     41          
     42          
     43          /***********************************************************************************
     44          *       Variaveis locais
     45          ***********************************************************************************/
     46          
     47          
     48          /***********************************************************************************
     49          *       Funções locais
     50          ***********************************************************************************/
     51          
     52          
     53          /***********************************************************************************
     54          *       Implementação das funções
     55          ***********************************************************************************/
     56          
     57          /***********************************************************************************
     58          *       Descrição       :       Ponto de entrada do menu de edição
     59          *                               de inteiro
     60          *       Parametro       :       (char*) titulo
     61          *                               (char*) String de formação
     62          *                               (unsigned int) valor inicial
     63          *                               (unsigned int) valor mínimo
     64          *                               (unsigned int) valor máximo
     65          *       Retorno         :       (unsigned int) valor editado
     66          ***********************************************************************************/

   \                                 In section .text, align 2, keep-with-next
     67          unsigned int MEI_entry(char *titulo,char* strFmt,unsigned int inicial,
     68                                 unsigned int minimo,unsigned int maximo){
   \                     MEI_entry:
   \   00000000   0xE92D 0x47F0      PUSH     {R4-R10,LR}
   \   00000004   0xB086             SUB      SP,SP,#+24
   \   00000006   0x0004             MOVS     R4,R0
   \   00000008   0x000D             MOVS     R5,R1
   \   0000000A   0x4692             MOV      R10,R2
   \   0000000C   0x001E             MOVS     R6,R3
   \   0000000E   0x9F0E             LDR      R7,[SP, #+56]
     69            eTECLA tecla;
     70            char linha[17];
     71            unsigned char tam;
     72            
     73            tam = strlen(titulo);
   \   00000010   0x0020             MOVS     R0,R4
   \   00000012   0x.... 0x....      BL       strlen
   \   00000016   0x4681             MOV      R9,R0
     74            
     75            HD44780_clearText();
   \   00000018   0x200C             MOVS     R0,#+12
   \   0000001A   0x.... 0x....      BL       HD44780_writeChar
     76            HD44780_posicionaTexto((16-tam)>>1,0);
   \   0000001E   0x2100             MOVS     R1,#+0
   \   00000020   0xFA5F 0xF989      UXTB     R9,R9            ;; ZeroExt  R9,R9,#+24,#+24
   \   00000024   0xF1D9 0x0010      RSBS     R0,R9,#+16
   \   00000028   0x1040             ASRS     R0,R0,#+1
   \   0000002A   0xB2C0             UXTB     R0,R0            ;; ZeroExt  R0,R0,#+24,#+24
   \   0000002C   0x.... 0x....      BL       HD44780_posicionaTexto
     77            HD44780_writeString(titulo);
   \   00000030   0x0020             MOVS     R0,R4
   \   00000032   0x.... 0x....      BL       HD44780_writeString
     78            
     79            for(;TECLADO_getContadorInatividade();){
   \                     ??MEI_entry_0:
   \   00000036   0x.... 0x....      BL       TECLADO_getContadorInatividade
   \   0000003A   0x2800             CMP      R0,#+0
   \   0000003C   0xD033             BEQ.N    ??MEI_entry_1
     80                   
     81              tecla = TECLADO_getch();
   \   0000003E   0x.... 0x....      BL       TECLADO_getch
   \   00000042   0x4680             MOV      R8,R0
     82              switch(tecla){
   \   00000044   0xFA5F 0xF888      UXTB     R8,R8            ;; ZeroExt  R8,R8,#+24,#+24
   \   00000048   0xF1B8 0x0F01      CMP      R8,#+1
   \   0000004C   0xD007             BEQ.N    ??MEI_entry_2
   \   0000004E   0xD311             BCC.N    ??MEI_entry_3
   \   00000050   0xF1B8 0x0F03      CMP      R8,#+3
   \   00000054   0xD00A             BEQ.N    ??MEI_entry_4
   \   00000056   0xD304             BCC.N    ??MEI_entry_5
   \   00000058   0xF1B8 0x0F04      CMP      R8,#+4
   \   0000005C   0xD10A             BNE.N    ??MEI_entry_3
     83                case TECLA_ENTER:
     84                case TECLA_ESC:
     85                     return inicial;
   \                     ??MEI_entry_2:
   \   0000005E   0x4650             MOV      R0,R10
   \   00000060   0xE022             B.N      ??MEI_entry_6
     86                case TECLA_INC:
     87                     if(inicial<maximo)
   \                     ??MEI_entry_5:
   \   00000062   0x45BA             CMP      R10,R7
   \   00000064   0xD201             BCS.N    ??MEI_entry_7
     88                       inicial++;
   \   00000066   0xF11A 0x0A01      ADDS     R10,R10,#+1
     89                     break;
   \                     ??MEI_entry_7:
   \   0000006A   0xE003             B.N      ??MEI_entry_3
     90                case TECLA_DEC:
     91                     if(inicial>minimo)
   \                     ??MEI_entry_4:
   \   0000006C   0x4556             CMP      R6,R10
   \   0000006E   0xD201             BCS.N    ??MEI_entry_8
     92                       inicial--;
   \   00000070   0xF1BA 0x0A01      SUBS     R10,R10,#+1
     93                     break;
     94              }
     95              
     96              sprintf(linha,strFmt,inicial);
   \                     ??MEI_entry_8:
   \                     ??MEI_entry_3:
   \   00000074   0x4652             MOV      R2,R10
   \   00000076   0x0029             MOVS     R1,R5
   \   00000078   0xA800             ADD      R0,SP,#+0
   \   0000007A   0x.... 0x....      BL       sprintf
     97              tam = strlen(linha);
   \   0000007E   0xA800             ADD      R0,SP,#+0
   \   00000080   0x.... 0x....      BL       strlen
   \   00000084   0x4681             MOV      R9,R0
     98              HD44780_posicionaTexto((16-tam)>>1,1);
   \   00000086   0x2101             MOVS     R1,#+1
   \   00000088   0xFA5F 0xF989      UXTB     R9,R9            ;; ZeroExt  R9,R9,#+24,#+24
   \   0000008C   0xF1D9 0x0010      RSBS     R0,R9,#+16
   \   00000090   0x1040             ASRS     R0,R0,#+1
   \   00000092   0xB2C0             UXTB     R0,R0            ;; ZeroExt  R0,R0,#+24,#+24
   \   00000094   0x.... 0x....      BL       HD44780_posicionaTexto
     99              HD44780_writeString(linha);
   \   00000098   0xA800             ADD      R0,SP,#+0
   \   0000009A   0x.... 0x....      BL       HD44780_writeString
    100              
    101              vTaskDelay(50);
   \   0000009E   0x2032             MOVS     R0,#+50
   \   000000A0   0x.... 0x....      BL       vTaskDelay
   \   000000A4   0xE7C7             B.N      ??MEI_entry_0
    102            }                        
    103                                   
    104            return inicial;                         
   \                     ??MEI_entry_1:
   \   000000A6   0x4650             MOV      R0,R10
   \                     ??MEI_entry_6:
   \   000000A8   0xB006             ADD      SP,SP,#+24
   \   000000AA   0xE8BD 0x87F0      POP      {R4-R10,PC}      ;; return
    105          }
    106          /***********************************************************************************
    107          *       Descrição       :       Ponto de entrada do menu de edição
    108          *                               de inteiro
    109          *       Parametro       :       (char*) titulo
    110          *                               (char*) String de formação
    111          *                               (unsigned int) valor inicial
    112          *                               (unsigned int) valor mínimo
    113          *                               (unsigned int) valor máximo
    114          *       Retorno         :       (unsigned int) valor editado
    115          ***********************************************************************************/

   \                                 In section .text, align 2, keep-with-next
    116          unsigned int MEI_entry_inc(char *titulo,char* strFmt,unsigned int inicial,
    117                                     unsigned int minimo,unsigned int maximo,unsigned int incremento){
   \                     MEI_entry_inc:
   \   00000000   0xE92D 0x4FF0      PUSH     {R4-R11,LR}
   \   00000004   0xB085             SUB      SP,SP,#+20
   \   00000006   0x0004             MOVS     R4,R0
   \   00000008   0x000D             MOVS     R5,R1
   \   0000000A   0x0016             MOVS     R6,R2
   \   0000000C   0x001F             MOVS     R7,R3
   \   0000000E   0xF8DD 0x8038      LDR      R8,[SP, #+56]
   \   00000012   0xF8DD 0x903C      LDR      R9,[SP, #+60]
    118            eTECLA tecla;
    119            char linha[17];
    120            unsigned char tam;
    121            
    122            tam = strlen(titulo);
   \   00000016   0x0020             MOVS     R0,R4
   \   00000018   0x.... 0x....      BL       strlen
   \   0000001C   0x4683             MOV      R11,R0
    123            
    124            HD44780_clearText();
   \   0000001E   0x200C             MOVS     R0,#+12
   \   00000020   0x.... 0x....      BL       HD44780_writeChar
    125            HD44780_posicionaTexto((16-tam)>>1,0);
   \   00000024   0x2100             MOVS     R1,#+0
   \   00000026   0xFA5F 0xFB8B      UXTB     R11,R11          ;; ZeroExt  R11,R11,#+24,#+24
   \   0000002A   0xF1DB 0x0010      RSBS     R0,R11,#+16
   \   0000002E   0x1040             ASRS     R0,R0,#+1
   \   00000030   0xB2C0             UXTB     R0,R0            ;; ZeroExt  R0,R0,#+24,#+24
   \   00000032   0x.... 0x....      BL       HD44780_posicionaTexto
    126            HD44780_writeString(titulo);
   \   00000036   0x0020             MOVS     R0,R4
   \   00000038   0x.... 0x....      BL       HD44780_writeString
    127            
    128            for(;TECLADO_getContadorInatividade();){
   \                     ??MEI_entry_inc_0:
   \   0000003C   0x.... 0x....      BL       TECLADO_getContadorInatividade
   \   00000040   0x2800             CMP      R0,#+0
   \   00000042   0xD033             BEQ.N    ??MEI_entry_inc_1
    129                   
    130              tecla = TECLADO_getch();
   \   00000044   0x.... 0x....      BL       TECLADO_getch
   \   00000048   0x4682             MOV      R10,R0
    131              switch(tecla){
   \   0000004A   0xFA5F 0xFA8A      UXTB     R10,R10          ;; ZeroExt  R10,R10,#+24,#+24
   \   0000004E   0xF1BA 0x0F01      CMP      R10,#+1
   \   00000052   0xD007             BEQ.N    ??MEI_entry_inc_2
   \   00000054   0xD311             BCC.N    ??MEI_entry_inc_3
   \   00000056   0xF1BA 0x0F03      CMP      R10,#+3
   \   0000005A   0xD00A             BEQ.N    ??MEI_entry_inc_4
   \   0000005C   0xD304             BCC.N    ??MEI_entry_inc_5
   \   0000005E   0xF1BA 0x0F04      CMP      R10,#+4
   \   00000062   0xD10A             BNE.N    ??MEI_entry_inc_3
    132                case TECLA_ENTER:
    133                case TECLA_ESC:
    134                     return inicial;
   \                     ??MEI_entry_inc_2:
   \   00000064   0x0030             MOVS     R0,R6
   \   00000066   0xE022             B.N      ??MEI_entry_inc_6
    135                case TECLA_INC:
    136                     if(inicial<maximo)
   \                     ??MEI_entry_inc_5:
   \   00000068   0x4546             CMP      R6,R8
   \   0000006A   0xD201             BCS.N    ??MEI_entry_inc_7
    137                       inicial+=incremento;
   \   0000006C   0xEB19 0x0606      ADDS     R6,R9,R6
    138                     break;
   \                     ??MEI_entry_inc_7:
   \   00000070   0xE003             B.N      ??MEI_entry_inc_3
    139                case TECLA_DEC:
    140                     if(inicial>minimo)
   \                     ??MEI_entry_inc_4:
   \   00000072   0x42B7             CMP      R7,R6
   \   00000074   0xD201             BCS.N    ??MEI_entry_inc_8
    141                       inicial-=incremento;
   \   00000076   0xEBB6 0x0609      SUBS     R6,R6,R9
    142                     break;
    143              }
    144              
    145              sprintf(linha,strFmt,inicial);
   \                     ??MEI_entry_inc_8:
   \                     ??MEI_entry_inc_3:
   \   0000007A   0x0032             MOVS     R2,R6
   \   0000007C   0x0029             MOVS     R1,R5
   \   0000007E   0xA800             ADD      R0,SP,#+0
   \   00000080   0x.... 0x....      BL       sprintf
    146              tam = strlen(linha);
   \   00000084   0xA800             ADD      R0,SP,#+0
   \   00000086   0x.... 0x....      BL       strlen
   \   0000008A   0x4683             MOV      R11,R0
    147              HD44780_posicionaTexto((16-tam)>>1,1);
   \   0000008C   0x2101             MOVS     R1,#+1
   \   0000008E   0xFA5F 0xFB8B      UXTB     R11,R11          ;; ZeroExt  R11,R11,#+24,#+24
   \   00000092   0xF1DB 0x0010      RSBS     R0,R11,#+16
   \   00000096   0x1040             ASRS     R0,R0,#+1
   \   00000098   0xB2C0             UXTB     R0,R0            ;; ZeroExt  R0,R0,#+24,#+24
   \   0000009A   0x.... 0x....      BL       HD44780_posicionaTexto
    148              HD44780_writeString(linha);
   \   0000009E   0xA800             ADD      R0,SP,#+0
   \   000000A0   0x.... 0x....      BL       HD44780_writeString
    149              
    150              vTaskDelay(50);
   \   000000A4   0x2032             MOVS     R0,#+50
   \   000000A6   0x.... 0x....      BL       vTaskDelay
   \   000000AA   0xE7C7             B.N      ??MEI_entry_inc_0
    151            }                        
    152                                   
    153            return inicial;                         
   \                     ??MEI_entry_inc_1:
   \   000000AC   0x0030             MOVS     R0,R6
   \                     ??MEI_entry_inc_6:
   \   000000AE   0xB005             ADD      SP,SP,#+20
   \   000000B0   0xE8BD 0x8FF0      POP      {R4-R11,PC}      ;; return
    154          }
    155          /***********************************************************************************
    156          *       Fim do arquivo
    157          ***********************************************************************************/
    158          
    159          
    160          

   Maximum stack usage in bytes:

   .cstack Function
   ------- --------
      56   MEI_entry
        56   -> HD44780_posicionaTexto
        56   -> HD44780_writeChar
        56   -> HD44780_writeString
        56   -> TECLADO_getContadorInatividade
        56   -> TECLADO_getch
        56   -> sprintf
        56   -> strlen
        56   -> vTaskDelay
      56   MEI_entry_inc
        56   -> HD44780_posicionaTexto
        56   -> HD44780_writeChar
        56   -> HD44780_writeString
        56   -> TECLADO_getContadorInatividade
        56   -> TECLADO_getch
        56   -> sprintf
        56   -> strlen
        56   -> vTaskDelay


   Section sizes:

   Bytes  Function/Label
   -----  --------------
     174  MEI_entry
     180  MEI_entry_inc

 
 354 bytes in section .text
 
 354 bytes of CODE memory

Errors: none
Warnings: none
