###############################################################################
#                                                                             #
# IAR ANSI C/C++ Compiler V6.50.3.4676/W32 for ARM      20/Jul/2017  15:51:55 #
# Copyright 1999-2013 IAR Systems AB.                                         #
#                                                                             #
#    Cpu mode     =  thumb                                                    #
#    Endian       =  little                                                   #
#    Source file  =  C:\Users\Marcos\Dropbox\Reps\Dextro\IBA\Hardware\MaisPip #
#                    ocaG2\SOFTWARE\Aplicacao\menu_avancado.c                 #
#    Command line =  C:\Users\Marcos\Dropbox\Reps\Dextro\IBA\Hardware\MaisPip #
#                    ocaG2\SOFTWARE\Aplicacao\menu_avancado.c -lC             #
#                    C:\Users\Marcos\Dropbox\Reps\Dextro\IBA\Hardware\MaisPip #
#                    ocaG2\SOFTWARE\Debug\List\ -lA                           #
#                    C:\Users\Marcos\Dropbox\Reps\Dextro\IBA\Hardware\MaisPip #
#                    ocaG2\SOFTWARE\Debug\List\ -o                            #
#                    C:\Users\Marcos\Dropbox\Reps\Dextro\IBA\Hardware\MaisPip #
#                    ocaG2\SOFTWARE\Debug\Obj\ --no_cse --no_unroll           #
#                    --no_inline --no_code_motion --no_tbaa --no_clustering   #
#                    --no_scheduling --debug --endian=little --cpu=Cortex-M3  #
#                    -e --fpu=None --dlib_config "C:\Program Files (x86)\IAR  #
#                    Systems\Embedded Workbench 6.5\arm\INC\c\DLib_Config_Nor #
#                    mal.h" -Ol                                               #
#    List file    =  C:\Users\Marcos\Dropbox\Reps\Dextro\IBA\Hardware\MaisPip #
#                    ocaG2\SOFTWARE\Debug\List\menu_avancado.lst              #
#    Object file  =  C:\Users\Marcos\Dropbox\Reps\Dextro\IBA\Hardware\MaisPip #
#                    ocaG2\SOFTWARE\Debug\Obj\menu_avancado.o                 #
#                                                                             #
#                                                                             #
###############################################################################

C:\Users\Marcos\Dropbox\Reps\Dextro\IBA\Hardware\MaisPipocaG2\SOFTWARE\Aplicacao\menu_avancado.c
      1          /*__________________________________________________________________________________
      2          |	Quark Tecnologia Eletrônica Embarcada
      3          |       
      4          |       Itapema - SC
      5          |       www.quarktee.com.br
      6          | __________________________________________________________________________________
      7          |
      8          |       This source code was developed by Quark  and cannot be copied, in part 
      9          |       or in whole, or used, except when legally licensed by Quark 
     10          |       or its distributors.
     11          |
     12          |       Este código é propriedade da Quark  e não pode ser copiado, em parte 
     13          |       ou em todo, ou utilizado, exceto quando for legalmente licenciado pela 
     14          |       Quark  ou por um de seus distribuidores.
     15          | __________________________________________________________________________________
     16          |
     17          |       Arquivo            :  menu_avancado.c
     18          | 
     19          |       Autor              :  Marcos Aquino
     20          |       Data criação       :  30/05/2017
     21          |
     22          |       Revisões           :  001
     23          |
     24          |
     25          | __________________________________________________________________________________
     26          */
     27          
     28          /***********************************************************************************
     29          *       Includes
     30          ***********************************************************************************/
     31          #include <stdio.h>
     32          #include <stdlib.h>
     33          #include <string.h>
     34          #include "..\includes.h"
     35          #include "menu_rolagem.h"
     36          #include "menu_ajuste_relogio.h"
     37          
     38          /***********************************************************************************
     39          *       Definições locais
     40          ***********************************************************************************/
     41          
     42          
     43          /***********************************************************************************
     44          *       Macros locais
     45          ***********************************************************************************/
     46          
     47          
     48          /***********************************************************************************
     49          *       Constantes locais
     50          ***********************************************************************************/
     51          
     52          
     53          /***********************************************************************************
     54          *       Variaveis locais
     55          ***********************************************************************************/
     56          
     57          
     58          /***********************************************************************************
     59          *       Funções locais
     60          ***********************************************************************************/
     61          void MENUAVANCADO_padrao_fabrica(void);
     62          void MENUAVANCADO_cadastra_senha_admin(void);
     63          void MENUAVANCADO_reset_totalizadores_permanentes(void);
     64          void MENUAVANCADO_configura_numero_serie(void);
     65          void MENUAVANCADO_menu_ganhos_PID(void);
     66          void MENUAVANCADO_configura_hora_data(void);
     67          void MENUAVANCADO_configura_flag_correcao_erro(void);
     68          void MENUAVANCADO_configura_fator_compensavao(void);
     69          
     70          /***********************************************************************************
     71          *       Tabela de funções
     72          ***********************************************************************************/

   \                                 In section .rodata, align 4
     73          void(*const MENUAVANCADO_func[])(void)={
   \                     MENUAVANCADO_func:
   \   00000000   0x........         DC32 MENUAVANCADO_padrao_fabrica, MENUAVANCADO_cadastra_senha_admin
   \              0x........   
   \   00000008   0x........         DC32 MENUAVANCADO_reset_totalizadores_permanentes
   \   0000000C   0x........         DC32 MENUAVANCADO_menu_ganhos_PID, MENUAVANCADO_configura_numero_serie
   \              0x........   
   \   00000014   0x........         DC32 MENUAVANCADO_configura_hora_data
   \   00000018   0x........         DC32 MENUAVANCADO_configura_flag_correcao_erro
   \   0000001C   0x........         DC32 MENUAVANCADO_configura_fator_compensavao, 0H
   \              0x00000000   
     74            MENUAVANCADO_padrao_fabrica,
     75            MENUAVANCADO_cadastra_senha_admin,
     76            MENUAVANCADO_reset_totalizadores_permanentes,
     77            MENUAVANCADO_menu_ganhos_PID,
     78            MENUAVANCADO_configura_numero_serie,
     79            MENUAVANCADO_configura_hora_data,
     80            MENUAVANCADO_configura_flag_correcao_erro,
     81            MENUAVANCADO_configura_fator_compensavao,
     82            NULL
     83          };
     84          /***********************************************************************************
     85          *       Implementação das funções
     86          ***********************************************************************************/
     87          
     88          /***********************************************************************************
     89          *       Descrição       :       Ponto de entrada para o menu avançado
     90          *       Parametros      :       nenhum
     91          *       Retorno         :       nenhum
     92          ***********************************************************************************/

   \                                 In section .text, align 2, keep-with-next
     93          void MENUAVANCADO_entry(void){
   \                     MENUAVANCADO_entry:
   \   00000000   0xB510             PUSH     {R4,LR}
     94            unsigned char idioma = APLICACAO_carrega_idioma();
   \   00000002   0x.... 0x....      BL       APLICACAO_carrega_idioma
   \   00000006   0x0004             MOVS     R4,R0
     95            
     96            // Senha para acesso,caso inválida
     97            // não abre o menu
     98            if(!TELASENHA_telaSenha(SENHA_MENU_AVANCADO))
   \   00000008   0xF641 0x10FB      MOVW     R0,#+6651
   \   0000000C   0x.... 0x....      BL       TELASENHA_telaSenha
   \   00000010   0x2800             CMP      R0,#+0
   \   00000012   0xD00C             BEQ.N    ??MENUAVANCADO_entry_0
     99              return;
    100              
    101            MENUROLAGEM_show((char*)STRING_titulo_menu_avancado[idioma],
    102                             (char**)STRING_menu_avancado[idioma],
    103                             QTD_OPCOES_AVANCADO,
    104                             (void(**)(void))MENUAVANCADO_func);   
   \                     ??MENUAVANCADO_entry_1:
   \   00000014   0x....             LDR.N    R3,??DataTable7_2
   \   00000016   0x2209             MOVS     R2,#+9
   \   00000018   0xB2E4             UXTB     R4,R4            ;; ZeroExt  R4,R4,#+24,#+24
   \   0000001A   0x2024             MOVS     R0,#+36
   \   0000001C   0x....             LDR.N    R1,??DataTable7_3
   \   0000001E   0xFB00 0x1104      MLA      R1,R0,R4,R1
   \   00000022   0xB2E4             UXTB     R4,R4            ;; ZeroExt  R4,R4,#+24,#+24
   \   00000024   0x....             LDR.N    R0,??DataTable7_4
   \   00000026   0xF850 0x0024      LDR      R0,[R0, R4, LSL #+2]
   \   0000002A   0x.... 0x....      BL       MENUROLAGEM_show
    105          }
   \                     ??MENUAVANCADO_entry_0:
   \   0000002E   0xBD10             POP      {R4,PC}          ;; return
    106          /***********************************************************************************
    107          *       Descrição       :       Restaura as configurações padrão para a memória
    108          *                               flash da máquina
    109          *       Parametros      :       nenhum
    110          *       Retorno         :       nenhum
    111          ***********************************************************************************/

   \                                 In section .text, align 2, keep-with-next
    112          void MENUAVANCADO_padrao_fabrica(void){
   \                     MENUAVANCADO_padrao_fabrica:
   \   00000000   0xB510             PUSH     {R4,LR}
   \   00000002   0xB088             SUB      SP,SP,#+32
    113            unsigned char idioma = APLICACAO_carrega_idioma();
   \   00000004   0x.... 0x....      BL       APLICACAO_carrega_idioma
   \   00000008   0x0004             MOVS     R4,R0
    114            unsigned int valor;  
    115            unsigned char flag;//1234567890123456 
    116            char msg_padrao[17]="   Mais Pipoca  ";
   \   0000000A   0xA802             ADD      R0,SP,#+8
   \   0000000C   0x....             LDR.N    R1,??DataTable7_5
   \   0000000E   0x2214             MOVS     R2,#+20
   \   00000010   0x.... 0x....      BL       __aeabi_memcpy4
    117            
    118            STRING_write_to_internal(CLEAR_DISPLAY,(char*)STRING_titulo_padrao_fabrica[idioma],NULL);
   \   00000014   0x2200             MOVS     R2,#+0
   \   00000016   0xB2E4             UXTB     R4,R4            ;; ZeroExt  R4,R4,#+24,#+24
   \   00000018   0x....             LDR.N    R0,??DataTable7_6
   \   0000001A   0xF850 0x1024      LDR      R1,[R0, R4, LSL #+2]
   \   0000001E   0x2000             MOVS     R0,#+0
   \   00000020   0x.... 0x....      BL       STRING_write_to_internal
    119              
    120            if(TELASENHA_telaSenha(SENHA_PADRAO_FABRICA)){
   \   00000024   0xF640 0x408E      MOVW     R0,#+3214
   \   00000028   0x.... 0x....      BL       TELASENHA_telaSenha
   \   0000002C   0x2800             CMP      R0,#+0
   \   0000002E   0xD06A             BEQ.N    ??MENUAVANCADO_padrao_fabrica_0
    121              
    122              STRING_write_to_internal(CLEAR_DISPLAY,(char*)STRING_mensagem_reset_fabrica[idioma][0],
    123                                                     (char*)STRING_mensagem_reset_fabrica[idioma][1]);
   \   00000030   0xB2E4             UXTB     R4,R4            ;; ZeroExt  R4,R4,#+24,#+24
   \   00000032   0x....             LDR.N    R0,??DataTable7_7
   \   00000034   0xEB10 0x00C4      ADDS     R0,R0,R4, LSL #+3
   \   00000038   0x6842             LDR      R2,[R0, #+4]
   \   0000003A   0xB2E4             UXTB     R4,R4            ;; ZeroExt  R4,R4,#+24,#+24
   \   0000003C   0x....             LDR.N    R0,??DataTable7_7
   \   0000003E   0xF850 0x1034      LDR      R1,[R0, R4, LSL #+3]
   \   00000042   0x2000             MOVS     R0,#+0
   \   00000044   0x.... 0x....      BL       STRING_write_to_internal
    124              
    125              // Valor da pipoca R$ 4,00
    126              valor = PADRAO_VALOR_PIPOCA;
   \   00000048   0xF44F 0x70FA      MOV      R0,#+500
   \   0000004C   0x9000             STR      R0,[SP, #+0]
    127              PARAMETROS_grava(ADR_VALOR_PIPOCA,(void*)&valor);
   \   0000004E   0xA900             ADD      R1,SP,#+0
   \   00000050   0x2003             MOVS     R0,#+3
   \   00000052   0x.... 0x....      BL       PARAMETROS_grava
    128              
    129              // Apenas cédula 
    130              flag = PADRAO_CEDULAS_HABILITADA;
   \   00000056   0x2003             MOVS     R0,#+3
   \   00000058   0xF88D 0x0004      STRB     R0,[SP, #+4]
    131              PARAMETROS_grava(ADR_NOTAS,(void*)&flag);
   \   0000005C   0xA901             ADD      R1,SP,#+4
   \   0000005E   0x2002             MOVS     R0,#+2
   \   00000060   0x.... 0x....      BL       PARAMETROS_grava
    132                               
    133              // Configura o tempo em que o motor da embalagem
    134              // fica ligado
    135              valor = PADRAO_TEMPO_EMBALAGEM;
   \   00000064   0xF44F 0x607A      MOV      R0,#+4000
   \   00000068   0x9000             STR      R0,[SP, #+0]
    136              PARAMETROS_grava(ADR_TEMPO_EMBALAGEM,(void*)&valor);
   \   0000006A   0xA900             ADD      R1,SP,#+0
   \   0000006C   0x201C             MOVS     R0,#+28
   \   0000006E   0x.... 0x....      BL       PARAMETROS_grava
    137              
    138              // Configura para a fita led ficar piscando 
    139              flag = PADRAO_HABILITA_FITA_LED;
   \   00000072   0x20FF             MOVS     R0,#+255
   \   00000074   0xF88D 0x0004      STRB     R0,[SP, #+4]
    140              PARAMETROS_grava(ADR_FLAG_FITA_LED,(void*)&flag);
   \   00000078   0xA901             ADD      R1,SP,#+4
   \   0000007A   0x2021             MOVS     R0,#+33
   \   0000007C   0x.... 0x....      BL       PARAMETROS_grava
    141              
    142              // Configura para o volume da música para 50%
    143              valor = PADRAO_VOLUME_MUSICA;
   \   00000080   0x2032             MOVS     R0,#+50
   \   00000082   0x9000             STR      R0,[SP, #+0]
    144              PARAMETROS_grava(ADR_VOLUME_MUSICA,(void*)&valor);
   \   00000084   0xA900             ADD      R1,SP,#+0
   \   00000086   0x201D             MOVS     R0,#+29
   \   00000088   0x.... 0x....      BL       PARAMETROS_grava
    145              
    146              // Configura para o volume da voz ficar em 50%
    147              valor = PADRAO_VOLUME_VOZ;
   \   0000008C   0x2032             MOVS     R0,#+50
   \   0000008E   0x9000             STR      R0,[SP, #+0]
    148              PARAMETROS_grava(ADR_VOLUME_VOZ,(void*)&valor);
   \   00000090   0xA900             ADD      R1,SP,#+0
   \   00000092   0x201E             MOVS     R0,#+30
   \   00000094   0x.... 0x....      BL       PARAMETROS_grava
    149              
    150              // Configura para a propaganda rodar a cada
    151              // 30 minutos
    152              valor = PADRAO_INTERVALO_PROPAGANDA;
   \   00000098   0x200A             MOVS     R0,#+10
   \   0000009A   0x9000             STR      R0,[SP, #+0]
    153              PARAMETROS_grava(ADR_INTERVALO_TEMPO_PROP,(void*)&valor);
   \   0000009C   0xA900             ADD      R1,SP,#+0
   \   0000009E   0x201F             MOVS     R0,#+31
   \   000000A0   0x.... 0x....      BL       PARAMETROS_grava
    154              
    155              // Configura para a máquina não utilizar troco
    156              flag = PADRAO_FLAG_TROCO;
   \   000000A4   0x2000             MOVS     R0,#+0
   \   000000A6   0xF88D 0x0004      STRB     R0,[SP, #+4]
    157              PARAMETROS_grava(ADR_FLAG_TROCO,(void*)&flag);
   \   000000AA   0xA901             ADD      R1,SP,#+4
   \   000000AC   0x2022             MOVS     R0,#+34
   \   000000AE   0x.... 0x....      BL       PARAMETROS_grava
    158              
    159              // Configura para não entrar no modo pipoca grátis
    160              flag = PADRAO_GRATIS;
   \   000000B2   0x2000             MOVS     R0,#+0
   \   000000B4   0xF88D 0x0004      STRB     R0,[SP, #+4]
    161              PARAMETROS_grava(ADR_FLAG_FREE,(void*)&flag);
   \   000000B8   0xA901             ADD      R1,SP,#+4
   \   000000BA   0x2020             MOVS     R0,#+32
   \   000000BC   0x.... 0x....      BL       PARAMETROS_grava
    162              
    163              // Configura a temperatura de trabalho
    164              valor = PADRAO_TEMPERATURA;
   \   000000C0   0x2055             MOVS     R0,#+85
   \   000000C2   0x9000             STR      R0,[SP, #+0]
    165              PARAMETROS_grava(ADR_TEMPERATURA_PREPARACAO,(void*)&valor);
   \   000000C4   0xA900             ADD      R1,SP,#+0
   \   000000C6   0x201A             MOVS     R0,#+26
   \   000000C8   0x.... 0x....      BL       PARAMETROS_grava
    166              
    167              // Configura a velocidade do motor do ar
    168              valor = PADRAO_ROTACAO_PREPARO;
   \   000000CC   0xF241 0x6044      MOVW     R0,#+5700
   \   000000D0   0x9000             STR      R0,[SP, #+0]
    169              PARAMETROS_grava(ADR_VELOCIDADE_PREPARACAO,(void*)&valor);    
   \   000000D2   0xA900             ADD      R1,SP,#+0
   \   000000D4   0x201B             MOVS     R0,#+27
   \   000000D6   0x.... 0x....      BL       PARAMETROS_grava
    170              
    171              // Grava as mensagens de cliente como Mais PIpoca
    172              PARAMETROS_grava(ADR_MENSAGEM_CLIENTE_01,(void*)msg_padrao);
   \   000000DA   0xA902             ADD      R1,SP,#+8
   \   000000DC   0x203C             MOVS     R0,#+60
   \   000000DE   0x.... 0x....      BL       PARAMETROS_grava
    173              PARAMETROS_grava(ADR_MENSAGEM_CLIENTE_02,(void*)msg_padrao);
   \   000000E2   0xA902             ADD      R1,SP,#+8
   \   000000E4   0x203D             MOVS     R0,#+61
   \   000000E6   0x.... 0x....      BL       PARAMETROS_grava
    174              PARAMETROS_grava(ADR_MENSAGEM_CLIENTE_03,(void*)msg_padrao);
   \   000000EA   0xA902             ADD      R1,SP,#+8
   \   000000EC   0x203E             MOVS     R0,#+62
   \   000000EE   0x.... 0x....      BL       PARAMETROS_grava
    175              PARAMETROS_grava(ADR_MENSAGEM_CLIENTE_04,(void*)msg_padrao);
   \   000000F2   0xA902             ADD      R1,SP,#+8
   \   000000F4   0x203F             MOVS     R0,#+63
   \   000000F6   0x.... 0x....      BL       PARAMETROS_grava
    176              
    177              valor = 1;
   \   000000FA   0x2001             MOVS     R0,#+1
   \   000000FC   0x9000             STR      R0,[SP, #+0]
    178              PARAMETROS_grava(ADR_FATOR_COMPENSADOR,(void*)&valor);
   \   000000FE   0xA900             ADD      R1,SP,#+0
   \   00000100   0x2041             MOVS     R0,#+65
   \   00000102   0x.... 0x....      BL       PARAMETROS_grava
    179            }
    180          }
   \                     ??MENUAVANCADO_padrao_fabrica_0:
   \   00000106   0xB008             ADD      SP,SP,#+32
   \   00000108   0xBD10             POP      {R4,PC}          ;; return
    181          /***********************************************************************************
    182          *       Descrição       :       Tela para cadastro da nova senha de administrador
    183          *       Parametros      :       nenhum
    184          *       Retorno         :       nenhum
    185          ***********************************************************************************/

   \                                 In section .text, align 2, keep-with-next
    186          void MENUAVANCADO_cadastra_senha_admin(void){
   \                     MENUAVANCADO_cadastra_senha_admin:
   \   00000000   0xB51C             PUSH     {R2-R4,LR}
    187            unsigned int senha;
    188            unsigned int s1,s2;
    189            unsigned char idioma = APLICACAO_carrega_idioma();  
   \   00000002   0x.... 0x....      BL       APLICACAO_carrega_idioma
   \   00000006   0x0004             MOVS     R4,R0
    190            
    191            PARAMETROS_le(ADR_SENHA_ADMIN,(void*)&senha);
   \   00000008   0xA900             ADD      R1,SP,#+0
   \   0000000A   0x2023             MOVS     R0,#+35
   \   0000000C   0x.... 0x....      BL       PARAMETROS_le
    192            
    193            if(senha>9999)
   \   00000010   0x9800             LDR      R0,[SP, #+0]
   \   00000012   0xF242 0x7110      MOVW     R1,#+10000
   \   00000016   0x4288             CMP      R0,R1
   \   00000018   0xD301             BCC.N    ??MENUAVANCADO_cadastra_senha_admin_0
    194              senha = 0;
   \   0000001A   0x2000             MOVS     R0,#+0
   \   0000001C   0x9000             STR      R0,[SP, #+0]
    195            
    196            // Senha para acesso,caso inválida
    197            // não abre o menu
    198            if(!TELASENHA_telaSenha(senha))
   \                     ??MENUAVANCADO_cadastra_senha_admin_0:
   \   0000001E   0x9800             LDR      R0,[SP, #+0]
   \   00000020   0xB280             UXTH     R0,R0            ;; ZeroExt  R0,R0,#+16,#+16
   \   00000022   0x.... 0x....      BL       TELASENHA_telaSenha
   \   00000026   0x2800             CMP      R0,#+0
   \   00000028   0xD030             BEQ.N    ??MENUAVANCADO_cadastra_senha_admin_1
    199              return;  
    200            
    201            s1 = TELASENHA_get_senha((char*)STRING_mensagem_inserir_senha[idioma]);
   \                     ??MENUAVANCADO_cadastra_senha_admin_2:
   \   0000002A   0xB2E4             UXTB     R4,R4            ;; ZeroExt  R4,R4,#+24,#+24
   \   0000002C   0x....             LDR.N    R0,??DataTable7_8
   \   0000002E   0xF850 0x0024      LDR      R0,[R0, R4, LSL #+2]
   \   00000032   0x.... 0x....      BL       TELASENHA_get_senha
   \   00000036   0x9001             STR      R0,[SP, #+4]
    202            s2 = TELASENHA_get_senha((char*)STRING_mensagem_inserir_senha[idioma]);
   \   00000038   0xB2E4             UXTB     R4,R4            ;; ZeroExt  R4,R4,#+24,#+24
   \   0000003A   0x....             LDR.N    R0,??DataTable7_8
   \   0000003C   0xF850 0x0024      LDR      R0,[R0, R4, LSL #+2]
   \   00000040   0x.... 0x....      BL       TELASENHA_get_senha
    203            
    204            if(s1 == s2){
   \   00000044   0x9901             LDR      R1,[SP, #+4]
   \   00000046   0x4281             CMP      R1,R0
   \   00000048   0xD110             BNE.N    ??MENUAVANCADO_cadastra_senha_admin_3
    205              // Desenha a mensagem confirmando a gravação
    206              // da nova senha
    207              STRING_write_to_internal(CLEAR_DISPLAY,
    208                                      (char*)STRING_mensagem_cadastro_senha[idioma][0],
    209                                      (char*)STRING_mensagem_cadastro_senha[idioma][1]);
   \   0000004A   0xB2E4             UXTB     R4,R4            ;; ZeroExt  R4,R4,#+24,#+24
   \   0000004C   0x....             LDR.N    R0,??DataTable7_9
   \   0000004E   0xEB10 0x00C4      ADDS     R0,R0,R4, LSL #+3
   \   00000052   0x6842             LDR      R2,[R0, #+4]
   \   00000054   0xB2E4             UXTB     R4,R4            ;; ZeroExt  R4,R4,#+24,#+24
   \   00000056   0x....             LDR.N    R0,??DataTable7_9
   \   00000058   0xF850 0x1034      LDR      R1,[R0, R4, LSL #+3]
   \   0000005C   0x2000             MOVS     R0,#+0
   \   0000005E   0x.... 0x....      BL       STRING_write_to_internal
    210              
    211              // Grava a nova senha na memória flash
    212              PARAMETROS_grava(ADR_SENHA_ADMIN,(void*)&s1);    
   \   00000062   0xA901             ADD      R1,SP,#+4
   \   00000064   0x2023             MOVS     R0,#+35
   \   00000066   0x.... 0x....      BL       PARAMETROS_grava
   \   0000006A   0xE00B             B.N      ??MENUAVANCADO_cadastra_senha_admin_4
    213            }
    214            else
    215              STRING_write_to_internal(CLEAR_DISPLAY,
    216                                      (char*)STRING_mensagem_cadastro_senha_erro[idioma][0],
    217                                      (char*)STRING_mensagem_cadastro_senha_erro[idioma][1]);
   \                     ??MENUAVANCADO_cadastra_senha_admin_3:
   \   0000006C   0xB2E4             UXTB     R4,R4            ;; ZeroExt  R4,R4,#+24,#+24
   \   0000006E   0x....             LDR.N    R0,??DataTable7_10
   \   00000070   0xEB10 0x00C4      ADDS     R0,R0,R4, LSL #+3
   \   00000074   0x6842             LDR      R2,[R0, #+4]
   \   00000076   0xB2E4             UXTB     R4,R4            ;; ZeroExt  R4,R4,#+24,#+24
   \   00000078   0x....             LDR.N    R0,??DataTable7_10
   \   0000007A   0xF850 0x1034      LDR      R1,[R0, R4, LSL #+3]
   \   0000007E   0x2000             MOVS     R0,#+0
   \   00000080   0x.... 0x....      BL       STRING_write_to_internal
    218             
    219            vTaskDelay(3000);
   \                     ??MENUAVANCADO_cadastra_senha_admin_4:
   \   00000084   0xF640 0x30B8      MOVW     R0,#+3000
   \   00000088   0x.... 0x....      BL       vTaskDelay
    220          }
   \                     ??MENUAVANCADO_cadastra_senha_admin_1:
   \   0000008C   0xBD13             POP      {R0,R1,R4,PC}    ;; return
    221          /***********************************************************************************
    222          *       Descrição       :       Faz o reset dos totalizadores permanentes da 
    223          *                               máquina
    224          *       Parametros      :       nenhum
    225          *       Retorno         :       nenhum
    226          ***********************************************************************************/

   \                                 In section .text, align 2, keep-with-next
    227          void MENUAVANCADO_reset_totalizadores_permanentes(void){
   \                     MENUAVANCADO_reset_totalizadores_permanentes:
   \   00000000   0xB510             PUSH     {R4,LR}
    228            unsigned char idioma = APLICACAO_carrega_idioma();    
   \   00000002   0x.... 0x....      BL       APLICACAO_carrega_idioma
   \   00000006   0x0004             MOVS     R4,R0
    229            
    230            if(TELASENHA_checa_contrasenha(NULL)){    
   \   00000008   0x2000             MOVS     R0,#+0
   \   0000000A   0x.... 0x....      BL       TELASENHA_checa_contrasenha
   \   0000000E   0x2800             CMP      R0,#+0
   \   00000010   0xD028             BEQ.N    ??MENUAVANCADO_reset_totalizadores_permanentes_0
    231              STRING_write_to_internal(CLEAR_DISPLAY,
    232                                      (char*)STRING_mensagem_reinicia_totalizadores[idioma][0],
    233                                      (char*)STRING_mensagem_reinicia_totalizadores[idioma][1]);    
   \   00000012   0xB2E4             UXTB     R4,R4            ;; ZeroExt  R4,R4,#+24,#+24
   \   00000014   0x....             LDR.N    R0,??DataTable7_11
   \   00000016   0xEB10 0x00C4      ADDS     R0,R0,R4, LSL #+3
   \   0000001A   0x6842             LDR      R2,[R0, #+4]
   \   0000001C   0xB2E4             UXTB     R4,R4            ;; ZeroExt  R4,R4,#+24,#+24
   \   0000001E   0x....             LDR.N    R0,??DataTable7_11
   \   00000020   0xF850 0x1034      LDR      R1,[R0, R4, LSL #+3]
   \   00000024   0x2000             MOVS     R0,#+0
   \   00000026   0x.... 0x....      BL       STRING_write_to_internal
    234                     
    235              FATURAMENTO_set_contagem_parcial(0);
   \   0000002A   0x2000             MOVS     R0,#+0
   \   0000002C   0x.... 0x....      BL       FATURAMENTO_set_contagem_parcial
    236              FATURAMENTO_set_arrecadacao_parcial(0);
   \   00000030   0x2000             MOVS     R0,#+0
   \   00000032   0x.... 0x....      BL       FATURAMENTO_set_arrecadacao_parcial
    237              FATURAMENTO_set_contagem_cartao_parcial(0);
   \   00000036   0x2000             MOVS     R0,#+0
   \   00000038   0x.... 0x....      BL       FATURAMENTO_set_contagem_cartao_parcial
    238              FATURAMENTO_set_arrecadacao_cartao_parcial(0);
   \   0000003C   0x2000             MOVS     R0,#+0
   \   0000003E   0x.... 0x....      BL       FATURAMENTO_set_arrecadacao_cartao_parcial
    239                  
    240              FATURAMENTO_set_contagem_total(0);
   \   00000042   0x2000             MOVS     R0,#+0
   \   00000044   0x.... 0x....      BL       FATURAMENTO_set_contagem_total
    241              FATURAMENTO_set_arrecadacao_total(0);
   \   00000048   0x2000             MOVS     R0,#+0
   \   0000004A   0x.... 0x....      BL       FATURAMENTO_set_arrecadacao_total
    242              FATURAMENTO_set_contagem_cartao_total(0);
   \   0000004E   0x2000             MOVS     R0,#+0
   \   00000050   0x.... 0x....      BL       FATURAMENTO_set_contagem_cartao_total
    243              FATURAMENTO_set_arrecadacao_cartao_total(0);    
   \   00000054   0x2000             MOVS     R0,#+0
   \   00000056   0x.... 0x....      BL       FATURAMENTO_set_arrecadacao_cartao_total
    244              
    245              FTP_formata_fila(); // Apaga os eventos de troca de preço da pipoca
   \   0000005A   0x.... 0x....      BL       FTP_formata_fila
    246              
    247              FATURAMENTO_reinicia_pipocas_teste();
   \   0000005E   0x.... 0x....      BL       FATURAMENTO_reinicia_pipocas_teste
   \   00000062   0xE00B             B.N      ??MENUAVANCADO_reset_totalizadores_permanentes_1
    248            }
    249            else{    
    250              STRING_write_to_internal(CLEAR_DISPLAY,
    251                                      (char*)STRING_mensagem_reinicia_totalizadores_erro[idioma][0],
    252                                      (char*)STRING_mensagem_reinicia_totalizadores_erro[idioma][1]);            
   \                     ??MENUAVANCADO_reset_totalizadores_permanentes_0:
   \   00000064   0xB2E4             UXTB     R4,R4            ;; ZeroExt  R4,R4,#+24,#+24
   \   00000066   0x....             LDR.N    R0,??DataTable7_12
   \   00000068   0xEB10 0x00C4      ADDS     R0,R0,R4, LSL #+3
   \   0000006C   0x6842             LDR      R2,[R0, #+4]
   \   0000006E   0xB2E4             UXTB     R4,R4            ;; ZeroExt  R4,R4,#+24,#+24
   \   00000070   0x....             LDR.N    R0,??DataTable7_12
   \   00000072   0xF850 0x1034      LDR      R1,[R0, R4, LSL #+3]
   \   00000076   0x2000             MOVS     R0,#+0
   \   00000078   0x.... 0x....      BL       STRING_write_to_internal
    253            }
    254            
    255            vTaskDelay(3000);
   \                     ??MENUAVANCADO_reset_totalizadores_permanentes_1:
   \   0000007C   0xF640 0x30B8      MOVW     R0,#+3000
   \   00000080   0x.... 0x....      BL       vTaskDelay
    256          }
   \   00000084   0xBD10             POP      {R4,PC}          ;; return
    257          /***********************************************************************************
    258          *       Descrição       :       Entra no menu para configuração dos
    259          *                               ganhos do PID do motor
    260          *       Parametros      :       nenhum
    261          *       Retorno         :       nenhum
    262          ***********************************************************************************/

   \                                 In section .text, align 2, keep-with-next
    263          void MENUAVANCADO_menu_ganhos_PID(void){
   \                     MENUAVANCADO_menu_ganhos_PID:
   \   00000000   0xB510             PUSH     {R4,LR}
    264            unsigned char idioma = APLICACAO_carrega_idioma();    
   \   00000002   0x.... 0x....      BL       APLICACAO_carrega_idioma
   \   00000006   0x0004             MOVS     R4,R0
    265            
    266            // Menu para configuração 
    267            // dos parâmetros do PID
    268            // do motor
    269            if(TELASENHA_checa_contrasenha(NULL)){    
   \   00000008   0x2000             MOVS     R0,#+0
   \   0000000A   0x.... 0x....      BL       TELASENHA_checa_contrasenha
   \   0000000E   0x2800             CMP      R0,#+0
   \   00000010   0xD10B             BNE.N    ??MENUAVANCADO_menu_ganhos_PID_0
    270              
    271              
    272            }
    273            else{    
    274              STRING_write_to_internal(CLEAR_DISPLAY,
    275                                      (char*)STRING_mensagem_reinicia_totalizadores_erro[idioma][0],
    276                                      (char*)STRING_mensagem_reinicia_totalizadores_erro[idioma][1]);            
   \   00000012   0xB2E4             UXTB     R4,R4            ;; ZeroExt  R4,R4,#+24,#+24
   \   00000014   0x....             LDR.N    R0,??DataTable7_12
   \   00000016   0xEB10 0x00C4      ADDS     R0,R0,R4, LSL #+3
   \   0000001A   0x6842             LDR      R2,[R0, #+4]
   \   0000001C   0xB2E4             UXTB     R4,R4            ;; ZeroExt  R4,R4,#+24,#+24
   \   0000001E   0x....             LDR.N    R0,??DataTable7_12
   \   00000020   0xF850 0x1034      LDR      R1,[R0, R4, LSL #+3]
   \   00000024   0x2000             MOVS     R0,#+0
   \   00000026   0x.... 0x....      BL       STRING_write_to_internal
    277            }
    278            
    279            vTaskDelay(3000);
   \                     ??MENUAVANCADO_menu_ganhos_PID_0:
   \   0000002A   0xF640 0x30B8      MOVW     R0,#+3000
   \   0000002E   0x.... 0x....      BL       vTaskDelay
    280          }
   \   00000032   0xBD10             POP      {R4,PC}          ;; return
    281          /***********************************************************************************
    282          *       Descrição       :       Configura o número de série da máquina
    283          *       Parametros      :       nenhum
    284          *       Retorno         :       nenhum
    285          ***********************************************************************************/

   \                                 In section .text, align 2, keep-with-next
    286          void MENUAVANCADO_configura_numero_serie(void){
   \                     MENUAVANCADO_configura_numero_serie:
   \   00000000   0xB51C             PUSH     {R2-R4,LR}
    287            unsigned char idioma = APLICACAO_carrega_idioma();    
   \   00000002   0x.... 0x....      BL       APLICACAO_carrega_idioma
   \   00000006   0x0004             MOVS     R4,R0
    288            
    289            if(TELASENHA_checa_contrasenha(NULL)){ 
   \   00000008   0x2000             MOVS     R0,#+0
   \   0000000A   0x.... 0x....      BL       TELASENHA_checa_contrasenha
   \   0000000E   0x2800             CMP      R0,#+0
   \   00000010   0xD023             BEQ.N    ??MENUAVANCADO_configura_numero_serie_0
    290                      
    291               unsigned int numero = 0;
   \   00000012   0x2000             MOVS     R0,#+0
   \   00000014   0x9001             STR      R0,[SP, #+4]
    292               PARAMETROS_le(ADR_NUMERO_SERIE,(void*)&numero);
   \   00000016   0xA901             ADD      R1,SP,#+4
   \   00000018   0x2024             MOVS     R0,#+36
   \   0000001A   0x.... 0x....      BL       PARAMETROS_le
    293               
    294               if(numero>999999)
   \   0000001E   0x9801             LDR      R0,[SP, #+4]
   \   00000020   0x....             LDR.N    R1,??DataTable7_13  ;; 0xf4240
   \   00000022   0x4288             CMP      R0,R1
   \   00000024   0xD301             BCC.N    ??MENUAVANCADO_configura_numero_serie_1
    295                 numero = 100;
   \   00000026   0x2064             MOVS     R0,#+100
   \   00000028   0x9001             STR      R0,[SP, #+4]
    296               
    297               if(numero<1200)
   \                     ??MENUAVANCADO_configura_numero_serie_1:
   \   0000002A   0x9801             LDR      R0,[SP, #+4]
   \   0000002C   0xF5B0 0x6F96      CMP      R0,#+1200
   \   00000030   0xD202             BCS.N    ??MENUAVANCADO_configura_numero_serie_2
    298                 numero = 1200;
   \   00000032   0xF44F 0x6096      MOV      R0,#+1200
   \   00000036   0x9001             STR      R0,[SP, #+4]
    299               
    300               numero = MEI_entry((char*)STRING_titulo_edita_serial[idioma],
                               ^
Warning[Pe223]: function "MEI_entry" declared implicitly
    301                                  "%06d",
    302                                  numero,
    303                                  1,
    304                                  999999);
   \                     ??MENUAVANCADO_configura_numero_serie_2:
   \   00000038   0x....             LDR.N    R0,??DataTable7_14  ;; 0xf423f
   \   0000003A   0x9000             STR      R0,[SP, #+0]
   \   0000003C   0x2301             MOVS     R3,#+1
   \   0000003E   0x9A01             LDR      R2,[SP, #+4]
   \   00000040   0x....             LDR.N    R1,??DataTable7_15
   \   00000042   0xB2E4             UXTB     R4,R4            ;; ZeroExt  R4,R4,#+24,#+24
   \   00000044   0x....             LDR.N    R0,??DataTable7_16
   \   00000046   0xF850 0x0024      LDR      R0,[R0, R4, LSL #+2]
   \   0000004A   0x.... 0x....      BL       MEI_entry
   \   0000004E   0x9001             STR      R0,[SP, #+4]
    305               
    306               PARAMETROS_grava(ADR_NUMERO_SERIE,(void*)&numero);
   \   00000050   0xA901             ADD      R1,SP,#+4
   \   00000052   0x2024             MOVS     R0,#+36
   \   00000054   0x.... 0x....      BL       PARAMETROS_grava
   \   00000058   0xE00B             B.N      ??MENUAVANCADO_configura_numero_serie_3
    307            }
    308            else{    
    309              STRING_write_to_internal(CLEAR_DISPLAY,
    310                                      (char*)STRING_mensagem_reinicia_totalizadores_erro[idioma][0],
    311                                      (char*)STRING_mensagem_reinicia_totalizadores_erro[idioma][1]);            
   \                     ??MENUAVANCADO_configura_numero_serie_0:
   \   0000005A   0xB2E4             UXTB     R4,R4            ;; ZeroExt  R4,R4,#+24,#+24
   \   0000005C   0x....             LDR.N    R0,??DataTable7_12
   \   0000005E   0xEB10 0x00C4      ADDS     R0,R0,R4, LSL #+3
   \   00000062   0x6842             LDR      R2,[R0, #+4]
   \   00000064   0xB2E4             UXTB     R4,R4            ;; ZeroExt  R4,R4,#+24,#+24
   \   00000066   0x....             LDR.N    R0,??DataTable7_12
   \   00000068   0xF850 0x1034      LDR      R1,[R0, R4, LSL #+3]
   \   0000006C   0x2000             MOVS     R0,#+0
   \   0000006E   0x.... 0x....      BL       STRING_write_to_internal
    312            }
    313          }
   \                     ??MENUAVANCADO_configura_numero_serie_3:
   \   00000072   0xBD13             POP      {R0,R1,R4,PC}    ;; return
    314          /***********************************************************************************
    315          *       Descrição       :       Tela para configuração da hora e data
    316          *                               do sistema
    317          *       Parametros      :       nenhum
    318          *       Retorno         :       nenhum
    319          ***********************************************************************************/

   \                                 In section .text, align 2, keep-with-next
    320          void MENUAVANCADO_configura_hora_data(void){
   \                     MENUAVANCADO_configura_hora_data:
   \   00000000   0xB580             PUSH     {R7,LR}
    321            
    322            IAR_entry();
                   ^
Warning[Pe223]: function "IAR_entry" declared implicitly
   \   00000002   0x.... 0x....      BL       IAR_entry
    323          }
   \   00000006   0xBD01             POP      {R0,PC}          ;; return
    324          /***********************************************************************************
    325          *       Descrição       :       Tela para configuração do flag que habilita
    326          *                               a correção de erro no motor do ar
    327          *       Parametros      :       nenhum
    328          *       Retorno         :       nenhum
    329          ***********************************************************************************/

   \                                 In section .text, align 2, keep-with-next
    330          void MENUAVANCADO_configura_flag_correcao_erro(void){
   \                     MENUAVANCADO_configura_flag_correcao_erro:
   \   00000000   0xB510             PUSH     {R4,LR}
   \   00000002   0xB082             SUB      SP,SP,#+8
    331            unsigned char idioma = APLICACAO_carrega_idioma();
   \   00000004   0x.... 0x....      BL       APLICACAO_carrega_idioma
   \   00000008   0x0004             MOVS     R4,R0
    332            unsigned char flag;
    333            
    334            PARAMETROS_le(ADR_COMPENSADOR_ERRO_ROTACAO,(void*)&flag);
   \   0000000A   0xA900             ADD      R1,SP,#+0
   \   0000000C   0x2040             MOVS     R0,#+64
   \   0000000E   0x.... 0x....      BL       PARAMETROS_le
    335            
    336            flag = MEF_entry("ERRO MOTOR",flag,"ON ","OFF");    
                          ^
Warning[Pe223]: function "MEF_entry" declared implicitly
   \   00000012   0x....             ADR.N    R3,??DataTable7  ;; "OFF"
   \   00000014   0x....             ADR.N    R2,??DataTable7_1  ;; "ON "
   \   00000016   0xF89D 0x1000      LDRB     R1,[SP, #+0]
   \   0000001A   0x....             LDR.N    R0,??DataTable7_17
   \   0000001C   0x.... 0x....      BL       MEF_entry
   \   00000020   0xF88D 0x0000      STRB     R0,[SP, #+0]
    337            
    338            PARAMETROS_grava(ADR_COMPENSADOR_ERRO_ROTACAO,(void*)&flag);
   \   00000024   0xA900             ADD      R1,SP,#+0
   \   00000026   0x2040             MOVS     R0,#+64
   \   00000028   0x.... 0x....      BL       PARAMETROS_grava
    339          }
   \   0000002C   0xBD13             POP      {R0,R1,R4,PC}    ;; return
    340          /***********************************************************************************
    341          *       Descrição       :      Tela para configuração do fator de compensação
    342          *                              do controle de temperatura
    343          *       Parametros      :       nenhum
    344          *       Retorno         :       nenhum
    345          ***********************************************************************************/

   \                                 In section .text, align 2, keep-with-next
    346          void MENUAVANCADO_configura_fator_compensavao(void){
   \                     MENUAVANCADO_configura_fator_compensavao:
   \   00000000   0xB500             PUSH     {LR}
   \   00000002   0xB083             SUB      SP,SP,#+12
    347            unsigned int valor;
    348          
    349            PARAMETROS_le(ADR_FATOR_COMPENSADOR,(void*)&valor);
   \   00000004   0xA901             ADD      R1,SP,#+4
   \   00000006   0x2041             MOVS     R0,#+65
   \   00000008   0x.... 0x....      BL       PARAMETROS_le
    350          
    351            valor = MEI_entry("FATOR TEMP","%1d oC",valor,1,3);    
                           ^
Warning[Pe223]: function "MEI_entry" declared implicitly
   \   0000000C   0x2003             MOVS     R0,#+3
   \   0000000E   0x9000             STR      R0,[SP, #+0]
   \   00000010   0x2301             MOVS     R3,#+1
   \   00000012   0x9A01             LDR      R2,[SP, #+4]
   \   00000014   0x....             LDR.N    R1,??DataTable7_18
   \   00000016   0x....             LDR.N    R0,??DataTable7_19
   \   00000018   0x.... 0x....      BL       MEI_entry
   \   0000001C   0x9001             STR      R0,[SP, #+4]
    352            
    353            PARAMETROS_grava(ADR_FATOR_COMPENSADOR,(void*)&valor);
   \   0000001E   0xA901             ADD      R1,SP,#+4
   \   00000020   0x2041             MOVS     R0,#+65
   \   00000022   0x.... 0x....      BL       PARAMETROS_grava
    354          }
   \   00000026   0xBD07             POP      {R0-R2,PC}       ;; return

   \                                 In section .text, align 4, keep-with-next
   \                     ??DataTable7:
   \   00000000   0x4F 0x46          DC8      "OFF"
   \              0x46 0x00    

   \                                 In section .text, align 4, keep-with-next
   \                     ??DataTable7_1:
   \   00000000   0x4F 0x4E          DC8      "ON "
   \              0x20 0x00    

   \                                 In section .text, align 4, keep-with-next
   \                     ??DataTable7_2:
   \   00000000   0x........         DC32     MENUAVANCADO_func

   \                                 In section .text, align 4, keep-with-next
   \                     ??DataTable7_3:
   \   00000000   0x........         DC32     STRING_menu_avancado

   \                                 In section .text, align 4, keep-with-next
   \                     ??DataTable7_4:
   \   00000000   0x........         DC32     STRING_titulo_menu_avancado

   \                                 In section .text, align 4, keep-with-next
   \                     ??DataTable7_5:
   \   00000000   0x........         DC32     `?<Constant "   Mais Pipoca  ">`

   \                                 In section .text, align 4, keep-with-next
   \                     ??DataTable7_6:
   \   00000000   0x........         DC32     STRING_titulo_padrao_fabrica

   \                                 In section .text, align 4, keep-with-next
   \                     ??DataTable7_7:
   \   00000000   0x........         DC32     STRING_mensagem_reset_fabrica

   \                                 In section .text, align 4, keep-with-next
   \                     ??DataTable7_8:
   \   00000000   0x........         DC32     STRING_mensagem_inserir_senha

   \                                 In section .text, align 4, keep-with-next
   \                     ??DataTable7_9:
   \   00000000   0x........         DC32     STRING_mensagem_cadastro_senha

   \                                 In section .text, align 4, keep-with-next
   \                     ??DataTable7_10:
   \   00000000   0x........         DC32     STRING_mensagem_cadastro_senha_erro

   \                                 In section .text, align 4, keep-with-next
   \                     ??DataTable7_11:
   \   00000000   0x........         DC32     STRING_mensagem_reinicia_totalizadores

   \                                 In section .text, align 4, keep-with-next
   \                     ??DataTable7_12:
   \   00000000   0x........         DC32     STRING_mensagem_reinicia_totalizadores_erro

   \                                 In section .text, align 4, keep-with-next
   \                     ??DataTable7_13:
   \   00000000   0x000F4240         DC32     0xf4240

   \                                 In section .text, align 4, keep-with-next
   \                     ??DataTable7_14:
   \   00000000   0x000F423F         DC32     0xf423f

   \                                 In section .text, align 4, keep-with-next
   \                     ??DataTable7_15:
   \   00000000   0x........         DC32     `?<Constant "%06d">`

   \                                 In section .text, align 4, keep-with-next
   \                     ??DataTable7_16:
   \   00000000   0x........         DC32     STRING_titulo_edita_serial

   \                                 In section .text, align 4, keep-with-next
   \                     ??DataTable7_17:
   \   00000000   0x........         DC32     `?<Constant "ERRO MOTOR">`

   \                                 In section .text, align 4, keep-with-next
   \                     ??DataTable7_18:
   \   00000000   0x........         DC32     `?<Constant "%1d oC">`

   \                                 In section .text, align 4, keep-with-next
   \                     ??DataTable7_19:
   \   00000000   0x........         DC32     `?<Constant "FATOR TEMP">`

   \                                 In section .rodata, align 4
   \                     `?<Constant "   Mais Pipoca  ">`:
   \   00000000   0x20 0x20          DC8 "   Mais Pipoca  "
   \              0x20 0x4D    
   \              0x61 0x69    
   \              0x73 0x20    
   \              0x50 0x69    
   \              0x70 0x6F    
   \              0x63 0x61    
   \              0x20 0x20    
   \              0x00         
   \   00000011   0x00 0x00          DC8 0, 0, 0
   \              0x00         

   \                                 In section .rodata, align 4
   \                     `?<Constant "%06d">`:
   \   00000000   0x25 0x30          DC8 "%06d"
   \              0x36 0x64    
   \              0x00         
   \   00000005   0x00 0x00          DC8 0, 0, 0
   \              0x00         

   \                                 In section .rodata, align 4
   \                     `?<Constant "ERRO MOTOR">`:
   \   00000000   0x45 0x52          DC8 "ERRO MOTOR"
   \              0x52 0x4F    
   \              0x20 0x4D    
   \              0x4F 0x54    
   \              0x4F 0x52    
   \              0x00         
   \   0000000B   0x00               DC8 0

   \                                 In section .rodata, align 4
   \   00000000   0x4F 0x4E          DC8 "ON "
   \              0x20 0x00    

   \                                 In section .rodata, align 4
   \   00000000   0x4F 0x46          DC8 "OFF"
   \              0x46 0x00    

   \                                 In section .rodata, align 4
   \                     `?<Constant "FATOR TEMP">`:
   \   00000000   0x46 0x41          DC8 "FATOR TEMP"
   \              0x54 0x4F    
   \              0x52 0x20    
   \              0x54 0x45    
   \              0x4D 0x50    
   \              0x00         
   \   0000000B   0x00               DC8 0

   \                                 In section .rodata, align 4
   \                     `?<Constant "%1d oC">`:
   \   00000000   0x25 0x31          DC8 "%1d oC"
   \              0x64 0x20    
   \              0x6F 0x43    
   \              0x00         
   \   00000007   0x00               DC8 0
    355          /***********************************************************************************
    356          *       Fim do arquivo
    357          ***********************************************************************************/

   Maximum stack usage in bytes:

   .cstack Function
   ------- --------
      16   MENUAVANCADO_cadastra_senha_admin
        16   -> APLICACAO_carrega_idioma
        16   -> PARAMETROS_grava
        16   -> PARAMETROS_le
        16   -> STRING_write_to_internal
        16   -> TELASENHA_get_senha
        16   -> TELASENHA_telaSenha
        16   -> vTaskDelay
      16   MENUAVANCADO_configura_fator_compensavao
        16   -> MEI_entry
        16   -> PARAMETROS_grava
        16   -> PARAMETROS_le
      16   MENUAVANCADO_configura_flag_correcao_erro
        16   -> APLICACAO_carrega_idioma
        16   -> MEF_entry
        16   -> PARAMETROS_grava
        16   -> PARAMETROS_le
       8   MENUAVANCADO_configura_hora_data
         8   -> IAR_entry
      16   MENUAVANCADO_configura_numero_serie
        16   -> APLICACAO_carrega_idioma
        16   -> MEI_entry
        16   -> PARAMETROS_grava
        16   -> PARAMETROS_le
        16   -> STRING_write_to_internal
        16   -> TELASENHA_checa_contrasenha
       8   MENUAVANCADO_entry
         8   -> APLICACAO_carrega_idioma
         8   -> MENUROLAGEM_show
         8   -> TELASENHA_telaSenha
       8   MENUAVANCADO_menu_ganhos_PID
         8   -> APLICACAO_carrega_idioma
         8   -> STRING_write_to_internal
         8   -> TELASENHA_checa_contrasenha
         8   -> vTaskDelay
      40   MENUAVANCADO_padrao_fabrica
        40   -> APLICACAO_carrega_idioma
        40   -> PARAMETROS_grava
        40   -> STRING_write_to_internal
        40   -> TELASENHA_telaSenha
        40   -> __aeabi_memcpy4
       8   MENUAVANCADO_reset_totalizadores_permanentes
         8   -> APLICACAO_carrega_idioma
         8   -> FATURAMENTO_reinicia_pipocas_teste
         8   -> FATURAMENTO_set_arrecadacao_cartao_parcial
         8   -> FATURAMENTO_set_arrecadacao_cartao_total
         8   -> FATURAMENTO_set_arrecadacao_parcial
         8   -> FATURAMENTO_set_arrecadacao_total
         8   -> FATURAMENTO_set_contagem_cartao_parcial
         8   -> FATURAMENTO_set_contagem_cartao_total
         8   -> FATURAMENTO_set_contagem_parcial
         8   -> FATURAMENTO_set_contagem_total
         8   -> FTP_formata_fila
         8   -> STRING_write_to_internal
         8   -> TELASENHA_checa_contrasenha
         8   -> vTaskDelay


   Section sizes:

   Bytes  Function/Label
   -----  --------------
      20  ?<Constant "   Mais Pipoca  ">
       8  ?<Constant "%06d">
       8  ?<Constant "%1d oC">
      12  ?<Constant "ERRO MOTOR">
      12  ?<Constant "FATOR TEMP">
       4  ?<Constant "OFF">
       4  ?<Constant "ON ">
       4  ??DataTable7
       4  ??DataTable7_1
       4  ??DataTable7_10
       4  ??DataTable7_11
       4  ??DataTable7_12
       4  ??DataTable7_13
       4  ??DataTable7_14
       4  ??DataTable7_15
       4  ??DataTable7_16
       4  ??DataTable7_17
       4  ??DataTable7_18
       4  ??DataTable7_19
       4  ??DataTable7_2
       4  ??DataTable7_3
       4  ??DataTable7_4
       4  ??DataTable7_5
       4  ??DataTable7_6
       4  ??DataTable7_7
       4  ??DataTable7_8
       4  ??DataTable7_9
     142  MENUAVANCADO_cadastra_senha_admin
      40  MENUAVANCADO_configura_fator_compensavao
      46  MENUAVANCADO_configura_flag_correcao_erro
       8  MENUAVANCADO_configura_hora_data
     116  MENUAVANCADO_configura_numero_serie
      48  MENUAVANCADO_entry
      36  MENUAVANCADO_func
      52  MENUAVANCADO_menu_ganhos_PID
     266  MENUAVANCADO_padrao_fabrica
     134  MENUAVANCADO_reset_totalizadores_permanentes

 
 104 bytes in section .rodata
 932 bytes in section .text
 
 932 bytes of CODE  memory
 104 bytes of CONST memory

Errors: none
Warnings: 4
