###############################################################################
#                                                                             #
# IAR ANSI C/C++ Compiler V6.50.3.4676/W32 for ARM      07/Jul/2017  16:29:33 #
# Copyright 1999-2013 IAR Systems AB.                                         #
#                                                                             #
#    Cpu mode     =  thumb                                                    #
#    Endian       =  little                                                   #
#    Source file  =  C:\Users\Marcos\Dropbox\Reps\Dextro\IBA\Hardware\MaisPip #
#                    ocaG2\SOFTWARE\Aplicacao\menu_operacao.c                 #
#    Command line =  C:\Users\Marcos\Dropbox\Reps\Dextro\IBA\Hardware\MaisPip #
#                    ocaG2\SOFTWARE\Aplicacao\menu_operacao.c -lC             #
#                    C:\Users\Marcos\Dropbox\Reps\Dextro\IBA\Hardware\MaisPip #
#                    ocaG2\SOFTWARE\Debug\List\ -lA                           #
#                    C:\Users\Marcos\Dropbox\Reps\Dextro\IBA\Hardware\MaisPip #
#                    ocaG2\SOFTWARE\Debug\List\ -o                            #
#                    C:\Users\Marcos\Dropbox\Reps\Dextro\IBA\Hardware\MaisPip #
#                    ocaG2\SOFTWARE\Debug\Obj\ --no_cse --no_unroll           #
#                    --no_inline --no_code_motion --no_tbaa --no_clustering   #
#                    --no_scheduling --debug --endian=little --cpu=Cortex-M3  #
#                    -e --fpu=None --dlib_config "C:\Program Files (x86)\IAR  #
#                    Systems\Embedded Workbench 6.5\arm\INC\c\DLib_Config_Nor #
#                    mal.h" -Ol                                               #
#    List file    =  C:\Users\Marcos\Dropbox\Reps\Dextro\IBA\Hardware\MaisPip #
#                    ocaG2\SOFTWARE\Debug\List\menu_operacao.lst              #
#    Object file  =  C:\Users\Marcos\Dropbox\Reps\Dextro\IBA\Hardware\MaisPip #
#                    ocaG2\SOFTWARE\Debug\Obj\menu_operacao.o                 #
#                                                                             #
#                                                                             #
###############################################################################

C:\Users\Marcos\Dropbox\Reps\Dextro\IBA\Hardware\MaisPipocaG2\SOFTWARE\Aplicacao\menu_operacao.c
      1           /*__________________________________________________________________________________
      2          |	Quark Tecnologia Eletrônica Embarcada
      3          |       
      4          |       Itapema - SC
      5          |       www.quarktee.com.br
      6          | __________________________________________________________________________________
      7          |
      8          |       This source code was developed by Quark  and cannot be copied, in part 
      9          |       or in whole, or used, except when legally licensed by Quark 
     10          |       or its distributors.
     11          |
     12          |       Este código é propriedade da Quark  e não pode ser copiado, em parte 
     13          |       ou em todo, ou utilizado, exceto quando for legalmente licenciado pela 
     14          |       Quark  ou por um de seus distribuidores.
     15          | __________________________________________________________________________________
     16          |
     17          |       Arquivo            :  menu_operacao.c
     18          | 
     19          |       Autor              :  Marcos Aquino
     20          |       Data criação       :
     21          |
     22          |       Revisões           :  001
     23          |
     24          |
     25          | __________________________________________________________________________________
     26          */
     27          
     28          /***********************************************************************************
     29          *       Includes
     30          ***********************************************************************************/
     31          #include <stdio.h>
     32          #include <stdlib.h>
     33          #include <string.h>

   \                                 In section .text, align 2
   \   __intrinsic __nounwind __interwork __softfp void *memcpy(void *, void const *, size_t)
   \                     memcpy:
   \   00000000   0xB510             PUSH     {R4,LR}
   \   00000002   0x0004             MOVS     R4,R0
   \   00000004   0x0020             MOVS     R0,R4
   \   00000006   0x.... 0x....      BL       __aeabi_memcpy
   \   0000000A   0x0020             MOVS     R0,R4
   \   0000000C   0xBD10             POP      {R4,PC}          ;; return
     34          #include "..\includes.h"
     35          #include "menu_operacao.h"
     36          #include "menu_rolagem.h"
     37          #include "menu_edita_listagem.h"
     38          #include "menu_edita_inteiro.h"
     39          #include "menu_edita_flag.h"
     40          
     41          /***********************************************************************************
     42          *       Definições - locais
     43          ***********************************************************************************/
     44          
     45          
     46          /***********************************************************************************
     47          *       Variaveis - locais
     48          ***********************************************************************************/
     49          
     50          
     51          /***********************************************************************************
     52          *       Funções - locais
     53          ***********************************************************************************/
     54          void MENUOP_configura_valor(void);
     55          void MENUOP_configura_notas(void);
     56          void MENUOP_configura_tempo_embalagem(void);
     57          void MENUOP_configura_volume_musica(void);
     58          void MENUOP_configura_volume_locucoes(void);
     59          void MENUOP_configura_intervalo_propaganda(void);
     60          void MENUOP_configura_modo_free(void);
     61          void MENUOP_configura_fita_led(void);
     62          void MENUOP_configura_troco(void);
     63          void MENUOP_configura_comissao(void);
     64          void MENUOP_configura_flag_desumidificador(void);
     65          unsigned char MENUOP_edita_mensagem(char *titulo,char* msg);
     66          void MENUOP_configura_mensagem_cliente(void);
     67          void MENUOP_configura_mensagem_cliente_02(void);
     68          void MENUOP_configura_mensagem_cliente_03(void);
     69          void MENUOP_configura_mensagem_cliente_04(void);
     70          
     71          /***********************************************************************************
     72          *       Tabela de funções
     73          ***********************************************************************************/

   \                                 In section .data, align 4
     74          void(*MENUOP_funcs[])(void)={
   \                     MENUOP_funcs:
   \   00000000   0x........         DC32 MENUOP_configura_valor, MENUOP_configura_notas
   \              0x........   
   \   00000008   0x........         DC32 MENUOP_configura_modo_free, MENUOP_configura_fita_led
   \              0x........   
   \   00000010   0x........         DC32 MENUOP_configura_volume_musica, MENUOP_configura_volume_locucoes
   \              0x........   
   \   00000018   0x........         DC32 MENUOP_configura_intervalo_propaganda
   \   0000001C   0x........         DC32 MENUOP_configura_tempo_embalagem, MENUOP_configura_troco
   \              0x........   
   \   00000024   0x........         DC32 MENUOP_configura_comissao, MENUOP_configura_mensagem_cliente
   \              0x........   
   \   0000002C   0x........         DC32 MENUOP_configura_mensagem_cliente_02
   \   00000030   0x........         DC32 MENUOP_configura_mensagem_cliente_03
   \   00000034   0x........         DC32 MENUOP_configura_mensagem_cliente_04
   \   00000038   0x........         DC32 MENUOP_configura_flag_desumidificador, 0H
   \              0x00000000   
     75            MENUOP_configura_valor,
     76            MENUOP_configura_notas,
     77            MENUOP_configura_modo_free,
     78            MENUOP_configura_fita_led,
     79            MENUOP_configura_volume_musica,
     80            MENUOP_configura_volume_locucoes,
     81            MENUOP_configura_intervalo_propaganda,
     82            MENUOP_configura_tempo_embalagem,
     83            MENUOP_configura_troco,
     84            MENUOP_configura_comissao,
     85            MENUOP_configura_mensagem_cliente,
     86            MENUOP_configura_mensagem_cliente_02,
     87            MENUOP_configura_mensagem_cliente_03,
     88            MENUOP_configura_mensagem_cliente_04,
     89            MENUOP_configura_flag_desumidificador,
     90            NULL  
     91          };
     92          
     93          /***********************************************************************************
     94          *       Implementação das funções
     95          ***********************************************************************************/
     96          
     97          /***********************************************************************************
     98          *       Descrição       :       Ponto de entrada do menu de configuração
     99          *                               do sistema
    100          *       Parametros      :       nenhum
    101          *       Retorno         :       nenhum
    102          ***********************************************************************************/

   \                                 In section .text, align 2, keep-with-next
    103          void MENUOP_entry(void){
   \                     MENUOP_entry:
   \   00000000   0xB510             PUSH     {R4,LR}
    104            unsigned char idioma = APLICACAO_carrega_idioma();
   \   00000002   0x.... 0x....      BL       APLICACAO_carrega_idioma
    105            
    106            MENUROLAGEM_show((char*)STRING_titulo_menu_operacao[idioma],
    107                             (char**)STRING_menu_configuracao_operacao[idioma],
    108                             QTD_OPCOES_OPERACAO,
    109                             MENUOP_funcs);    
   \   00000006   0x.... 0x....      LDR.W    R3,??DataTable16_2
   \   0000000A   0x2210             MOVS     R2,#+16
   \   0000000C   0xB2C0             UXTB     R0,R0            ;; ZeroExt  R0,R0,#+24,#+24
   \   0000000E   0x2140             MOVS     R1,#+64
   \   00000010   0x.... 0x....      LDR.W    R4,??DataTable16_3
   \   00000014   0xFB01 0x4100      MLA      R1,R1,R0,R4
   \   00000018   0xB2C0             UXTB     R0,R0            ;; ZeroExt  R0,R0,#+24,#+24
   \   0000001A   0x.... 0x....      LDR.W    R4,??DataTable16_4
   \   0000001E   0xF854 0x0020      LDR      R0,[R4, R0, LSL #+2]
   \   00000022   0x.... 0x....      BL       MENUROLAGEM_show
    110          }
   \   00000026   0xBD10             POP      {R4,PC}          ;; return
    111          /***********************************************************************************
    112          *       Descrição       :       Menu para configuração do valor da pipoca
    113          *       Parametros      :       nenhum
    114          *       Retorno         :       nenhum
    115          ***********************************************************************************/

   \                                 In section .text, align 2, keep-with-next
    116          void MENUOP_configura_valor(void){
   \                     MENUOP_configura_valor:
   \   00000000   0xB5F0             PUSH     {R4-R7,LR}
   \   00000002   0xB087             SUB      SP,SP,#+28
    117            unsigned char idioma = APLICACAO_carrega_idioma();  
   \   00000004   0x.... 0x....      BL       APLICACAO_carrega_idioma
   \   00000008   0x0004             MOVS     R4,R0
    118            unsigned int valor;
    119            char buffer_linha[17];
    120            eTECLA tecla;
    121            unsigned char tamanho=0;
   \   0000000A   0x2700             MOVS     R7,#+0
    122            unsigned char ultimo_tamanho=0;
   \   0000000C   0x2500             MOVS     R5,#+0
    123            unsigned int valor_anterior;
    124            
    125            PARAMETROS_le(ADR_VALOR_PIPOCA,(void*)&valor);
   \   0000000E   0xA901             ADD      R1,SP,#+4
   \   00000010   0x2003             MOVS     R0,#+3
   \   00000012   0x.... 0x....      BL       PARAMETROS_le
    126            if(valor>99990)
   \   00000016   0x9801             LDR      R0,[SP, #+4]
   \   00000018   0x.... 0x....      LDR.W    R1,??DataTable16_5  ;; 0x18697
   \   0000001C   0x4288             CMP      R0,R1
   \   0000001E   0xD301             BCC.N    ??MENUOP_configura_valor_0
    127              valor = 5;
   \   00000020   0x2005             MOVS     R0,#+5
   \   00000022   0x9001             STR      R0,[SP, #+4]
    128            
    129            STRING_write_to_internal(CLEAR_DISPLAY,(char*)STRING_titulo_ajusta_valor[idioma],NULL);
   \                     ??MENUOP_configura_valor_0:
   \   00000024   0x2200             MOVS     R2,#+0
   \   00000026   0xB2E4             UXTB     R4,R4            ;; ZeroExt  R4,R4,#+24,#+24
   \   00000028   0x.... 0x....      LDR.W    R0,??DataTable16_6
   \   0000002C   0xF850 0x1024      LDR      R1,[R0, R4, LSL #+2]
   \   00000030   0x2000             MOVS     R0,#+0
   \   00000032   0x.... 0x....      BL       STRING_write_to_internal
    130            
    131            valor_anterior = valor;
   \   00000036   0x9E01             LDR      R6,[SP, #+4]
   \   00000038   0xE009             B.N      ??MENUOP_configura_valor_1
    132            
    133            for(;TECLADO_getContadorInatividade();){
    134            
    135              tecla = TECLADO_getch();
    136              switch(tecla){
    137                case TECLA_ENTER:
    138                     PARAMETROS_grava(ADR_VALOR_PIPOCA,(void*)&valor);        
    139                     // Novo evento de troca
    140                     // de preço
    141                     if(valor_anterior!=valor)
    142                       FTP_novo_preco(valor,valor_anterior);           
    143                case TECLA_ESC:
    144                     return;
    145                case TECLA_INC:
    146                     if(valor<99990)
    147                       valor+=5;
    148                     break;
    149                case TECLA_DEC:
    150                     if(valor>5)
    151                       valor-=5;
    152                     break;
    153              }
    154              
    155              sprintf(buffer_linha,"%s %d,%02d",(char*)STRING_simbolo_moeda[idioma],valor/100,valor%100);
    156              tamanho = strlen(buffer_linha);
    157              if(tamanho!=ultimo_tamanho){
    158                STRING_write_to_internal(CLEAR_DISPLAY,(char*)STRING_titulo_ajusta_valor[idioma],buffer_linha);    
   \                     ??MENUOP_configura_valor_2:
   \   0000003A   0xAA02             ADD      R2,SP,#+8
   \   0000003C   0xB2E4             UXTB     R4,R4            ;; ZeroExt  R4,R4,#+24,#+24
   \   0000003E   0x.... 0x....      LDR.W    R0,??DataTable16_6
   \   00000042   0xF850 0x1024      LDR      R1,[R0, R4, LSL #+2]
   \   00000046   0x2000             MOVS     R0,#+0
   \   00000048   0x.... 0x....      BL       STRING_write_to_internal
    159                ultimo_tamanho = tamanho;
   \   0000004C   0x003D             MOVS     R5,R7
    160              }
   \                     ??MENUOP_configura_valor_1:
   \   0000004E   0x.... 0x....      BL       TECLADO_getContadorInatividade
   \   00000052   0x2800             CMP      R0,#+0
   \   00000054   0xD04A             BEQ.N    ??MENUOP_configura_valor_3
   \   00000056   0x.... 0x....      BL       TECLADO_getch
   \   0000005A   0xB2C0             UXTB     R0,R0            ;; ZeroExt  R0,R0,#+24,#+24
   \   0000005C   0x2801             CMP      R0,#+1
   \   0000005E   0xD012             BEQ.N    ??MENUOP_configura_valor_4
   \   00000060   0xD321             BCC.N    ??MENUOP_configura_valor_5
   \   00000062   0x2803             CMP      R0,#+3
   \   00000064   0xD019             BEQ.N    ??MENUOP_configura_valor_6
   \   00000066   0xD30F             BCC.N    ??MENUOP_configura_valor_7
   \   00000068   0x2804             CMP      R0,#+4
   \   0000006A   0xD11C             BNE.N    ??MENUOP_configura_valor_5
   \                     ??MENUOP_configura_valor_8:
   \   0000006C   0xA901             ADD      R1,SP,#+4
   \   0000006E   0x2003             MOVS     R0,#+3
   \   00000070   0x.... 0x....      BL       PARAMETROS_grava
   \   00000074   0x9801             LDR      R0,[SP, #+4]
   \   00000076   0x4286             CMP      R6,R0
   \   00000078   0xD005             BEQ.N    ??MENUOP_configura_valor_4
   \   0000007A   0x0031             MOVS     R1,R6
   \   0000007C   0xB289             UXTH     R1,R1            ;; ZeroExt  R1,R1,#+16,#+16
   \   0000007E   0x9801             LDR      R0,[SP, #+4]
   \   00000080   0xB280             UXTH     R0,R0            ;; ZeroExt  R0,R0,#+16,#+16
   \   00000082   0x.... 0x....      BL       FTP_novo_preco
   \                     ??MENUOP_configura_valor_4:
   \   00000086   0xE031             B.N      ??MENUOP_configura_valor_9
   \                     ??MENUOP_configura_valor_7:
   \   00000088   0x9801             LDR      R0,[SP, #+4]
   \   0000008A   0x.... 0x....      LDR.W    R1,??DataTable16_7  ;; 0x18696
   \   0000008E   0x4288             CMP      R0,R1
   \   00000090   0xD202             BCS.N    ??MENUOP_configura_valor_10
   \   00000092   0x9801             LDR      R0,[SP, #+4]
   \   00000094   0x1D40             ADDS     R0,R0,#+5
   \   00000096   0x9001             STR      R0,[SP, #+4]
   \                     ??MENUOP_configura_valor_10:
   \   00000098   0xE005             B.N      ??MENUOP_configura_valor_5
   \                     ??MENUOP_configura_valor_6:
   \   0000009A   0x9801             LDR      R0,[SP, #+4]
   \   0000009C   0x2806             CMP      R0,#+6
   \   0000009E   0xD302             BCC.N    ??MENUOP_configura_valor_11
   \   000000A0   0x9801             LDR      R0,[SP, #+4]
   \   000000A2   0x1F40             SUBS     R0,R0,#+5
   \   000000A4   0x9001             STR      R0,[SP, #+4]
   \                     ??MENUOP_configura_valor_11:
   \                     ??MENUOP_configura_valor_5:
   \   000000A6   0x9801             LDR      R0,[SP, #+4]
   \   000000A8   0x2164             MOVS     R1,#+100
   \   000000AA   0xFBB0 0xF2F1      UDIV     R2,R0,R1
   \   000000AE   0xFB01 0x0012      MLS      R0,R1,R2,R0
   \   000000B2   0x9000             STR      R0,[SP, #+0]
   \   000000B4   0x9801             LDR      R0,[SP, #+4]
   \   000000B6   0x2164             MOVS     R1,#+100
   \   000000B8   0xFBB0 0xF3F1      UDIV     R3,R0,R1
   \   000000BC   0xB2E4             UXTB     R4,R4            ;; ZeroExt  R4,R4,#+24,#+24
   \   000000BE   0x.... 0x....      LDR.W    R0,??DataTable16_8
   \   000000C2   0xF850 0x2024      LDR      R2,[R0, R4, LSL #+2]
   \   000000C6   0x.... 0x....      LDR.W    R1,??DataTable16_9
   \   000000CA   0xA802             ADD      R0,SP,#+8
   \   000000CC   0x.... 0x....      BL       sprintf
   \   000000D0   0xA802             ADD      R0,SP,#+8
   \   000000D2   0x.... 0x....      BL       strlen
   \   000000D6   0x0007             MOVS     R7,R0
   \   000000D8   0xB2FF             UXTB     R7,R7            ;; ZeroExt  R7,R7,#+24,#+24
   \   000000DA   0xB2ED             UXTB     R5,R5            ;; ZeroExt  R5,R5,#+24,#+24
   \   000000DC   0x42AF             CMP      R7,R5
   \   000000DE   0xD1AC             BNE.N    ??MENUOP_configura_valor_2
    161              else
    162                STRING_write_to_internal(NO_CLEAR,NULL,buffer_linha);    
   \   000000E0   0xAA02             ADD      R2,SP,#+8
   \   000000E2   0x2100             MOVS     R1,#+0
   \   000000E4   0x2001             MOVS     R0,#+1
   \   000000E6   0x.... 0x....      BL       STRING_write_to_internal
   \   000000EA   0xE7B0             B.N      ??MENUOP_configura_valor_1
    163            }  
    164          }
   \                     ??MENUOP_configura_valor_3:
   \                     ??MENUOP_configura_valor_9:
   \   000000EC   0xB007             ADD      SP,SP,#+28
   \   000000EE   0xBDF0             POP      {R4-R7,PC}       ;; return
    165          /***********************************************************************************
    166          *       Descrição       :       Configura as cédulas que serão aceitas
    167          *                               pelo meio de pagamento, quando serial ou CCTALK
    168          *       Parametros      :       nenhum
    169          *       Retorno         :       nenhum
    170          ***********************************************************************************/

   \                                 In section .text, align 2, keep-with-next
    171          void MENUOP_configura_notas(void){
   \                     MENUOP_configura_notas:
   \   00000000   0xB510             PUSH     {R4,LR}
   \   00000002   0xB084             SUB      SP,SP,#+16
    172            unsigned char idioma = APLICACAO_carrega_idioma();
   \   00000004   0x.... 0x....      BL       APLICACAO_carrega_idioma
   \   00000008   0x0004             MOVS     R4,R0
    173            unsigned char flags[6]={0};
   \   0000000A   0xA801             ADD      R0,SP,#+4
   \   0000000C   0x2100             MOVS     R1,#+0
   \   0000000E   0x2200             MOVS     R2,#+0
   \   00000010   0xC006             STM      R0!,{R1,R2}
   \   00000012   0x3808             SUBS     R0,R0,#+8
    174            unsigned char cedulas;
    175            
    176            PARAMETROS_le(ADR_NOTAS,(void*)&cedulas);
   \   00000014   0xA900             ADD      R1,SP,#+0
   \   00000016   0x2002             MOVS     R0,#+2
   \   00000018   0x.... 0x....      BL       PARAMETROS_le
    177            for(unsigned char i=0;i<6;i++)
   \   0000001C   0x2000             MOVS     R0,#+0
   \   0000001E   0xE00A             B.N      ??MENUOP_configura_notas_0
    178              if(cedulas&(0x01<<i))
   \                     ??MENUOP_configura_notas_1:
   \   00000020   0xF89D 0x1000      LDRB     R1,[SP, #+0]
   \   00000024   0x2201             MOVS     R2,#+1
   \   00000026   0x4082             LSLS     R2,R2,R0
   \   00000028   0x4211             TST      R1,R2
   \   0000002A   0xD003             BEQ.N    ??MENUOP_configura_notas_2
    179                flags[i] = 255;  
   \   0000002C   0xB2C0             UXTB     R0,R0            ;; ZeroExt  R0,R0,#+24,#+24
   \   0000002E   0xA901             ADD      R1,SP,#+4
   \   00000030   0x22FF             MOVS     R2,#+255
   \   00000032   0x5442             STRB     R2,[R0, R1]
   \                     ??MENUOP_configura_notas_2:
   \   00000034   0x1C40             ADDS     R0,R0,#+1
   \                     ??MENUOP_configura_notas_0:
   \   00000036   0xB2C0             UXTB     R0,R0            ;; ZeroExt  R0,R0,#+24,#+24
   \   00000038   0x2806             CMP      R0,#+6
   \   0000003A   0xDBF1             BLT.N    ??MENUOP_configura_notas_1
    180            
    181            MEL_entry((char*)STRING_titulo_configuracao_notas[idioma],
    182                      (char**)STRING_tabela_cedulas_canais[idioma],
    183                      flags,
    184                      6);
   \   0000003C   0x2306             MOVS     R3,#+6
   \   0000003E   0xAA01             ADD      R2,SP,#+4
   \   00000040   0xB2E4             UXTB     R4,R4            ;; ZeroExt  R4,R4,#+24,#+24
   \   00000042   0x2018             MOVS     R0,#+24
   \   00000044   0x.... 0x....      LDR.W    R1,??DataTable16_10
   \   00000048   0xFB00 0x1104      MLA      R1,R0,R4,R1
   \   0000004C   0xB2E4             UXTB     R4,R4            ;; ZeroExt  R4,R4,#+24,#+24
   \   0000004E   0x.... 0x....      LDR.W    R0,??DataTable16_11
   \   00000052   0xF850 0x0024      LDR      R0,[R0, R4, LSL #+2]
   \   00000056   0x.... 0x....      BL       MEL_entry
    185            
    186            cedulas = 0;
   \   0000005A   0x2000             MOVS     R0,#+0
   \   0000005C   0xF88D 0x0000      STRB     R0,[SP, #+0]
    187            for(unsigned char i=0;i<6;i++)
   \   00000060   0x2000             MOVS     R0,#+0
   \   00000062   0xE00C             B.N      ??MENUOP_configura_notas_3
    188              if(flags[i])
   \                     ??MENUOP_configura_notas_4:
   \   00000064   0xB2C0             UXTB     R0,R0            ;; ZeroExt  R0,R0,#+24,#+24
   \   00000066   0xA901             ADD      R1,SP,#+4
   \   00000068   0x5C41             LDRB     R1,[R0, R1]
   \   0000006A   0x2900             CMP      R1,#+0
   \   0000006C   0xD006             BEQ.N    ??MENUOP_configura_notas_5
    189                cedulas|= (0x01)<<i;
   \   0000006E   0xF89D 0x1000      LDRB     R1,[SP, #+0]
   \   00000072   0x2201             MOVS     R2,#+1
   \   00000074   0x4082             LSLS     R2,R2,R0
   \   00000076   0x4311             ORRS     R1,R2,R1
   \   00000078   0xF88D 0x1000      STRB     R1,[SP, #+0]
   \                     ??MENUOP_configura_notas_5:
   \   0000007C   0x1C40             ADDS     R0,R0,#+1
   \                     ??MENUOP_configura_notas_3:
   \   0000007E   0xB2C0             UXTB     R0,R0            ;; ZeroExt  R0,R0,#+24,#+24
   \   00000080   0x2806             CMP      R0,#+6
   \   00000082   0xDBEF             BLT.N    ??MENUOP_configura_notas_4
    190            
    191            PARAMETROS_grava(ADR_NOTAS,(void*)&cedulas);     
   \   00000084   0xA900             ADD      R1,SP,#+0
   \   00000086   0x2002             MOVS     R0,#+2
   \   00000088   0x.... 0x....      BL       PARAMETROS_grava
    192          }
   \   0000008C   0xBD1F             POP      {R0-R4,PC}       ;; return
    193          /***********************************************************************************
    194          *       Descrição       :       Tela que faz o teste da liberação de uma embalagem
    195          *       Parametros      :       nenhum
    196          *       Retorno         :       nenhum
    197          ***********************************************************************************/

   \                                 In section .text, align 2, keep-with-next
    198          void MENUOP_testa_liberacao_embalagem(unsigned int tempo){
   \                     MENUOP_testa_liberacao_embalagem:
   \   00000000   0xB510             PUSH     {R4,LR}
   \   00000002   0x0004             MOVS     R4,R0
    199            
    200            STRING_write_to_internal(CLEAR_DISPLAY,"Liberando","Embalagem");  
   \   00000004   0x....             LDR.N    R2,??DataTable16_12
   \   00000006   0x....             LDR.N    R1,??DataTable16_13
   \   00000008   0x2000             MOVS     R0,#+0
   \   0000000A   0x.... 0x....      BL       STRING_write_to_internal
    201            EMBALAGEM_libera_pacote(tempo);    
   \   0000000E   0x0020             MOVS     R0,R4
   \   00000010   0x.... 0x....      BL       EMBALAGEM_libera_pacote
    202          }
   \   00000014   0xBD10             POP      {R4,PC}          ;; return
    203          /***********************************************************************************
    204          *       Descrição       :       Faz o ajuste do intervalo de tempo em que
    205          *                               o motor da embalagem fica ligado
    206          *       Parametros      :       nenhum
    207          *       Retorno         :       nenhum
    208          ***********************************************************************************/

   \                                 In section .text, align 2, keep-with-next
    209          void MENUOP_configura_tempo_embalagem(void){
   \                     MENUOP_configura_tempo_embalagem:
   \   00000000   0xB500             PUSH     {LR}
   \   00000002   0xB087             SUB      SP,SP,#+28
    210            unsigned int tempo_embalagem;
    211            eTECLA tecla;
    212            char buffer_linha[17];
    213            
    214            PARAMETROS_le(ADR_TEMPO_EMBALAGEM,(void*)&tempo_embalagem);
   \   00000004   0xA900             ADD      R1,SP,#+0
   \   00000006   0x201C             MOVS     R0,#+28
   \   00000008   0x.... 0x....      BL       PARAMETROS_le
    215            if(tempo_embalagem>10000)
   \   0000000C   0x9800             LDR      R0,[SP, #+0]
   \   0000000E   0xF242 0x7111      MOVW     R1,#+10001
   \   00000012   0x4288             CMP      R0,R1
   \   00000014   0xD302             BCC.N    ??MENUOP_configura_tempo_embalagem_0
    216              tempo_embalagem = 500;
   \   00000016   0xF44F 0x70FA      MOV      R0,#+500
   \   0000001A   0x9000             STR      R0,[SP, #+0]
    217            
    218            STRING_write_to_internal(CLEAR_DISPLAY,"T. Motor Emb.",NULL);
   \                     ??MENUOP_configura_tempo_embalagem_0:
   \   0000001C   0x2200             MOVS     R2,#+0
   \   0000001E   0x....             LDR.N    R1,??DataTable16_14
   \   00000020   0x2000             MOVS     R0,#+0
   \   00000022   0x.... 0x....      BL       STRING_write_to_internal
   \   00000026   0xE010             B.N      ??MENUOP_configura_tempo_embalagem_1
    219            
    220            for(;;){
    221              tecla = TECLADO_getch();
    222              
    223              switch(tecla){
    224                case TECLA_ENTER:
    225                     MENUOP_testa_liberacao_embalagem(tempo_embalagem);
    226                     STRING_write_to_internal(CLEAR_DISPLAY,"T. Motor Emb.",NULL);           
    227                     break;
    228                case TECLA_ESC:
    229                     STRING_write_to_internal(CLEAR_DISPLAY,"Salvando","na FLASH");
    230                     PARAMETROS_grava(ADR_TEMPO_EMBALAGEM,(void*)&tempo_embalagem);
    231                     vTaskDelay(3000);
    232                     return;
    233                case TECLA_INC:
    234                     if(tempo_embalagem<10000)
    235                       tempo_embalagem+=100;
    236                     break;
    237                case TECLA_DEC:
    238                     if(tempo_embalagem>500)
   \                     ??MENUOP_configura_tempo_embalagem_2:
   \   00000028   0x9800             LDR      R0,[SP, #+0]
   \   0000002A   0xF5B0 0x7FFA      CMP      R0,#+500
   \   0000002E   0xD902             BLS.N    ??MENUOP_configura_tempo_embalagem_3
    239                       tempo_embalagem-=100;
   \   00000030   0x9800             LDR      R0,[SP, #+0]
   \   00000032   0x3864             SUBS     R0,R0,#+100
   \   00000034   0x9000             STR      R0,[SP, #+0]
    240                     break;
    241              }
    242                  
    243              sprintf(buffer_linha,"%05d ms",tempo_embalagem);
   \                     ??MENUOP_configura_tempo_embalagem_3:
   \                     ??MENUOP_configura_tempo_embalagem_4:
   \   00000036   0x9A00             LDR      R2,[SP, #+0]
   \   00000038   0x....             LDR.N    R1,??DataTable16_15
   \   0000003A   0xA801             ADD      R0,SP,#+4
   \   0000003C   0x.... 0x....      BL       sprintf
    244              STRING_write_to_internal(NO_CLEAR,NULL,buffer_linha);
   \   00000040   0xAA01             ADD      R2,SP,#+4
   \   00000042   0x2100             MOVS     R1,#+0
   \   00000044   0x2001             MOVS     R0,#+1
   \   00000046   0x.... 0x....      BL       STRING_write_to_internal
   \                     ??MENUOP_configura_tempo_embalagem_1:
   \   0000004A   0x.... 0x....      BL       TECLADO_getch
   \   0000004E   0xB2C0             UXTB     R0,R0            ;; ZeroExt  R0,R0,#+24,#+24
   \   00000050   0x2801             CMP      R0,#+1
   \   00000052   0xD00E             BEQ.N    ??MENUOP_configura_tempo_embalagem_5
   \   00000054   0xD3EF             BCC.N    ??MENUOP_configura_tempo_embalagem_4
   \   00000056   0x2803             CMP      R0,#+3
   \   00000058   0xD0E6             BEQ.N    ??MENUOP_configura_tempo_embalagem_2
   \   0000005A   0xD319             BCC.N    ??MENUOP_configura_tempo_embalagem_6
   \   0000005C   0x2804             CMP      R0,#+4
   \   0000005E   0xD1EA             BNE.N    ??MENUOP_configura_tempo_embalagem_4
   \                     ??MENUOP_configura_tempo_embalagem_7:
   \   00000060   0x9800             LDR      R0,[SP, #+0]
   \   00000062   0x.... 0x....      BL       MENUOP_testa_liberacao_embalagem
   \   00000066   0x2200             MOVS     R2,#+0
   \   00000068   0x....             LDR.N    R1,??DataTable16_14
   \   0000006A   0x2000             MOVS     R0,#+0
   \   0000006C   0x.... 0x....      BL       STRING_write_to_internal
   \   00000070   0xE7E1             B.N      ??MENUOP_configura_tempo_embalagem_4
   \                     ??MENUOP_configura_tempo_embalagem_5:
   \   00000072   0x....             LDR.N    R2,??DataTable16_16
   \   00000074   0x....             LDR.N    R1,??DataTable16_17
   \   00000076   0x2000             MOVS     R0,#+0
   \   00000078   0x.... 0x....      BL       STRING_write_to_internal
   \   0000007C   0xA900             ADD      R1,SP,#+0
   \   0000007E   0x201C             MOVS     R0,#+28
   \   00000080   0x.... 0x....      BL       PARAMETROS_grava
   \   00000084   0xF640 0x30B8      MOVW     R0,#+3000
   \   00000088   0x.... 0x....      BL       vTaskDelay
   \   0000008C   0xB007             ADD      SP,SP,#+28
   \   0000008E   0xBD00             POP      {PC}             ;; return
   \                     ??MENUOP_configura_tempo_embalagem_6:
   \   00000090   0x9800             LDR      R0,[SP, #+0]
   \   00000092   0xF242 0x7110      MOVW     R1,#+10000
   \   00000096   0x4288             CMP      R0,R1
   \   00000098   0xD202             BCS.N    ??MENUOP_configura_tempo_embalagem_8
   \   0000009A   0x9800             LDR      R0,[SP, #+0]
   \   0000009C   0x3064             ADDS     R0,R0,#+100
   \   0000009E   0x9000             STR      R0,[SP, #+0]
   \                     ??MENUOP_configura_tempo_embalagem_8:
   \   000000A0   0xE7C9             B.N      ??MENUOP_configura_tempo_embalagem_4
    245            }
    246            /*
    247            unsigned int tempo_embalagem;
    248            unsigned char idioma;
    249            
    250            PARAMETROS_le(ADR_TEMPO_EMBALAGEM,(void*)&tempo_embalagem);
    251            PARAMETROS_le(ADR_FLAG_IDIOMA,(void*)&idioma);
    252            
    253            if(tempo_embalagem>10000)
    254              tempo_embalagem = 100;
    255            
    256            tempo_embalagem = MEI_entry_inc((char*)STRING_mensagem_edita_tempo_embalagem[idioma],
    257                                            "%05d ms",
    258                                            tempo_embalagem,
    259                                            100,
    260                                            10000,
    261                                            100);
    262            
    263            PARAMETROS_grava(ADR_TEMPO_EMBALAGEM,(void*)&tempo_embalagem);  
    264            */
    265          }
    266          /***********************************************************************************
    267          *       Descrição       :       Configura o volume utilizado pela música
    268          *       Parametros      :       nenhum
    269          *       Retorno         :       nenhum
    270          ***********************************************************************************/

   \                                 In section .text, align 2, keep-with-next
    271          void MENUOP_configura_volume_musica(void){
   \                     MENUOP_configura_volume_musica:
   \   00000000   0xB51F             PUSH     {R0-R4,LR}
    272            unsigned int volume;
    273            unsigned char idioma;  
    274            
    275            PARAMETROS_le(ADR_FLAG_IDIOMA,(void*)&idioma);
   \   00000002   0xA902             ADD      R1,SP,#+8
   \   00000004   0x2000             MOVS     R0,#+0
   \   00000006   0x.... 0x....      BL       PARAMETROS_le
    276            PARAMETROS_le(ADR_VOLUME_MUSICA,(void*)&volume);
   \   0000000A   0xA903             ADD      R1,SP,#+12
   \   0000000C   0x201D             MOVS     R0,#+29
   \   0000000E   0x.... 0x....      BL       PARAMETROS_le
    277            
    278            if(volume>100)
   \   00000012   0x9803             LDR      R0,[SP, #+12]
   \   00000014   0x2865             CMP      R0,#+101
   \   00000016   0xD301             BCC.N    ??MENUOP_configura_volume_musica_0
    279              volume = 100;
   \   00000018   0x2064             MOVS     R0,#+100
   \   0000001A   0x9003             STR      R0,[SP, #+12]
    280            
    281            volume = MEI_entry_inc((char*)STRING_titulo_menu_edita_volume_musica[idioma],
    282                                   "%03d",
    283                                   volume,
    284                                   1,
    285                                   100,
    286                                   1);
   \                     ??MENUOP_configura_volume_musica_0:
   \   0000001C   0x2001             MOVS     R0,#+1
   \   0000001E   0x9001             STR      R0,[SP, #+4]
   \   00000020   0x2064             MOVS     R0,#+100
   \   00000022   0x9000             STR      R0,[SP, #+0]
   \   00000024   0x2301             MOVS     R3,#+1
   \   00000026   0x9A03             LDR      R2,[SP, #+12]
   \   00000028   0x....             LDR.N    R1,??DataTable16_18
   \   0000002A   0xF89D 0x0008      LDRB     R0,[SP, #+8]
   \   0000002E   0x....             LDR.N    R4,??DataTable16_19
   \   00000030   0xF854 0x0020      LDR      R0,[R4, R0, LSL #+2]
   \   00000034   0x.... 0x....      BL       MEI_entry_inc
   \   00000038   0x9003             STR      R0,[SP, #+12]
    287            PARAMETROS_grava(ADR_VOLUME_MUSICA,(void*)&volume);    
   \   0000003A   0xA903             ADD      R1,SP,#+12
   \   0000003C   0x201D             MOVS     R0,#+29
   \   0000003E   0x.... 0x....      BL       PARAMETROS_grava
    288          }
   \   00000042   0xBD1F             POP      {R0-R4,PC}       ;; return
    289          /***********************************************************************************
    290          *       Descrição       :       Confiura o volume das locuções
    291          *       Parametros      :       nenhum
    292          *       Retorno         :       nenhum
    293          ***********************************************************************************/

   \                                 In section .text, align 2, keep-with-next
    294          void MENUOP_configura_volume_locucoes(void){
   \                     MENUOP_configura_volume_locucoes:
   \   00000000   0xB51F             PUSH     {R0-R4,LR}
    295            unsigned int volume;
    296            unsigned char idioma;  
    297            
    298            PARAMETROS_le(ADR_FLAG_IDIOMA,(void*)&idioma);
   \   00000002   0xA902             ADD      R1,SP,#+8
   \   00000004   0x2000             MOVS     R0,#+0
   \   00000006   0x.... 0x....      BL       PARAMETROS_le
    299            PARAMETROS_le(ADR_VOLUME_VOZ,(void*)&volume);
   \   0000000A   0xA903             ADD      R1,SP,#+12
   \   0000000C   0x201E             MOVS     R0,#+30
   \   0000000E   0x.... 0x....      BL       PARAMETROS_le
    300            
    301            if(volume>100)
   \   00000012   0x9803             LDR      R0,[SP, #+12]
   \   00000014   0x2865             CMP      R0,#+101
   \   00000016   0xD301             BCC.N    ??MENUOP_configura_volume_locucoes_0
    302              volume = 100;
   \   00000018   0x2064             MOVS     R0,#+100
   \   0000001A   0x9003             STR      R0,[SP, #+12]
    303            
    304            volume = MEI_entry_inc((char*)STRING_titulo_menu_edita_volume_voz[idioma],
    305                                   "%03d",
    306                                   volume,
    307                                   1,
    308                                   100,
    309                                   1);
   \                     ??MENUOP_configura_volume_locucoes_0:
   \   0000001C   0x2001             MOVS     R0,#+1
   \   0000001E   0x9001             STR      R0,[SP, #+4]
   \   00000020   0x2064             MOVS     R0,#+100
   \   00000022   0x9000             STR      R0,[SP, #+0]
   \   00000024   0x2301             MOVS     R3,#+1
   \   00000026   0x9A03             LDR      R2,[SP, #+12]
   \   00000028   0x....             LDR.N    R1,??DataTable16_18
   \   0000002A   0xF89D 0x0008      LDRB     R0,[SP, #+8]
   \   0000002E   0x....             LDR.N    R4,??DataTable16_20
   \   00000030   0xF854 0x0020      LDR      R0,[R4, R0, LSL #+2]
   \   00000034   0x.... 0x....      BL       MEI_entry_inc
   \   00000038   0x9003             STR      R0,[SP, #+12]
    310            PARAMETROS_grava(ADR_VOLUME_VOZ,(void*)&volume);  
   \   0000003A   0xA903             ADD      R1,SP,#+12
   \   0000003C   0x201E             MOVS     R0,#+30
   \   0000003E   0x.... 0x....      BL       PARAMETROS_grava
    311          }
   \   00000042   0xBD1F             POP      {R0-R4,PC}       ;; return
    312          /***********************************************************************************
    313          *       Descrição       :       Configura o intervalo para a propaganda
    314          *       Parametros      :       nenhum
    315          *       Retorno         :       nenhum
    316          ***********************************************************************************/

   \                                 In section .text, align 2, keep-with-next
    317          void MENUOP_configura_intervalo_propaganda(void){
   \                     MENUOP_configura_intervalo_propaganda:
   \   00000000   0xB51F             PUSH     {R0-R4,LR}
    318            unsigned char idioma;
    319            unsigned int intervalo;
    320            
    321            PARAMETROS_le(ADR_FLAG_IDIOMA,(void*)&idioma);
   \   00000002   0xA902             ADD      R1,SP,#+8
   \   00000004   0x2000             MOVS     R0,#+0
   \   00000006   0x.... 0x....      BL       PARAMETROS_le
    322            PARAMETROS_le(ADR_INTERVALO_TEMPO_PROP,(void*)&intervalo);
   \   0000000A   0xA903             ADD      R1,SP,#+12
   \   0000000C   0x201F             MOVS     R0,#+31
   \   0000000E   0x.... 0x....      BL       PARAMETROS_le
    323            
    324            if(intervalo>60)
   \   00000012   0x9803             LDR      R0,[SP, #+12]
   \   00000014   0x283D             CMP      R0,#+61
   \   00000016   0xD301             BCC.N    ??MENUOP_configura_intervalo_propaganda_0
    325              intervalo = 60;
   \   00000018   0x203C             MOVS     R0,#+60
   \   0000001A   0x9003             STR      R0,[SP, #+12]
    326            
    327            intervalo = MEI_entry_inc((char*)STRING_titulo_menu_intervalo_prop[idioma],
    328                                      "%02d min",
    329                                       intervalo,
    330                                       10,
    331                                       60,
    332                                       10);  
   \                     ??MENUOP_configura_intervalo_propaganda_0:
   \   0000001C   0x200A             MOVS     R0,#+10
   \   0000001E   0x9001             STR      R0,[SP, #+4]
   \   00000020   0x203C             MOVS     R0,#+60
   \   00000022   0x9000             STR      R0,[SP, #+0]
   \   00000024   0x230A             MOVS     R3,#+10
   \   00000026   0x9A03             LDR      R2,[SP, #+12]
   \   00000028   0x....             LDR.N    R1,??DataTable16_21
   \   0000002A   0xF89D 0x0008      LDRB     R0,[SP, #+8]
   \   0000002E   0x....             LDR.N    R4,??DataTable16_22
   \   00000030   0xF854 0x0020      LDR      R0,[R4, R0, LSL #+2]
   \   00000034   0x.... 0x....      BL       MEI_entry_inc
   \   00000038   0x9003             STR      R0,[SP, #+12]
    333            
    334            PARAMETROS_grava(ADR_INTERVALO_TEMPO_PROP,(void*)&intervalo);    
   \   0000003A   0xA903             ADD      R1,SP,#+12
   \   0000003C   0x201F             MOVS     R0,#+31
   \   0000003E   0x.... 0x....      BL       PARAMETROS_grava
    335          }
   \   00000042   0xBD1F             POP      {R0-R4,PC}       ;; return
    336          /***********************************************************************************
    337          *       Descrição       :       Tela para configuração do modo free
    338          *       Parametros      :       nenhum
    339          *       Retorno         :       nenhum
    340          ***********************************************************************************/

   \                                 In section .text, align 2, keep-with-next
    341          void MENUOP_configura_modo_free(void){
   \                     MENUOP_configura_modo_free:
   \   00000000   0xB510             PUSH     {R4,LR}
   \   00000002   0xB082             SUB      SP,SP,#+8
    342            unsigned char idioma = APLICACAO_carrega_idioma();
   \   00000004   0x.... 0x....      BL       APLICACAO_carrega_idioma
   \   00000008   0x0004             MOVS     R4,R0
    343            unsigned char flag;
    344            
    345            PARAMETROS_le(ADR_FLAG_FREE,(void*)&flag);
   \   0000000A   0xA900             ADD      R1,SP,#+0
   \   0000000C   0x2020             MOVS     R0,#+32
   \   0000000E   0x.... 0x....      BL       PARAMETROS_le
    346            
    347            flag = MEF_entry((char*)STRING_mensagem_configura_free[idioma],flag,"ON ","OFF");    
   \   00000012   0x....             ADR.N    R3,??DataTable16  ;; "OFF"
   \   00000014   0x....             ADR.N    R2,??DataTable16_1  ;; "ON "
   \   00000016   0xF89D 0x1000      LDRB     R1,[SP, #+0]
   \   0000001A   0xB2E4             UXTB     R4,R4            ;; ZeroExt  R4,R4,#+24,#+24
   \   0000001C   0x....             LDR.N    R0,??DataTable16_23
   \   0000001E   0xF850 0x0024      LDR      R0,[R0, R4, LSL #+2]
   \   00000022   0x.... 0x....      BL       MEF_entry
   \   00000026   0xF88D 0x0000      STRB     R0,[SP, #+0]
    348            
    349            PARAMETROS_grava(ADR_FLAG_FREE,(void*)&flag);
   \   0000002A   0xA900             ADD      R1,SP,#+0
   \   0000002C   0x2020             MOVS     R0,#+32
   \   0000002E   0x.... 0x....      BL       PARAMETROS_grava
    350          }
   \   00000032   0xBD13             POP      {R0,R1,R4,PC}    ;; return
    351          /***********************************************************************************
    352          *       Descrição       :       Tela para configuração do uso da fita-led
    353          *                               durante a espera da máquina
    354          *       Parametros      :       nenhum
    355          *       Retorno         :       nenhum
    356          ***********************************************************************************/

   \                                 In section .text, align 2, keep-with-next
    357          void MENUOP_configura_fita_led(void){
   \                     MENUOP_configura_fita_led:
   \   00000000   0xB510             PUSH     {R4,LR}
   \   00000002   0xB082             SUB      SP,SP,#+8
    358            unsigned char idioma = APLICACAO_carrega_idioma();
   \   00000004   0x.... 0x....      BL       APLICACAO_carrega_idioma
   \   00000008   0x0004             MOVS     R4,R0
    359            unsigned char flag;
    360            
    361            PARAMETROS_le(ADR_FLAG_FITA_LED,(void*)&flag);
   \   0000000A   0xA900             ADD      R1,SP,#+0
   \   0000000C   0x2021             MOVS     R0,#+33
   \   0000000E   0x.... 0x....      BL       PARAMETROS_le
    362            
    363            flag = MEF_entry((char*)STRING_mensagem_configura_fita_led[idioma],flag,"ON ","OFF");    
   \   00000012   0x....             ADR.N    R3,??DataTable16  ;; "OFF"
   \   00000014   0x....             ADR.N    R2,??DataTable16_1  ;; "ON "
   \   00000016   0xF89D 0x1000      LDRB     R1,[SP, #+0]
   \   0000001A   0xB2E4             UXTB     R4,R4            ;; ZeroExt  R4,R4,#+24,#+24
   \   0000001C   0x....             LDR.N    R0,??DataTable16_24
   \   0000001E   0xF850 0x0024      LDR      R0,[R0, R4, LSL #+2]
   \   00000022   0x.... 0x....      BL       MEF_entry
   \   00000026   0xF88D 0x0000      STRB     R0,[SP, #+0]
    364            
    365            PARAMETROS_grava(ADR_FLAG_FITA_LED,(void*)&flag);
   \   0000002A   0xA900             ADD      R1,SP,#+0
   \   0000002C   0x2021             MOVS     R0,#+33
   \   0000002E   0x.... 0x....      BL       PARAMETROS_grava
    366          }
   \   00000032   0xBD13             POP      {R0,R1,R4,PC}    ;; return
    367          /***********************************************************************************
    368          *       Descrição       :       Tela para configuração do uso de troco
    369          *                               pela máquina
    370          *       Parametros      :       nenhum
    371          *       Retorno         :       nenhum
    372          ***********************************************************************************/

   \                                 In section .text, align 2, keep-with-next
    373          void MENUOP_configura_troco(void){
   \                     MENUOP_configura_troco:
   \   00000000   0xB510             PUSH     {R4,LR}
   \   00000002   0xB082             SUB      SP,SP,#+8
    374            unsigned char idioma = APLICACAO_carrega_idioma();
   \   00000004   0x.... 0x....      BL       APLICACAO_carrega_idioma
   \   00000008   0x0004             MOVS     R4,R0
    375            unsigned char flag;
    376            
    377            PARAMETROS_le(ADR_FLAG_TROCO,(void*)&flag);
   \   0000000A   0xA900             ADD      R1,SP,#+0
   \   0000000C   0x2022             MOVS     R0,#+34
   \   0000000E   0x.... 0x....      BL       PARAMETROS_le
    378            
    379            flag = MEF_entry((char*)STRING_titulo_configura_troco[idioma],flag,"ON ","OFF");    
   \   00000012   0x....             ADR.N    R3,??DataTable16  ;; "OFF"
   \   00000014   0x....             ADR.N    R2,??DataTable16_1  ;; "ON "
   \   00000016   0xF89D 0x1000      LDRB     R1,[SP, #+0]
   \   0000001A   0xB2E4             UXTB     R4,R4            ;; ZeroExt  R4,R4,#+24,#+24
   \   0000001C   0x....             LDR.N    R0,??DataTable16_25
   \   0000001E   0xF850 0x0024      LDR      R0,[R0, R4, LSL #+2]
   \   00000022   0x.... 0x....      BL       MEF_entry
   \   00000026   0xF88D 0x0000      STRB     R0,[SP, #+0]
    380            
    381            PARAMETROS_grava(ADR_FLAG_TROCO,(void*)&flag);         
   \   0000002A   0xA900             ADD      R1,SP,#+0
   \   0000002C   0x2022             MOVS     R0,#+34
   \   0000002E   0x.... 0x....      BL       PARAMETROS_grava
    382          }
   \   00000032   0xBD13             POP      {R0,R1,R4,PC}    ;; return
    383          /***********************************************************************************
    384          *       Descrição       :       Tela para configurar a comissão do ponto
    385          *       Parametros      :       nenhum
    386          *       Retorno         :       nenhum
    387          ***********************************************************************************/

   \                                 In section .text, align 2, keep-with-next
    388          void MENUOP_configura_comissao(void){
   \                     MENUOP_configura_comissao:
   \   00000000   0xB51F             PUSH     {R0-R4,LR}
    389            unsigned int comissao;
    390            unsigned char idioma;
    391            
    392            PARAMETROS_le(ADR_COMISSAO_PONTO,(void*)&comissao);
   \   00000002   0xA903             ADD      R1,SP,#+12
   \   00000004   0x2025             MOVS     R0,#+37
   \   00000006   0x.... 0x....      BL       PARAMETROS_le
    393            PARAMETROS_le(ADR_FLAG_IDIOMA,(void*)&idioma);
   \   0000000A   0xA902             ADD      R1,SP,#+8
   \   0000000C   0x2000             MOVS     R0,#+0
   \   0000000E   0x.... 0x....      BL       PARAMETROS_le
    394            
    395            if(comissao>100)
   \   00000012   0x9803             LDR      R0,[SP, #+12]
   \   00000014   0x2865             CMP      R0,#+101
   \   00000016   0xD301             BCC.N    ??MENUOP_configura_comissao_0
    396              comissao = 20;
   \   00000018   0x2014             MOVS     R0,#+20
   \   0000001A   0x9003             STR      R0,[SP, #+12]
    397            
    398            comissao = MEI_entry_inc((char*)STRING_titulo_edita_comissao[idioma],
    399                                     "%03d %%",
    400                                      comissao,
    401                                      1,
    402                                      100,
    403                                      1);
   \                     ??MENUOP_configura_comissao_0:
   \   0000001C   0x2001             MOVS     R0,#+1
   \   0000001E   0x9001             STR      R0,[SP, #+4]
   \   00000020   0x2064             MOVS     R0,#+100
   \   00000022   0x9000             STR      R0,[SP, #+0]
   \   00000024   0x2301             MOVS     R3,#+1
   \   00000026   0x9A03             LDR      R2,[SP, #+12]
   \   00000028   0x....             LDR.N    R1,??DataTable16_26
   \   0000002A   0xF89D 0x0008      LDRB     R0,[SP, #+8]
   \   0000002E   0x....             LDR.N    R4,??DataTable16_27
   \   00000030   0xF854 0x0020      LDR      R0,[R4, R0, LSL #+2]
   \   00000034   0x.... 0x....      BL       MEI_entry_inc
   \   00000038   0x9003             STR      R0,[SP, #+12]
    404            
    405            PARAMETROS_grava(ADR_COMISSAO_PONTO,(void*)&comissao);  
   \   0000003A   0xA903             ADD      R1,SP,#+12
   \   0000003C   0x2025             MOVS     R0,#+37
   \   0000003E   0x.... 0x....      BL       PARAMETROS_grava
    406          }
   \   00000042   0xBD1F             POP      {R0-R4,PC}       ;; return
    407          /***********************************************************************************
    408          *       Descrição       :       Tela para configurar a mensagem de cliente
    409          *       Parametros      :       nenhum
    410          *       Retorno         :       nenhum
    411          ***********************************************************************************/

   \                                 In section .text, align 2, keep-with-next
    412          void MENUOP_configura_mensagem_cliente(void){
   \                     MENUOP_configura_mensagem_cliente:
   \   00000000   0xB500             PUSH     {LR}
   \   00000002   0xB085             SUB      SP,SP,#+20
    413            char buffer_mensagem[17];
    414            
    415            PARAMETROS_le(ADR_MENSAGEM_CLIENTE_01,(void*)buffer_mensagem);
   \   00000004   0xA900             ADD      R1,SP,#+0
   \   00000006   0x203C             MOVS     R0,#+60
   \   00000008   0x.... 0x....      BL       PARAMETROS_le
    416            if(MENUOP_edita_mensagem("MSG CLIENTE 01",buffer_mensagem)){
   \   0000000C   0xA900             ADD      R1,SP,#+0
   \   0000000E   0x....             LDR.N    R0,??DataTable16_28
   \   00000010   0x.... 0x....      BL       MENUOP_edita_mensagem
   \   00000014   0x2800             CMP      R0,#+0
   \   00000016   0xD003             BEQ.N    ??MENUOP_configura_mensagem_cliente_0
    417              PARAMETROS_grava(ADR_MENSAGEM_CLIENTE_01,(void*)buffer_mensagem);
   \   00000018   0xA900             ADD      R1,SP,#+0
   \   0000001A   0x203C             MOVS     R0,#+60
   \   0000001C   0x.... 0x....      BL       PARAMETROS_grava
    418            }
    419          }
   \                     ??MENUOP_configura_mensagem_cliente_0:
   \   00000020   0xB005             ADD      SP,SP,#+20
   \   00000022   0xBD00             POP      {PC}             ;; return
    420          /***********************************************************************************
    421          *       Descrição       :       Tela para configurar a mensagem do cliente
    422          *                               de número 02
    423          *       Parametros      :       nenhum
    424          *       Retorno         :       nenhum
    425          ***********************************************************************************/

   \                                 In section .text, align 2, keep-with-next
    426          void MENUOP_configura_mensagem_cliente_02(void){
   \                     MENUOP_configura_mensagem_cliente_02:
   \   00000000   0xB500             PUSH     {LR}
   \   00000002   0xB085             SUB      SP,SP,#+20
    427            char buffer_mensagem[17];
    428            
    429            PARAMETROS_le(ADR_MENSAGEM_CLIENTE_02,(void*)buffer_mensagem);
   \   00000004   0xA900             ADD      R1,SP,#+0
   \   00000006   0x203D             MOVS     R0,#+61
   \   00000008   0x.... 0x....      BL       PARAMETROS_le
    430            if(MENUOP_edita_mensagem("MSG CLIENTE 02",buffer_mensagem)){
   \   0000000C   0xA900             ADD      R1,SP,#+0
   \   0000000E   0x....             LDR.N    R0,??DataTable16_29
   \   00000010   0x.... 0x....      BL       MENUOP_edita_mensagem
   \   00000014   0x2800             CMP      R0,#+0
   \   00000016   0xD003             BEQ.N    ??MENUOP_configura_mensagem_cliente_02_0
    431              PARAMETROS_grava(ADR_MENSAGEM_CLIENTE_02,(void*)buffer_mensagem);
   \   00000018   0xA900             ADD      R1,SP,#+0
   \   0000001A   0x203D             MOVS     R0,#+61
   \   0000001C   0x.... 0x....      BL       PARAMETROS_grava
    432            }
    433          }
   \                     ??MENUOP_configura_mensagem_cliente_02_0:
   \   00000020   0xB005             ADD      SP,SP,#+20
   \   00000022   0xBD00             POP      {PC}             ;; return
    434          /***********************************************************************************
    435          *       Descrição       :       Tela para configurar a mensagem do cliente
    436          *                               de número 03
    437          *       Parametros      :       nenhum
    438          *       Retorno         :       nenhum
    439          ***********************************************************************************/

   \                                 In section .text, align 2, keep-with-next
    440          void MENUOP_configura_mensagem_cliente_03(void){
   \                     MENUOP_configura_mensagem_cliente_03:
   \   00000000   0xB500             PUSH     {LR}
   \   00000002   0xB085             SUB      SP,SP,#+20
    441            char buffer_mensagem[17];
    442            
    443            PARAMETROS_le(ADR_MENSAGEM_CLIENTE_03,(void*)buffer_mensagem);
   \   00000004   0xA900             ADD      R1,SP,#+0
   \   00000006   0x203E             MOVS     R0,#+62
   \   00000008   0x.... 0x....      BL       PARAMETROS_le
    444            if(MENUOP_edita_mensagem("MSG CLIENTE 03",buffer_mensagem)){
   \   0000000C   0xA900             ADD      R1,SP,#+0
   \   0000000E   0x....             LDR.N    R0,??DataTable16_30
   \   00000010   0x.... 0x....      BL       MENUOP_edita_mensagem
   \   00000014   0x2800             CMP      R0,#+0
   \   00000016   0xD003             BEQ.N    ??MENUOP_configura_mensagem_cliente_03_0
    445              PARAMETROS_grava(ADR_MENSAGEM_CLIENTE_03,(void*)buffer_mensagem);
   \   00000018   0xA900             ADD      R1,SP,#+0
   \   0000001A   0x203E             MOVS     R0,#+62
   \   0000001C   0x.... 0x....      BL       PARAMETROS_grava
    446            }
    447          }
   \                     ??MENUOP_configura_mensagem_cliente_03_0:
   \   00000020   0xB005             ADD      SP,SP,#+20
   \   00000022   0xBD00             POP      {PC}             ;; return
    448          /***********************************************************************************
    449          *       Descrição       :       Tela para configurar a mensagem do cliente
    450          *                               de número 04
    451          *       Parametros      :       nenhum
    452          *       Retorno         :       nenhum
    453          ***********************************************************************************/

   \                                 In section .text, align 2, keep-with-next
    454          void MENUOP_configura_mensagem_cliente_04(void){
   \                     MENUOP_configura_mensagem_cliente_04:
   \   00000000   0xB500             PUSH     {LR}
   \   00000002   0xB085             SUB      SP,SP,#+20
    455            char buffer_mensagem[17];
    456            
    457            PARAMETROS_le(ADR_MENSAGEM_CLIENTE_04,(void*)buffer_mensagem);
   \   00000004   0xA900             ADD      R1,SP,#+0
   \   00000006   0x203F             MOVS     R0,#+63
   \   00000008   0x.... 0x....      BL       PARAMETROS_le
    458            if(MENUOP_edita_mensagem("MSG CLIENTE 04",buffer_mensagem)){
   \   0000000C   0xA900             ADD      R1,SP,#+0
   \   0000000E   0x....             LDR.N    R0,??DataTable16_31
   \   00000010   0x.... 0x....      BL       MENUOP_edita_mensagem
   \   00000014   0x2800             CMP      R0,#+0
   \   00000016   0xD003             BEQ.N    ??MENUOP_configura_mensagem_cliente_04_0
    459              PARAMETROS_grava(ADR_MENSAGEM_CLIENTE_04,(void*)buffer_mensagem);
   \   00000018   0xA900             ADD      R1,SP,#+0
   \   0000001A   0x203F             MOVS     R0,#+63
   \   0000001C   0x.... 0x....      BL       PARAMETROS_grava
    460            }   
    461          }
   \                     ??MENUOP_configura_mensagem_cliente_04_0:
   \   00000020   0xB005             ADD      SP,SP,#+20
   \   00000022   0xBD00             POP      {PC}             ;; return
    462          /***********************************************************************************
    463          *       Descrição       :       Tela para editar o flag que liga o 
    464          *                               desumidificador
    465          *       Parametros      :       nenhum
    466          *       Retorno         :       nenhum
    467          ***********************************************************************************/

   \                                 In section .text, align 2, keep-with-next
    468          void MENUOP_configura_flag_desumidificador(void){
   \                     MENUOP_configura_flag_desumidificador:
   \   00000000   0xB510             PUSH     {R4,LR}
   \   00000002   0xB082             SUB      SP,SP,#+8
    469            unsigned char idioma = APLICACAO_carrega_idioma();
   \   00000004   0x.... 0x....      BL       APLICACAO_carrega_idioma
   \   00000008   0x0004             MOVS     R4,R0
    470            unsigned char flag;
    471            
    472            PARAMETROS_le(ADR_FLAG_DESUMIDIFICADOR,(void*)&flag);
   \   0000000A   0xA900             ADD      R1,SP,#+0
   \   0000000C   0x2026             MOVS     R0,#+38
   \   0000000E   0x.... 0x....      BL       PARAMETROS_le
    473            
    474            flag = MEF_entry((char*)STRING_titulo_edita_flag_desumidifcador[idioma],
    475                             flag,
    476                             "ON ","OFF");    
   \   00000012   0x....             ADR.N    R3,??DataTable16  ;; "OFF"
   \   00000014   0x....             ADR.N    R2,??DataTable16_1  ;; "ON "
   \   00000016   0xF89D 0x1000      LDRB     R1,[SP, #+0]
   \   0000001A   0xB2E4             UXTB     R4,R4            ;; ZeroExt  R4,R4,#+24,#+24
   \   0000001C   0x....             LDR.N    R0,??DataTable16_32
   \   0000001E   0xF850 0x0024      LDR      R0,[R0, R4, LSL #+2]
   \   00000022   0x.... 0x....      BL       MEF_entry
   \   00000026   0xF88D 0x0000      STRB     R0,[SP, #+0]
    477            
    478            PARAMETROS_grava(ADR_FLAG_DESUMIDIFICADOR,(void*)&flag);    
   \   0000002A   0xA900             ADD      R1,SP,#+0
   \   0000002C   0x2026             MOVS     R0,#+38
   \   0000002E   0x.... 0x....      BL       PARAMETROS_grava
    479          }
   \   00000032   0xBD13             POP      {R0,R1,R4,PC}    ;; return
    480          /***********************************************************************************
    481          *       Descrição       :       Tela para configuração de uma mensagem no LCD
    482          *       Parametros      :       (char*) título da tela
    483          *                               (char*) mensagem inicial
    484          *       Retorno         :       (unsigned char) maior do que zero se 
    485          *                               a mensagem original sofreu alteração
    486          ***********************************************************************************/

   \                                 In section .text, align 2, keep-with-next
    487          unsigned char MENUOP_edita_mensagem(char *titulo,char* buffer_mensagem){
   \                     MENUOP_edita_mensagem:
   \   00000000   0xE92D 0x43F0      PUSH     {R4-R9,LR}
   \   00000004   0xB085             SUB      SP,SP,#+20
   \   00000006   0x0005             MOVS     R5,R0
   \   00000008   0x000C             MOVS     R4,R1
    488            eTECLA tecla;
    489            char buffer_temp[17]={0};
   \   0000000A   0xA800             ADD      R0,SP,#+0
   \   0000000C   0x2114             MOVS     R1,#+20
   \   0000000E   0x.... 0x....      BL       __aeabi_memclr4
    490            unsigned char toggle=0;
   \   00000012   0x2600             MOVS     R6,#+0
    491            unsigned char tempo=1;
   \   00000014   0x2701             MOVS     R7,#+1
    492            unsigned char indice=0;
   \   00000016   0xF05F 0x0800      MOVS     R8,#+0
    493            unsigned char res=0;
   \   0000001A   0xF05F 0x0900      MOVS     R9,#+0
    494            
    495            buffer_mensagem[16] = 0;
   \   0000001E   0x2000             MOVS     R0,#+0
   \   00000020   0x7420             STRB     R0,[R4, #+16]
    496              
    497            for(unsigned char i=0;i<16;i++)
   \   00000022   0x2000             MOVS     R0,#+0
   \   00000024   0xE008             B.N      ??MENUOP_edita_mensagem_0
    498              if(buffer_mensagem[i]<' ' || buffer_mensagem[i]>'z')
   \                     ??MENUOP_edita_mensagem_1:
   \   00000026   0xB2C0             UXTB     R0,R0            ;; ZeroExt  R0,R0,#+24,#+24
   \   00000028   0x5D01             LDRB     R1,[R0, R4]
   \   0000002A   0x3920             SUBS     R1,R1,#+32
   \   0000002C   0x295B             CMP      R1,#+91
   \   0000002E   0xD302             BCC.N    ??MENUOP_edita_mensagem_2
    499                buffer_mensagem[i] = ' ';
   \   00000030   0xB2C0             UXTB     R0,R0            ;; ZeroExt  R0,R0,#+24,#+24
   \   00000032   0x2120             MOVS     R1,#+32
   \   00000034   0x5501             STRB     R1,[R0, R4]
   \                     ??MENUOP_edita_mensagem_2:
   \   00000036   0x1C40             ADDS     R0,R0,#+1
   \                     ??MENUOP_edita_mensagem_0:
   \   00000038   0xB2C0             UXTB     R0,R0            ;; ZeroExt  R0,R0,#+24,#+24
   \   0000003A   0x2810             CMP      R0,#+16
   \   0000003C   0xDBF3             BLT.N    ??MENUOP_edita_mensagem_1
    500            
    501            STRING_write_to_internal(CLEAR_DISPLAY,titulo,NULL);
   \   0000003E   0x2200             MOVS     R2,#+0
   \   00000040   0x0029             MOVS     R1,R5
   \   00000042   0x2000             MOVS     R0,#+0
   \   00000044   0x.... 0x....      BL       STRING_write_to_internal
   \   00000048   0xE012             B.N      ??MENUOP_edita_mensagem_3
    502            
    503            for(;;){
    504              
    505              tecla = TECLADO_getch();
    506              switch(tecla){
    507                case TECLA_ENTER:
    508                     indice++;
    509                     if(indice>15){             
    510                       return res;
    511                     }
    512                     break;
    513                case TECLA_ESC:           
    514                     return res;
    515                case TECLA_INC:
    516                     res = 1;
    517                     if(buffer_mensagem[indice]>'z')
    518                       buffer_mensagem[indice] = ' ';
    519                     else
    520                       buffer_mensagem[indice]++;
    521                     break;
    522                case TECLA_DEC:
    523                     res = 1;
    524                     if(buffer_mensagem[indice]>' ')
    525                       buffer_mensagem[indice]--;
    526                     else
    527                       buffer_mensagem[indice] = 'z';
    528                     break;
    529              }
    530              
    531              if(!--tempo){
    532                tempo = 5;
    533                toggle ^= 255;
    534              }
    535              
    536              if(toggle)
    537                STRING_write_to_internal(NO_CLEAR,NULL,buffer_mensagem);
    538              else{
    539                memcpy(buffer_temp,buffer_mensagem,16);
   \                     ??MENUOP_edita_mensagem_4:
   \   0000004A   0x2210             MOVS     R2,#+16
   \   0000004C   0x0021             MOVS     R1,R4
   \   0000004E   0xA800             ADD      R0,SP,#+0
   \   00000050   0x.... 0x....      BL       memcpy
    540                buffer_temp[indice] = '_';
   \   00000054   0xFA5F 0xF888      UXTB     R8,R8            ;; ZeroExt  R8,R8,#+24,#+24
   \   00000058   0xA800             ADD      R0,SP,#+0
   \   0000005A   0x215F             MOVS     R1,#+95
   \   0000005C   0xF808 0x1000      STRB     R1,[R8, R0]
    541                STRING_write_to_internal(NO_CLEAR,NULL,buffer_temp);
   \   00000060   0xAA00             ADD      R2,SP,#+0
   \   00000062   0x2100             MOVS     R1,#+0
   \   00000064   0x2001             MOVS     R0,#+1
   \   00000066   0x.... 0x....      BL       STRING_write_to_internal
    542              }
    543              
    544              vTaskDelay(50);
   \                     ??MENUOP_edita_mensagem_5:
   \   0000006A   0x2032             MOVS     R0,#+50
   \   0000006C   0x.... 0x....      BL       vTaskDelay
   \                     ??MENUOP_edita_mensagem_3:
   \   00000070   0x.... 0x....      BL       TECLADO_getch
   \   00000074   0xB2C0             UXTB     R0,R0            ;; ZeroExt  R0,R0,#+24,#+24
   \   00000076   0x2801             CMP      R0,#+1
   \   00000078   0xD012             BEQ.N    ??MENUOP_edita_mensagem_6
   \   0000007A   0xD343             BCC.N    ??MENUOP_edita_mensagem_7
   \   0000007C   0x2803             CMP      R0,#+3
   \   0000007E   0xD02A             BEQ.N    ??MENUOP_edita_mensagem_8
   \   00000080   0xD311             BCC.N    ??MENUOP_edita_mensagem_9
   \   00000082   0x2804             CMP      R0,#+4
   \   00000084   0xD13E             BNE.N    ??MENUOP_edita_mensagem_7
   \                     ??MENUOP_edita_mensagem_10:
   \   00000086   0xF118 0x0801      ADDS     R8,R8,#+1
   \   0000008A   0xFA5F 0xF888      UXTB     R8,R8            ;; ZeroExt  R8,R8,#+24,#+24
   \   0000008E   0xF1B8 0x0F10      CMP      R8,#+16
   \   00000092   0xDB04             BLT.N    ??MENUOP_edita_mensagem_11
   \   00000094   0x4648             MOV      R0,R9
   \   00000096   0xB2C0             UXTB     R0,R0            ;; ZeroExt  R0,R0,#+24,#+24
   \                     ??MENUOP_edita_mensagem_12:
   \   00000098   0xB005             ADD      SP,SP,#+20
   \   0000009A   0xE8BD 0x83F0      POP      {R4-R9,PC}       ;; return
   \                     ??MENUOP_edita_mensagem_11:
   \   0000009E   0xE031             B.N      ??MENUOP_edita_mensagem_7
   \                     ??MENUOP_edita_mensagem_6:
   \   000000A0   0x4648             MOV      R0,R9
   \   000000A2   0xB2C0             UXTB     R0,R0            ;; ZeroExt  R0,R0,#+24,#+24
   \   000000A4   0xE7F8             B.N      ??MENUOP_edita_mensagem_12
   \                     ??MENUOP_edita_mensagem_9:
   \   000000A6   0xF05F 0x0901      MOVS     R9,#+1
   \   000000AA   0xFA5F 0xF888      UXTB     R8,R8            ;; ZeroExt  R8,R8,#+24,#+24
   \   000000AE   0xF818 0x0004      LDRB     R0,[R8, R4]
   \   000000B2   0x287B             CMP      R0,#+123
   \   000000B4   0xDB05             BLT.N    ??MENUOP_edita_mensagem_13
   \   000000B6   0xFA5F 0xF888      UXTB     R8,R8            ;; ZeroExt  R8,R8,#+24,#+24
   \   000000BA   0x2020             MOVS     R0,#+32
   \   000000BC   0xF808 0x0004      STRB     R0,[R8, R4]
   \   000000C0   0xE008             B.N      ??MENUOP_edita_mensagem_14
   \                     ??MENUOP_edita_mensagem_13:
   \   000000C2   0xFA5F 0xF888      UXTB     R8,R8            ;; ZeroExt  R8,R8,#+24,#+24
   \   000000C6   0xF818 0x0004      LDRB     R0,[R8, R4]
   \   000000CA   0x1C40             ADDS     R0,R0,#+1
   \   000000CC   0xFA5F 0xF888      UXTB     R8,R8            ;; ZeroExt  R8,R8,#+24,#+24
   \   000000D0   0xF808 0x0004      STRB     R0,[R8, R4]
   \                     ??MENUOP_edita_mensagem_14:
   \   000000D4   0xE016             B.N      ??MENUOP_edita_mensagem_7
   \                     ??MENUOP_edita_mensagem_8:
   \   000000D6   0xF05F 0x0901      MOVS     R9,#+1
   \   000000DA   0xFA5F 0xF888      UXTB     R8,R8            ;; ZeroExt  R8,R8,#+24,#+24
   \   000000DE   0xF818 0x0004      LDRB     R0,[R8, R4]
   \   000000E2   0x2821             CMP      R0,#+33
   \   000000E4   0xDB09             BLT.N    ??MENUOP_edita_mensagem_15
   \   000000E6   0xFA5F 0xF888      UXTB     R8,R8            ;; ZeroExt  R8,R8,#+24,#+24
   \   000000EA   0xF818 0x0004      LDRB     R0,[R8, R4]
   \   000000EE   0x1E40             SUBS     R0,R0,#+1
   \   000000F0   0xFA5F 0xF888      UXTB     R8,R8            ;; ZeroExt  R8,R8,#+24,#+24
   \   000000F4   0xF808 0x0004      STRB     R0,[R8, R4]
   \   000000F8   0xE004             B.N      ??MENUOP_edita_mensagem_16
   \                     ??MENUOP_edita_mensagem_15:
   \   000000FA   0xFA5F 0xF888      UXTB     R8,R8            ;; ZeroExt  R8,R8,#+24,#+24
   \   000000FE   0x207A             MOVS     R0,#+122
   \   00000100   0xF808 0x0004      STRB     R0,[R8, R4]
   \                     ??MENUOP_edita_mensagem_16:
   \                     ??MENUOP_edita_mensagem_7:
   \   00000104   0x1E7F             SUBS     R7,R7,#+1
   \   00000106   0x0038             MOVS     R0,R7
   \   00000108   0xB2C0             UXTB     R0,R0            ;; ZeroExt  R0,R0,#+24,#+24
   \   0000010A   0x2800             CMP      R0,#+0
   \   0000010C   0xD102             BNE.N    ??MENUOP_edita_mensagem_17
   \   0000010E   0x2705             MOVS     R7,#+5
   \   00000110   0xF096 0x06FF      EORS     R6,R6,#0xFF
   \                     ??MENUOP_edita_mensagem_17:
   \   00000114   0xB2F6             UXTB     R6,R6            ;; ZeroExt  R6,R6,#+24,#+24
   \   00000116   0x2E00             CMP      R6,#+0
   \   00000118   0xD097             BEQ.N    ??MENUOP_edita_mensagem_4
   \   0000011A   0x0022             MOVS     R2,R4
   \   0000011C   0x2100             MOVS     R1,#+0
   \   0000011E   0x2001             MOVS     R0,#+1
   \   00000120   0x.... 0x....      BL       STRING_write_to_internal
   \   00000124   0xE7A1             B.N      ??MENUOP_edita_mensagem_5
    545            }      
    546          }

   \                                 In section .text, align 4, keep-with-next
   \                     ??DataTable16:
   \   00000000   0x4F 0x46          DC8      "OFF"
   \              0x46 0x00    

   \                                 In section .text, align 4, keep-with-next
   \                     ??DataTable16_1:
   \   00000000   0x4F 0x4E          DC8      "ON "
   \              0x20 0x00    

   \                                 In section .text, align 4, keep-with-next
   \                     ??DataTable16_2:
   \   00000000   0x........         DC32     MENUOP_funcs

   \                                 In section .text, align 4, keep-with-next
   \                     ??DataTable16_3:
   \   00000000   0x........         DC32     STRING_menu_configuracao_operacao

   \                                 In section .text, align 4, keep-with-next
   \                     ??DataTable16_4:
   \   00000000   0x........         DC32     STRING_titulo_menu_operacao

   \                                 In section .text, align 4, keep-with-next
   \                     ??DataTable16_5:
   \   00000000   0x00018697         DC32     0x18697

   \                                 In section .text, align 4, keep-with-next
   \                     ??DataTable16_6:
   \   00000000   0x........         DC32     STRING_titulo_ajusta_valor

   \                                 In section .text, align 4, keep-with-next
   \                     ??DataTable16_7:
   \   00000000   0x00018696         DC32     0x18696

   \                                 In section .text, align 4, keep-with-next
   \                     ??DataTable16_8:
   \   00000000   0x........         DC32     STRING_simbolo_moeda

   \                                 In section .text, align 4, keep-with-next
   \                     ??DataTable16_9:
   \   00000000   0x........         DC32     `?<Constant "%s %d,%02d">`

   \                                 In section .text, align 4, keep-with-next
   \                     ??DataTable16_10:
   \   00000000   0x........         DC32     STRING_tabela_cedulas_canais

   \                                 In section .text, align 4, keep-with-next
   \                     ??DataTable16_11:
   \   00000000   0x........         DC32     STRING_titulo_configuracao_notas

   \                                 In section .text, align 4, keep-with-next
   \                     ??DataTable16_12:
   \   00000000   0x........         DC32     `?<Constant "Embalagem">`

   \                                 In section .text, align 4, keep-with-next
   \                     ??DataTable16_13:
   \   00000000   0x........         DC32     `?<Constant "Liberando">`

   \                                 In section .text, align 4, keep-with-next
   \                     ??DataTable16_14:
   \   00000000   0x........         DC32     `?<Constant "T. Motor Emb.">`

   \                                 In section .text, align 4, keep-with-next
   \                     ??DataTable16_15:
   \   00000000   0x........         DC32     `?<Constant "%05d ms">`

   \                                 In section .text, align 4, keep-with-next
   \                     ??DataTable16_16:
   \   00000000   0x........         DC32     `?<Constant "na FLASH">`

   \                                 In section .text, align 4, keep-with-next
   \                     ??DataTable16_17:
   \   00000000   0x........         DC32     `?<Constant "Salvando">`

   \                                 In section .text, align 4, keep-with-next
   \                     ??DataTable16_18:
   \   00000000   0x........         DC32     `?<Constant "%03d">`

   \                                 In section .text, align 4, keep-with-next
   \                     ??DataTable16_19:
   \   00000000   0x........         DC32     STRING_titulo_menu_edita_volume_musica

   \                                 In section .text, align 4, keep-with-next
   \                     ??DataTable16_20:
   \   00000000   0x........         DC32     STRING_titulo_menu_edita_volume_voz

   \                                 In section .text, align 4, keep-with-next
   \                     ??DataTable16_21:
   \   00000000   0x........         DC32     `?<Constant "%02d min">`

   \                                 In section .text, align 4, keep-with-next
   \                     ??DataTable16_22:
   \   00000000   0x........         DC32     STRING_titulo_menu_intervalo_prop

   \                                 In section .text, align 4, keep-with-next
   \                     ??DataTable16_23:
   \   00000000   0x........         DC32     STRING_mensagem_configura_free

   \                                 In section .text, align 4, keep-with-next
   \                     ??DataTable16_24:
   \   00000000   0x........         DC32     STRING_mensagem_configura_fita_led

   \                                 In section .text, align 4, keep-with-next
   \                     ??DataTable16_25:
   \   00000000   0x........         DC32     STRING_titulo_configura_troco

   \                                 In section .text, align 4, keep-with-next
   \                     ??DataTable16_26:
   \   00000000   0x........         DC32     `?<Constant "%03d %%">`

   \                                 In section .text, align 4, keep-with-next
   \                     ??DataTable16_27:
   \   00000000   0x........         DC32     STRING_titulo_edita_comissao

   \                                 In section .text, align 4, keep-with-next
   \                     ??DataTable16_28:
   \   00000000   0x........         DC32     `?<Constant "MSG CLIENTE 01">`

   \                                 In section .text, align 4, keep-with-next
   \                     ??DataTable16_29:
   \   00000000   0x........         DC32     `?<Constant "MSG CLIENTE 02">`

   \                                 In section .text, align 4, keep-with-next
   \                     ??DataTable16_30:
   \   00000000   0x........         DC32     `?<Constant "MSG CLIENTE 03">`

   \                                 In section .text, align 4, keep-with-next
   \                     ??DataTable16_31:
   \   00000000   0x........         DC32     `?<Constant "MSG CLIENTE 04">`

   \                                 In section .text, align 4, keep-with-next
   \                     ??DataTable16_32:
   \   00000000   0x........         DC32     STRING_titulo_edita_flag_desumidifcador

   \                                 In section .rodata, align 4
   \                     `?<Constant "%s %d,%02d">`:
   \   00000000   0x25 0x73          DC8 "%s %d,%02d"
   \              0x20 0x25    
   \              0x64 0x2C    
   \              0x25 0x30    
   \              0x32 0x64    
   \              0x00         
   \   0000000B   0x00               DC8 0

   \                                 In section .rodata, align 4
   \   00000000   0x00 0x00          DC8 0, 0, 0, 0, 0, 0, 0, 0
   \              0x00 0x00    
   \              0x00 0x00    
   \              0x00 0x00    

   \                                 In section .rodata, align 4
   \                     `?<Constant "Liberando">`:
   \   00000000   0x4C 0x69          DC8 "Liberando"
   \              0x62 0x65    
   \              0x72 0x61    
   \              0x6E 0x64    
   \              0x6F 0x00    
   \   0000000A   0x00 0x00          DC8 0, 0

   \                                 In section .rodata, align 4
   \                     `?<Constant "Embalagem">`:
   \   00000000   0x45 0x6D          DC8 "Embalagem"
   \              0x62 0x61    
   \              0x6C 0x61    
   \              0x67 0x65    
   \              0x6D 0x00    
   \   0000000A   0x00 0x00          DC8 0, 0

   \                                 In section .rodata, align 4
   \                     `?<Constant "T. Motor Emb.">`:
   \   00000000   0x54 0x2E          DC8 "T. Motor Emb."
   \              0x20 0x4D    
   \              0x6F 0x74    
   \              0x6F 0x72    
   \              0x20 0x45    
   \              0x6D 0x62    
   \              0x2E 0x00    
   \   0000000E   0x00 0x00          DC8 0, 0

   \                                 In section .rodata, align 4
   \                     `?<Constant "Salvando">`:
   \   00000000   0x53 0x61          DC8 "Salvando"
   \              0x6C 0x76    
   \              0x61 0x6E    
   \              0x64 0x6F    
   \              0x00         
   \   00000009   0x00 0x00          DC8 0, 0, 0
   \              0x00         

   \                                 In section .rodata, align 4
   \                     `?<Constant "na FLASH">`:
   \   00000000   0x6E 0x61          DC8 "na FLASH"
   \              0x20 0x46    
   \              0x4C 0x41    
   \              0x53 0x48    
   \              0x00         
   \   00000009   0x00 0x00          DC8 0, 0, 0
   \              0x00         

   \                                 In section .rodata, align 4
   \                     `?<Constant "%05d ms">`:
   \   00000000   0x25 0x30          DC8 "%05d ms"
   \              0x35 0x64    
   \              0x20 0x6D    
   \              0x73 0x00    

   \                                 In section .rodata, align 4
   \                     `?<Constant "%03d">`:
   \   00000000   0x25 0x30          DC8 "%03d"
   \              0x33 0x64    
   \              0x00         
   \   00000005   0x00 0x00          DC8 0, 0, 0
   \              0x00         

   \                                 In section .rodata, align 4
   \                     `?<Constant "%02d min">`:
   \   00000000   0x25 0x30          DC8 "%02d min"
   \              0x32 0x64    
   \              0x20 0x6D    
   \              0x69 0x6E    
   \              0x00         
   \   00000009   0x00 0x00          DC8 0, 0, 0
   \              0x00         

   \                                 In section .rodata, align 4
   \   00000000   0x4F 0x4E          DC8 "ON "
   \              0x20 0x00    

   \                                 In section .rodata, align 4
   \   00000000   0x4F 0x46          DC8 "OFF"
   \              0x46 0x00    

   \                                 In section .rodata, align 4
   \                     `?<Constant "%03d %%">`:
   \   00000000   0x25 0x30          DC8 "%03d %%"
   \              0x33 0x64    
   \              0x20 0x25    
   \              0x25 0x00    

   \                                 In section .rodata, align 4
   \                     `?<Constant "MSG CLIENTE 01">`:
   \   00000000   0x4D 0x53          DC8 "MSG CLIENTE 01"
   \              0x47 0x20    
   \              0x43 0x4C    
   \              0x49 0x45    
   \              0x4E 0x54    
   \              0x45 0x20    
   \              0x30 0x31    
   \              0x00         
   \   0000000F   0x00               DC8 0

   \                                 In section .rodata, align 4
   \                     `?<Constant "MSG CLIENTE 02">`:
   \   00000000   0x4D 0x53          DC8 "MSG CLIENTE 02"
   \              0x47 0x20    
   \              0x43 0x4C    
   \              0x49 0x45    
   \              0x4E 0x54    
   \              0x45 0x20    
   \              0x30 0x32    
   \              0x00         
   \   0000000F   0x00               DC8 0

   \                                 In section .rodata, align 4
   \                     `?<Constant "MSG CLIENTE 03">`:
   \   00000000   0x4D 0x53          DC8 "MSG CLIENTE 03"
   \              0x47 0x20    
   \              0x43 0x4C    
   \              0x49 0x45    
   \              0x4E 0x54    
   \              0x45 0x20    
   \              0x30 0x33    
   \              0x00         
   \   0000000F   0x00               DC8 0

   \                                 In section .rodata, align 4
   \                     `?<Constant "MSG CLIENTE 04">`:
   \   00000000   0x4D 0x53          DC8 "MSG CLIENTE 04"
   \              0x47 0x20    
   \              0x43 0x4C    
   \              0x49 0x45    
   \              0x4E 0x54    
   \              0x45 0x20    
   \              0x30 0x34    
   \              0x00         
   \   0000000F   0x00               DC8 0

   \                                 In section .rodata, align 4
   \   00000000   0x00 0x00          DC8 0, 0, 0, 0, 0, 0, 0, 0, 0, 0, 0, 0, 0, 0, 0, 0, 0, 0, 0, 0
   \              0x00 0x00    
   \              0x00 0x00    
   \              0x00 0x00    
   \              0x00 0x00    
   \              0x00 0x00    
   \              0x00 0x00    
   \              0x00 0x00    
   \              0x00 0x00    
   \              0x00 0x00    
    547          /***********************************************************************************
    548          *       Fim do arquivo
    549          ***********************************************************************************/

   Maximum stack usage in bytes:

   .cstack Function
   ------- --------
      24   MENUOP_configura_comissao
        24   -> MEI_entry_inc
        24   -> PARAMETROS_grava
        24   -> PARAMETROS_le
      16   MENUOP_configura_fita_led
        16   -> APLICACAO_carrega_idioma
        16   -> MEF_entry
        16   -> PARAMETROS_grava
        16   -> PARAMETROS_le
      16   MENUOP_configura_flag_desumidificador
        16   -> APLICACAO_carrega_idioma
        16   -> MEF_entry
        16   -> PARAMETROS_grava
        16   -> PARAMETROS_le
      24   MENUOP_configura_intervalo_propaganda
        24   -> MEI_entry_inc
        24   -> PARAMETROS_grava
        24   -> PARAMETROS_le
      24   MENUOP_configura_mensagem_cliente
        24   -> MENUOP_edita_mensagem
        24   -> PARAMETROS_grava
        24   -> PARAMETROS_le
      24   MENUOP_configura_mensagem_cliente_02
        24   -> MENUOP_edita_mensagem
        24   -> PARAMETROS_grava
        24   -> PARAMETROS_le
      24   MENUOP_configura_mensagem_cliente_03
        24   -> MENUOP_edita_mensagem
        24   -> PARAMETROS_grava
        24   -> PARAMETROS_le
      24   MENUOP_configura_mensagem_cliente_04
        24   -> MENUOP_edita_mensagem
        24   -> PARAMETROS_grava
        24   -> PARAMETROS_le
      16   MENUOP_configura_modo_free
        16   -> APLICACAO_carrega_idioma
        16   -> MEF_entry
        16   -> PARAMETROS_grava
        16   -> PARAMETROS_le
      24   MENUOP_configura_notas
        24   -> APLICACAO_carrega_idioma
        24   -> MEL_entry
        24   -> PARAMETROS_grava
        24   -> PARAMETROS_le
      32   MENUOP_configura_tempo_embalagem
        32   -> MENUOP_testa_liberacao_embalagem
        32   -> PARAMETROS_grava
        32   -> PARAMETROS_le
        32   -> STRING_write_to_internal
        32   -> TECLADO_getch
        32   -> sprintf
        32   -> vTaskDelay
      16   MENUOP_configura_troco
        16   -> APLICACAO_carrega_idioma
        16   -> MEF_entry
        16   -> PARAMETROS_grava
        16   -> PARAMETROS_le
      48   MENUOP_configura_valor
        48   -> APLICACAO_carrega_idioma
        48   -> FTP_novo_preco
        48   -> PARAMETROS_grava
        48   -> PARAMETROS_le
        48   -> STRING_write_to_internal
        48   -> TECLADO_getContadorInatividade
        48   -> TECLADO_getch
        48   -> sprintf
        48   -> strlen
      24   MENUOP_configura_volume_locucoes
        24   -> MEI_entry_inc
        24   -> PARAMETROS_grava
        24   -> PARAMETROS_le
      24   MENUOP_configura_volume_musica
        24   -> MEI_entry_inc
        24   -> PARAMETROS_grava
        24   -> PARAMETROS_le
      48   MENUOP_edita_mensagem
        48   -> STRING_write_to_internal
        48   -> TECLADO_getch
        48   -> __aeabi_memclr4
        48   -> memcpy
        48   -> vTaskDelay
       8   MENUOP_entry
         8   -> APLICACAO_carrega_idioma
         8   -> MENUROLAGEM_show
       8   MENUOP_testa_liberacao_embalagem
         8   -> EMBALAGEM_libera_pacote
         8   -> STRING_write_to_internal
       8   memcpy
         8   -> __aeabi_memcpy


   Section sizes:

   Bytes  Function/Label
   -----  --------------
      12  ?<Constant "%02d min">
       8  ?<Constant "%03d %%">
       8  ?<Constant "%03d">
       8  ?<Constant "%05d ms">
      12  ?<Constant "%s %d,%02d">
      12  ?<Constant "Embalagem">
      12  ?<Constant "Liberando">
      16  ?<Constant "MSG CLIENTE 01">
      16  ?<Constant "MSG CLIENTE 02">
      16  ?<Constant "MSG CLIENTE 03">
      16  ?<Constant "MSG CLIENTE 04">
       4  ?<Constant "OFF">
       4  ?<Constant "ON ">
      12  ?<Constant "Salvando">
      16  ?<Constant "T. Motor Emb.">
      12  ?<Constant "na FLASH">
       8  ?<Constant {0}>
      20  ?<Constant {0}>_1
       4  ??DataTable16
       4  ??DataTable16_1
       4  ??DataTable16_10
       4  ??DataTable16_11
       4  ??DataTable16_12
       4  ??DataTable16_13
       4  ??DataTable16_14
       4  ??DataTable16_15
       4  ??DataTable16_16
       4  ??DataTable16_17
       4  ??DataTable16_18
       4  ??DataTable16_19
       4  ??DataTable16_2
       4  ??DataTable16_20
       4  ??DataTable16_21
       4  ??DataTable16_22
       4  ??DataTable16_23
       4  ??DataTable16_24
       4  ??DataTable16_25
       4  ??DataTable16_26
       4  ??DataTable16_27
       4  ??DataTable16_28
       4  ??DataTable16_29
       4  ??DataTable16_3
       4  ??DataTable16_30
       4  ??DataTable16_31
       4  ??DataTable16_32
       4  ??DataTable16_4
       4  ??DataTable16_5
       4  ??DataTable16_6
       4  ??DataTable16_7
       4  ??DataTable16_8
       4  ??DataTable16_9
      68  MENUOP_configura_comissao
      52  MENUOP_configura_fita_led
      52  MENUOP_configura_flag_desumidificador
      68  MENUOP_configura_intervalo_propaganda
      36  MENUOP_configura_mensagem_cliente
      36  MENUOP_configura_mensagem_cliente_02
      36  MENUOP_configura_mensagem_cliente_03
      36  MENUOP_configura_mensagem_cliente_04
      52  MENUOP_configura_modo_free
     142  MENUOP_configura_notas
     162  MENUOP_configura_tempo_embalagem
      52  MENUOP_configura_troco
     240  MENUOP_configura_valor
      68  MENUOP_configura_volume_locucoes
      68  MENUOP_configura_volume_musica
     294  MENUOP_edita_mensagem
      40  MENUOP_entry
      64  MENUOP_funcs
      22  MENUOP_testa_liberacao_embalagem
      14  memcpy

 
    64 bytes in section .data
   212 bytes in section .rodata
 1 670 bytes in section .text
 
 1 656 bytes of CODE  memory (+ 14 bytes shared)
   212 bytes of CONST memory
    64 bytes of DATA  memory

Errors: none
Warnings: none
