###############################################################################
#                                                                             #
# IAR ANSI C/C++ Compiler V6.50.3.4676/W32 for ARM      17/Jul/2017  16:19:21 #
# Copyright 1999-2013 IAR Systems AB.                                         #
#                                                                             #
#    Cpu mode     =  thumb                                                    #
#    Endian       =  little                                                   #
#    Source file  =  C:\Users\Marcos\Dropbox\Reps\Dextro\IBA\Hardware\MaisPip #
#                    ocaG2\SOFTWARE\Aplicacao\menu_faturamento.c              #
#    Command line =  C:\Users\Marcos\Dropbox\Reps\Dextro\IBA\Hardware\MaisPip #
#                    ocaG2\SOFTWARE\Aplicacao\menu_faturamento.c -lC          #
#                    C:\Users\Marcos\Dropbox\Reps\Dextro\IBA\Hardware\MaisPip #
#                    ocaG2\SOFTWARE\Debug\List\ -lA                           #
#                    C:\Users\Marcos\Dropbox\Reps\Dextro\IBA\Hardware\MaisPip #
#                    ocaG2\SOFTWARE\Debug\List\ -o                            #
#                    C:\Users\Marcos\Dropbox\Reps\Dextro\IBA\Hardware\MaisPip #
#                    ocaG2\SOFTWARE\Debug\Obj\ --no_cse --no_unroll           #
#                    --no_inline --no_code_motion --no_tbaa --no_clustering   #
#                    --no_scheduling --debug --endian=little --cpu=Cortex-M3  #
#                    -e --fpu=None --dlib_config "C:\Program Files (x86)\IAR  #
#                    Systems\Embedded Workbench 6.5\arm\INC\c\DLib_Config_Nor #
#                    mal.h" -Ol                                               #
#    List file    =  C:\Users\Marcos\Dropbox\Reps\Dextro\IBA\Hardware\MaisPip #
#                    ocaG2\SOFTWARE\Debug\List\menu_faturamento.lst           #
#    Object file  =  C:\Users\Marcos\Dropbox\Reps\Dextro\IBA\Hardware\MaisPip #
#                    ocaG2\SOFTWARE\Debug\Obj\menu_faturamento.o              #
#                                                                             #
#                                                                             #
###############################################################################

C:\Users\Marcos\Dropbox\Reps\Dextro\IBA\Hardware\MaisPipocaG2\SOFTWARE\Aplicacao\menu_faturamento.c
      1          /*__________________________________________________________________________________
      2          |	Quark Tecnologia Eletrônica Embarcada
      3          |       
      4          |       Itapema - SC
      5          |       www.quarktee.com.br
      6          | __________________________________________________________________________________
      7          |
      8          |       This source code was developed by Quark  and cannot be copied, in part 
      9          |       or in whole, or used, except when legally licensed by Quark 
     10          |       or its distributors.
     11          |
     12          |       Este código é propriedade da Quark  e não pode ser copiado, em parte 
     13          |       ou em todo, ou utilizado, exceto quando for legalmente licenciado pela 
     14          |       Quark  ou por um de seus distribuidores.
     15          | __________________________________________________________________________________
     16          |
     17          |       Arquivo            :  menu_faturamento.c
     18          | 
     19          |       Autor              :  Marcos Aquino
     20          |       Data criação       :  06/03/2017
     21          |
     22          |       Revisões           :  001
     23          |
     24          |
     25          | __________________________________________________________________________________
     26          */
     27          
     28          /***********************************************************************************
     29          *       Includes
     30          ***********************************************************************************/
     31          #include <stdio.h>
     32          #include <stdlib.h>
     33          #include <string.h>
     34          #include "..\includes.h"
     35          #include "menu_faturamento.h"
     36          #include "menu_rolagem.h"
     37          
     38          /***********************************************************************************
     39          *       Definições
     40          ***********************************************************************************/
     41          
     42          
     43          /***********************************************************************************
     44          *       Variaveis locais
     45          ***********************************************************************************/
     46          
     47          
     48          /***********************************************************************************
     49          *       Funções locais
     50          ***********************************************************************************/
     51          void MENUFAT_exibe_info_int(unsigned int parcial,unsigned int total);
     52          void MENUFAT_exibe_contagem(void);
     53          void MENUFAT_exibe_arrecadacao_moeda(void);
     54          void MENUFAT_exibe_arrecadacao_cartao(void);
     55          void MENUFAT_reinicia_totalizadores(void);
     56          void MENUFAT_reinicia_parcial(void);
     57          
     58          /***********************************************************************************
     59          *       Tabela de funções
     60          ***********************************************************************************/

   \                                 In section .rodata, align 4
     61          void(*const MFAT_entry[])(void)={
   \                     MFAT_entry:
   \   00000000   0x........         DC32 MENUFAT_exibe_contagem, MENUFAT_exibe_arrecadacao_moeda
   \              0x........   
   \   00000008   0x........         DC32 MENUFAT_exibe_arrecadacao_cartao, MENUFAT_reinicia_parcial
   \              0x........   
   \   00000010   0x........         DC32 MENUFAT_reinicia_totalizadores, 0H
   \              0x00000000   
     62            MENUFAT_exibe_contagem,
     63            MENUFAT_exibe_arrecadacao_moeda,
     64            MENUFAT_exibe_arrecadacao_cartao,
     65            MENUFAT_reinicia_parcial,
     66            MENUFAT_reinicia_totalizadores,
     67            NULL  
     68          };
     69          
     70          /***********************************************************************************
     71          *       Tabela de funções
     72          ***********************************************************************************/
     73          
     74          
     75          /***********************************************************************************
     76          *       Implementação das funções
     77          ***********************************************************************************/
     78          
     79          /***********************************************************************************
     80          *       Descrição       :       Ponto de entrada do menu faturament
     81          *       Parametros      :       nenhum
     82          *       Retorno         :       nenhum
     83          ***********************************************************************************/

   \                                 In section .text, align 2, keep-with-next
     84          void MENUFAT_entry(void){
   \                     MENUFAT_entry:
   \   00000000   0xB510             PUSH     {R4,LR}
     85            unsigned char idioma = APLICACAO_carrega_idioma();
   \   00000002   0x.... 0x....      BL       APLICACAO_carrega_idioma
     86            
     87            MENUROLAGEM_show((char*)STRING_titulo_menu_faturamento[idioma],
     88                             (char**)STRING_opcoes_menu_faturamento[idioma],
     89                             QTD_OPCOES_FATURAMENTO,
     90                             (void(**)(void))MFAT_entry);    
   \   00000006   0x....             LDR.N    R3,??DataTable3
   \   00000008   0x2206             MOVS     R2,#+6
   \   0000000A   0xB2C0             UXTB     R0,R0            ;; ZeroExt  R0,R0,#+24,#+24
   \   0000000C   0x2118             MOVS     R1,#+24
   \   0000000E   0x....             LDR.N    R4,??DataTable3_1
   \   00000010   0xFB01 0x4100      MLA      R1,R1,R0,R4
   \   00000014   0xB2C0             UXTB     R0,R0            ;; ZeroExt  R0,R0,#+24,#+24
   \   00000016   0x....             LDR.N    R4,??DataTable3_2
   \   00000018   0xF854 0x0020      LDR      R0,[R4, R0, LSL #+2]
   \   0000001C   0x.... 0x....      BL       MENUROLAGEM_show
     91          }
   \   00000020   0xBD10             POP      {R4,PC}          ;; return
     92          /***********************************************************************************
     93          *       Descrição       :       Uma contagem de uma variavel de 32 bits
     94          *                               na tela junto com um título
     95          *       Parametros      :       (unsigned int) valor
     96          *                               (char*) titulo
     97          *       Retorno         :       nenhum
     98          ***********************************************************************************/

   \                                 In section .text, align 2, keep-with-next
     99          void MENUFAT_exibe_info_int(unsigned int parcial,unsigned int total){
   \                     MENUFAT_exibe_info_int:
   \   00000000   0xB510             PUSH     {R4,LR}
   \   00000002   0xB086             SUB      SP,SP,#+24
   \   00000004   0x000C             MOVS     R4,R1
    100            eTECLA tecla;
    101            char buffer_linha[17];
    102            
    103            sprintf(buffer_linha,"P:%d,%d",parcial/100,parcial%100);
   \   00000006   0x2164             MOVS     R1,#+100
   \   00000008   0xFBB0 0xF2F1      UDIV     R2,R0,R1
   \   0000000C   0xFB01 0x0312      MLS      R3,R1,R2,R0
   \   00000010   0x2164             MOVS     R1,#+100
   \   00000012   0xFBB0 0xF2F1      UDIV     R2,R0,R1
   \   00000016   0x....             LDR.N    R1,??DataTable3_3
   \   00000018   0xA800             ADD      R0,SP,#+0
   \   0000001A   0x.... 0x....      BL       sprintf
    104            STRING_write_to_internal(CLEAR_DISPLAY,buffer_linha,buffer_linha);
   \   0000001E   0xAA00             ADD      R2,SP,#+0
   \   00000020   0xA900             ADD      R1,SP,#+0
   \   00000022   0x2000             MOVS     R0,#+0
   \   00000024   0x.... 0x....      BL       STRING_write_to_internal
    105            
    106            sprintf(buffer_linha,"T:%d,%d",total/100,total%100);
   \   00000028   0x2064             MOVS     R0,#+100
   \   0000002A   0xFBB4 0xF1F0      UDIV     R1,R4,R0
   \   0000002E   0xFB00 0x4311      MLS      R3,R0,R1,R4
   \   00000032   0x2064             MOVS     R0,#+100
   \   00000034   0xFBB4 0xF2F0      UDIV     R2,R4,R0
   \   00000038   0x....             LDR.N    R1,??DataTable3_4
   \   0000003A   0xA800             ADD      R0,SP,#+0
   \   0000003C   0x.... 0x....      BL       sprintf
    107            STRING_write_to_internal(NO_CLEAR,NULL,buffer_linha);  
   \   00000040   0xAA00             ADD      R2,SP,#+0
   \   00000042   0x2100             MOVS     R1,#+0
   \   00000044   0x2001             MOVS     R0,#+1
   \   00000046   0x.... 0x....      BL       STRING_write_to_internal
   \   0000004A   0xE7FF             B.N      ??MENUFAT_exibe_info_int_0
    108            
    109            for(;TECLADO_getContadorInatividade();){
    110             
    111              tecla = TECLADO_getch();
    112              switch(tecla){
    113                case TECLA_ENTER:
    114                     break;
   \                     ??MENUFAT_exibe_info_int_1:
   \                     ??MENUFAT_exibe_info_int_0:
   \   0000004C   0x.... 0x....      BL       TECLADO_getContadorInatividade
   \   00000050   0x2800             CMP      R0,#+0
   \   00000052   0xD00B             BEQ.N    ??MENUFAT_exibe_info_int_2
   \   00000054   0x.... 0x....      BL       TECLADO_getch
   \   00000058   0xB2C0             UXTB     R0,R0            ;; ZeroExt  R0,R0,#+24,#+24
   \   0000005A   0x2801             CMP      R0,#+1
   \   0000005C   0xD004             BEQ.N    ??MENUFAT_exibe_info_int_3
   \   0000005E   0x2802             CMP      R0,#+2
   \   00000060   0xD003             BEQ.N    ??MENUFAT_exibe_info_int_4
   \   00000062   0x2804             CMP      R0,#+4
   \   00000064   0xD0F2             BEQ.N    ??MENUFAT_exibe_info_int_1
   \   00000066   0xE7F1             B.N      ??MENUFAT_exibe_info_int_0
    115                case TECLA_ESC:
    116                     return;
   \                     ??MENUFAT_exibe_info_int_3:
   \   00000068   0xE000             B.N      ??MENUFAT_exibe_info_int_5
    117                case TECLA_INC:
    118                     break;
   \                     ??MENUFAT_exibe_info_int_4:
   \   0000006A   0xE7EF             B.N      ??MENUFAT_exibe_info_int_0
    119              }    
    120            }    
    121          }
   \                     ??MENUFAT_exibe_info_int_2:
   \                     ??MENUFAT_exibe_info_int_5:
   \   0000006C   0xB006             ADD      SP,SP,#+24
   \   0000006E   0xBD10             POP      {R4,PC}          ;; return
    122          /***********************************************************************************
    123          *       Descrição       :       Exibe o faturamento parcial
    124          *       Parametros      :       nenhum
    125          *       Retorno         :       nenhum
    126          ***********************************************************************************/

   \                                 In section .text, align 2, keep-with-next
    127          void MENUFAT_exibe_contagem(void){
   \                     MENUFAT_exibe_contagem:
   \   00000000   0xB500             PUSH     {LR}
   \   00000002   0xB083             SUB      SP,SP,#+12
    128            unsigned int parcial;
    129            unsigned int total;
    130          
    131            PARAMETROS_le(ADR_CONTAGEM_UNIDADES_PARCIAL,(void*)&parcial);
   \   00000004   0xA901             ADD      R1,SP,#+4
   \   00000006   0x200A             MOVS     R0,#+10
   \   00000008   0x.... 0x....      BL       PARAMETROS_le
    132            PARAMETROS_le(ADR_CONTAGEM_UNIDADES_TOTAL,(void*)&total);  
   \   0000000C   0xA900             ADD      R1,SP,#+0
   \   0000000E   0x200B             MOVS     R0,#+11
   \   00000010   0x.... 0x....      BL       PARAMETROS_le
    133            
    134            MENUFAT_exibe_info_int(parcial*100,total*100);
   \   00000014   0x9800             LDR      R0,[SP, #+0]
   \   00000016   0x2164             MOVS     R1,#+100
   \   00000018   0xFB01 0xF100      MUL      R1,R1,R0
   \   0000001C   0x9801             LDR      R0,[SP, #+4]
   \   0000001E   0x2264             MOVS     R2,#+100
   \   00000020   0x4350             MULS     R0,R2,R0
   \   00000022   0x.... 0x....      BL       MENUFAT_exibe_info_int
    135          }
   \   00000026   0xBD07             POP      {R0-R2,PC}       ;; return
    136          /***********************************************************************************
    137          *       Descrição       :       Exibe a arrecadação em moeda
    138          *       Parametros      :       nenhum
    139          *       Retorno         :       nenhum
    140          ***********************************************************************************/

   \                                 In section .text, align 2, keep-with-next
    141          void MENUFAT_exibe_arrecadacao_moeda(void){
   \                     MENUFAT_exibe_arrecadacao_moeda:
   \   00000000   0xB500             PUSH     {LR}
   \   00000002   0xB083             SUB      SP,SP,#+12
    142            unsigned int parcial;
    143            unsigned int total;
    144          
    145            PARAMETROS_le(ADR_MOEDA_PARCIAL,(void*)&parcial);
   \   00000004   0xA901             ADD      R1,SP,#+4
   \   00000006   0x200C             MOVS     R0,#+12
   \   00000008   0x.... 0x....      BL       PARAMETROS_le
    146            PARAMETROS_le(ADR_MOEDA_TOTAL,(void*)&total);  
   \   0000000C   0xA900             ADD      R1,SP,#+0
   \   0000000E   0x200D             MOVS     R0,#+13
   \   00000010   0x.... 0x....      BL       PARAMETROS_le
    147            
    148            MENUFAT_exibe_info_int(parcial,total);
   \   00000014   0x9900             LDR      R1,[SP, #+0]
   \   00000016   0x9801             LDR      R0,[SP, #+4]
   \   00000018   0x.... 0x....      BL       MENUFAT_exibe_info_int
    149          }
   \   0000001C   0xBD07             POP      {R0-R2,PC}       ;; return
    150          /***********************************************************************************
    151          *       Descrição       :       Exibe a arrecadação do cartão
    152          *       Parametros      :       nenhum
    153          *       Retorno         :       nenhum
    154          ***********************************************************************************/

   \                                 In section .text, align 2, keep-with-next
    155          void MENUFAT_exibe_arrecadacao_cartao(void){
   \                     MENUFAT_exibe_arrecadacao_cartao:
   \   00000000   0xB500             PUSH     {LR}
   \   00000002   0xB083             SUB      SP,SP,#+12
    156            unsigned int parcial;
    157            unsigned int total;
    158          
    159            PARAMETROS_le(ADR_CARTAO_PARCIAL,(void*)&parcial);
   \   00000004   0xA901             ADD      R1,SP,#+4
   \   00000006   0x200E             MOVS     R0,#+14
   \   00000008   0x.... 0x....      BL       PARAMETROS_le
    160            PARAMETROS_le(ADR_CARTAO_TOTAL,(void*)&total);  
   \   0000000C   0xA900             ADD      R1,SP,#+0
   \   0000000E   0x200F             MOVS     R0,#+15
   \   00000010   0x.... 0x....      BL       PARAMETROS_le
    161            
    162            MENUFAT_exibe_info_int(parcial,total);
   \   00000014   0x9900             LDR      R1,[SP, #+0]
   \   00000016   0x9801             LDR      R0,[SP, #+4]
   \   00000018   0x.... 0x....      BL       MENUFAT_exibe_info_int
    163          }
   \   0000001C   0xBD07             POP      {R0-R2,PC}       ;; return
    164          /***********************************************************************************
    165          *       Descrição       :       Menu para realizar o reset total dos
    166          *                               totalizadores do sistema
    167          *       Parametros      :       nenhum
    168          *       Retorno         :       nenhum
    169          ***********************************************************************************/

   \                                 In section .text, align 2, keep-with-next
    170          void MENUFAT_reinicia_totalizadores(void){
   \                     MENUFAT_reinicia_totalizadores:
   \   00000000   0xB580             PUSH     {R7,LR}
    171            unsigned int senha_root;
    172          
    173            PARAMETROS_le(ADR_SENHA_ADMIN,(void*)&senha_root);
   \   00000002   0xA900             ADD      R1,SP,#+0
   \   00000004   0x2023             MOVS     R0,#+35
   \   00000006   0x.... 0x....      BL       PARAMETROS_le
    174            
    175            if(TELASENHA_telaSenha(senha_root)){
   \   0000000A   0x9800             LDR      R0,[SP, #+0]
   \   0000000C   0xB280             UXTH     R0,R0            ;; ZeroExt  R0,R0,#+16,#+16
   \   0000000E   0x.... 0x....      BL       TELASENHA_telaSenha
   \   00000012   0x2800             CMP      R0,#+0
   \   00000014   0xD011             BEQ.N    ??MENUFAT_reinicia_totalizadores_0
    176              STRING_write_to_internal(CLEAR_DISPLAY,"APAGANDO","PARCIAL");    
   \   00000016   0x....             LDR.N    R2,??DataTable3_5
   \   00000018   0x....             LDR.N    R1,??DataTable3_6
   \   0000001A   0x2000             MOVS     R0,#+0
   \   0000001C   0x.... 0x....      BL       STRING_write_to_internal
    177              FATURAMENTO_set_contagem_parcial(0);
   \   00000020   0x2000             MOVS     R0,#+0
   \   00000022   0x.... 0x....      BL       FATURAMENTO_set_contagem_parcial
    178              FATURAMENTO_set_arrecadacao_parcial(0);
   \   00000026   0x2000             MOVS     R0,#+0
   \   00000028   0x.... 0x....      BL       FATURAMENTO_set_arrecadacao_parcial
    179              FATURAMENTO_set_contagem_cartao_parcial(0);
   \   0000002C   0x2000             MOVS     R0,#+0
   \   0000002E   0x.... 0x....      BL       FATURAMENTO_set_contagem_cartao_parcial
    180              FATURAMENTO_set_arrecadacao_cartao_parcial(0);
   \   00000032   0x2000             MOVS     R0,#+0
   \   00000034   0x.... 0x....      BL       FATURAMENTO_set_arrecadacao_cartao_parcial
   \   00000038   0xE004             B.N      ??MENUFAT_reinicia_totalizadores_1
    181            }else
    182              STRING_write_to_internal(CLEAR_DISPLAY,"SENHA","INCORRETA");
   \                     ??MENUFAT_reinicia_totalizadores_0:
   \   0000003A   0x....             LDR.N    R2,??DataTable3_7
   \   0000003C   0x....             LDR.N    R1,??DataTable3_8
   \   0000003E   0x2000             MOVS     R0,#+0
   \   00000040   0x.... 0x....      BL       STRING_write_to_internal
    183            
    184            vTaskDelay(3000);
   \                     ??MENUFAT_reinicia_totalizadores_1:
   \   00000044   0xF640 0x30B8      MOVW     R0,#+3000
   \   00000048   0x.... 0x....      BL       vTaskDelay
    185          }
   \   0000004C   0xBD01             POP      {R0,PC}          ;; return
    186          /***********************************************************************************
    187          *       Descrição       :       Aoaga a contagem parcial
    188          *       Parametros      :       nenhum
    189          *       Retorno         :       nenhum
    190          ***********************************************************************************/

   \                                 In section .text, align 2, keep-with-next
    191          void MENUFAT_reinicia_parcial(void){
   \                     MENUFAT_reinicia_parcial:
   \   00000000   0xB510             PUSH     {R4,LR}
    192            eTECLA tecla;
    193            unsigned char loop=1;
   \   00000002   0x2401             MOVS     R4,#+1
    194            
    195            STRING_write_to_internal(CLEAR_DISPLAY,"ENTER P/ IMPRIM.","ESC P/ SAIR");
   \   00000004   0x....             LDR.N    R2,??DataTable3_9
   \   00000006   0x....             LDR.N    R1,??DataTable3_10
   \   00000008   0x2000             MOVS     R0,#+0
   \   0000000A   0x.... 0x....      BL       STRING_write_to_internal
   \   0000000E   0xE001             B.N      ??MENUFAT_reinicia_parcial_0
    196              
    197            for(;loop;){
    198              tecla = TECLADO_getch();
    199              switch(tecla){
    200                case TECLA_ENTER: RELATORIO_entry();
                                         ^
Warning[Pe223]: function "RELATORIO_entry" declared implicitly
   \                     ??MENUFAT_reinicia_parcial_1:
   \   00000010   0x.... 0x....      BL       RELATORIO_entry
    201                                  break;
   \                     ??MENUFAT_reinicia_parcial_0:
   \   00000014   0xB2E4             UXTB     R4,R4            ;; ZeroExt  R4,R4,#+24,#+24
   \   00000016   0x2C00             CMP      R4,#+0
   \   00000018   0xD009             BEQ.N    ??MENUFAT_reinicia_parcial_2
   \   0000001A   0x.... 0x....      BL       TECLADO_getch
   \   0000001E   0xB2C0             UXTB     R0,R0            ;; ZeroExt  R0,R0,#+24,#+24
   \   00000020   0x2801             CMP      R0,#+1
   \   00000022   0xD002             BEQ.N    ??MENUFAT_reinicia_parcial_3
   \   00000024   0x2804             CMP      R0,#+4
   \   00000026   0xD0F3             BEQ.N    ??MENUFAT_reinicia_parcial_1
   \   00000028   0xE7F4             B.N      ??MENUFAT_reinicia_parcial_0
    202                case TECLA_ESC:   loop = 0;
   \                     ??MENUFAT_reinicia_parcial_3:
   \   0000002A   0x2400             MOVS     R4,#+0
    203                                  break;
   \   0000002C   0xE7F2             B.N      ??MENUFAT_reinicia_parcial_0
    204              }  
    205              
    206            }  
    207          }
   \                     ??MENUFAT_reinicia_parcial_2:
   \   0000002E   0xBD10             POP      {R4,PC}          ;; return

   \                                 In section .text, align 4, keep-with-next
   \                     ??DataTable3:
   \   00000000   0x........         DC32     MFAT_entry

   \                                 In section .text, align 4, keep-with-next
   \                     ??DataTable3_1:
   \   00000000   0x........         DC32     STRING_opcoes_menu_faturamento

   \                                 In section .text, align 4, keep-with-next
   \                     ??DataTable3_2:
   \   00000000   0x........         DC32     STRING_titulo_menu_faturamento

   \                                 In section .text, align 4, keep-with-next
   \                     ??DataTable3_3:
   \   00000000   0x........         DC32     `?<Constant "P:%d,%d">`

   \                                 In section .text, align 4, keep-with-next
   \                     ??DataTable3_4:
   \   00000000   0x........         DC32     `?<Constant "T:%d,%d">`

   \                                 In section .text, align 4, keep-with-next
   \                     ??DataTable3_5:
   \   00000000   0x........         DC32     `?<Constant "PARCIAL">`

   \                                 In section .text, align 4, keep-with-next
   \                     ??DataTable3_6:
   \   00000000   0x........         DC32     `?<Constant "APAGANDO">`

   \                                 In section .text, align 4, keep-with-next
   \                     ??DataTable3_7:
   \   00000000   0x........         DC32     `?<Constant "INCORRETA">`

   \                                 In section .text, align 4, keep-with-next
   \                     ??DataTable3_8:
   \   00000000   0x........         DC32     `?<Constant "SENHA">`

   \                                 In section .text, align 4, keep-with-next
   \                     ??DataTable3_9:
   \   00000000   0x........         DC32     `?<Constant "ESC P/ SAIR">`

   \                                 In section .text, align 4, keep-with-next
   \                     ??DataTable3_10:
   \   00000000   0x........         DC32     `?<Constant "ENTER P/ IMPRIM.">`

   \                                 In section .rodata, align 4
   \                     `?<Constant "P:%d,%d">`:
   \   00000000   0x50 0x3A          DC8 "P:%d,%d"
   \              0x25 0x64    
   \              0x2C 0x25    
   \              0x64 0x00    

   \                                 In section .rodata, align 4
   \                     `?<Constant "T:%d,%d">`:
   \   00000000   0x54 0x3A          DC8 "T:%d,%d"
   \              0x25 0x64    
   \              0x2C 0x25    
   \              0x64 0x00    

   \                                 In section .rodata, align 4
   \                     `?<Constant "APAGANDO">`:
   \   00000000   0x41 0x50          DC8 "APAGANDO"
   \              0x41 0x47    
   \              0x41 0x4E    
   \              0x44 0x4F    
   \              0x00         
   \   00000009   0x00 0x00          DC8 0, 0, 0
   \              0x00         

   \                                 In section .rodata, align 4
   \                     `?<Constant "PARCIAL">`:
   \   00000000   0x50 0x41          DC8 "PARCIAL"
   \              0x52 0x43    
   \              0x49 0x41    
   \              0x4C 0x00    

   \                                 In section .rodata, align 4
   \                     `?<Constant "SENHA">`:
   \   00000000   0x53 0x45          DC8 "SENHA"
   \              0x4E 0x48    
   \              0x41 0x00    
   \   00000006   0x00 0x00          DC8 0, 0

   \                                 In section .rodata, align 4
   \                     `?<Constant "INCORRETA">`:
   \   00000000   0x49 0x4E          DC8 "INCORRETA"
   \              0x43 0x4F    
   \              0x52 0x52    
   \              0x45 0x54    
   \              0x41 0x00    
   \   0000000A   0x00 0x00          DC8 0, 0

   \                                 In section .rodata, align 4
   \                     `?<Constant "ENTER P/ IMPRIM.">`:
   \   00000000   0x45 0x4E          DC8 "ENTER P/ IMPRIM."
   \              0x54 0x45    
   \              0x52 0x20    
   \              0x50 0x2F    
   \              0x20 0x49    
   \              0x4D 0x50    
   \              0x52 0x49    
   \              0x4D 0x2E    
   \              0x00         
   \   00000011   0x00 0x00          DC8 0, 0, 0
   \              0x00         

   \                                 In section .rodata, align 4
   \                     `?<Constant "ESC P/ SAIR">`:
   \   00000000   0x45 0x53          DC8 "ESC P/ SAIR"
   \              0x43 0x20    
   \              0x50 0x2F    
   \              0x20 0x53    
   \              0x41 0x49    
   \              0x52 0x00    
    208          /***********************************************************************************
    209          *       Fim do arquivo
    210          ***********************************************************************************/

   Maximum stack usage in bytes:

   .cstack Function
   ------- --------
       8   MENUFAT_entry
         8   -> APLICACAO_carrega_idioma
         8   -> MENUROLAGEM_show
      16   MENUFAT_exibe_arrecadacao_cartao
        16   -> MENUFAT_exibe_info_int
        16   -> PARAMETROS_le
      16   MENUFAT_exibe_arrecadacao_moeda
        16   -> MENUFAT_exibe_info_int
        16   -> PARAMETROS_le
      16   MENUFAT_exibe_contagem
        16   -> MENUFAT_exibe_info_int
        16   -> PARAMETROS_le
      32   MENUFAT_exibe_info_int
        32   -> STRING_write_to_internal
        32   -> TECLADO_getContadorInatividade
        32   -> TECLADO_getch
        32   -> sprintf
       8   MENUFAT_reinicia_parcial
         8   -> RELATORIO_entry
         8   -> STRING_write_to_internal
         8   -> TECLADO_getch
       8   MENUFAT_reinicia_totalizadores
         8   -> FATURAMENTO_set_arrecadacao_cartao_parcial
         8   -> FATURAMENTO_set_arrecadacao_parcial
         8   -> FATURAMENTO_set_contagem_cartao_parcial
         8   -> FATURAMENTO_set_contagem_parcial
         8   -> PARAMETROS_le
         8   -> STRING_write_to_internal
         8   -> TELASENHA_telaSenha
         8   -> vTaskDelay


   Section sizes:

   Bytes  Function/Label
   -----  --------------
      12  ?<Constant "APAGANDO">
      20  ?<Constant "ENTER P/ IMPRIM.">
      12  ?<Constant "ESC P/ SAIR">
      12  ?<Constant "INCORRETA">
       8  ?<Constant "P:%d,%d">
       8  ?<Constant "PARCIAL">
       8  ?<Constant "SENHA">
       8  ?<Constant "T:%d,%d">
       4  ??DataTable3
       4  ??DataTable3_1
       4  ??DataTable3_10
       4  ??DataTable3_2
       4  ??DataTable3_3
       4  ??DataTable3_4
       4  ??DataTable3_5
       4  ??DataTable3_6
       4  ??DataTable3_7
       4  ??DataTable3_8
       4  ??DataTable3_9
      34  MENUFAT_entry
      30  MENUFAT_exibe_arrecadacao_cartao
      30  MENUFAT_exibe_arrecadacao_moeda
      40  MENUFAT_exibe_contagem
     112  MENUFAT_exibe_info_int
      48  MENUFAT_reinicia_parcial
      78  MENUFAT_reinicia_totalizadores
      24  MFAT_entry

 
 112 bytes in section .rodata
 416 bytes in section .text
 
 416 bytes of CODE  memory
 112 bytes of CONST memory

Errors: none
Warnings: 1
