###############################################################################
#                                                                             #
# IAR ANSI C/C++ Compiler V6.50.3.4676/W32 for ARM      10/Jul/2017  15:20:31 #
# Copyright 1999-2013 IAR Systems AB.                                         #
#                                                                             #
#    Cpu mode     =  thumb                                                    #
#    Endian       =  little                                                   #
#    Source file  =  C:\Users\Marcos\Dropbox\Reps\Dextro\IBA\Hardware\MaisPip #
#                    ocaG2\SOFTWARE\Aplicacao\menu_edita_flag.c               #
#    Command line =  C:\Users\Marcos\Dropbox\Reps\Dextro\IBA\Hardware\MaisPip #
#                    ocaG2\SOFTWARE\Aplicacao\menu_edita_flag.c -lC           #
#                    C:\Users\Marcos\Dropbox\Reps\Dextro\IBA\Hardware\MaisPip #
#                    ocaG2\SOFTWARE\Debug\List\ -lA                           #
#                    C:\Users\Marcos\Dropbox\Reps\Dextro\IBA\Hardware\MaisPip #
#                    ocaG2\SOFTWARE\Debug\List\ -o                            #
#                    C:\Users\Marcos\Dropbox\Reps\Dextro\IBA\Hardware\MaisPip #
#                    ocaG2\SOFTWARE\Debug\Obj\ --no_cse --no_unroll           #
#                    --no_inline --no_code_motion --no_tbaa --no_clustering   #
#                    --no_scheduling --debug --endian=little --cpu=Cortex-M3  #
#                    -e --fpu=None --dlib_config "C:\Program Files (x86)\IAR  #
#                    Systems\Embedded Workbench 6.5\arm\INC\c\DLib_Config_Nor #
#                    mal.h" -Ol                                               #
#    List file    =  C:\Users\Marcos\Dropbox\Reps\Dextro\IBA\Hardware\MaisPip #
#                    ocaG2\SOFTWARE\Debug\List\menu_edita_flag.lst            #
#    Object file  =  C:\Users\Marcos\Dropbox\Reps\Dextro\IBA\Hardware\MaisPip #
#                    ocaG2\SOFTWARE\Debug\Obj\menu_edita_flag.o               #
#                                                                             #
#                                                                             #
###############################################################################

C:\Users\Marcos\Dropbox\Reps\Dextro\IBA\Hardware\MaisPipocaG2\SOFTWARE\Aplicacao\menu_edita_flag.c
      1          /*__________________________________________________________________________________
      2          |	DEXTRO SOLUÇÕES TECNOLÓGICAS
      3          |       
      4          |       ITAJAÍ - SC
      5          |       www.dextro.ind.br
      6          | __________________________________________________________________________________
      7          |
      8          |       This source code was developed by DEXTRO  and cannot be copied, in part 
      9          |       or in whole, or used, except when legally licensed by DEXTRO 
     10          |       or its distributors.
     11          |
     12          |       Este código é propriedade da DEXTRO  e não pode ser copiado, em parte 
     13          |       ou em todo, ou utilizado, exceto quando for legalmente licenciado pela 
     14          |       DEXTRO  ou por um de seus distribuidores.
     15          | __________________________________________________________________________________
     16          |
     17          |       Arquivo            :  Menu_edita_flag.c
     18          |       Descrição          :  Tela para realizar a edição de números inteiros
     19          | 
     20          |       Autor              :  Marcos Aquino
     21          |       Data criação       :  07/11/2016
     22          |
     23          |       Revisões           :  1.0.0.0
     24          |
     25          |
     26          | __________________________________________________________________________________
     27          */
     28          
     29          /***********************************************************************************
     30          *       Includes
     31          ***********************************************************************************/
     32          #include <stdio.h>
     33          #include <stdlib.h>
     34          #include <string.h>
     35          #include "..\includes.h"
     36          #include "menu_edita_inteiro.h"
     37          
     38          /***********************************************************************************
     39          *       Constantes
     40          ***********************************************************************************/
     41          
     42          
     43          /***********************************************************************************
     44          *       Variaveis locais
     45          ***********************************************************************************/
     46          
     47          
     48          /***********************************************************************************
     49          *       Funções locais
     50          ***********************************************************************************/
     51          
     52          
     53          /***********************************************************************************
     54          *       Implementação das funções
     55          ***********************************************************************************/
     56          
     57          /***********************************************************************************
     58          *       Descrição       :       Ponto de entrada do menu de edição
     59          *                               de inteiro
     60          *       Parametro       :       (char*) titulo
     61          *                               (char*) String de formação
     62          *                               (unsigned int) valor inicial
     63          *                               (unsigned int) valor mínimo
     64          *                               (unsigned int) valor máximo
     65          *       Retorno         :       (unsigned int) valor editado
     66          ***********************************************************************************/

   \                                 In section .text, align 4, keep-with-next
     67          unsigned char MEF_entry(char *titulo,unsigned char flag,char *onSTR,char*offSTR){
   \                     MEF_entry:
   \   00000000   0xE92D 0x43F0      PUSH     {R4-R9,LR}
   \   00000004   0xB085             SUB      SP,SP,#+20
   \   00000006   0x0004             MOVS     R4,R0
   \   00000008   0x000D             MOVS     R5,R1
   \   0000000A   0x0016             MOVS     R6,R2
   \   0000000C   0x001F             MOVS     R7,R3
     68            eTECLA tecla;
     69            char linha[17];
     70            unsigned char tam;
     71            unsigned char ultimo_tam;
     72            
     73            tam = strlen(titulo);
   \   0000000E   0x0020             MOVS     R0,R4
   \   00000010   0x.... 0x....      BL       strlen
   \   00000014   0x4680             MOV      R8,R0
     74            
     75            HD44780_clearText();
   \   00000016   0x200C             MOVS     R0,#+12
   \   00000018   0x.... 0x....      BL       HD44780_writeChar
     76            HD44780_posicionaTexto((16-tam)>>1,0);
   \   0000001C   0x2100             MOVS     R1,#+0
   \   0000001E   0xFA5F 0xF888      UXTB     R8,R8            ;; ZeroExt  R8,R8,#+24,#+24
   \   00000022   0xF1D8 0x0010      RSBS     R0,R8,#+16
   \   00000026   0x1040             ASRS     R0,R0,#+1
   \   00000028   0xB2C0             UXTB     R0,R0            ;; ZeroExt  R0,R0,#+24,#+24
   \   0000002A   0x.... 0x....      BL       HD44780_posicionaTexto
     77            HD44780_writeString(titulo);
   \   0000002E   0x0020             MOVS     R0,R4
   \   00000030   0x.... 0x....      BL       HD44780_writeString
     78            
     79            if(flag) 
   \   00000034   0xB2ED             UXTB     R5,R5            ;; ZeroExt  R5,R5,#+24,#+24
   \   00000036   0x2D00             CMP      R5,#+0
   \   00000038   0xD027             BEQ.N    ??MEF_entry_0
     80              flag = 255;
   \   0000003A   0x25FF             MOVS     R5,#+255
   \   0000003C   0xE025             B.N      ??MEF_entry_0
     81            
     82            for(;TECLADO_getContadorInatividade();){
     83                   
     84              tecla = TECLADO_getch();
     85              switch(tecla){
     86                case TECLA_ENTER:
     87                case TECLA_ESC:
     88                     return flag;
     89                case TECLA_INC:
     90                case TECLA_DEC:        
     91                     flag^=0xFF;
     92                     break;
     93              }
     94              
     95              sprintf(linha,"[%s]",flag?onSTR:offSTR);
   \                     ??MEF_entry_1:
   \   0000003E   0x003A             MOVS     R2,R7
   \                     ??MEF_entry_2:
   \   00000040   0x4921             LDR.N    R1,??MEF_entry_3
   \   00000042   0xA800             ADD      R0,SP,#+0
   \   00000044   0x.... 0x....      BL       sprintf
     96              tam = strlen(linha);
   \   00000048   0xA800             ADD      R0,SP,#+0
   \   0000004A   0x.... 0x....      BL       strlen
   \   0000004E   0x4680             MOV      R8,R0
     97              if(tam!=ultimo_tam){
   \   00000050   0xFA5F 0xF888      UXTB     R8,R8            ;; ZeroExt  R8,R8,#+24,#+24
   \   00000054   0xFA5F 0xF989      UXTB     R9,R9            ;; ZeroExt  R9,R9,#+24,#+24
   \   00000058   0x45C8             CMP      R8,R9
   \   0000005A   0xD006             BEQ.N    ??MEF_entry_4
     98                HD44780_posicionaTexto(0,1);  
   \   0000005C   0x2101             MOVS     R1,#+1
   \   0000005E   0x2000             MOVS     R0,#+0
   \   00000060   0x.... 0x....      BL       HD44780_posicionaTexto
     99                HD44780_writeString("                ");
   \   00000064   0x4819             LDR.N    R0,??MEF_entry_3+0x4
   \   00000066   0x.... 0x....      BL       HD44780_writeString
    100              }
    101              HD44780_posicionaTexto((16-tam)>>1,1);
   \                     ??MEF_entry_4:
   \   0000006A   0x2101             MOVS     R1,#+1
   \   0000006C   0xFA5F 0xF888      UXTB     R8,R8            ;; ZeroExt  R8,R8,#+24,#+24
   \   00000070   0xF1D8 0x0010      RSBS     R0,R8,#+16
   \   00000074   0x1040             ASRS     R0,R0,#+1
   \   00000076   0xB2C0             UXTB     R0,R0            ;; ZeroExt  R0,R0,#+24,#+24
   \   00000078   0x.... 0x....      BL       HD44780_posicionaTexto
    102              HD44780_writeString(linha);
   \   0000007C   0xA800             ADD      R0,SP,#+0
   \   0000007E   0x.... 0x....      BL       HD44780_writeString
    103                                  
    104              ultimo_tam = tam;
   \   00000082   0x46C1             MOV      R9,R8
    105              vTaskDelay(50);
   \   00000084   0x2032             MOVS     R0,#+50
   \   00000086   0x.... 0x....      BL       vTaskDelay
   \                     ??MEF_entry_0:
   \   0000008A   0x.... 0x....      BL       TECLADO_getContadorInatividade
   \   0000008E   0x2800             CMP      R0,#+0
   \   00000090   0xD014             BEQ.N    ??MEF_entry_5
   \   00000092   0x.... 0x....      BL       TECLADO_getch
   \   00000096   0xB2C0             UXTB     R0,R0            ;; ZeroExt  R0,R0,#+24,#+24
   \   00000098   0x2801             CMP      R0,#+1
   \   0000009A   0xD005             BEQ.N    ??MEF_entry_6
   \   0000009C   0xD309             BCC.N    ??MEF_entry_7
   \   0000009E   0x2803             CMP      R0,#+3
   \   000000A0   0xD005             BEQ.N    ??MEF_entry_8
   \   000000A2   0xD304             BCC.N    ??MEF_entry_8
   \   000000A4   0x2804             CMP      R0,#+4
   \   000000A6   0xD104             BNE.N    ??MEF_entry_7
   \                     ??MEF_entry_6:
   \   000000A8   0x0028             MOVS     R0,R5
   \   000000AA   0xB2C0             UXTB     R0,R0            ;; ZeroExt  R0,R0,#+24,#+24
   \   000000AC   0xE008             B.N      ??MEF_entry_9
   \                     ??MEF_entry_8:
   \   000000AE   0xF095 0x05FF      EORS     R5,R5,#0xFF
   \                     ??MEF_entry_7:
   \   000000B2   0xB2ED             UXTB     R5,R5            ;; ZeroExt  R5,R5,#+24,#+24
   \   000000B4   0x2D00             CMP      R5,#+0
   \   000000B6   0xD0C2             BEQ.N    ??MEF_entry_1
   \   000000B8   0x0032             MOVS     R2,R6
   \   000000BA   0xE7C1             B.N      ??MEF_entry_2
    106            }                        
    107                                   
    108            return flag;                         
   \                     ??MEF_entry_5:
   \   000000BC   0x0028             MOVS     R0,R5
   \   000000BE   0xB2C0             UXTB     R0,R0            ;; ZeroExt  R0,R0,#+24,#+24
   \                     ??MEF_entry_9:
   \   000000C0   0xB005             ADD      SP,SP,#+20
   \   000000C2   0xE8BD 0x83F0      POP      {R4-R9,PC}       ;; return
   \   000000C6   0xBF00             Nop      
   \                     ??MEF_entry_3:
   \   000000C8   0x........         DC32     `?<Constant "[%s]">`
   \   000000CC   0x........         DC32     `?<Constant "                ">`
    109          }

   \                                 In section .rodata, align 4
   \                     `?<Constant "[%s]">`:
   \   00000000   0x5B 0x25          DC8 "[%s]"
   \              0x73 0x5D    
   \              0x00         
   \   00000005   0x00 0x00          DC8 0, 0, 0
   \              0x00         

   \                                 In section .rodata, align 4
   \                     `?<Constant "                ">`:
   \   00000000   0x20 0x20          DC8 "                "
   \              0x20 0x20    
   \              0x20 0x20    
   \              0x20 0x20    
   \              0x20 0x20    
   \              0x20 0x20    
   \              0x20 0x20    
   \              0x20 0x20    
   \              0x00         
   \   00000011   0x00 0x00          DC8 0, 0, 0
   \              0x00         
    110          /***********************************************************************************
    111          *       Fim do arquivo
    112          ***********************************************************************************/
    113          
    114          
    115          

   Maximum stack usage in bytes:

   .cstack Function
   ------- --------
      48   MEF_entry
        48   -> HD44780_posicionaTexto
        48   -> HD44780_writeChar
        48   -> HD44780_writeString
        48   -> TECLADO_getContadorInatividade
        48   -> TECLADO_getch
        48   -> sprintf
        48   -> strlen
        48   -> vTaskDelay


   Section sizes:

   Bytes  Function/Label
   -----  --------------
      20  ?<Constant "                ">
       8  ?<Constant "[%s]">
     208  MEF_entry

 
  28 bytes in section .rodata
 208 bytes in section .text
 
 208 bytes of CODE  memory
  28 bytes of CONST memory

Errors: none
Warnings: none
