###############################################################################
#                                                                             #
# IAR ANSI C/C++ Compiler V6.50.3.4676/W32 for ARM      09/Sep/2017  15:28:15 #
# Copyright 1999-2013 IAR Systems AB.                                         #
#                                                                             #
#    Cpu mode     =  thumb                                                    #
#    Endian       =  little                                                   #
#    Source file  =  C:\repositorios\MaisPipocaG2\SOFTWARE\Aplicacao\menu_con #
#                    figuracao.c                                              #
#    Command line =  C:\repositorios\MaisPipocaG2\SOFTWARE\Aplicacao\menu_con #
#                    figuracao.c -lC C:\repositorios\MaisPipocaG2\SOFTWARE\De #
#                    bug\List\ -lA C:\repositorios\MaisPipocaG2\SOFTWARE\Debu #
#                    g\List\ -o C:\repositorios\MaisPipocaG2\SOFTWARE\Debug\O #
#                    bj\ --no_cse --no_unroll --no_inline --no_code_motion    #
#                    --no_tbaa --no_clustering --no_scheduling --debug        #
#                    --endian=little --cpu=Cortex-M3 -e --fpu=None            #
#                    --dlib_config "C:\Program Files (x86)\IAR                #
#                    Systems\Embedded Workbench 6.5\arm\INC\c\DLib_Config_Nor #
#                    mal.h" -On                                               #
#    List file    =  C:\repositorios\MaisPipocaG2\SOFTWARE\Debug\List\menu_co #
#                    nfiguracao.lst                                           #
#    Object file  =  C:\repositorios\MaisPipocaG2\SOFTWARE\Debug\Obj\menu_con #
#                    figuracao.o                                              #
#                                                                             #
#                                                                             #
###############################################################################

C:\repositorios\MaisPipocaG2\SOFTWARE\Aplicacao\menu_configuracao.c
      1          /*__________________________________________________________________________________
      2          |	Quark Tecnologia Eletrônica Embarcada
      3          |       
      4          |       Itapema - SC
      5          |       www.quarktee.com.br
      6          | __________________________________________________________________________________
      7          |
      8          |       This source code was developed by Quark  and cannot be copied, in part 
      9          |       or in whole, or used, except when legally licensed by Quark 
     10          |       or its distributors.
     11          |
     12          |       Este código é propriedade da Quark  e não pode ser copiado, em parte 
     13          |       ou em todo, ou utilizado, exceto quando for legalmente licenciado pela 
     14          |       Quark  ou por um de seus distribuidores.
     15          | __________________________________________________________________________________
     16          |
     17          |       Arquivo            :  menu_configuracao.c
     18          | 
     19          |       Autor              :  Marcos Aquino
     20          |       Data criação       :
     21          |
     22          |       Revisões           :  001
     23          |
     24          |
     25          | __________________________________________________________________________________
     26          */
     27          
     28          /***********************************************************************************
     29          *       Includes
     30          ***********************************************************************************/
     31          #include <stdio.h>
     32          #include <stdlib.h>
     33          #include <string.h>
     34          #include "..\includes.h"
     35          #include "menu_ajuste_relogio.h"
     36          #include "menu_edita_flag.h"
     37          #include "menu_edita_inteiro.h"
     38          #include "menu_edita_listagem.h"
     39          #include "menu_info_binaria.h"
     40          #include "menu_rolagem.h"
     41          #include "menu_teste_hardware.h"
     42          #include "menu_operacao.h"
     43          #include "menu_acessorios.h"
     44          #include "menu_faturamento.h"
     45          #include "menu_seleciona_lista.h"
     46          #include "menu_servico.h"
     47          #include "menu_avancado.h"
     48          
     49          /***********************************************************************************
     50          *       Constantes
     51          ***********************************************************************************/
     52          
     53          
     54          /***********************************************************************************
     55          *       Variaveis 
     56          ***********************************************************************************/
     57          
     58          
     59          /***********************************************************************************
     60          *       Funções
     61          ***********************************************************************************/
     62          void MCFG_seleciona_idioma(void);
     63          
     64          /***********************************************************************************
     65          *       Tabela de funções
     66          ***********************************************************************************/

   \                                 In section .rodata, align 4
     67          void(*const MCF_funcoes[TAM_OPCOES_CFG])(void)={
   \                     MCF_funcoes:
   \   00000000   0x........         DC32 MENUOP_entry, MENUFAT_entry, MPREP_entry, MACESS_entry, 0H
   \              0x........   
   \              0x........   
   \              0x........   
   \              0x00000000   
   \   00000014   0x........         DC32 MTH_entry, MCFG_seleciona_idioma, MSERVICO_entry
   \              0x........   
   \              0x........   
   \   00000020   0x........         DC32 MENUAVANCADO_entry, 0H
   \              0x00000000   
     68            MENUOP_entry,
     69            MENUFAT_entry,
     70            MPREP_entry,
     71            MACESS_entry,
     72            NULL,
     73            MTH_entry,
     74            MCFG_seleciona_idioma,
     75            MSERVICO_entry,
     76            MENUAVANCADO_entry,
     77            NULL
     78          };
     79          
     80          /***********************************************************************************
     81          *       Implementação
     82          ***********************************************************************************/
     83          
     84          /***********************************************************************************
     85          *       Descrição       :       Ponto de entrada do menu de configuração
     86          *                               do sistema
     87          *       Parametros      :       nenhum
     88          *       Retorno         :       nenhum
     89          ***********************************************************************************/

   \                                 In section .text, align 2, keep-with-next
     90          void MCFG_entry(void){
   \                     MCFG_entry:
   \   00000000   0xB510             PUSH     {R4,LR}
     91            unsigned char idioma = APLICACAO_carrega_idioma();
   \   00000002   0x.... 0x....      BL       APLICACAO_carrega_idioma
   \   00000006   0x0004             MOVS     R4,R0
     92            
     93            MENUROLAGEM_show((char*)STRING_titulo_menu_configuracao[idioma],
     94                             (char**)STRING_menu_configuracao[idioma],
     95                             TAM_OPCOES_CFG,
     96                             (void(**)(void))MCF_funcoes);                                  
   \   00000008   0x....             LDR.N    R3,??DataTable1
   \   0000000A   0x220A             MOVS     R2,#+10
   \   0000000C   0xB2E4             UXTB     R4,R4            ;; ZeroExt  R4,R4,#+24,#+24
   \   0000000E   0x2028             MOVS     R0,#+40
   \   00000010   0x....             LDR.N    R1,??DataTable1_1
   \   00000012   0xFB00 0x1104      MLA      R1,R0,R4,R1
   \   00000016   0xB2E4             UXTB     R4,R4            ;; ZeroExt  R4,R4,#+24,#+24
   \   00000018   0x....             LDR.N    R0,??DataTable1_2
   \   0000001A   0xF850 0x0024      LDR      R0,[R0, R4, LSL #+2]
   \   0000001E   0x.... 0x....      BL       MENUROLAGEM_show
     97          }
   \   00000022   0xBD10             POP      {R4,PC}          ;; return
     98          /***********************************************************************************
     99          *       Descrição       :       Função para selecionar o idioma da placa
    100          *       Parametros      :       nenhum
    101          *       Retorno         :       nenhum
    102          ***********************************************************************************/

   \                                 In section .text, align 2, keep-with-next
    103          void MCFG_seleciona_idioma(void){
   \                     MCFG_seleciona_idioma:
   \   00000000   0xB5E0             PUSH     {R5-R7,LR}
    104            unsigned char idioma;
    105            unsigned char flags[8]={0};  
   \   00000002   0xA801             ADD      R0,SP,#+4
   \   00000004   0x2100             MOVS     R1,#+0
   \   00000006   0x2200             MOVS     R2,#+0
   \   00000008   0xC006             STM      R0!,{R1,R2}
   \   0000000A   0x3808             SUBS     R0,R0,#+8
    106            
    107            idioma = APLICACAO_carrega_idioma();
   \   0000000C   0x.... 0x....      BL       APLICACAO_carrega_idioma
   \   00000010   0xF88D 0x0000      STRB     R0,[SP, #+0]
    108            
    109            if(idioma>QTY_OF_LANGUAGES)
   \   00000014   0xF89D 0x0000      LDRB     R0,[SP, #+0]
   \   00000018   0x2808             CMP      R0,#+8
   \   0000001A   0xDB02             BLT.N    ??MCFG_seleciona_idioma_0
    110              idioma = 0;
   \   0000001C   0x2000             MOVS     R0,#+0
   \   0000001E   0xF88D 0x0000      STRB     R0,[SP, #+0]
    111            
    112            flags[idioma] = 255;
   \                     ??MCFG_seleciona_idioma_0:
   \   00000022   0xF89D 0x0000      LDRB     R0,[SP, #+0]
   \   00000026   0xA901             ADD      R1,SP,#+4
   \   00000028   0x22FF             MOVS     R2,#+255
   \   0000002A   0x5442             STRB     R2,[R0, R1]
    113              
    114            MSL_entry("LOCATION",(char**)&STRING_tela_sel_idioma[0][0],flags,TAM_OPCOES_IDIOMA);
   \   0000002C   0x2307             MOVS     R3,#+7
   \   0000002E   0xAA01             ADD      R2,SP,#+4
   \   00000030   0x....             LDR.N    R1,??DataTable1_3
   \   00000032   0x....             LDR.N    R0,??DataTable1_4
   \   00000034   0x.... 0x....      BL       MSL_entry
    115            
    116            idioma = 0;
   \   00000038   0x2000             MOVS     R0,#+0
   \   0000003A   0xF88D 0x0000      STRB     R0,[SP, #+0]
    117            for(unsigned char i=0;i<QTY_OF_LANGUAGES;i++)
   \   0000003E   0x2000             MOVS     R0,#+0
   \                     ??MCFG_seleciona_idioma_1:
   \   00000040   0xB2C0             UXTB     R0,R0            ;; ZeroExt  R0,R0,#+24,#+24
   \   00000042   0x2807             CMP      R0,#+7
   \   00000044   0xDA08             BGE.N    ??MCFG_seleciona_idioma_2
    118              if(flags[i])
   \   00000046   0xB2C0             UXTB     R0,R0            ;; ZeroExt  R0,R0,#+24,#+24
   \   00000048   0xA901             ADD      R1,SP,#+4
   \   0000004A   0x5C41             LDRB     R1,[R0, R1]
   \   0000004C   0x2900             CMP      R1,#+0
   \   0000004E   0xD001             BEQ.N    ??MCFG_seleciona_idioma_3
    119                idioma = i;      
   \   00000050   0xF88D 0x0000      STRB     R0,[SP, #+0]
   \                     ??MCFG_seleciona_idioma_3:
   \   00000054   0x1C40             ADDS     R0,R0,#+1
   \   00000056   0xE7F3             B.N      ??MCFG_seleciona_idioma_1
    120          
    121            PARAMETROS_grava(ADR_FLAG_IDIOMA,(void*)&idioma);      
   \                     ??MCFG_seleciona_idioma_2:
   \   00000058   0xA900             ADD      R1,SP,#+0
   \   0000005A   0x2000             MOVS     R0,#+0
   \   0000005C   0x.... 0x....      BL       PARAMETROS_grava
    122          }
   \   00000060   0xBD07             POP      {R0-R2,PC}       ;; return

   \                                 In section .text, align 4, keep-with-next
   \                     ??DataTable1:
   \   00000000   0x........         DC32     MCF_funcoes

   \                                 In section .text, align 4, keep-with-next
   \                     ??DataTable1_1:
   \   00000000   0x........         DC32     STRING_menu_configuracao

   \                                 In section .text, align 4, keep-with-next
   \                     ??DataTable1_2:
   \   00000000   0x........         DC32     STRING_titulo_menu_configuracao

   \                                 In section .text, align 4, keep-with-next
   \                     ??DataTable1_3:
   \   00000000   0x........         DC32     STRING_tela_sel_idioma

   \                                 In section .text, align 4, keep-with-next
   \                     ??DataTable1_4:
   \   00000000   0x........         DC32     `?<Constant "LOCATION">`

   \                                 In section .rodata, align 4
   \   00000000   0x00 0x00          DC8 0, 0, 0, 0, 0, 0, 0, 0
   \              0x00 0x00    
   \              0x00 0x00    
   \              0x00 0x00    

   \                                 In section .rodata, align 4
   \                     `?<Constant "LOCATION">`:
   \   00000000   0x4C 0x4F          DC8 "LOCATION"
   \              0x43 0x41    
   \              0x54 0x49    
   \              0x4F 0x4E    
   \              0x00         
   \   00000009   0x00 0x00          DC8 0, 0, 0
   \              0x00         
    123          /***********************************************************************************
    124          *       Fim do arquivo
    125          ***********************************************************************************/

   Maximum stack usage in bytes:

   .cstack Function
   ------- --------
       8   MCFG_entry
         8   -> APLICACAO_carrega_idioma
         8   -> MENUROLAGEM_show
      16   MCFG_seleciona_idioma
        16   -> APLICACAO_carrega_idioma
        16   -> MSL_entry
        16   -> PARAMETROS_grava


   Section sizes:

   Bytes  Function/Label
   -----  --------------
      12  ?<Constant "LOCATION">
       8  ?<Constant {0}>
       4  ??DataTable1
       4  ??DataTable1_1
       4  ??DataTable1_2
       4  ??DataTable1_3
       4  ??DataTable1_4
      36  MCFG_entry
      98  MCFG_seleciona_idioma
      40  MCF_funcoes

 
  60 bytes in section .rodata
 154 bytes in section .text
 
 154 bytes of CODE  memory
  60 bytes of CONST memory

Errors: none
Warnings: none
