###############################################################################
#                                                                             #
# IAR ANSI C/C++ Compiler V6.50.3.4676/W32 for ARM      09/Sep/2017  16:47:30 #
# Copyright 1999-2013 IAR Systems AB.                                         #
#                                                                             #
#    Cpu mode     =  thumb                                                    #
#    Endian       =  little                                                   #
#    Source file  =  C:\repositorios\MaisPipocaG2\SOFTWARE\Parametros\paramet #
#                    ros.c                                                    #
#    Command line =  C:\repositorios\MaisPipocaG2\SOFTWARE\Parametros\paramet #
#                    ros.c -lC C:\repositorios\MaisPipocaG2\SOFTWARE\Debug\Li #
#                    st\ -lA C:\repositorios\MaisPipocaG2\SOFTWARE\Debug\List #
#                    \ -o C:\repositorios\MaisPipocaG2\SOFTWARE\Debug\Obj\    #
#                    --no_cse --no_unroll --no_inline --no_code_motion        #
#                    --no_tbaa --no_clustering --no_scheduling --debug        #
#                    --endian=little --cpu=Cortex-M3 -e --fpu=None            #
#                    --dlib_config "C:\Program Files (x86)\IAR                #
#                    Systems\Embedded Workbench 6.5\arm\INC\c\DLib_Config_Nor #
#                    mal.h" -On                                               #
#    List file    =  C:\repositorios\MaisPipocaG2\SOFTWARE\Debug\List\paramet #
#                    ros.lst                                                  #
#    Object file  =  C:\repositorios\MaisPipocaG2\SOFTWARE\Debug\Obj\parametr #
#                    os.o                                                     #
#                                                                             #
#                                                                             #
###############################################################################

C:\repositorios\MaisPipocaG2\SOFTWARE\Parametros\parametros.c
      1          /*__________________________________________________________________________________
      2          |	DEXTRO SOLUÇÕES TECNOLÓGICAS
      3          |       
      4          |       ITAJAÍ - SC
      5          |       www.dextro.ind.br
      6          | __________________________________________________________________________________
      7          |
      8          |       This source code was developed by DEXTRO  and cannot be copied, in part 
      9          |       or in whole, or used, except when legally licensed by DEXTRO 
     10          |       or its distributors.
     11          |
     12          |       Este código é propriedade da DEXTRO  e não pode ser copiado, em parte 
     13          |       ou em todo, ou utilizado, exceto quando for legalmente licenciado pela 
     14          |       DEXTRO  ou por um de seus distribuidores.
     15          | __________________________________________________________________________________
     16          |
     17          |       Arquivo            :  parametros.c
     18          |       Descrição          :  Menu para configuração do sistema
     19          | 
     20          |       Autor              :  Marcos Aquino
     21          |       Data criação       :  30/12/2016
     22          |
     23          |       Revisões           :  1.0.0.0
     24          |
     25          |
     26          | __________________________________________________________________________________
     27          */
     28          
     29          /***********************************************************************************
     30          *       Includes
     31          ***********************************************************************************/
     32          #include <nxp\iolpc1768.h>
     33          #include <stdio.h>
     34          #include <stdlib.h>
     35          #include <string.h>

   \                                 In section .text, align 2
   \   __intrinsic __nounwind __interwork __softfp void *memcpy(void *, void const *, size_t)
   \                     memcpy:
   \   00000000   0xB570             PUSH     {R4-R6,LR}
   \   00000002   0x0004             MOVS     R4,R0
   \   00000004   0x000D             MOVS     R5,R1
   \   00000006   0x0016             MOVS     R6,R2
   \   00000008   0x0032             MOVS     R2,R6
   \   0000000A   0x0029             MOVS     R1,R5
   \   0000000C   0x0020             MOVS     R0,R4
   \   0000000E   0x.... 0x....      BL       __aeabi_memcpy
   \   00000012   0x0020             MOVS     R0,R4
   \   00000014   0xBD70             POP      {R4-R6,PC}       ;; return
     36          #include "..\includes.h"
     37          #include "parametros.h"
     38          #include "tabela_parametros.h"

   \                                 In section .rodata, align 4
   \   __absolute struct <unnamed> const tabela_parametros[65]
   \                     tabela_parametros:
   \   00000000   0x00000000         DC32 0H
   \   00000004   0x0001             DC16 1
   \   00000006   0x49 0x44          DC8 "IDIOMA"
   \              0x49 0x4F    
   \              0x4D 0x41    
   \              0x00         
   \   0000000D   0x00 0x00          DC8 0, 0, 0, 0, 0, 0, 0, 0, 0, 0, 0, 0, 0, 0, 0, 0
   \              0x00 0x00    
   \              0x00 0x00    
   \              0x00 0x00    
   \              0x00 0x00    
   \              0x00 0x00    
   \              0x00 0x00    
   \              0x00 0x00    
   \   0000001D   0x00 0x00          DC8 0, 0, 0, 0, 0, 0, 0, 0, 0
   \              0x00 0x00    
   \              0x00 0x00    
   \              0x00 0x00    
   \              0x00         
   \   00000026   0x4E 0x55          DC8 4EH, 55H, 4DH
   \              0x4D         
   \   00000029   0x00 0x00          DC8 0, 0, 0
   \              0x00         
   \   0000002C   0x00000000         DC32 0H
   \   00000030   0x0001             DC16 1
   \   00000032   0x46 0x4C          DC8 "FLAG_BV20"
   \              0x41 0x47    
   \              0x5F 0x42    
   \              0x56 0x32    
   \              0x30 0x00    
   \   0000003C   0x00 0x00          DC8 0, 0, 0, 0, 0, 0, 0, 0, 0, 0, 0, 0, 0, 0, 0, 0, 0, 0, 0, 0, 0, 0
   \              0x00 0x00    
   \              0x00 0x00    
   \              0x00 0x00    
   \              0x00 0x00    
   \              0x00 0x00    
   \              0x00 0x00    
   \              0x00 0x00    
   \              0x00 0x00    
   \              0x00 0x00    
   \              0x00 0x00    
   \   00000052   0x4E 0x55          DC8 4EH, 55H, 4DH
   \              0x4D         
   \   00000055   0x00 0x00          DC8 0, 0, 0
   \              0x00         
   \   00000058   0x00000003         DC32 3H
   \   0000005C   0x0001             DC16 1
   \   0000005E   0x54 0x49          DC8 "TIPO_NOTAS"
   \              0x50 0x4F    
   \              0x5F 0x4E    
   \              0x4F 0x54    
   \              0x41 0x53    
   \              0x00         
   \   00000069   0x00 0x00          DC8 0, 0, 0, 0, 0, 0, 0, 0, 0, 0, 0, 0, 0, 0, 0, 0, 0, 0, 0, 0, 0
   \              0x00 0x00    
   \              0x00 0x00    
   \              0x00 0x00    
   \              0x00 0x00    
   \              0x00 0x00    
   \              0x00 0x00    
   \              0x00 0x00    
   \              0x00 0x00    
   \              0x00 0x00    
   \              0x00         
   \   0000007E   0x4E 0x55          DC8 4EH, 55H, 4DH
   \              0x4D         
   \   00000081   0x00 0x00          DC8 0, 0, 0
   \              0x00         
   \   00000084   0x0000000A         DC32 0AH
   \   00000088   0x0004             DC16 4
   \   0000008A   0x56 0x41          DC8 "VALOR_PIPOCA"
   \              0x4C 0x4F    
   \              0x52 0x5F    
   \              0x50 0x49    
   \              0x50 0x4F    
   \              0x43 0x41    
   \              0x00         
   \   00000097   0x00 0x00          DC8 0, 0, 0, 0, 0, 0, 0, 0, 0, 0, 0, 0, 0, 0, 0, 0, 0, 0, 0
   \              0x00 0x00    
   \              0x00 0x00    
   \              0x00 0x00    
   \              0x00 0x00    
   \              0x00 0x00    
   \              0x00 0x00    
   \              0x00 0x00    
   \              0x00 0x00    
   \              0x00         
   \   000000AA   0x4E 0x55          DC8 4EH, 55H, 4DH
   \              0x4D         
   \   000000AD   0x00 0x00          DC8 0, 0, 0
   \              0x00         
   \   000000B0   0x00000000         DC32 0H
   \   000000B4   0x0001             DC16 1
   \   000000B6   0x46 0x4C          DC8 "FLAG_MDB_BILL"
   \              0x41 0x47    
   \              0x5F 0x4D    
   \              0x44 0x42    
   \              0x5F 0x42    
   \              0x49 0x4C    
   \              0x4C 0x00    
   \   000000C4   0x00 0x00          DC8 0, 0, 0, 0, 0, 0, 0, 0, 0, 0, 0, 0, 0, 0, 0, 0, 0, 0
   \              0x00 0x00    
   \              0x00 0x00    
   \              0x00 0x00    
   \              0x00 0x00    
   \              0x00 0x00    
   \              0x00 0x00    
   \              0x00 0x00    
   \              0x00 0x00    
   \   000000D6   0x4E 0x55          DC8 4EH, 55H, 4DH
   \              0x4D         
   \   000000D9   0x00 0x00          DC8 0, 0, 0
   \              0x00         
   \   000000DC   0x00000000         DC32 0H
   \   000000E0   0x0001             DC16 1
   \   000000E2   0x46 0x4C          DC8 "FLAG_MDB_COIN"
   \              0x41 0x47    
   \              0x5F 0x4D    
   \              0x44 0x42    
   \              0x5F 0x43    
   \              0x4F 0x49    
   \              0x4E 0x00    
   \   000000F0   0x00 0x00          DC8 0, 0, 0, 0, 0, 0, 0, 0, 0, 0, 0, 0, 0, 0, 0, 0, 0, 0
   \              0x00 0x00    
   \              0x00 0x00    
   \              0x00 0x00    
   \              0x00 0x00    
   \              0x00 0x00    
   \              0x00 0x00    
   \              0x00 0x00    
   \              0x00 0x00    
   \   00000102   0x4E 0x55          DC8 4EH, 55H, 4DH
   \              0x4D         
   \   00000105   0x00 0x00          DC8 0, 0, 0
   \              0x00         
   \   00000108   0x00000000         DC32 0H
   \   0000010C   0x0001             DC16 1
   \   0000010E   0x46 0x4C          DC8 "FLAG_MDB_CSH"
   \              0x41 0x47    
   \              0x5F 0x4D    
   \              0x44 0x42    
   \              0x5F 0x43    
   \              0x53 0x48    
   \              0x00         
   \   0000011B   0x00 0x00          DC8 0, 0, 0, 0, 0, 0, 0, 0, 0, 0, 0, 0, 0, 0, 0, 0, 0, 0, 0
   \              0x00 0x00    
   \              0x00 0x00    
   \              0x00 0x00    
   \              0x00 0x00    
   \              0x00 0x00    
   \              0x00 0x00    
   \              0x00 0x00    
   \              0x00 0x00    
   \              0x00         
   \   0000012E   0x4E 0x55          DC8 4EH, 55H, 4DH
   \              0x4D         
   \   00000131   0x00 0x00          DC8 0, 0, 0
   \              0x00         
   \   00000134   0x0000000A         DC32 0AH
   \   00000138   0x0004             DC16 4
   \   0000013A   0x42 0x41          DC8 "BAUD_PRINTER"
   \              0x55 0x44    
   \              0x5F 0x50    
   \              0x52 0x49    
   \              0x4E 0x54    
   \              0x45 0x52    
   \              0x00         
   \   00000147   0x00 0x00          DC8 0, 0, 0, 0, 0, 0, 0, 0, 0, 0, 0, 0, 0, 0, 0, 0, 0, 0, 0
   \              0x00 0x00    
   \              0x00 0x00    
   \              0x00 0x00    
   \              0x00 0x00    
   \              0x00 0x00    
   \              0x00 0x00    
   \              0x00 0x00    
   \              0x00 0x00    
   \              0x00         
   \   0000015A   0x4E 0x55          DC8 4EH, 55H, 4DH
   \              0x4D         
   \   0000015D   0x00 0x00          DC8 0, 0, 0
   \              0x00         
   \   00000160   0x0000000A         DC32 0AH
   \   00000164   0x0004             DC16 4
   \   00000166   0x56 0x41          DC8 "VALOR_PULSO_MOED"
   \              0x4C 0x4F    
   \              0x52 0x5F    
   \              0x50 0x55    
   \              0x4C 0x53    
   \              0x4F 0x5F    
   \              0x4D 0x4F    
   \              0x45 0x44    
   \              0x00         
   \   00000177   0x00 0x00          DC8 0, 0, 0, 0, 0, 0, 0, 0, 0, 0, 0, 0, 0, 0, 0
   \              0x00 0x00    
   \              0x00 0x00    
   \              0x00 0x00    
   \              0x00 0x00    
   \              0x00 0x00    
   \              0x00 0x00    
   \              0x00         
   \   00000186   0x4E 0x55          DC8 4EH, 55H, 4DH
   \              0x4D         
   \   00000189   0x00 0x00          DC8 0, 0, 0
   \              0x00         
   \   0000018C   0x0000000A         DC32 0AH
   \   00000190   0x0004             DC16 4
   \   00000192   0x56 0x41          DC8 "VALOR_PULSO_NOT"
   \              0x4C 0x4F    
   \              0x52 0x5F    
   \              0x50 0x55    
   \              0x4C 0x53    
   \              0x4F 0x5F    
   \              0x4E 0x4F    
   \              0x54 0x00    
   \   000001A2   0x00 0x00          DC8 0, 0, 0, 0, 0, 0, 0, 0, 0, 0, 0, 0, 0, 0, 0, 0
   \              0x00 0x00    
   \              0x00 0x00    
   \              0x00 0x00    
   \              0x00 0x00    
   \              0x00 0x00    
   \              0x00 0x00    
   \              0x00 0x00    
   \   000001B2   0x4E 0x55          DC8 4EH, 55H, 4DH
   \              0x4D         
   \   000001B5   0x00 0x00          DC8 0, 0, 0
   \              0x00         
   \   000001B8   0x00000000         DC32 0H
   \   000001BC   0x0004             DC16 4
   \   000001BE   0x43 0x4F          DC8 "CONTAGEM_PARCIAL"
   \              0x4E 0x54    
   \              0x41 0x47    
   \              0x45 0x4D    
   \              0x5F 0x50    
   \              0x41 0x52    
   \              0x43 0x49    
   \              0x41 0x4C    
   \              0x00         
   \   000001CF   0x00 0x00          DC8 0, 0, 0, 0, 0, 0, 0, 0, 0, 0, 0, 0, 0, 0, 0
   \              0x00 0x00    
   \              0x00 0x00    
   \              0x00 0x00    
   \              0x00 0x00    
   \              0x00 0x00    
   \              0x00 0x00    
   \              0x00         
   \   000001DE   0x4E 0x55          DC8 4EH, 55H, 4DH
   \              0x4D         
   \   000001E1   0x00 0x00          DC8 0, 0, 0
   \              0x00         
   \   000001E4   0x00000000         DC32 0H
   \   000001E8   0x0004             DC16 4
   \   000001EA   0x43 0x4F          DC8 "CONTAGEM_TOTAL"
   \              0x4E 0x54    
   \              0x41 0x47    
   \              0x45 0x4D    
   \              0x5F 0x54    
   \              0x4F 0x54    
   \              0x41 0x4C    
   \              0x00         
   \   000001F9   0x00 0x00          DC8 0, 0, 0, 0, 0, 0, 0, 0, 0, 0, 0, 0, 0, 0, 0, 0, 0
   \              0x00 0x00    
   \              0x00 0x00    
   \              0x00 0x00    
   \              0x00 0x00    
   \              0x00 0x00    
   \              0x00 0x00    
   \              0x00 0x00    
   \              0x00         
   \   0000020A   0x4E 0x55          DC8 4EH, 55H, 4DH
   \              0x4D         
   \   0000020D   0x00 0x00          DC8 0, 0, 0
   \              0x00         
   \   00000210   0x00000000         DC32 0H
   \   00000214   0x0004             DC16 4
   \   00000216   0x4D 0x4F          DC8 "MOEDA_PARCIAL"
   \              0x45 0x44    
   \              0x41 0x5F    
   \              0x50 0x41    
   \              0x52 0x43    
   \              0x49 0x41    
   \              0x4C 0x00    
   \   00000224   0x00 0x00          DC8 0, 0, 0, 0, 0, 0, 0, 0, 0, 0, 0, 0, 0, 0, 0, 0, 0, 0
   \              0x00 0x00    
   \              0x00 0x00    
   \              0x00 0x00    
   \              0x00 0x00    
   \              0x00 0x00    
   \              0x00 0x00    
   \              0x00 0x00    
   \              0x00 0x00    
   \   00000236   0x4E 0x55          DC8 4EH, 55H, 4DH
   \              0x4D         
   \   00000239   0x00 0x00          DC8 0, 0, 0
   \              0x00         
   \   0000023C   0x00000000         DC32 0H
   \   00000240   0x0004             DC16 4
   \   00000242   0x4D 0x4F          DC8 "MOEDA_TOTAL"
   \              0x45 0x44    
   \              0x41 0x5F    
   \              0x54 0x4F    
   \              0x54 0x41    
   \              0x4C 0x00    
   \   0000024E   0x00 0x00          DC8 0, 0, 0, 0, 0, 0, 0, 0, 0, 0, 0, 0, 0, 0, 0, 0, 0, 0, 0, 0
   \              0x00 0x00    
   \              0x00 0x00    
   \              0x00 0x00    
   \              0x00 0x00    
   \              0x00 0x00    
   \              0x00 0x00    
   \              0x00 0x00    
   \              0x00 0x00    
   \              0x00 0x00    
   \   00000262   0x4E 0x55          DC8 4EH, 55H, 4DH
   \              0x4D         
   \   00000265   0x00 0x00          DC8 0, 0, 0
   \              0x00         
   \   00000268   0x00000000         DC32 0H
   \   0000026C   0x0004             DC16 4
   \   0000026E   0x43 0x41          DC8 "CARTAO_PARCIAL"
   \              0x52 0x54    
   \              0x41 0x4F    
   \              0x5F 0x50    
   \              0x41 0x52    
   \              0x43 0x49    
   \              0x41 0x4C    
   \              0x00         
   \   0000027D   0x00 0x00          DC8 0, 0, 0, 0, 0, 0, 0, 0, 0, 0, 0, 0, 0, 0, 0, 0, 0
   \              0x00 0x00    
   \              0x00 0x00    
   \              0x00 0x00    
   \              0x00 0x00    
   \              0x00 0x00    
   \              0x00 0x00    
   \              0x00 0x00    
   \              0x00         
   \   0000028E   0x4E 0x55          DC8 4EH, 55H, 4DH
   \              0x4D         
   \   00000291   0x00 0x00          DC8 0, 0, 0
   \              0x00         
   \   00000294   0x00000000         DC32 0H
   \   00000298   0x0004             DC16 4
   \   0000029A   0x43 0x41          DC8 "CARTAO_TOTAL"
   \              0x52 0x54    
   \              0x41 0x4F    
   \              0x5F 0x54    
   \              0x4F 0x54    
   \              0x41 0x4C    
   \              0x00         
   \   000002A7   0x00 0x00          DC8 0, 0, 0, 0, 0, 0, 0, 0, 0, 0, 0, 0, 0, 0, 0, 0, 0, 0, 0
   \              0x00 0x00    
   \              0x00 0x00    
   \              0x00 0x00    
   \              0x00 0x00    
   \              0x00 0x00    
   \              0x00 0x00    
   \              0x00 0x00    
   \              0x00 0x00    
   \              0x00         
   \   000002BA   0x4E 0x55          DC8 4EH, 55H, 4DH
   \              0x4D         
   \   000002BD   0x00 0x00          DC8 0, 0, 0
   \              0x00         
   \   000002C0   0x00000000         DC32 0H
   \   000002C4   0x0004             DC16 4
   \   000002C6   0x55 0x4E          DC8 "UNI_CARTAO_PARCIAL"
   \              0x49 0x5F    
   \              0x43 0x41    
   \              0x52 0x54    
   \              0x41 0x4F    
   \              0x5F 0x50    
   \              0x41 0x52    
   \              0x43 0x49    
   \              0x41 0x4C    
   \              0x00         
   \   000002D9   0x00 0x00          DC8 0, 0, 0, 0, 0, 0, 0, 0, 0, 0, 0, 0, 0
   \              0x00 0x00    
   \              0x00 0x00    
   \              0x00 0x00    
   \              0x00 0x00    
   \              0x00 0x00    
   \              0x00         
   \   000002E6   0x4E 0x55          DC8 4EH, 55H, 4DH
   \              0x4D         
   \   000002E9   0x00 0x00          DC8 0, 0, 0
   \              0x00         
   \   000002EC   0x00000000         DC32 0H
   \   000002F0   0x0004             DC16 4
   \   000002F2   0x55 0x4E          DC8 "UNI_CARTAO_TOTAL"
   \              0x49 0x5F    
   \              0x43 0x41    
   \              0x52 0x54    
   \              0x41 0x4F    
   \              0x5F 0x54    
   \              0x4F 0x54    
   \              0x41 0x4C    
   \              0x00         
   \   00000303   0x00 0x00          DC8 0, 0, 0, 0, 0, 0, 0, 0, 0, 0, 0, 0, 0, 0, 0
   \              0x00 0x00    
   \              0x00 0x00    
   \              0x00 0x00    
   \              0x00 0x00    
   \              0x00 0x00    
   \              0x00 0x00    
   \              0x00         
   \   00000312   0x4E 0x55          DC8 4EH, 55H, 4DH
   \              0x4D         
   \   00000315   0x00 0x00          DC8 0, 0, 0
   \              0x00         
   \   00000318   0x00000000         DC32 0H
   \   0000031C   0x0004             DC16 4
   \   0000031E   0x49 0x4E          DC8 "INICIO_MUSICA"
   \              0x49 0x43    
   \              0x49 0x4F    
   \              0x5F 0x4D    
   \              0x55 0x53    
   \              0x49 0x43    
   \              0x41 0x00    
   \   0000032C   0x00 0x00          DC8 0, 0, 0, 0, 0, 0, 0, 0, 0, 0, 0, 0, 0, 0, 0, 0, 0, 0
   \              0x00 0x00    
   \              0x00 0x00    
   \              0x00 0x00    
   \              0x00 0x00    
   \              0x00 0x00    
   \              0x00 0x00    
   \              0x00 0x00    
   \              0x00 0x00    
   \   0000033E   0x4E 0x55          DC8 4EH, 55H, 4DH
   \              0x4D         
   \   00000341   0x00 0x00          DC8 0, 0, 0
   \              0x00         
   \   00000344   0x00000000         DC32 0H
   \   00000348   0x0004             DC16 4
   \   0000034A   0x49 0x4E          DC8 "INICIO_PROPAGANDA"
   \              0x49 0x43    
   \              0x49 0x4F    
   \              0x5F 0x50    
   \              0x52 0x4F    
   \              0x50 0x41    
   \              0x47 0x41    
   \              0x4E 0x44    
   \              0x41 0x00    
   \   0000035C   0x00 0x00          DC8 0, 0, 0, 0, 0, 0, 0, 0, 0, 0, 0, 0, 0, 0
   \              0x00 0x00    
   \              0x00 0x00    
   \              0x00 0x00    
   \              0x00 0x00    
   \              0x00 0x00    
   \              0x00 0x00    
   \   0000036A   0x4E 0x55          DC8 4EH, 55H, 4DH
   \              0x4D         
   \   0000036D   0x00 0x00          DC8 0, 0, 0
   \              0x00         
   \   00000370   0x00000000         DC32 0H
   \   00000374   0x0004             DC16 4
   \   00000376   0x49 0x4E          DC8 "INICIO_PEGA_PACOTE"
   \              0x49 0x43    
   \              0x49 0x4F    
   \              0x5F 0x50    
   \              0x45 0x47    
   \              0x41 0x5F    
   \              0x50 0x41    
   \              0x43 0x4F    
   \              0x54 0x45    
   \              0x00         
   \   00000389   0x00 0x00          DC8 0, 0, 0, 0, 0, 0, 0, 0, 0, 0, 0, 0, 0
   \              0x00 0x00    
   \              0x00 0x00    
   \              0x00 0x00    
   \              0x00 0x00    
   \              0x00 0x00    
   \              0x00         
   \   00000396   0x4E 0x55          DC8 4EH, 55H, 4DH
   \              0x4D         
   \   00000399   0x00 0x00          DC8 0, 0, 0
   \              0x00         
   \   0000039C   0x00000000         DC32 0H
   \   000003A0   0x0004             DC16 4
   \   000003A2   0x49 0x4E          DC8 "INICIO_PIPOCAS_PRONTAS"
   \              0x49 0x43    
   \              0x49 0x4F    
   \              0x5F 0x50    
   \              0x49 0x50    
   \              0x4F 0x43    
   \              0x41 0x53    
   \              0x5F 0x50    
   \              0x52 0x4F    
   \              0x4E 0x54    
   \              0x41 0x53    
   \              0x00         
   \   000003B9   0x00 0x00          DC8 0, 0, 0, 0, 0, 0, 0, 0, 0
   \              0x00 0x00    
   \              0x00 0x00    
   \              0x00 0x00    
   \              0x00         
   \   000003C2   0x4E 0x55          DC8 4EH, 55H, 4DH
   \              0x4D         
   \   000003C5   0x00 0x00          DC8 0, 0, 0
   \              0x00         
   \   000003C8   0x00000000         DC32 0H
   \   000003CC   0x0004             DC16 4
   \   000003CE   0x54 0x41          DC8 "TAMANHO_BLOCO_MUSICA"
   \              0x4D 0x41    
   \              0x4E 0x48    
   \              0x4F 0x5F    
   \              0x42 0x4C    
   \              0x4F 0x43    
   \              0x4F 0x5F    
   \              0x4D 0x55    
   \              0x53 0x49    
   \              0x43 0x41    
   \              0x00         
   \   000003E3   0x00 0x00          DC8 0, 0, 0, 0, 0, 0, 0, 0, 0, 0, 0
   \              0x00 0x00    
   \              0x00 0x00    
   \              0x00 0x00    
   \              0x00 0x00    
   \              0x00         
   \   000003EE   0x4E 0x55          DC8 4EH, 55H, 4DH
   \              0x4D         
   \   000003F1   0x00 0x00          DC8 0, 0, 0
   \              0x00         
   \   000003F4   0x00000000         DC32 0H
   \   000003F8   0x0004             DC16 4
   \   000003FA   0x54 0x41          DC8 "TAMANHO_LOCUCAO_PROP"
   \              0x4D 0x41    
   \              0x4E 0x48    
   \              0x4F 0x5F    
   \              0x4C 0x4F    
   \              0x43 0x55    
   \              0x43 0x41    
   \              0x4F 0x5F    
   \              0x50 0x52    
   \              0x4F 0x50    
   \              0x00         
   \   0000040F   0x00 0x00          DC8 0, 0, 0, 0, 0, 0, 0, 0, 0, 0, 0
   \              0x00 0x00    
   \              0x00 0x00    
   \              0x00 0x00    
   \              0x00 0x00    
   \              0x00         
   \   0000041A   0x4E 0x55          DC8 4EH, 55H, 4DH
   \              0x4D         
   \   0000041D   0x00 0x00          DC8 0, 0, 0
   \              0x00         
   \   00000420   0x00000000         DC32 0H
   \   00000424   0x0004             DC16 4
   \   00000426   0x54 0x41          DC8 "TAMANHO_PEGA_PACOTE"
   \              0x4D 0x41    
   \              0x4E 0x48    
   \              0x4F 0x5F    
   \              0x50 0x45    
   \              0x47 0x41    
   \              0x5F 0x50    
   \              0x41 0x43    
   \              0x4F 0x54    
   \              0x45 0x00    
   \   0000043A   0x00 0x00          DC8 0, 0, 0, 0, 0, 0, 0, 0, 0, 0, 0, 0
   \              0x00 0x00    
   \              0x00 0x00    
   \              0x00 0x00    
   \              0x00 0x00    
   \              0x00 0x00    
   \   00000446   0x4E 0x55          DC8 4EH, 55H, 4DH
   \              0x4D         
   \   00000449   0x00 0x00          DC8 0, 0, 0
   \              0x00         
   \   0000044C   0x00000000         DC32 0H
   \   00000450   0x0004             DC16 4
   \   00000452   0x54 0x41          DC8 "TAMANHO_PIPOCAS_PRONTAS"
   \              0x4D 0x41    
   \              0x4E 0x48    
   \              0x4F 0x5F    
   \              0x50 0x49    
   \              0x50 0x4F    
   \              0x43 0x41    
   \              0x53 0x5F    
   \              0x50 0x52    
   \              0x4F 0x4E    
   \              0x54 0x41    
   \              0x53 0x00    
   \   0000046A   0x00 0x00          DC8 0, 0, 0, 0, 0, 0, 0, 0
   \              0x00 0x00    
   \              0x00 0x00    
   \              0x00 0x00    
   \   00000472   0x4E 0x55          DC8 4EH, 55H, 4DH
   \              0x4D         
   \   00000475   0x00 0x00          DC8 0, 0, 0
   \              0x00         
   \   00000478   0x00000000         DC32 0H
   \   0000047C   0x0004             DC16 4
   \   0000047E   0x54 0x45          DC8 "TEMPERATURA_PREPARO"
   \              0x4D 0x50    
   \              0x45 0x52    
   \              0x41 0x54    
   \              0x55 0x52    
   \              0x41 0x5F    
   \              0x50 0x52    
   \              0x45 0x50    
   \              0x41 0x52    
   \              0x4F 0x00    
   \   00000492   0x00 0x00          DC8 0, 0, 0, 0, 0, 0, 0, 0, 0, 0, 0, 0
   \              0x00 0x00    
   \              0x00 0x00    
   \              0x00 0x00    
   \              0x00 0x00    
   \              0x00 0x00    
   \   0000049E   0x4E 0x55          DC8 4EH, 55H, 4DH
   \              0x4D         
   \   000004A1   0x00 0x00          DC8 0, 0, 0
   \              0x00         
   \   000004A4   0x00000000         DC32 0H
   \   000004A8   0x0004             DC16 4
   \   000004AA   0x56 0x45          DC8 "VELOCIDADE_PREPARAO"
   \              0x4C 0x4F    
   \              0x43 0x49    
   \              0x44 0x41    
   \              0x44 0x45    
   \              0x5F 0x50    
   \              0x52 0x45    
   \              0x50 0x41    
   \              0x52 0x41    
   \              0x4F 0x00    
   \   000004BE   0x00 0x00          DC8 0, 0, 0, 0, 0, 0, 0, 0, 0, 0, 0, 0
   \              0x00 0x00    
   \              0x00 0x00    
   \              0x00 0x00    
   \              0x00 0x00    
   \              0x00 0x00    
   \   000004CA   0x4E 0x55          DC8 4EH, 55H, 4DH
   \              0x4D         
   \   000004CD   0x00 0x00          DC8 0, 0, 0
   \              0x00         
   \   000004D0   0x00000000         DC32 0H
   \   000004D4   0x0004             DC16 4
   \   000004D6   0x54 0x45          DC8 "TEMPO_MOTOR_EMBALAGEM"
   \              0x4D 0x50    
   \              0x4F 0x5F    
   \              0x4D 0x4F    
   \              0x54 0x4F    
   \              0x52 0x5F    
   \              0x45 0x4D    
   \              0x42 0x41    
   \              0x4C 0x41    
   \              0x47 0x45    
   \              0x4D 0x00    
   \   000004EC   0x00 0x00          DC8 0, 0, 0, 0, 0, 0, 0, 0, 0, 0
   \              0x00 0x00    
   \              0x00 0x00    
   \              0x00 0x00    
   \              0x00 0x00    
   \   000004F6   0x4E 0x55          DC8 4EH, 55H, 4DH
   \              0x4D         
   \   000004F9   0x00 0x00          DC8 0, 0, 0
   \              0x00         
   \   000004FC   0x00000000         DC32 0H
   \   00000500   0x0004             DC16 4
   \   00000502   0x56 0x4F          DC8 "VOLUME_MUSICA"
   \              0x4C 0x55    
   \              0x4D 0x45    
   \              0x5F 0x4D    
   \              0x55 0x53    
   \              0x49 0x43    
   \              0x41 0x00    
   \   00000510   0x00 0x00          DC8 0, 0, 0, 0, 0, 0, 0, 0, 0, 0, 0, 0, 0, 0, 0, 0, 0, 0
   \              0x00 0x00    
   \              0x00 0x00    
   \              0x00 0x00    
   \              0x00 0x00    
   \              0x00 0x00    
   \              0x00 0x00    
   \              0x00 0x00    
   \              0x00 0x00    
   \   00000522   0x4E 0x55          DC8 4EH, 55H, 4DH
   \              0x4D         
   \   00000525   0x00 0x00          DC8 0, 0, 0
   \              0x00         
   \   00000528   0x00000000         DC32 0H
   \   0000052C   0x0004             DC16 4
   \   0000052E   0x56 0x4F          DC8 "VOLUME_LOCUCAO"
   \              0x4C 0x55    
   \              0x4D 0x45    
   \              0x5F 0x4C    
   \              0x4F 0x43    
   \              0x55 0x43    
   \              0x41 0x4F    
   \              0x00         
   \   0000053D   0x00 0x00          DC8 0, 0, 0, 0, 0, 0, 0, 0, 0, 0, 0, 0, 0, 0, 0, 0, 0
   \              0x00 0x00    
   \              0x00 0x00    
   \              0x00 0x00    
   \              0x00 0x00    
   \              0x00 0x00    
   \              0x00 0x00    
   \              0x00 0x00    
   \              0x00         
   \   0000054E   0x4E 0x55          DC8 4EH, 55H, 4DH
   \              0x4D         
   \   00000551   0x00 0x00          DC8 0, 0, 0
   \              0x00         
   \   00000554   0x00000000         DC32 0H
   \   00000558   0x0004             DC16 4
   \   0000055A   0x49 0x4E          DC8 "INTERVALO_PROP"
   \              0x54 0x45    
   \              0x52 0x56    
   \              0x41 0x4C    
   \              0x4F 0x5F    
   \              0x50 0x52    
   \              0x4F 0x50    
   \              0x00         
   \   00000569   0x00 0x00          DC8 0, 0, 0, 0, 0, 0, 0, 0, 0, 0, 0, 0, 0, 0, 0, 0, 0
   \              0x00 0x00    
   \              0x00 0x00    
   \              0x00 0x00    
   \              0x00 0x00    
   \              0x00 0x00    
   \              0x00 0x00    
   \              0x00 0x00    
   \              0x00         
   \   0000057A   0x4E 0x55          DC8 4EH, 55H, 4DH
   \              0x4D         
   \   0000057D   0x00 0x00          DC8 0, 0, 0
   \              0x00         
   \   00000580   0x00000000         DC32 0H
   \   00000584   0x0001             DC16 1
   \   00000586   0x46 0x52          DC8 "FREE"
   \              0x45 0x45    
   \              0x00         
   \   0000058B   0x00 0x00          DC8 0, 0, 0, 0, 0, 0, 0, 0, 0, 0, 0, 0, 0, 0, 0, 0
   \              0x00 0x00    
   \              0x00 0x00    
   \              0x00 0x00    
   \              0x00 0x00    
   \              0x00 0x00    
   \              0x00 0x00    
   \              0x00 0x00    
   \   0000059B   0x00 0x00          DC8 0, 0, 0, 0, 0, 0, 0, 0, 0, 0, 0
   \              0x00 0x00    
   \              0x00 0x00    
   \              0x00 0x00    
   \              0x00 0x00    
   \              0x00         
   \   000005A6   0x4E 0x55          DC8 4EH, 55H, 4DH
   \              0x4D         
   \   000005A9   0x00 0x00          DC8 0, 0, 0
   \              0x00         
   \   000005AC   0x00000000         DC32 0H
   \   000005B0   0x0001             DC16 1
   \   000005B2   0x46 0x49          DC8 "FITA_LED"
   \              0x54 0x41    
   \              0x5F 0x4C    
   \              0x45 0x44    
   \              0x00         
   \   000005BB   0x00 0x00          DC8 0, 0, 0, 0, 0, 0, 0, 0, 0, 0, 0, 0, 0, 0, 0, 0, 0, 0, 0, 0, 0, 0, 0
   \              0x00 0x00    
   \              0x00 0x00    
   \              0x00 0x00    
   \              0x00 0x00    
   \              0x00 0x00    
   \              0x00 0x00    
   \              0x00 0x00    
   \              0x00 0x00    
   \              0x00 0x00    
   \              0x00 0x00    
   \              0x00         
   \   000005D2   0x4E 0x55          DC8 4EH, 55H, 4DH
   \              0x4D         
   \   000005D5   0x00 0x00          DC8 0, 0, 0
   \              0x00         
   \   000005D8   0x00000000         DC32 0H
   \   000005DC   0x0001             DC16 1
   \   000005DE   0x54 0x52          DC8 "TROCO_MOEDA"
   \              0x4F 0x43    
   \              0x4F 0x5F    
   \              0x4D 0x4F    
   \              0x45 0x44    
   \              0x41 0x00    
   \   000005EA   0x00 0x00          DC8 0, 0, 0, 0, 0, 0, 0, 0, 0, 0, 0, 0, 0, 0, 0, 0, 0, 0, 0, 0
   \              0x00 0x00    
   \              0x00 0x00    
   \              0x00 0x00    
   \              0x00 0x00    
   \              0x00 0x00    
   \              0x00 0x00    
   \              0x00 0x00    
   \              0x00 0x00    
   \              0x00 0x00    
   \   000005FE   0x4E 0x55          DC8 4EH, 55H, 4DH
   \              0x4D         
   \   00000601   0x00 0x00          DC8 0, 0, 0
   \              0x00         
   \   00000604   0x00000000         DC32 0H
   \   00000608   0x0004             DC16 4
   \   0000060A   0x53 0x45          DC8 "SENHA_ADMIN"
   \              0x4E 0x48    
   \              0x41 0x5F    
   \              0x41 0x44    
   \              0x4D 0x49    
   \              0x4E 0x00    
   \   00000616   0x00 0x00          DC8 0, 0, 0, 0, 0, 0, 0, 0, 0, 0, 0, 0, 0, 0, 0, 0, 0, 0, 0, 0
   \              0x00 0x00    
   \              0x00 0x00    
   \              0x00 0x00    
   \              0x00 0x00    
   \              0x00 0x00    
   \              0x00 0x00    
   \              0x00 0x00    
   \              0x00 0x00    
   \              0x00 0x00    
   \   0000062A   0x4E 0x55          DC8 4EH, 55H, 4DH
   \              0x4D         
   \   0000062D   0x00 0x00          DC8 0, 0, 0
   \              0x00         
   \   00000630   0x00000000         DC32 0H
   \   00000634   0x0004             DC16 4
   \   00000636   0x4E 0x55          DC8 "NUMERO_SERIE"
   \              0x4D 0x45    
   \              0x52 0x4F    
   \              0x5F 0x53    
   \              0x45 0x52    
   \              0x49 0x45    
   \              0x00         
   \   00000643   0x00 0x00          DC8 0, 0, 0, 0, 0, 0, 0, 0, 0, 0, 0, 0, 0, 0, 0, 0, 0, 0, 0
   \              0x00 0x00    
   \              0x00 0x00    
   \              0x00 0x00    
   \              0x00 0x00    
   \              0x00 0x00    
   \              0x00 0x00    
   \              0x00 0x00    
   \              0x00 0x00    
   \              0x00         
   \   00000656   0x4E 0x55          DC8 4EH, 55H, 4DH
   \              0x4D         
   \   00000659   0x00 0x00          DC8 0, 0, 0
   \              0x00         
   \   0000065C   0x00000000         DC32 0H
   \   00000660   0x0004             DC16 4
   \   00000662   0x43 0x4F          DC8 "COMISSAO_PONTO"
   \              0x4D 0x49    
   \              0x53 0x53    
   \              0x41 0x4F    
   \              0x5F 0x50    
   \              0x4F 0x4E    
   \              0x54 0x4F    
   \              0x00         
   \   00000671   0x00 0x00          DC8 0, 0, 0, 0, 0, 0, 0, 0, 0, 0, 0, 0, 0, 0, 0, 0, 0
   \              0x00 0x00    
   \              0x00 0x00    
   \              0x00 0x00    
   \              0x00 0x00    
   \              0x00 0x00    
   \              0x00 0x00    
   \              0x00 0x00    
   \              0x00         
   \   00000682   0x4E 0x55          DC8 4EH, 55H, 4DH
   \              0x4D         
   \   00000685   0x00 0x00          DC8 0, 0, 0
   \              0x00         
   \   00000688   0x00000000         DC32 0H
   \   0000068C   0x0001             DC16 1
   \   0000068E   0x46 0x4C          DC8 "FLG_DESUMID"
   \              0x47 0x5F    
   \              0x44 0x45    
   \              0x53 0x55    
   \              0x4D 0x49    
   \              0x44 0x00    
   \   0000069A   0x00 0x00          DC8 0, 0, 0, 0, 0, 0, 0, 0, 0, 0, 0, 0, 0, 0, 0, 0, 0, 0, 0, 0
   \              0x00 0x00    
   \              0x00 0x00    
   \              0x00 0x00    
   \              0x00 0x00    
   \              0x00 0x00    
   \              0x00 0x00    
   \              0x00 0x00    
   \              0x00 0x00    
   \              0x00 0x00    
   \   000006AE   0x4E 0x55          DC8 4EH, 55H, 4DH
   \              0x4D         
   \   000006B1   0x00 0x00          DC8 0, 0, 0
   \              0x00         
   \   000006B4   0x00000000         DC32 0H
   \   000006B8   0x0004             DC16 4
   \   000006BA   0x63 0x6E          DC8 "cnt_pip_teste"
   \              0x74 0x5F    
   \              0x70 0x69    
   \              0x70 0x5F    
   \              0x74 0x65    
   \              0x73 0x74    
   \              0x65 0x00    
   \   000006C8   0x00 0x00          DC8 0, 0, 0, 0, 0, 0, 0, 0, 0, 0, 0, 0, 0, 0, 0, 0, 0, 0
   \              0x00 0x00    
   \              0x00 0x00    
   \              0x00 0x00    
   \              0x00 0x00    
   \              0x00 0x00    
   \              0x00 0x00    
   \              0x00 0x00    
   \              0x00 0x00    
   \   000006DA   0x4E 0x55          DC8 4EH, 55H, 4DH
   \              0x4D         
   \   000006DD   0x00 0x00          DC8 0, 0, 0
   \              0x00         
   \   000006E0   0x00000000         DC32 0H
   \   000006E4   0x00 0x00          DC8 0, 0, 0, 0, 0, 0, 0, 0, 0, 0, 0, 0, 0, 0, 0, 0
   \              0x00 0x00    
   \              0x00 0x00    
   \              0x00 0x00    
   \              0x00 0x00    
   \              0x00 0x00    
   \              0x00 0x00    
   \              0x00 0x00    
   \   000006F4   0x00 0x00          DC8 0, 0, 0, 0, 0, 0, 0, 0, 0, 0, 0, 0, 0, 0, 0, 0
   \              0x00 0x00    
   \              0x00 0x00    
   \              0x00 0x00    
   \              0x00 0x00    
   \              0x00 0x00    
   \              0x00 0x00    
   \              0x00 0x00    
   \   00000704   0x00 0x00          DC8 0, 0, 0, 0, 0, 0, 0, 0
   \              0x00 0x00    
   \              0x00 0x00    
   \              0x00 0x00    
   \   0000070C   0x00000000         DC32 0H
   \   00000710   0x00 0x00          DC8 0, 0, 0, 0, 0, 0, 0, 0, 0, 0, 0, 0, 0, 0, 0, 0
   \              0x00 0x00    
   \              0x00 0x00    
   \              0x00 0x00    
   \              0x00 0x00    
   \              0x00 0x00    
   \              0x00 0x00    
   \              0x00 0x00    
   \   00000720   0x00 0x00          DC8 0, 0, 0, 0, 0, 0, 0, 0, 0, 0, 0, 0, 0, 0, 0, 0
   \              0x00 0x00    
   \              0x00 0x00    
   \              0x00 0x00    
   \              0x00 0x00    
   \              0x00 0x00    
   \              0x00 0x00    
   \              0x00 0x00    
   \   00000730   0x00 0x00          DC8 0, 0, 0, 0, 0, 0, 0, 0
   \              0x00 0x00    
   \              0x00 0x00    
   \              0x00 0x00    
   \   00000738   0x00000000         DC32 0H
   \   0000073C   0x00 0x00          DC8 0, 0, 0, 0, 0, 0, 0, 0, 0, 0, 0, 0, 0, 0, 0, 0
   \              0x00 0x00    
   \              0x00 0x00    
   \              0x00 0x00    
   \              0x00 0x00    
   \              0x00 0x00    
   \              0x00 0x00    
   \              0x00 0x00    
   \   0000074C   0x00 0x00          DC8 0, 0, 0, 0, 0, 0, 0, 0, 0, 0, 0, 0, 0, 0, 0, 0
   \              0x00 0x00    
   \              0x00 0x00    
   \              0x00 0x00    
   \              0x00 0x00    
   \              0x00 0x00    
   \              0x00 0x00    
   \              0x00 0x00    
   \   0000075C   0x00 0x00          DC8 0, 0, 0, 0, 0, 0, 0, 0
   \              0x00 0x00    
   \              0x00 0x00    
   \              0x00 0x00    
   \   00000764   0x00000000         DC32 0H
   \   00000768   0x00 0x00          DC8 0, 0, 0, 0, 0, 0, 0, 0, 0, 0, 0, 0, 0, 0, 0, 0
   \              0x00 0x00    
   \              0x00 0x00    
   \              0x00 0x00    
   \              0x00 0x00    
   \              0x00 0x00    
   \              0x00 0x00    
   \              0x00 0x00    
   \   00000778   0x00 0x00          DC8 0, 0, 0, 0, 0, 0, 0, 0, 0, 0, 0, 0, 0, 0, 0, 0
   \              0x00 0x00    
   \              0x00 0x00    
   \              0x00 0x00    
   \              0x00 0x00    
   \              0x00 0x00    
   \              0x00 0x00    
   \              0x00 0x00    
   \   00000788   0x00 0x00          DC8 0, 0, 0, 0, 0, 0, 0, 0
   \              0x00 0x00    
   \              0x00 0x00    
   \              0x00 0x00    
   \   00000790   0x00000000         DC32 0H
   \   00000794   0x00 0x00          DC8 0, 0, 0, 0, 0, 0, 0, 0, 0, 0, 0, 0, 0, 0, 0, 0
   \              0x00 0x00    
   \              0x00 0x00    
   \              0x00 0x00    
   \              0x00 0x00    
   \              0x00 0x00    
   \              0x00 0x00    
   \              0x00 0x00    
   \   000007A4   0x00 0x00          DC8 0, 0, 0, 0, 0, 0, 0, 0, 0, 0, 0, 0, 0, 0, 0, 0
   \              0x00 0x00    
   \              0x00 0x00    
   \              0x00 0x00    
   \              0x00 0x00    
   \              0x00 0x00    
   \              0x00 0x00    
   \              0x00 0x00    
   \   000007B4   0x00 0x00          DC8 0, 0, 0, 0, 0, 0, 0, 0
   \              0x00 0x00    
   \              0x00 0x00    
   \              0x00 0x00    
   \   000007BC   0x00000000         DC32 0H
   \   000007C0   0x00 0x00          DC8 0, 0, 0, 0, 0, 0, 0, 0, 0, 0, 0, 0, 0, 0, 0, 0
   \              0x00 0x00    
   \              0x00 0x00    
   \              0x00 0x00    
   \              0x00 0x00    
   \              0x00 0x00    
   \              0x00 0x00    
   \              0x00 0x00    
   \   000007D0   0x00 0x00          DC8 0, 0, 0, 0, 0, 0, 0, 0, 0, 0, 0, 0, 0, 0, 0, 0
   \              0x00 0x00    
   \              0x00 0x00    
   \              0x00 0x00    
   \              0x00 0x00    
   \              0x00 0x00    
   \              0x00 0x00    
   \              0x00 0x00    
   \   000007E0   0x00 0x00          DC8 0, 0, 0, 0, 0, 0, 0, 0
   \              0x00 0x00    
   \              0x00 0x00    
   \              0x00 0x00    
   \   000007E8   0x00000000         DC32 0H
   \   000007EC   0x00 0x00          DC8 0, 0, 0, 0, 0, 0, 0, 0, 0, 0, 0, 0, 0, 0, 0, 0
   \              0x00 0x00    
   \              0x00 0x00    
   \              0x00 0x00    
   \              0x00 0x00    
   \              0x00 0x00    
   \              0x00 0x00    
   \              0x00 0x00    
   \   000007FC   0x00 0x00          DC8 0, 0, 0, 0, 0, 0, 0, 0, 0, 0, 0, 0, 0, 0, 0, 0
   \              0x00 0x00    
   \              0x00 0x00    
   \              0x00 0x00    
   \              0x00 0x00    
   \              0x00 0x00    
   \              0x00 0x00    
   \              0x00 0x00    
   \   0000080C   0x00 0x00          DC8 0, 0, 0, 0, 0, 0, 0, 0
   \              0x00 0x00    
   \              0x00 0x00    
   \              0x00 0x00    
   \   00000814   0x00000000         DC32 0H
   \   00000818   0x00 0x00          DC8 0, 0, 0, 0, 0, 0, 0, 0, 0, 0, 0, 0, 0, 0, 0, 0
   \              0x00 0x00    
   \              0x00 0x00    
   \              0x00 0x00    
   \              0x00 0x00    
   \              0x00 0x00    
   \              0x00 0x00    
   \              0x00 0x00    
   \   00000828   0x00 0x00          DC8 0, 0, 0, 0, 0, 0, 0, 0, 0, 0, 0, 0, 0, 0, 0, 0
   \              0x00 0x00    
   \              0x00 0x00    
   \              0x00 0x00    
   \              0x00 0x00    
   \              0x00 0x00    
   \              0x00 0x00    
   \              0x00 0x00    
   \   00000838   0x00 0x00          DC8 0, 0, 0, 0, 0, 0, 0, 0
   \              0x00 0x00    
   \              0x00 0x00    
   \              0x00 0x00    
   \   00000840   0x00000000         DC32 0H
   \   00000844   0x00 0x00          DC8 0, 0, 0, 0, 0, 0, 0, 0, 0, 0, 0, 0, 0, 0, 0, 0
   \              0x00 0x00    
   \              0x00 0x00    
   \              0x00 0x00    
   \              0x00 0x00    
   \              0x00 0x00    
   \              0x00 0x00    
   \              0x00 0x00    
   \   00000854   0x00 0x00          DC8 0, 0, 0, 0, 0, 0, 0, 0, 0, 0, 0, 0, 0, 0, 0, 0
   \              0x00 0x00    
   \              0x00 0x00    
   \              0x00 0x00    
   \              0x00 0x00    
   \              0x00 0x00    
   \              0x00 0x00    
   \              0x00 0x00    
   \   00000864   0x00 0x00          DC8 0, 0, 0, 0, 0, 0, 0, 0
   \              0x00 0x00    
   \              0x00 0x00    
   \              0x00 0x00    
   \   0000086C   0x00000000         DC32 0H
   \   00000870   0x00 0x00          DC8 0, 0, 0, 0, 0, 0, 0, 0, 0, 0, 0, 0, 0, 0, 0, 0
   \              0x00 0x00    
   \              0x00 0x00    
   \              0x00 0x00    
   \              0x00 0x00    
   \              0x00 0x00    
   \              0x00 0x00    
   \              0x00 0x00    
   \   00000880   0x00 0x00          DC8 0, 0, 0, 0, 0, 0, 0, 0, 0, 0, 0, 0, 0, 0, 0, 0
   \              0x00 0x00    
   \              0x00 0x00    
   \              0x00 0x00    
   \              0x00 0x00    
   \              0x00 0x00    
   \              0x00 0x00    
   \              0x00 0x00    
   \   00000890   0x00 0x00          DC8 0, 0, 0, 0, 0, 0, 0, 0
   \              0x00 0x00    
   \              0x00 0x00    
   \              0x00 0x00    
   \   00000898   0x00000000         DC32 0H
   \   0000089C   0x00 0x00          DC8 0, 0, 0, 0, 0, 0, 0, 0, 0, 0, 0, 0, 0, 0, 0, 0
   \              0x00 0x00    
   \              0x00 0x00    
   \              0x00 0x00    
   \              0x00 0x00    
   \              0x00 0x00    
   \              0x00 0x00    
   \              0x00 0x00    
   \   000008AC   0x00 0x00          DC8 0, 0, 0, 0, 0, 0, 0, 0, 0, 0, 0, 0, 0, 0, 0, 0
   \              0x00 0x00    
   \              0x00 0x00    
   \              0x00 0x00    
   \              0x00 0x00    
   \              0x00 0x00    
   \              0x00 0x00    
   \              0x00 0x00    
   \   000008BC   0x00 0x00          DC8 0, 0, 0, 0, 0, 0, 0, 0
   \              0x00 0x00    
   \              0x00 0x00    
   \              0x00 0x00    
   \   000008C4   0x00000000         DC32 0H
   \   000008C8   0x00 0x00          DC8 0, 0, 0, 0, 0, 0, 0, 0, 0, 0, 0, 0, 0, 0, 0, 0
   \              0x00 0x00    
   \              0x00 0x00    
   \              0x00 0x00    
   \              0x00 0x00    
   \              0x00 0x00    
   \              0x00 0x00    
   \              0x00 0x00    
   \   000008D8   0x00 0x00          DC8 0, 0, 0, 0, 0, 0, 0, 0, 0, 0, 0, 0, 0, 0, 0, 0
   \              0x00 0x00    
   \              0x00 0x00    
   \              0x00 0x00    
   \              0x00 0x00    
   \              0x00 0x00    
   \              0x00 0x00    
   \              0x00 0x00    
   \   000008E8   0x00 0x00          DC8 0, 0, 0, 0, 0, 0, 0, 0
   \              0x00 0x00    
   \              0x00 0x00    
   \              0x00 0x00    
   \   000008F0   0x00000000         DC32 0H
   \   000008F4   0x00 0x00          DC8 0, 0, 0, 0, 0, 0, 0, 0, 0, 0, 0, 0, 0, 0, 0, 0
   \              0x00 0x00    
   \              0x00 0x00    
   \              0x00 0x00    
   \              0x00 0x00    
   \              0x00 0x00    
   \              0x00 0x00    
   \              0x00 0x00    
   \   00000904   0x00 0x00          DC8 0, 0, 0, 0, 0, 0, 0, 0, 0, 0, 0, 0, 0, 0, 0, 0
   \              0x00 0x00    
   \              0x00 0x00    
   \              0x00 0x00    
   \              0x00 0x00    
   \              0x00 0x00    
   \              0x00 0x00    
   \              0x00 0x00    
   \   00000914   0x00 0x00          DC8 0, 0, 0, 0, 0, 0, 0, 0
   \              0x00 0x00    
   \              0x00 0x00    
   \              0x00 0x00    
   \   0000091C   0x00000000         DC32 0H
   \   00000920   0x00 0x00          DC8 0, 0, 0, 0, 0, 0, 0, 0, 0, 0, 0, 0, 0, 0, 0, 0
   \              0x00 0x00    
   \              0x00 0x00    
   \              0x00 0x00    
   \              0x00 0x00    
   \              0x00 0x00    
   \              0x00 0x00    
   \              0x00 0x00    
   \   00000930   0x00 0x00          DC8 0, 0, 0, 0, 0, 0, 0, 0, 0, 0, 0, 0, 0, 0, 0, 0
   \              0x00 0x00    
   \              0x00 0x00    
   \              0x00 0x00    
   \              0x00 0x00    
   \              0x00 0x00    
   \              0x00 0x00    
   \              0x00 0x00    
   \   00000940   0x00 0x00          DC8 0, 0, 0, 0, 0, 0, 0, 0
   \              0x00 0x00    
   \              0x00 0x00    
   \              0x00 0x00    
   \   00000948   0x00000000         DC32 0H
   \   0000094C   0x00 0x00          DC8 0, 0, 0, 0, 0, 0, 0, 0, 0, 0, 0, 0, 0, 0, 0, 0
   \              0x00 0x00    
   \              0x00 0x00    
   \              0x00 0x00    
   \              0x00 0x00    
   \              0x00 0x00    
   \              0x00 0x00    
   \              0x00 0x00    
   \   0000095C   0x00 0x00          DC8 0, 0, 0, 0, 0, 0, 0, 0, 0, 0, 0, 0, 0, 0, 0, 0
   \              0x00 0x00    
   \              0x00 0x00    
   \              0x00 0x00    
   \              0x00 0x00    
   \              0x00 0x00    
   \              0x00 0x00    
   \              0x00 0x00    
   \   0000096C   0x00 0x00          DC8 0, 0, 0, 0, 0, 0, 0, 0
   \              0x00 0x00    
   \              0x00 0x00    
   \              0x00 0x00    
   \   00000974   0x00000000         DC32 0H
   \   00000978   0x00 0x00          DC8 0, 0, 0, 0, 0, 0, 0, 0, 0, 0, 0, 0, 0, 0, 0, 0
   \              0x00 0x00    
   \              0x00 0x00    
   \              0x00 0x00    
   \              0x00 0x00    
   \              0x00 0x00    
   \              0x00 0x00    
   \              0x00 0x00    
   \   00000988   0x00 0x00          DC8 0, 0, 0, 0, 0, 0, 0, 0, 0, 0, 0, 0, 0, 0, 0, 0
   \              0x00 0x00    
   \              0x00 0x00    
   \              0x00 0x00    
   \              0x00 0x00    
   \              0x00 0x00    
   \              0x00 0x00    
   \              0x00 0x00    
   \   00000998   0x00 0x00          DC8 0, 0, 0, 0, 0, 0, 0, 0
   \              0x00 0x00    
   \              0x00 0x00    
   \              0x00 0x00    
   \   000009A0   0x00000000         DC32 0H
   \   000009A4   0x00 0x00          DC8 0, 0, 0, 0, 0, 0, 0, 0, 0, 0, 0, 0, 0, 0, 0, 0
   \              0x00 0x00    
   \              0x00 0x00    
   \              0x00 0x00    
   \              0x00 0x00    
   \              0x00 0x00    
   \              0x00 0x00    
   \              0x00 0x00    
   \   000009B4   0x00 0x00          DC8 0, 0, 0, 0, 0, 0, 0, 0, 0, 0, 0, 0, 0, 0, 0, 0
   \              0x00 0x00    
   \              0x00 0x00    
   \              0x00 0x00    
   \              0x00 0x00    
   \              0x00 0x00    
   \              0x00 0x00    
   \              0x00 0x00    
   \   000009C4   0x00 0x00          DC8 0, 0, 0, 0, 0, 0, 0, 0
   \              0x00 0x00    
   \              0x00 0x00    
   \              0x00 0x00    
   \   000009CC   0x00000000         DC32 0H
   \   000009D0   0x00 0x00          DC8 0, 0, 0, 0, 0, 0, 0, 0, 0, 0, 0, 0, 0, 0, 0, 0
   \              0x00 0x00    
   \              0x00 0x00    
   \              0x00 0x00    
   \              0x00 0x00    
   \              0x00 0x00    
   \              0x00 0x00    
   \              0x00 0x00    
   \   000009E0   0x00 0x00          DC8 0, 0, 0, 0, 0, 0, 0, 0, 0, 0, 0, 0, 0, 0, 0, 0
   \              0x00 0x00    
   \              0x00 0x00    
   \              0x00 0x00    
   \              0x00 0x00    
   \              0x00 0x00    
   \              0x00 0x00    
   \              0x00 0x00    
   \   000009F0   0x00 0x00          DC8 0, 0, 0, 0, 0, 0, 0, 0
   \              0x00 0x00    
   \              0x00 0x00    
   \              0x00 0x00    
   \   000009F8   0x00000000         DC32 0H
   \   000009FC   0x00 0x00          DC8 0, 0, 0, 0, 0, 0, 0, 0, 0, 0, 0, 0, 0, 0, 0, 0
   \              0x00 0x00    
   \              0x00 0x00    
   \              0x00 0x00    
   \              0x00 0x00    
   \              0x00 0x00    
   \              0x00 0x00    
   \              0x00 0x00    
   \   00000A0C   0x00 0x00          DC8 0, 0, 0, 0, 0, 0, 0, 0, 0, 0, 0, 0, 0, 0, 0, 0
   \              0x00 0x00    
   \              0x00 0x00    
   \              0x00 0x00    
   \              0x00 0x00    
   \              0x00 0x00    
   \              0x00 0x00    
   \              0x00 0x00    
   \   00000A1C   0x00 0x00          DC8 0, 0, 0, 0, 0, 0, 0, 0
   \              0x00 0x00    
   \              0x00 0x00    
   \              0x00 0x00    
   \   00000A24   0x00000000         DC32 0H
   \   00000A28   0x00 0x00          DC8 0, 0, 0, 0, 0, 0, 0, 0, 0, 0, 0, 0, 0, 0, 0, 0
   \              0x00 0x00    
   \              0x00 0x00    
   \              0x00 0x00    
   \              0x00 0x00    
   \              0x00 0x00    
   \              0x00 0x00    
   \              0x00 0x00    
   \   00000A38   0x00 0x00          DC8 0, 0, 0, 0, 0, 0, 0, 0, 0, 0, 0, 0, 0, 0, 0, 0
   \              0x00 0x00    
   \              0x00 0x00    
   \              0x00 0x00    
   \              0x00 0x00    
   \              0x00 0x00    
   \              0x00 0x00    
   \              0x00 0x00    
   \   00000A48   0x00 0x00          DC8 0, 0, 0, 0, 0, 0, 0, 0
   \              0x00 0x00    
   \              0x00 0x00    
   \              0x00 0x00    
   \   00000A50   0x........         DC32 `?<Constant "  GRUPO ALTECH  ">`
   \   00000A54   0x0010             DC16 16
   \   00000A56   0x53 0x47          DC8 "SG_CLIENTE_01"
   \              0x5F 0x43    
   \              0x4C 0x49    
   \              0x45 0x4E    
   \              0x54 0x45    
   \              0x5F 0x30    
   \              0x31 0x00    
   \   00000A64   0x00 0x00          DC8 0, 0, 0, 0, 0, 0, 0, 0, 0, 0, 0, 0, 0, 0, 0, 0, 0, 0
   \              0x00 0x00    
   \              0x00 0x00    
   \              0x00 0x00    
   \              0x00 0x00    
   \              0x00 0x00    
   \              0x00 0x00    
   \              0x00 0x00    
   \              0x00 0x00    
   \   00000A76   0x54 0x58          DC8 54H, 58H, 54H
   \              0x54         
   \   00000A79   0x00 0x00          DC8 0, 0, 0
   \              0x00         
   \   00000A7C   0x........         DC32 `?<Constant "  GRUPO ALTECH  ">`
   \   00000A80   0x0010             DC16 16
   \   00000A82   0x53 0x47          DC8 "SG_CLIENTE_02"
   \              0x5F 0x43    
   \              0x4C 0x49    
   \              0x45 0x4E    
   \              0x54 0x45    
   \              0x5F 0x30    
   \              0x32 0x00    
   \   00000A90   0x00 0x00          DC8 0, 0, 0, 0, 0, 0, 0, 0, 0, 0, 0, 0, 0, 0, 0, 0, 0, 0
   \              0x00 0x00    
   \              0x00 0x00    
   \              0x00 0x00    
   \              0x00 0x00    
   \              0x00 0x00    
   \              0x00 0x00    
   \              0x00 0x00    
   \              0x00 0x00    
   \   00000AA2   0x54 0x58          DC8 54H, 58H, 54H
   \              0x54         
   \   00000AA5   0x00 0x00          DC8 0, 0, 0
   \              0x00         
   \   00000AA8   0x........         DC32 `?<Constant "  GRUPO ALTECH  ">`
   \   00000AAC   0x0010             DC16 16
   \   00000AAE   0x53 0x47          DC8 "SG_CLIENTE_03"
   \              0x5F 0x43    
   \              0x4C 0x49    
   \              0x45 0x4E    
   \              0x54 0x45    
   \              0x5F 0x30    
   \              0x33 0x00    
   \   00000ABC   0x00 0x00          DC8 0, 0, 0, 0, 0, 0, 0, 0, 0, 0, 0, 0, 0, 0, 0, 0, 0, 0
   \              0x00 0x00    
   \              0x00 0x00    
   \              0x00 0x00    
   \              0x00 0x00    
   \              0x00 0x00    
   \              0x00 0x00    
   \              0x00 0x00    
   \              0x00 0x00    
   \   00000ACE   0x54 0x58          DC8 54H, 58H, 54H
   \              0x54         
   \   00000AD1   0x00 0x00          DC8 0, 0, 0
   \              0x00         
   \   00000AD4   0x........         DC32 `?<Constant "  GRUPO ALTECH  ">`
   \   00000AD8   0x0010             DC16 16
   \   00000ADA   0x53 0x47          DC8 "SG_CLIENTE_04"
   \              0x5F 0x43    
   \              0x4C 0x49    
   \              0x45 0x4E    
   \              0x54 0x45    
   \              0x5F 0x30    
   \              0x34 0x00    
   \   00000AE8   0x00 0x00          DC8 0, 0, 0, 0, 0, 0, 0, 0, 0, 0, 0, 0, 0, 0, 0, 0, 0, 0
   \              0x00 0x00    
   \              0x00 0x00    
   \              0x00 0x00    
   \              0x00 0x00    
   \              0x00 0x00    
   \              0x00 0x00    
   \              0x00 0x00    
   \              0x00 0x00    
   \   00000AFA   0x54 0x58          DC8 54H, 58H, 54H
   \              0x54         
   \   00000AFD   0x00 0x00          DC8 0, 0, 0
   \              0x00         
   \   00000B00   0x........         DC32 `?<Constant "  GRUPO ALTECH  ">`
   \   00000B04   0x0002             DC16 2
   \   00000B06   0x54 0x49          DC8 "TIPOS_MONEADA"
   \              0x50 0x4F    
   \              0x53 0x5F    
   \              0x4D 0x4F    
   \              0x4E 0x45    
   \              0x41 0x44    
   \              0x41 0x00    
   \   00000B14   0x00 0x00          DC8 0, 0, 0, 0, 0, 0, 0, 0, 0, 0, 0, 0, 0, 0, 0, 0, 0, 0
   \              0x00 0x00    
   \              0x00 0x00    
   \              0x00 0x00    
   \              0x00 0x00    
   \              0x00 0x00    
   \              0x00 0x00    
   \              0x00 0x00    
   \              0x00 0x00    
   \   00000B26   0x69 0x31          DC8 69H, 31H, 36H
   \              0x36         
   \   00000B29   0x00 0x00          DC8 0, 0, 0
   \              0x00         
     39          
     40          
     41          /***********************************************************************************
     42          *       Constantes
     43          ***********************************************************************************/
     44          
     45          
     46          /***********************************************************************************
     47          *       Definições
     48          ***********************************************************************************/
     49          
     50          
     51          /***********************************************************************************
     52          *       Variaveis locais
     53          ***********************************************************************************/

   \                                 In section .bss, align 4
     54          unsigned char PARAMETROS_buffer[2][64];
   \                     PARAMETROS_buffer:
   \   00000000                      DS8 128
     55          
     56          /***********************************************************************************
     57          *       Funções locais
     58          ***********************************************************************************/
     59          
     60          
     61          /***********************************************************************************
     62          *       Implementação das funções
     63          ***********************************************************************************/
     64          
     65          /***********************************************************************************
     66          *       Descrição       :       Inicialização do gerenciador de parametros
     67          *       Parametros      :       nenhum
     68          *       Retorno         :       nenhum
     69          ***********************************************************************************/

   \                                 In section .text, align 2, keep-with-next
     70          void PARAMETROS_ini(void){
   \                     PARAMETROS_ini:
   \   00000000   0xB580             PUSH     {R7,LR}
     71            
     72            MEMORYWRAPPER_init();
   \   00000002   0x.... 0x....      BL       MEMORYWRAPPER_init
     73          }
   \   00000006   0xBD01             POP      {R0,PC}          ;; return
     74          /***********************************************************************************
     75          *       Descrição       :       Resolve o endereço lógico para o físico
     76          *       Parametros      :       (unsigned int) endereço físico do parâmetro
     77          *       Retorno         :       (unsigned int) endereço lógico do parâmetro
     78          ***********************************************************************************/

   \                                 In section .text, align 2, keep-with-next
     79          unsigned int PARAMETROS_resolve_endereco(unsigned int endereco){
   \                     PARAMETROS_resolve_endereco:
   \   00000000   0xB410             PUSH     {R4}
   \   00000002   0x0001             MOVS     R1,R0
     80            unsigned int endereco_fisico=0;
   \   00000004   0x2000             MOVS     R0,#+0
     81          
     82            for(unsigned int i=0;i<endereco;i++)
   \   00000006   0x2200             MOVS     R2,#+0
   \                     ??PARAMETROS_resolve_endereco_0:
   \   00000008   0x428A             CMP      R2,R1
   \   0000000A   0xD208             BCS.N    ??PARAMETROS_resolve_endereco_1
     83              endereco_fisico+=(tabela_parametros[i].length+2); // 2 = CRC
   \   0000000C   0x232C             MOVS     R3,#+44
   \   0000000E   0x....             LDR.N    R4,??DataTable2
   \   00000010   0xFB03 0x4302      MLA      R3,R3,R2,R4
   \   00000014   0x889B             LDRH     R3,[R3, #+4]
   \   00000016   0x1C9B             ADDS     R3,R3,#+2
   \   00000018   0x1818             ADDS     R0,R3,R0
   \   0000001A   0x1C52             ADDS     R2,R2,#+1
   \   0000001C   0xE7F4             B.N      ??PARAMETROS_resolve_endereco_0
     84          
     85            return endereco_fisico;  
   \                     ??PARAMETROS_resolve_endereco_1:
   \   0000001E   0xBC10             POP      {R4}
   \   00000020   0x4770             BX       LR               ;; return
     86          }
     87          /***********************************************************************************
     88          *       Descrição       :       Parametros      
     89          *       Parametros      :       (unsigned int) endereço
     90          *                               (void*) parametro
     91          *       Retorno         :       nenhum
     92          ***********************************************************************************/

   \                                 In section .text, align 2, keep-with-next
     93          void PARAMETROS_grava(unsigned int endereco,void*parametro){
   \                     PARAMETROS_grava:
   \   00000000   0xB570             PUSH     {R4-R6,LR}
   \   00000002   0x0004             MOVS     R4,R0
   \   00000004   0x000D             MOVS     R5,R1
     94            unsigned short int crc;  
     95            
     96            memcpy(&PARAMETROS_buffer[0][0],parametro,tabela_parametros[endereco].length);
   \   00000006   0x202C             MOVS     R0,#+44
   \   00000008   0x....             LDR.N    R1,??DataTable2
   \   0000000A   0xFB00 0x1004      MLA      R0,R0,R4,R1
   \   0000000E   0x8882             LDRH     R2,[R0, #+4]
   \   00000010   0x0029             MOVS     R1,R5
   \   00000012   0x....             LDR.N    R0,??DataTable2_1
   \   00000014   0x.... 0x....      BL       memcpy
     97            crc = CCTALK_calculaCRC(&PARAMETROS_buffer[0][0],0,tabela_parametros[endereco].length);
   \   00000018   0x202C             MOVS     R0,#+44
   \   0000001A   0x....             LDR.N    R1,??DataTable2
   \   0000001C   0xFB00 0x1004      MLA      R0,R0,R4,R1
   \   00000020   0x8882             LDRH     R2,[R0, #+4]
   \   00000022   0x2100             MOVS     R1,#+0
   \   00000024   0x....             LDR.N    R0,??DataTable2_1
   \   00000026   0x.... 0x....      BL       CCTALK_calculaCRC
   \   0000002A   0x0006             MOVS     R6,R0
     98            PARAMETROS_buffer[0][tabela_parametros[endereco].length]   = crc>>8;
   \   0000002C   0x202C             MOVS     R0,#+44
   \   0000002E   0x....             LDR.N    R1,??DataTable2
   \   00000030   0xFB00 0x1004      MLA      R0,R0,R4,R1
   \   00000034   0x8880             LDRH     R0,[R0, #+4]
   \   00000036   0x....             LDR.N    R1,??DataTable2_1
   \   00000038   0xB2B6             UXTH     R6,R6            ;; ZeroExt  R6,R6,#+16,#+16
   \   0000003A   0x0A32             LSRS     R2,R6,#+8
   \   0000003C   0x5442             STRB     R2,[R0, R1]
     99            PARAMETROS_buffer[0][tabela_parametros[endereco].length+1] = crc;
   \   0000003E   0x202C             MOVS     R0,#+44
   \   00000040   0x....             LDR.N    R1,??DataTable2
   \   00000042   0xFB00 0x1004      MLA      R0,R0,R4,R1
   \   00000046   0x8880             LDRH     R0,[R0, #+4]
   \   00000048   0x....             LDR.N    R1,??DataTable2_1
   \   0000004A   0x1840             ADDS     R0,R0,R1
   \   0000004C   0x7046             STRB     R6,[R0, #+1]
    100           
    101            MEMORYWRAPPER_writeBytes(PARAMETROS_resolve_endereco(endereco),
    102                                     &PARAMETROS_buffer[0][0],
    103                                     tabela_parametros[endereco].length+2);
   \   0000004E   0x0020             MOVS     R0,R4
   \   00000050   0x.... 0x....      BL       PARAMETROS_resolve_endereco
   \   00000054   0x212C             MOVS     R1,#+44
   \   00000056   0x....             LDR.N    R2,??DataTable2
   \   00000058   0xFB01 0x2104      MLA      R1,R1,R4,R2
   \   0000005C   0x8889             LDRH     R1,[R1, #+4]
   \   0000005E   0x1C8A             ADDS     R2,R1,#+2
   \   00000060   0x....             LDR.N    R1,??DataTable2_1
   \   00000062   0x.... 0x....      BL       MEMORYWRAPPER_writeBytes
    104          }
   \   00000066   0xBD70             POP      {R4-R6,PC}       ;; return
    105          /***********************************************************************************
    106          *       Descrição       :       Parâmetros
    107          *       Parametros      :       (unsigned int) endereço
    108          *                               (void*) dados do parâmetro
    109          *       Retorno         :       nenhum
    110          ***********************************************************************************/

   \                                 In section .text, align 2, keep-with-next
    111          void PARAMETROS_le(unsigned int endereco,void*parametro){
   \                     PARAMETROS_le:
   \   00000000   0xB5F8             PUSH     {R3-R7,LR}
   \   00000002   0x0004             MOVS     R4,R0
   \   00000004   0x000D             MOVS     R5,R1
    112            unsigned short int crc;
    113            
    114            MEMORYWRAPPER_readBytes(PARAMETROS_resolve_endereco(endereco),
    115                                    &PARAMETROS_buffer[1][0],
    116                                    tabela_parametros[endereco].length+2);
   \   00000006   0x0020             MOVS     R0,R4
   \   00000008   0x.... 0x....      BL       PARAMETROS_resolve_endereco
   \   0000000C   0x212C             MOVS     R1,#+44
   \   0000000E   0x....             LDR.N    R2,??DataTable2
   \   00000010   0xFB01 0x2104      MLA      R1,R1,R4,R2
   \   00000014   0x8889             LDRH     R1,[R1, #+4]
   \   00000016   0x1C8A             ADDS     R2,R1,#+2
   \   00000018   0x....             LDR.N    R1,??DataTable2_2
   \   0000001A   0x.... 0x....      BL       MEMORYWRAPPER_readBytes
    117            
    118            crc = CCTALK_calculaCRC(&PARAMETROS_buffer[1][0],0,tabela_parametros[endereco].length);
   \   0000001E   0x202C             MOVS     R0,#+44
   \   00000020   0x....             LDR.N    R1,??DataTable2
   \   00000022   0xFB00 0x1004      MLA      R0,R0,R4,R1
   \   00000026   0x8882             LDRH     R2,[R0, #+4]
   \   00000028   0x2100             MOVS     R1,#+0
   \   0000002A   0x....             LDR.N    R0,??DataTable2_2
   \   0000002C   0x.... 0x....      BL       CCTALK_calculaCRC
   \   00000030   0x0006             MOVS     R6,R0
    119            if(crc==(PARAMETROS_buffer[1][tabela_parametros[endereco].length]<<8 | PARAMETROS_buffer[1][tabela_parametros[endereco].length+1]))
   \   00000032   0xB2B6             UXTH     R6,R6            ;; ZeroExt  R6,R6,#+16,#+16
   \   00000034   0x202C             MOVS     R0,#+44
   \   00000036   0x....             LDR.N    R1,??DataTable2
   \   00000038   0xFB00 0x1004      MLA      R0,R0,R4,R1
   \   0000003C   0x8880             LDRH     R0,[R0, #+4]
   \   0000003E   0x....             LDR.N    R1,??DataTable2_1
   \   00000040   0x1840             ADDS     R0,R0,R1
   \   00000042   0xF890 0x0040      LDRB     R0,[R0, #+64]
   \   00000046   0x212C             MOVS     R1,#+44
   \   00000048   0x....             LDR.N    R2,??DataTable2
   \   0000004A   0xFB01 0x2104      MLA      R1,R1,R4,R2
   \   0000004E   0x8889             LDRH     R1,[R1, #+4]
   \   00000050   0x....             LDR.N    R2,??DataTable2_1
   \   00000052   0x1889             ADDS     R1,R1,R2
   \   00000054   0xF891 0x1041      LDRB     R1,[R1, #+65]
   \   00000058   0xEA51 0x2000      ORRS     R0,R1,R0, LSL #+8
   \   0000005C   0x4286             CMP      R6,R0
   \   0000005E   0xD109             BNE.N    ??PARAMETROS_le_0
    120              memcpy(parametro,&PARAMETROS_buffer[1][0],tabela_parametros[endereco].length);      
   \   00000060   0x202C             MOVS     R0,#+44
   \   00000062   0x....             LDR.N    R1,??DataTable2
   \   00000064   0xFB00 0x1004      MLA      R0,R0,R4,R1
   \   00000068   0x8882             LDRH     R2,[R0, #+4]
   \   0000006A   0x....             LDR.N    R1,??DataTable2_2
   \   0000006C   0x0028             MOVS     R0,R5
   \   0000006E   0x.... 0x....      BL       memcpy
   \   00000072   0xE016             B.N      ??PARAMETROS_le_1
    121            else{
    122              unsigned char *ptr = (unsigned char*)parametro;
   \                     ??PARAMETROS_le_0:
   \   00000074   0x0028             MOVS     R0,R5
    123              unsigned char *vlr = (unsigned char*)&tabela_parametros[endereco].default_value;
   \   00000076   0x212C             MOVS     R1,#+44
   \   00000078   0x....             LDR.N    R2,??DataTable2
   \   0000007A   0xFB01 0x2104      MLA      R1,R1,R4,R2
    124              
    125              for(unsigned char i=0;i<tabela_parametros[endereco].length;i++)
   \   0000007E   0x2200             MOVS     R2,#+0
   \                     ??PARAMETROS_le_2:
   \   00000080   0x0013             MOVS     R3,R2
   \   00000082   0xB2DB             UXTB     R3,R3            ;; ZeroExt  R3,R3,#+24,#+24
   \   00000084   0x272C             MOVS     R7,#+44
   \   00000086   0x.... 0x....      LDR.W    R12,??DataTable2
   \   0000008A   0xFB07 0xC704      MLA      R7,R7,R4,R12
   \   0000008E   0x88BF             LDRH     R7,[R7, #+4]
   \   00000090   0xB29B             UXTH     R3,R3            ;; ZeroExt  R3,R3,#+16,#+16
   \   00000092   0x42BB             CMP      R3,R7
   \   00000094   0xD205             BCS.N    ??PARAMETROS_le_1
    126                ptr[i] = vlr[i];    
   \   00000096   0xB2D2             UXTB     R2,R2            ;; ZeroExt  R2,R2,#+24,#+24
   \   00000098   0xB2D2             UXTB     R2,R2            ;; ZeroExt  R2,R2,#+24,#+24
   \   0000009A   0x5C53             LDRB     R3,[R2, R1]
   \   0000009C   0x5413             STRB     R3,[R2, R0]
   \   0000009E   0x1C52             ADDS     R2,R2,#+1
   \   000000A0   0xE7EE             B.N      ??PARAMETROS_le_2
    127            }
    128          }
   \                     ??PARAMETROS_le_1:
   \   000000A2   0xBDF1             POP      {R0,R4-R7,PC}    ;; return

   \                                 In section .text, align 4, keep-with-next
   \                     ??DataTable2:
   \   00000000   0x........         DC32     tabela_parametros

   \                                 In section .text, align 4, keep-with-next
   \                     ??DataTable2_1:
   \   00000000   0x........         DC32     PARAMETROS_buffer

   \                                 In section .text, align 4, keep-with-next
   \                     ??DataTable2_2:
   \   00000000   0x........         DC32     PARAMETROS_buffer+0x40

   \                                 In section .rodata, align 4
   \                     `?<Constant "  GRUPO ALTECH  ">`:
   \   00000000   0x20 0x20          DC8 "  GRUPO ALTECH  "
   \              0x47 0x52    
   \              0x55 0x50    
   \              0x4F 0x20    
   \              0x41 0x4C    
   \              0x54 0x45    
   \              0x43 0x48    
   \              0x20 0x20    
   \              0x00         
   \   00000011   0x00 0x00          DC8 0, 0, 0
   \              0x00         
    129          /***********************************************************************************
    130          *       Fim do arquivo
    131          ***********************************************************************************/

   Maximum stack usage in bytes:

   .cstack Function
   ------- --------
      16   PARAMETROS_grava
        16   -> CCTALK_calculaCRC
        16   -> MEMORYWRAPPER_writeBytes
        16   -> PARAMETROS_resolve_endereco
        16   -> memcpy
       8   PARAMETROS_ini
         8   -> MEMORYWRAPPER_init
      24   PARAMETROS_le
        24   -> CCTALK_calculaCRC
        24   -> MEMORYWRAPPER_readBytes
        24   -> PARAMETROS_resolve_endereco
        24   -> memcpy
       4   PARAMETROS_resolve_endereco
      16   memcpy
        16   -> __aeabi_memcpy


   Section sizes:

   Bytes  Function/Label
   -----  --------------
      20  ?<Constant "  GRUPO ALTECH  ">
       4  ??DataTable2
       4  ??DataTable2_1
       4  ??DataTable2_2
     128  PARAMETROS_buffer
     104  PARAMETROS_grava
       8  PARAMETROS_ini
     164  PARAMETROS_le
      34  PARAMETROS_resolve_endereco
      22  memcpy
    2860  tabela_parametros

 
   128 bytes in section .bss
 2 880 bytes in section .rodata
   344 bytes in section .text
 
   322 bytes of CODE  memory (+ 22 bytes shared)
 2 880 bytes of CONST memory
   128 bytes of DATA  memory

Errors: none
Warnings: none
