###############################################################################
#                                                                             #
# IAR ANSI C/C++ Compiler V6.50.3.4676/W32 for ARM      19/Jul/2017  15:31:41 #
# Copyright 1999-2013 IAR Systems AB.                                         #
#                                                                             #
#    Cpu mode     =  thumb                                                    #
#    Endian       =  little                                                   #
#    Source file  =  C:\Users\Marcos\Dropbox\Reps\Dextro\IBA\Hardware\MaisPip #
#                    ocaG2\SOFTWARE\Aplicacao\Preparacao.c                    #
#    Command line =  C:\Users\Marcos\Dropbox\Reps\Dextro\IBA\Hardware\MaisPip #
#                    ocaG2\SOFTWARE\Aplicacao\Preparacao.c -lC                #
#                    C:\Users\Marcos\Dropbox\Reps\Dextro\IBA\Hardware\MaisPip #
#                    ocaG2\SOFTWARE\Debug\List\ -lA                           #
#                    C:\Users\Marcos\Dropbox\Reps\Dextro\IBA\Hardware\MaisPip #
#                    ocaG2\SOFTWARE\Debug\List\ -o                            #
#                    C:\Users\Marcos\Dropbox\Reps\Dextro\IBA\Hardware\MaisPip #
#                    ocaG2\SOFTWARE\Debug\Obj\ --no_cse --no_unroll           #
#                    --no_inline --no_code_motion --no_tbaa --no_clustering   #
#                    --no_scheduling --debug --endian=little --cpu=Cortex-M3  #
#                    -e --fpu=None --dlib_config "C:\Program Files (x86)\IAR  #
#                    Systems\Embedded Workbench 6.5\arm\INC\c\DLib_Config_Nor #
#                    mal.h" -Ol                                               #
#    List file    =  C:\Users\Marcos\Dropbox\Reps\Dextro\IBA\Hardware\MaisPip #
#                    ocaG2\SOFTWARE\Debug\List\Preparacao.lst                 #
#    Object file  =  C:\Users\Marcos\Dropbox\Reps\Dextro\IBA\Hardware\MaisPip #
#                    ocaG2\SOFTWARE\Debug\Obj\Preparacao.o                    #
#                                                                             #
#                                                                             #
###############################################################################

C:\Users\Marcos\Dropbox\Reps\Dextro\IBA\Hardware\MaisPipocaG2\SOFTWARE\Aplicacao\Preparacao.c
      1          /*__________________________________________________________________________________
      2          |	Quark Tecnologia Eletrônica Embarcada
      3          |       
      4          |       Itapema - SC
      5          |       www.quarktee.com.br
      6          | __________________________________________________________________________________
      7          |
      8          |       This source code was developed by Quark  and cannot be copied, in part 
      9          |       or in whole, or used, except when legally licensed by Quark 
     10          |       or its distributors.
     11          |
     12          |       Este código é propriedade da Quark  e não pode ser copiado, em parte 
     13          |       ou em todo, ou utilizado, exceto quando for legalmente licenciado pela 
     14          |       Quark  ou por um de seus distribuidores.
     15          | __________________________________________________________________________________
     16          |
     17          |       Arquivo            :  Preparacao.c
     18          |       Descrição          :  Interface para a preparação da pipoca
     19          | 
     20          |       Autor              :  Marcos Aquino
     21          |       Data criação       :  22/04/2017
     22          |
     23          |       Revisões           :  001
     24          |
     25          |                             (22/04/2017) Criado módulo que faz a preparação
     26          |                             da pipoca - Marcos
     27          |                    
     28          |
     29          |
     30          | __________________________________________________________________________________
     31          */
     32          
     33          /**********************************************************************************
     34          *       Includes
     35          **********************************************************************************/
     36          #include <stdio.h>
     37          #include <stdlib.h>
     38          #include <string.h>
     39          #include "..\includes.h"
     40          
     41          /**********************************************************************************
     42          *       Definições locais
     43          **********************************************************************************/
     44          #define TEMPO_PREPARO                   80*1000
     45          #define TEMPO_ABRIR_PACOTE              50*1000
     46          #define TEMPO_RAMPA                     3000
     47          #define THRESOLD_RESFRIAMENTO           1
     48          #define RELOAD_COMPENSADOR              2*60000 // 5 minutos
     49          /**********************************************************************************
     50          *       Constantes
     51          **********************************************************************************/
     52          
     53          
     54          /**********************************************************************************
     55          *       Variaveis locais
     56          **********************************************************************************/

   \                                 In section .bss, align 4
     57          unsigned int PREPARACAO_cnt_preparo=0;
   \                     PREPARACAO_cnt_preparo:
   \   00000000                      DS8 4

   \                                 In section .bss, align 4
     58          unsigned int PREPARACAO_cnt_rampa=0;
   \                     PREPARACAO_cnt_rampa:
   \   00000000                      DS8 4

   \                                 In section .bss, align 4
     59          unsigned int PREPARACAO_contador_compensacao=0;
   \                     PREPARACAO_contador_compensacao:
   \   00000000                      DS8 4

   \                                 In section .bss, align 4
     60          unsigned int PREPARACAO_compensador=0;
   \                     PREPARACAO_compensador:
   \   00000000                      DS8 4
     61          
     62          /**********************************************************************************
     63          *       Funções locais
     64          **********************************************************************************/
     65          void PREPARACAO_atualiza_info_tempo(unsigned char idioma,unsigned int tempo);
     66          unsigned char PREPARACAO_verificaVentilador(void);
     67          unsigned char PREPARACAO_verifica_resistencia(void);
     68          void PREPARACAO_tela_interna(void);
     69          unsigned char PREPARACAO_dosagem_milho(void);
     70          void PREPARACAO_resfriamento(unsigned char idioma);
     71          
     72          /**********************************************************************************
     73          *       Implementação das funções
     74          **********************************************************************************/
     75          
     76          /**********************************************************************************
     77          *       Descrição       :       Ponto de entrada do menu da interface para
     78          *                               preparação das pipocas
     79          *       Parametros      :       nenhum
     80          *       Retorno         :       nenhum
     81          **********************************************************************************/

   \                                 In section .text, align 2, keep-with-next
     82          ePREPARACAO_RESULT PREPARACAO_entry(unsigned int *ajuste_out,
     83                                              eCONTABILIZAR contabiliza){
   \                     PREPARACAO_entry:
   \   00000000   0xB570             PUSH     {R4-R6,LR}
   \   00000002   0xB086             SUB      SP,SP,#+24
   \   00000004   0x000C             MOVS     R4,R1
     84            unsigned int temperatura_processo;
     85            unsigned int velocidade_processo;
     86            unsigned int tempo_embalagem;
     87            unsigned char idioma;
     88            unsigned char delta=0;
   \   00000006   0x2500             MOVS     R5,#+0
     89            unsigned int valor_pipoca;
     90            
     91            PAGAMENTOS_set_bloqueio(1);
   \   00000008   0x2001             MOVS     R0,#+1
   \   0000000A   0x.... 0x....      BL       PAGAMENTOS_set_bloqueio
     92            
     93            PARAMETROS_le(ADR_FLAG_IDIOMA,(void*)&idioma);
   \   0000000E   0xA901             ADD      R1,SP,#+4
   \   00000010   0x2000             MOVS     R0,#+0
   \   00000012   0x.... 0x....      BL       PARAMETROS_le
     94            PARAMETROS_le(ADR_TEMPERATURA_PREPARACAO,(void*)&temperatura_processo);
   \   00000016   0xA900             ADD      R1,SP,#+0
   \   00000018   0x201A             MOVS     R0,#+26
   \   0000001A   0x.... 0x....      BL       PARAMETROS_le
     95            PARAMETROS_le(ADR_VELOCIDADE_PREPARACAO,(void*)&velocidade_processo);
   \   0000001E   0xA903             ADD      R1,SP,#+12
   \   00000020   0x201B             MOVS     R0,#+27
   \   00000022   0x.... 0x....      BL       PARAMETROS_le
     96            PARAMETROS_le(ADR_TEMPO_EMBALAGEM,(void*)&tempo_embalagem);
   \   00000026   0xA902             ADD      R1,SP,#+8
   \   00000028   0x201C             MOVS     R0,#+28
   \   0000002A   0x.... 0x....      BL       PARAMETROS_le
     97            PARAMETROS_le(ADR_VALOR_PIPOCA,(void*)&valor_pipoca);  
   \   0000002E   0xA904             ADD      R1,SP,#+16
   \   00000030   0x2003             MOVS     R0,#+3
   \   00000032   0x.... 0x....      BL       PARAMETROS_le
     98          
     99            //-----------------------------------------------
    100            // Por falta de testes, deixei esse trecho abaixo
    101            // para garantir que funcionará mesmo que ocorra
    102            // uma falha na leitura da memória flash externa
    103            // Faz a consistência dos parametros
    104            //**********************************************
    105            if(temperatura_processo>170)
   \   00000036   0x9800             LDR      R0,[SP, #+0]
   \   00000038   0x28AB             CMP      R0,#+171
   \   0000003A   0xD301             BCC.N    ??PREPARACAO_entry_0
    106              temperatura_processo = 85;
   \   0000003C   0x2055             MOVS     R0,#+85
   \   0000003E   0x9000             STR      R0,[SP, #+0]
    107            if(velocidade_processo>8500)
   \                     ??PREPARACAO_entry_0:
   \   00000040   0x9803             LDR      R0,[SP, #+12]
   \   00000042   0xF242 0x1135      MOVW     R1,#+8501
   \   00000046   0x4288             CMP      R0,R1
   \   00000048   0xD302             BCC.N    ??PREPARACAO_entry_1
    108              velocidade_processo = 5700;
   \   0000004A   0xF241 0x6044      MOVW     R0,#+5700
   \   0000004E   0x9003             STR      R0,[SP, #+12]
    109            if(tempo_embalagem>10000 || !tempo_embalagem)
   \                     ??PREPARACAO_entry_1:
   \   00000050   0x9802             LDR      R0,[SP, #+8]
   \   00000052   0xF242 0x7111      MOVW     R1,#+10001
   \   00000056   0x4288             CMP      R0,R1
   \   00000058   0xD202             BCS.N    ??PREPARACAO_entry_2
   \   0000005A   0x9802             LDR      R0,[SP, #+8]
   \   0000005C   0x2800             CMP      R0,#+0
   \   0000005E   0xD102             BNE.N    ??PREPARACAO_entry_3
    110              tempo_embalagem = 4200;
   \                     ??PREPARACAO_entry_2:
   \   00000060   0xF241 0x0068      MOVW     R0,#+4200
   \   00000064   0x9002             STR      R0,[SP, #+8]
    111            
    112            BOARD_setter_led_instrucao(LED_INSIRA_DINHEIRO,ACESO);
   \                     ??PREPARACAO_entry_3:
   \   00000066   0x2101             MOVS     R1,#+1
   \   00000068   0x2002             MOVS     R0,#+2
   \   0000006A   0x.... 0x....      BL       BOARD_setter_led_instrucao
    113                 
    114            //Faz o ajuste de compensação da panela
    115            //unsigned int ajuste = AA_calculaTemperatura();
    116            if(PREPARACAO_contador_compensacao){
   \   0000006E   0x.... 0x....      LDR.W    R0,??DataTable5
   \   00000072   0x6800             LDR      R0,[R0, #+0]
   \   00000074   0x2800             CMP      R0,#+0
   \   00000076   0xD00B             BEQ.N    ??PREPARACAO_entry_4
    117              if(PREPARACAO_compensador<5)
   \   00000078   0x.... 0x....      LDR.W    R0,??DataTable5_1
   \   0000007C   0x6800             LDR      R0,[R0, #+0]
   \   0000007E   0x2805             CMP      R0,#+5
   \   00000080   0xD206             BCS.N    ??PREPARACAO_entry_4
    118                PREPARACAO_compensador++;
   \   00000082   0x.... 0x....      LDR.W    R0,??DataTable5_1
   \   00000086   0x6800             LDR      R0,[R0, #+0]
   \   00000088   0x1C40             ADDS     R0,R0,#+1
   \   0000008A   0x.... 0x....      LDR.W    R1,??DataTable5_1
   \   0000008E   0x6008             STR      R0,[R1, #+0]
    119            }
    120            
    121            PREPARACAO_contador_compensacao = RELOAD_COMPENSADOR;  
   \                     ??PREPARACAO_entry_4:
   \   00000090   0x.... 0x....      LDR.W    R0,??DataTable5
   \   00000094   0x.... 0x....      LDR.W    R1,??DataTable5_2  ;; 0x1d4c0
   \   00000098   0x6001             STR      R1,[R0, #+0]
    122            
    123            temperatura_processo += PREPARACAO_compensador;
   \   0000009A   0x9800             LDR      R0,[SP, #+0]
   \   0000009C   0x.... 0x....      LDR.W    R1,??DataTable5_1
   \   000000A0   0x6809             LDR      R1,[R1, #+0]
   \   000000A2   0x1808             ADDS     R0,R1,R0
   \   000000A4   0x9000             STR      R0,[SP, #+0]
    124            
    125            STRING_write_to_external(CLEAR_DISPLAY,(char*)STRING_mensagem_inicio_preparacao[idioma][0],(char*)STRING_mensagem_inicio_preparacao[idioma][1]);
   \   000000A6   0xF89D 0x0004      LDRB     R0,[SP, #+4]
   \   000000AA   0x.... 0x....      LDR.W    R1,??DataTable5_3
   \   000000AE   0xEB11 0x00C0      ADDS     R0,R1,R0, LSL #+3
   \   000000B2   0x6842             LDR      R2,[R0, #+4]
   \   000000B4   0xF89D 0x0004      LDRB     R0,[SP, #+4]
   \   000000B8   0x.... 0x....      LDR.W    R1,??DataTable5_3
   \   000000BC   0xF851 0x1030      LDR      R1,[R1, R0, LSL #+3]
   \   000000C0   0x2000             MOVS     R0,#+0
   \   000000C2   0x.... 0x....      BL       STRING_write_to_external
    126            STRING_write_to_internal(CLEAR_DISPLAY,(char*)STRING_mensagem_inicio_preparacao[idioma][0],(char*)STRING_mensagem_inicio_preparacao[idioma][1]);
   \   000000C6   0xF89D 0x0004      LDRB     R0,[SP, #+4]
   \   000000CA   0x.... 0x....      LDR.W    R1,??DataTable5_3
   \   000000CE   0xEB11 0x00C0      ADDS     R0,R1,R0, LSL #+3
   \   000000D2   0x6842             LDR      R2,[R0, #+4]
   \   000000D4   0xF89D 0x0004      LDRB     R0,[SP, #+4]
   \   000000D8   0x.... 0x....      LDR.W    R1,??DataTable5_3
   \   000000DC   0xF851 0x1030      LDR      R1,[R1, R0, LSL #+3]
   \   000000E0   0x2000             MOVS     R0,#+0
   \   000000E2   0x.... 0x....      BL       STRING_write_to_internal
    127            
    128            // Inicializa o PID de controle
    129            // da rotação do motor
    130            POTENCIA_set_neutro(1);
   \   000000E6   0x2001             MOVS     R0,#+1
   \   000000E8   0x.... 0x....      BL       POTENCIA_set_neutro
    131            vTaskDelay(500);
   \   000000EC   0xF44F 0x70FA      MOV      R0,#+500
   \   000000F0   0x.... 0x....      BL       vTaskDelay
    132            POTENCIA_setRPM(2500);//velocidade_processo);
   \   000000F4   0xF640 0x10C4      MOVW     R0,#+2500
   \   000000F8   0x.... 0x....      BL       POTENCIA_setRPM
    133          
    134            PREPARACAO_cnt_preparo = TEMPO_PREPARO;  
   \   000000FC   0x.... 0x....      LDR.W    R0,??DataTable5_4
   \   00000100   0x.... 0x....      LDR.W    R1,??DataTable5_5  ;; 0x13880
   \   00000104   0x6001             STR      R1,[R0, #+0]
    135            // Faz a verificação do ventilador
    136            if(!PREPARACAO_verificaVentilador()){
   \   00000106   0x.... 0x....      BL       PREPARACAO_verificaVentilador
   \   0000010A   0x2800             CMP      R0,#+0
   \   0000010C   0xD107             BNE.N    ??PREPARACAO_entry_5
    137              // Se não detectar o giro
    138              // desliga a parte de alta-tensão
    139              // e sinaliza o erro
    140              POTENCIA_setRPM(0);
   \   0000010E   0x2000             MOVS     R0,#+0
   \   00000110   0x.... 0x....      BL       POTENCIA_setRPM
    141              POTENCIA_set_neutro(0);
   \   00000114   0x2000             MOVS     R0,#+0
   \   00000116   0x.... 0x....      BL       POTENCIA_set_neutro
    142              return FALHA_VENTILADOR;
   \   0000011A   0x2001             MOVS     R0,#+1
   \   0000011C   0xE0DE             B.N      ??PREPARACAO_entry_6
    143            }
    144              
    145            // Inicia o controlador de temperatura
    146            CT_set_temperatura(temperatura_processo);
   \                     ??PREPARACAO_entry_5:
   \   0000011E   0x9800             LDR      R0,[SP, #+0]
   \   00000120   0xB280             UXTH     R0,R0            ;; ZeroExt  R0,R0,#+16,#+16
   \   00000122   0x.... 0x....      BL       CT_set_temperatura
    147            
    148            // Faz a verificação da resistência
    149            /*
    150            if(!PREPARACAO_verifica_resistencia()){
    151              POTENCIA_setRPM(0);
    152              POTENCIA_set_neutro(0);
    153              CT_set_temperatura(0);
    154              return FALHA_RESISTENCIA;        
    155            }
    156            */
    157            // Aguarda até a temperatura de início de processo
    158            // chegar ao valor da inicial
    159            unsigned int timeout=60000;
   \   00000126   0xF64E 0x2660      MOVW     R6,#+60000
   \   0000012A   0xE004             B.N      ??PREPARACAO_entry_7
    160            //do vTaskDelay(1);
    161            while(AA_calculaTemperatura()<temperatura_processo && --timeout){
    162              vTaskDelay(1);
   \                     ??PREPARACAO_entry_8:
   \   0000012C   0x2001             MOVS     R0,#+1
   \   0000012E   0x.... 0x....      BL       vTaskDelay
    163              APLICACAO_tela_descanso();
                     ^
Warning[Pe223]: function "APLICACAO_tela_descanso" declared implicitly
   \   00000132   0x.... 0x....      BL       APLICACAO_tela_descanso
    164            }  
   \                     ??PREPARACAO_entry_7:
   \   00000136   0x.... 0x....      BL       AA_calculaTemperatura
   \   0000013A   0xB280             UXTH     R0,R0            ;; ZeroExt  R0,R0,#+16,#+16
   \   0000013C   0x9900             LDR      R1,[SP, #+0]
   \   0000013E   0x4288             CMP      R0,R1
   \   00000140   0xD202             BCS.N    ??PREPARACAO_entry_9
   \   00000142   0x1E76             SUBS     R6,R6,#+1
   \   00000144   0x2E00             CMP      R6,#+0
   \   00000146   0xD1F1             BNE.N    ??PREPARACAO_entry_8
    165            
    166            if(!timeout){
   \                     ??PREPARACAO_entry_9:
   \   00000148   0x2E00             CMP      R6,#+0
   \   0000014A   0xD10A             BNE.N    ??PREPARACAO_entry_10
    167              POTENCIA_setRPM(0);
   \   0000014C   0x2000             MOVS     R0,#+0
   \   0000014E   0x.... 0x....      BL       POTENCIA_setRPM
    168              POTENCIA_set_neutro(0);
   \   00000152   0x2000             MOVS     R0,#+0
   \   00000154   0x.... 0x....      BL       POTENCIA_set_neutro
    169              CT_set_temperatura(0);
   \   00000158   0x2000             MOVS     R0,#+0
   \   0000015A   0x.... 0x....      BL       CT_set_temperatura
    170              return FALHA_RESISTENCIA;   
   \   0000015E   0x2002             MOVS     R0,#+2
   \   00000160   0xE0BC             B.N      ??PREPARACAO_entry_6
    171            }
    172            
    173            //POTENCIA_setRPM(4000);
    174            //while(POTENCIA_getRPMmedido()>4200);
    175            
    176            if(!PREPARACAO_dosagem_milho()){
   \                     ??PREPARACAO_entry_10:
   \   00000162   0x.... 0x....      BL       PREPARACAO_dosagem_milho
   \   00000166   0x2800             CMP      R0,#+0
   \   00000168   0xD10A             BNE.N    ??PREPARACAO_entry_11
    177              POTENCIA_setRPM(0);
   \   0000016A   0x2000             MOVS     R0,#+0
   \   0000016C   0x.... 0x....      BL       POTENCIA_setRPM
    178              POTENCIA_set_neutro(0);
   \   00000170   0x2000             MOVS     R0,#+0
   \   00000172   0x.... 0x....      BL       POTENCIA_set_neutro
    179              CT_set_temperatura(0);
   \   00000176   0x2000             MOVS     R0,#+0
   \   00000178   0x.... 0x....      BL       CT_set_temperatura
    180              return FALHA_DOSE;     
   \   0000017C   0x2003             MOVS     R0,#+3
   \   0000017E   0xE0AD             B.N      ??PREPARACAO_entry_6
    181            }
    182            
    183            POTENCIA_setRPM(velocidade_processo);
   \                     ??PREPARACAO_entry_11:
   \   00000180   0x9803             LDR      R0,[SP, #+12]
   \   00000182   0x.... 0x....      BL       POTENCIA_setRPM
    184            while(POTENCIA_getRPMmedido()<velocidade_processo);
   \                     ??PREPARACAO_entry_12:
   \   00000186   0x.... 0x....      BL       POTENCIA_getRPMmedido
   \   0000018A   0x9903             LDR      R1,[SP, #+12]
   \   0000018C   0x4288             CMP      R0,R1
   \   0000018E   0xD3FA             BCC.N    ??PREPARACAO_entry_12
    185            
    186            BOARD_setter_led_instrucao(LED_PEGUE_PACOTE,PISCANDO); // Indica na plac ade instrução para pegar a embalagem
   \   00000190   0x2102             MOVS     R1,#+2
   \   00000192   0x2003             MOVS     R0,#+3
   \   00000194   0x.... 0x....      BL       BOARD_setter_led_instrucao
    187            //if(
    188            EMBALAGEM_libera_pacote(tempo_embalagem);//!=EMBALAGEM_LIBERADA);
   \   00000198   0x9802             LDR      R0,[SP, #+8]
   \   0000019A   0x.... 0x....      BL       EMBALAGEM_libera_pacote
    189            //  POTENCIA_setRPM(0);
    190            //  POTENCIA_set_neutro(0);
    191            //  CT_set_temperatura(0);    
    192            //  return FALHA_EMBALAGEM;
    193            //}    
    194            
    195            PLAYERWAVE_iniciaMusica(AUDIO_PEGA_PACOTE,0);
   \   0000019E   0x2100             MOVS     R1,#+0
   \   000001A0   0x2000             MOVS     R0,#+0
   \   000001A2   0x.... 0x....      BL       PLAYERWAVE_iniciaMusica
    196            while(PLAYERWAVE_verificaToque());
   \                     ??PREPARACAO_entry_13:
   \   000001A6   0x.... 0x....      BL       PLAYERWAVE_verificaToque
   \   000001AA   0x2800             CMP      R0,#+0
   \   000001AC   0xD1FB             BNE.N    ??PREPARACAO_entry_13
    197           
    198            STRING_write_to_external(CLEAR_DISPLAY,NULL,NULL);
   \   000001AE   0x2200             MOVS     R2,#+0
   \   000001B0   0x2100             MOVS     R1,#+0
   \   000001B2   0x2000             MOVS     R0,#+0
   \   000001B4   0x.... 0x....      BL       STRING_write_to_external
    199            STRING_write_to_internal(CLEAR_DISPLAY,NULL,NULL);
   \   000001B8   0x2200             MOVS     R2,#+0
   \   000001BA   0x2100             MOVS     R1,#+0
   \   000001BC   0x2000             MOVS     R0,#+0
   \   000001BE   0x.... 0x....      BL       STRING_write_to_internal
    200            PREPARACAO_cnt_rampa = TEMPO_RAMPA;
   \   000001C2   0x....             LDR.N    R0,??DataTable5_6
   \   000001C4   0xF640 0x31B8      MOVW     R1,#+3000
   \   000001C8   0x6001             STR      R1,[R0, #+0]
    201            PREPARACAO_cnt_preparo = TEMPO_PREPARO;
   \   000001CA   0x....             LDR.N    R0,??DataTable5_4
   \   000001CC   0x....             LDR.N    R1,??DataTable5_5  ;; 0x13880
   \   000001CE   0x6001             STR      R1,[R0, #+0]
    202            
    203            PLAYERWAVE_iniciaMusica(MUSICA_PREPARO,0);
   \   000001D0   0x2100             MOVS     R1,#+0
   \   000001D2   0x2001             MOVS     R0,#+1
   \   000001D4   0x.... 0x....      BL       PLAYERWAVE_iniciaMusica
   \   000001D8   0xE007             B.N      ??PREPARACAO_entry_14
    204            //while(PLAYERWAVE_verificaToque());
    205            
    206            // Loop de preparação da pipoca
    207            for(;PREPARACAO_cnt_preparo;){
    208              
    209              PREPARACAO_atualiza_info_tempo(idioma,PREPARACAO_cnt_preparo);    
    210              PREPARACAO_tela_interna();
    211              
    212              // Falha no motor do ventilador
    213              if(POTENCIA_getRPMmedido()<1000){
    214                POTENCIA_setRPM(0);
    215                POTENCIA_set_neutro(0);
    216                CT_set_temperatura(0);   
    217                return FALHA_VENTILADOR;
    218              }
    219                  
    220              // Gera a rampa de aquecimento
    221              // na preparação da pipoca
    222              if(!PREPARACAO_cnt_rampa){
    223                //temperatura_processo;
    224                if(delta<20)
    225                  delta++;
    226                CT_set_temperatura(temperatura_processo+delta);
    227                PREPARACAO_cnt_rampa = TEMPO_RAMPA;
    228              }
    229              
    230              // Controle da placa de instrução
    231              // do usuário
    232              if(PREPARACAO_cnt_preparo>TEMPO_ABRIR_PACOTE){
    233                 BOARD_setter_led_instrucao(LED_PEGUE_PACOTE,ACESO);
   \                     ??PREPARACAO_entry_15:
   \   000001DA   0x2101             MOVS     R1,#+1
   \   000001DC   0x2003             MOVS     R0,#+3
   \   000001DE   0x.... 0x....      BL       BOARD_setter_led_instrucao
    234                 BOARD_setter_led_instrucao(LED_MONTE_PACOTE,PISCANDO);
   \   000001E2   0x2102             MOVS     R1,#+2
   \   000001E4   0x2004             MOVS     R0,#+4
   \   000001E6   0x.... 0x....      BL       BOARD_setter_led_instrucao
    235              }
   \                     ??PREPARACAO_entry_14:
   \   000001EA   0x....             LDR.N    R0,??DataTable5_4
   \   000001EC   0x6800             LDR      R0,[R0, #+0]
   \   000001EE   0x2800             CMP      R0,#+0
   \   000001F0   0xD038             BEQ.N    ??PREPARACAO_entry_16
   \   000001F2   0x....             LDR.N    R0,??DataTable5_4
   \   000001F4   0x6801             LDR      R1,[R0, #+0]
   \   000001F6   0xF89D 0x0004      LDRB     R0,[SP, #+4]
   \   000001FA   0x.... 0x....      BL       PREPARACAO_atualiza_info_tempo
   \   000001FE   0x.... 0x....      BL       PREPARACAO_tela_interna
   \   00000202   0x.... 0x....      BL       POTENCIA_getRPMmedido
   \   00000206   0xF5B0 0x7F7A      CMP      R0,#+1000
   \   0000020A   0xD20A             BCS.N    ??PREPARACAO_entry_17
   \   0000020C   0x2000             MOVS     R0,#+0
   \   0000020E   0x.... 0x....      BL       POTENCIA_setRPM
   \   00000212   0x2000             MOVS     R0,#+0
   \   00000214   0x.... 0x....      BL       POTENCIA_set_neutro
   \   00000218   0x2000             MOVS     R0,#+0
   \   0000021A   0x.... 0x....      BL       CT_set_temperatura
   \   0000021E   0x2001             MOVS     R0,#+1
   \   00000220   0xE05C             B.N      ??PREPARACAO_entry_6
   \                     ??PREPARACAO_entry_17:
   \   00000222   0x....             LDR.N    R0,??DataTable5_6
   \   00000224   0x6800             LDR      R0,[R0, #+0]
   \   00000226   0x2800             CMP      R0,#+0
   \   00000228   0xD10D             BNE.N    ??PREPARACAO_entry_18
   \   0000022A   0xB2ED             UXTB     R5,R5            ;; ZeroExt  R5,R5,#+24,#+24
   \   0000022C   0x2D14             CMP      R5,#+20
   \   0000022E   0xDA00             BGE.N    ??PREPARACAO_entry_19
   \   00000230   0x1C6D             ADDS     R5,R5,#+1
   \                     ??PREPARACAO_entry_19:
   \   00000232   0x9800             LDR      R0,[SP, #+0]
   \   00000234   0xB2ED             UXTB     R5,R5            ;; ZeroExt  R5,R5,#+24,#+24
   \   00000236   0x1828             ADDS     R0,R5,R0
   \   00000238   0xB280             UXTH     R0,R0            ;; ZeroExt  R0,R0,#+16,#+16
   \   0000023A   0x.... 0x....      BL       CT_set_temperatura
   \   0000023E   0x....             LDR.N    R0,??DataTable5_6
   \   00000240   0xF640 0x31B8      MOVW     R1,#+3000
   \   00000244   0x6001             STR      R1,[R0, #+0]
   \                     ??PREPARACAO_entry_18:
   \   00000246   0x....             LDR.N    R0,??DataTable5_4
   \   00000248   0x6800             LDR      R0,[R0, #+0]
   \   0000024A   0xF24C 0x3151      MOVW     R1,#+50001
   \   0000024E   0x4288             CMP      R0,R1
   \   00000250   0xD2C3             BCS.N    ??PREPARACAO_entry_15
    236              else{
    237                 BOARD_setter_led_instrucao(LED_MONTE_PACOTE,ACESO);        
   \   00000252   0x2101             MOVS     R1,#+1
   \   00000254   0x2004             MOVS     R0,#+4
   \   00000256   0x.... 0x....      BL       BOARD_setter_led_instrucao
    238                 BOARD_setter_led_instrucao(LED_INSIRA_PACOTE,PISCANDO);         
   \   0000025A   0x2102             MOVS     R1,#+2
   \   0000025C   0x2005             MOVS     R0,#+5
   \   0000025E   0x.... 0x....      BL       BOARD_setter_led_instrucao
   \   00000262   0xE7C2             B.N      ??PREPARACAO_entry_14
    239              }
    240            }  
    241            
    242            BOARD_setter_led_instrucao(LED_INSIRA_PACOTE,ACESO);
   \                     ??PREPARACAO_entry_16:
   \   00000264   0x2101             MOVS     R1,#+1
   \   00000266   0x2005             MOVS     R0,#+5
   \   00000268   0x.... 0x....      BL       BOARD_setter_led_instrucao
    243                
    244            // Desliga os controles
    245            // da potência
    246            POTENCIA_setRPM(0);
   \   0000026C   0x2000             MOVS     R0,#+0
   \   0000026E   0x.... 0x....      BL       POTENCIA_setRPM
    247            POTENCIA_set_neutro(0);
   \   00000272   0x2000             MOVS     R0,#+0
   \   00000274   0x.... 0x....      BL       POTENCIA_set_neutro
    248            CT_set_temperatura(0);
   \   00000278   0x2000             MOVS     R0,#+0
   \   0000027A   0x.... 0x....      BL       CT_set_temperatura
    249            
    250            PREPARACAO_limpeza(idioma);
   \   0000027E   0xF89D 0x0004      LDRB     R0,[SP, #+4]
   \   00000282   0x.... 0x....      BL       PREPARACAO_limpeza
    251            
    252            PLAYER_interrompeMusica();
   \   00000286   0x.... 0x....      BL       PLAYER_interrompeMusica
    253            vTaskDelay(500);
   \   0000028A   0xF44F 0x70FA      MOV      R0,#+500
   \   0000028E   0x.... 0x....      BL       vTaskDelay
    254            PLAYERWAVE_iniciaMusica(AUDIO_PIPOCAS_PRONTAS,0);
   \   00000292   0x2100             MOVS     R1,#+0
   \   00000294   0x2002             MOVS     R0,#+2
   \   00000296   0x.... 0x....      BL       PLAYERWAVE_iniciaMusica
    255            while(PLAYERWAVE_verificaToque());  
   \                     ??PREPARACAO_entry_20:
   \   0000029A   0x.... 0x....      BL       PLAYERWAVE_verificaToque
   \   0000029E   0x2800             CMP      R0,#+0
   \   000002A0   0xD1FB             BNE.N    ??PREPARACAO_entry_20
    256            vTaskDelay(500); 
   \   000002A2   0xF44F 0x70FA      MOV      R0,#+500
   \   000002A6   0x.... 0x....      BL       vTaskDelay
    257            //-----------------------------------------------
    258            // Local para inserção dos dados no faturamento
    259            // e liberação do troco
    260            //-----------------------------------------------
    261            if(contabiliza==CONTABILIZA){
   \   000002AA   0xB2E4             UXTB     R4,R4            ;; ZeroExt  R4,R4,#+24,#+24
   \   000002AC   0x2C01             CMP      R4,#+1
   \   000002AE   0xD10C             BNE.N    ??PREPARACAO_entry_21
    262              // Só contabiliza as unidades vendidadas
    263              // quando houver necessidade
    264              FATURAMENTO_add_contagem_parcial(1);
   \   000002B0   0x2001             MOVS     R0,#+1
   \   000002B2   0x.... 0x....      BL       FATURAMENTO_add_contagem_parcial
    265              FATURAMENTO_add_arrecadacao_parcial(valor_pipoca);
   \   000002B6   0x9804             LDR      R0,[SP, #+16]
   \   000002B8   0x.... 0x....      BL       FATURAMENTO_add_arrecadacao_parcial
    266              FATURAMENTO_add_contagem_total(1);
   \   000002BC   0x2001             MOVS     R0,#+1
   \   000002BE   0x.... 0x....      BL       FATURAMENTO_add_contagem_total
    267              FATURAMENTO_add_arrecadacao_total(valor_pipoca);
   \   000002C2   0x9804             LDR      R0,[SP, #+16]
   \   000002C4   0x.... 0x....      BL       FATURAMENTO_add_arrecadacao_total
   \   000002C8   0xE001             B.N      ??PREPARACAO_entry_22
    268            }
    269            else
    270              FATURAMENTO_inc_contador_pipocas_teste();  
   \                     ??PREPARACAO_entry_21:
   \   000002CA   0x.... 0x....      BL       FATURAMENTO_inc_contador_pipocas_teste
    271           
    272            //----------------------------------------------
    273            // Fim da coleta dos dados de faturamento
    274            //----------------------------------------------   
    275            
    276            BOARD_liga_placa_instrucao(0);
   \                     ??PREPARACAO_entry_22:
   \   000002CE   0x2000             MOVS     R0,#+0
   \   000002D0   0x.... 0x....      BL       BOARD_liga_placa_instrucao
    277            BOARD_liga_placa_instrucao(1);  
   \   000002D4   0x2001             MOVS     R0,#+1
   \   000002D6   0x.... 0x....      BL       BOARD_liga_placa_instrucao
    278            
    279            //PAGAMENTOS_set_bloqueio(0);
    280            
    281            return SUCESSO;
   \   000002DA   0x2000             MOVS     R0,#+0
   \                     ??PREPARACAO_entry_6:
   \   000002DC   0xB006             ADD      SP,SP,#+24
   \   000002DE   0xBD70             POP      {R4-R6,PC}       ;; return
    282          }
    283          /**********************************************************************************
    284          *       Descrição       :       Atualiza o display frontal com o tempo restante
    285          *                               do processo de preparo
    286          *       Parametros      :       nenhum
    287          *       Retorno         :       nenhum
    288          **********************************************************************************/

   \                                 In section .text, align 2, keep-with-next
    289          void PREPARACAO_atualiza_info_tempo(unsigned char idioma,unsigned int tempo){
   \                     PREPARACAO_atualiza_info_tempo:
   \   00000000   0xB510             PUSH     {R4,LR}
   \   00000002   0xB086             SUB      SP,SP,#+24
   \   00000004   0x0004             MOVS     R4,R0
    290            char buffer_linha[17];
    291            unsigned int minutos;
    292            unsigned int segundos;
    293            
    294            minutos  = PREPARACAO_cnt_preparo/1000;
   \   00000006   0x....             LDR.N    R0,??DataTable5_4
   \   00000008   0x6800             LDR      R0,[R0, #+0]
   \   0000000A   0xF44F 0x717A      MOV      R1,#+1000
   \   0000000E   0xFBB0 0xF2F1      UDIV     R2,R0,R1
    295            segundos = minutos % 60;
   \   00000012   0x203C             MOVS     R0,#+60
   \   00000014   0xFBB2 0xF1F0      UDIV     R1,R2,R0
   \   00000018   0xFB00 0x2311      MLS      R3,R0,R1,R2
    296            minutos  = minutos/60;
   \   0000001C   0x203C             MOVS     R0,#+60
   \   0000001E   0xFBB2 0xF2F0      UDIV     R2,R2,R0
    297            
    298            sprintf(buffer_linha,"  %01d:%02d  ",minutos,segundos);
   \   00000022   0x....             LDR.N    R1,??DataTable5_7
   \   00000024   0xA800             ADD      R0,SP,#+0
   \   00000026   0x.... 0x....      BL       sprintf
    299            STRING_write_to_external(NO_CLEAR,(char*)STRING_mensagem_pipocas_prontas[idioma],buffer_linha);  
   \   0000002A   0xAA00             ADD      R2,SP,#+0
   \   0000002C   0xB2E4             UXTB     R4,R4            ;; ZeroExt  R4,R4,#+24,#+24
   \   0000002E   0x....             LDR.N    R0,??DataTable5_8
   \   00000030   0xF850 0x1024      LDR      R1,[R0, R4, LSL #+2]
   \   00000034   0x2001             MOVS     R0,#+1
   \   00000036   0x.... 0x....      BL       STRING_write_to_external
    300          }
   \   0000003A   0xB006             ADD      SP,SP,#+24
   \   0000003C   0xBD10             POP      {R4,PC}          ;; return
    301          /**********************************************************************************
    302          *       Descrição       :       Verifica se o ventilador está funcionando
    303          *       Parametros      :       nenhum
    304          *       Retorno         :       (unsigned char) maior do que zero se conseguir
    305          *                               detectar o RPM do motor
    306          **********************************************************************************/

   \                                 In section .text, align 2, keep-with-next
    307          unsigned char PREPARACAO_verificaVentilador(void){
   \                     PREPARACAO_verificaVentilador:
   \   00000000   0xB510             PUSH     {R4,LR}
    308            unsigned short int tempo=50000;  
   \   00000002   0xF24C 0x3450      MOVW     R4,#+50000
    309            
    310            do{
    311              
    312              if(POTENCIA_getRPMmedido()>1000)
   \                     ??PREPARACAO_verificaVentilador_0:
   \   00000006   0x.... 0x....      BL       POTENCIA_getRPMmedido
   \   0000000A   0xF5B0 0x7F7A      CMP      R0,#+1000
   \   0000000E   0xD901             BLS.N    ??PREPARACAO_verificaVentilador_1
    313                return 1;
   \   00000010   0x2001             MOVS     R0,#+1
   \   00000012   0xE008             B.N      ??PREPARACAO_verificaVentilador_2
    314              else
    315                vTaskDelay(1);
   \                     ??PREPARACAO_verificaVentilador_1:
   \   00000014   0x2001             MOVS     R0,#+1
   \   00000016   0x.... 0x....      BL       vTaskDelay
    316                  
    317            }
    318            while(tempo--);
   \   0000001A   0x0020             MOVS     R0,R4
   \   0000001C   0x1E44             SUBS     R4,R0,#+1
   \   0000001E   0xB280             UXTH     R0,R0            ;; ZeroExt  R0,R0,#+16,#+16
   \   00000020   0x2800             CMP      R0,#+0
   \   00000022   0xD1F0             BNE.N    ??PREPARACAO_verificaVentilador_0
    319            
    320            return 0; 
   \   00000024   0x2000             MOVS     R0,#+0
   \                     ??PREPARACAO_verificaVentilador_2:
   \   00000026   0xBD10             POP      {R4,PC}          ;; return
    321          }
    322          /**********************************************************************************
    323          *       Descrição       :       Faz a verificação do aquecimento da resistência
    324          *       Parametros      :       nenhum
    325          *       Retorno         :       (unsigned char) maior do que zero se 
    326          *                               conseguir aquecer a panela 2 graus em até 5 segundos
    327          **********************************************************************************/

   \                                 In section .text, align 2, keep-with-next
    328          unsigned char PREPARACAO_verifica_resistencia(void){
   \                     PREPARACAO_verifica_resistencia:
   \   00000000   0xB538             PUSH     {R3-R5,LR}
    329            unsigned int temperaturaInicial;
    330            unsigned short int tempo = 15000;
   \   00000002   0xF643 0x2598      MOVW     R5,#+15000
    331            
    332            temperaturaInicial = AA_calculaTemperatura();
   \   00000006   0x.... 0x....      BL       AA_calculaTemperatura
   \   0000000A   0x0004             MOVS     R4,R0
    333            
    334            do{
    335              
    336              if(AA_calculaTemperatura()>(temperaturaInicial+2))
   \                     ??PREPARACAO_verifica_resistencia_0:
   \   0000000C   0x.... 0x....      BL       AA_calculaTemperatura
   \   00000010   0x1CA1             ADDS     R1,R4,#+2
   \   00000012   0x4281             CMP      R1,R0
   \   00000014   0xD201             BCS.N    ??PREPARACAO_verifica_resistencia_1
    337                return 1;
   \   00000016   0x2001             MOVS     R0,#+1
   \   00000018   0xE008             B.N      ??PREPARACAO_verifica_resistencia_2
    338              else
    339                vTaskDelay(1);
   \                     ??PREPARACAO_verifica_resistencia_1:
   \   0000001A   0x2001             MOVS     R0,#+1
   \   0000001C   0x.... 0x....      BL       vTaskDelay
    340              
    341            }
    342            while(tempo--);
   \   00000020   0x0028             MOVS     R0,R5
   \   00000022   0x1E45             SUBS     R5,R0,#+1
   \   00000024   0xB280             UXTH     R0,R0            ;; ZeroExt  R0,R0,#+16,#+16
   \   00000026   0x2800             CMP      R0,#+0
   \   00000028   0xD1F0             BNE.N    ??PREPARACAO_verifica_resistencia_0
    343            
    344            return 0;  
   \   0000002A   0x2000             MOVS     R0,#+0
   \                     ??PREPARACAO_verifica_resistencia_2:
   \   0000002C   0xBD32             POP      {R1,R4,R5,PC}    ;; return
    345          }
    346          /**********************************************************************************
    347          *       Descrição       :       Tela informativa do processo exibida
    348          *                               no display interno
    349          *       Parametros      :       nenhum
    350          *       Retorno         :       nenhum
    351          **********************************************************************************/

   \                                 In section .text, align 2, keep-with-next
    352          void PREPARACAO_tela_interna(void){
   \                     PREPARACAO_tela_interna:
   \   00000000   0xB510             PUSH     {R4,LR}
   \   00000002   0xB086             SUB      SP,SP,#+24
    353            char buffer_linha[17];
    354            
    355            sprintf(buffer_linha,"%05d RPM-%03doC",POTENCIA_getRPMmedido(),AA_calculaTemperatura());
   \   00000004   0x.... 0x....      BL       AA_calculaTemperatura
   \   00000008   0x0004             MOVS     R4,R0
   \   0000000A   0x.... 0x....      BL       POTENCIA_getRPMmedido
   \   0000000E   0xB2A4             UXTH     R4,R4            ;; ZeroExt  R4,R4,#+16,#+16
   \   00000010   0x0023             MOVS     R3,R4
   \   00000012   0x0002             MOVS     R2,R0
   \   00000014   0x....             LDR.N    R1,??DataTable5_9
   \   00000016   0xA800             ADD      R0,SP,#+0
   \   00000018   0x.... 0x....      BL       sprintf
    356            STRING_write_to_internal(NO_CLEAR,buffer_linha,NULL);
   \   0000001C   0x2200             MOVS     R2,#+0
   \   0000001E   0xA900             ADD      R1,SP,#+0
   \   00000020   0x2001             MOVS     R0,#+1
   \   00000022   0x.... 0x....      BL       STRING_write_to_internal
    357          }
   \   00000026   0xB006             ADD      SP,SP,#+24
   \   00000028   0xBD10             POP      {R4,PC}          ;; return
    358          /**********************************************************************************
    359          *       Descrição       :       Libera uma dose de milho na panela
    360          *       Parametros      :       nenhum
    361          *       Retorno         :       (unsigned char) maior do que zero
    362          *                               se conseguir dosar
    363          **********************************************************************************/

   \                                 In section .text, align 2, keep-with-next
    364          unsigned char PREPARACAO_dosagem_milho(void){
   \                     PREPARACAO_dosagem_milho:
   \   00000000   0xB510             PUSH     {R4,LR}
    365            unsigned char sensor_dose; 
    366            unsigned int tempo=2000; 
   \   00000002   0xF44F 0x64FA      MOV      R4,#+2000
    367            
    368            BOARD_set_motor_dose(DOSAR);
   \   00000006   0x2001             MOVS     R0,#+1
   \   00000008   0x.... 0x....      BL       BOARD_set_motor_dose
   \   0000000C   0xE002             B.N      ??PREPARACAO_dosagem_milho_0
    369            while(GET_SENSOR_DOSE() && tempo--)
    370              vTaskDelay(1);
   \                     ??PREPARACAO_dosagem_milho_1:
   \   0000000E   0x2001             MOVS     R0,#+1
   \   00000010   0x.... 0x....      BL       vTaskDelay
   \                     ??PREPARACAO_dosagem_milho_0:
   \   00000014   0x2002             MOVS     R0,#+2
   \   00000016   0x.... 0x....      BL       BOARD_get_sinal
   \   0000001A   0x2800             CMP      R0,#+0
   \   0000001C   0xD003             BEQ.N    ??PREPARACAO_dosagem_milho_2
   \   0000001E   0x0020             MOVS     R0,R4
   \   00000020   0x1E44             SUBS     R4,R0,#+1
   \   00000022   0x2800             CMP      R0,#+0
   \   00000024   0xD1F3             BNE.N    ??PREPARACAO_dosagem_milho_1
    371            
    372            tempo = 15000;
   \                     ??PREPARACAO_dosagem_milho_2:
   \   00000026   0xF643 0x2498      MOVW     R4,#+15000
    373                  
    374            do{
    375              
    376              sensor_dose = GET_SENSOR_DOSE();  
   \                     ??PREPARACAO_dosagem_milho_3:
   \   0000002A   0x2002             MOVS     R0,#+2
   \   0000002C   0x.... 0x....      BL       BOARD_get_sinal
    377              if(sensor_dose){
   \   00000030   0xB2C0             UXTB     R0,R0            ;; ZeroExt  R0,R0,#+24,#+24
   \   00000032   0x2800             CMP      R0,#+0
   \   00000034   0xD004             BEQ.N    ??PREPARACAO_dosagem_milho_4
    378                BOARD_set_motor_dose(PARADO);
   \   00000036   0x2000             MOVS     R0,#+0
   \   00000038   0x.... 0x....      BL       BOARD_set_motor_dose
    379                return 1;
   \   0000003C   0x2001             MOVS     R0,#+1
   \   0000003E   0xE00A             B.N      ??PREPARACAO_dosagem_milho_5
    380              }
    381              else
    382                vTaskDelay(1);
   \                     ??PREPARACAO_dosagem_milho_4:
   \   00000040   0x2001             MOVS     R0,#+1
   \   00000042   0x.... 0x....      BL       vTaskDelay
    383              
    384            }
    385            while(tempo--);
   \   00000046   0x0020             MOVS     R0,R4
   \   00000048   0x1E44             SUBS     R4,R0,#+1
   \   0000004A   0x2800             CMP      R0,#+0
   \   0000004C   0xD1ED             BNE.N    ??PREPARACAO_dosagem_milho_3
    386            
    387            BOARD_set_motor_dose(PARADO);  
   \   0000004E   0x2000             MOVS     R0,#+0
   \   00000050   0x.... 0x....      BL       BOARD_set_motor_dose
    388            //BOARD_set_motor_dose(DOSAR);          
    389            //BOARD_set_motor_dose(REVERTER);
    390            //BOARD_set_motor_dose(PARADO);
    391            
    392            return 0;
   \   00000054   0x2000             MOVS     R0,#+0
   \                     ??PREPARACAO_dosagem_milho_5:
   \   00000056   0xBD10             POP      {R4,PC}          ;; return
    393          }
    394          /**********************************************************************************
    395          *       Descrição       :       Limpeza da panela e agradecimento pela
    396          *                               compra
    397          *       Parametros      :       nenhum
    398          *       Retorno         :       nenhum
    399          **********************************************************************************/

   \                                 In section .text, align 2, keep-with-next
    400          void PREPARACAO_limpeza(unsigned char idioma){
   \                     PREPARACAO_limpeza:
   \   00000000   0xB510             PUSH     {R4,LR}
   \   00000002   0x0004             MOVS     R4,R0
    401            
    402            POTENCIA_set_neutro(1);
   \   00000004   0x2001             MOVS     R0,#+1
   \   00000006   0x.... 0x....      BL       POTENCIA_set_neutro
    403            POTENCIA_setRPM(13000);
   \   0000000A   0xF243 0x20C8      MOVW     R0,#+13000
   \   0000000E   0x.... 0x....      BL       POTENCIA_setRPM
    404            
    405            STRING_write_to_external(CLEAR_DISPLAY,(char*)STRING_mensagem_limpeza[idioma][0],(char*)STRING_mensagem_limpeza[idioma][1]);
   \   00000012   0xB2E4             UXTB     R4,R4            ;; ZeroExt  R4,R4,#+24,#+24
   \   00000014   0x....             LDR.N    R0,??DataTable5_10
   \   00000016   0xEB10 0x00C4      ADDS     R0,R0,R4, LSL #+3
   \   0000001A   0x6842             LDR      R2,[R0, #+4]
   \   0000001C   0xB2E4             UXTB     R4,R4            ;; ZeroExt  R4,R4,#+24,#+24
   \   0000001E   0x....             LDR.N    R0,??DataTable5_10
   \   00000020   0xF850 0x1034      LDR      R1,[R0, R4, LSL #+3]
   \   00000024   0x2000             MOVS     R0,#+0
   \   00000026   0x.... 0x....      BL       STRING_write_to_external
    406            vTaskDelay(7000);
   \   0000002A   0xF641 0x3058      MOVW     R0,#+7000
   \   0000002E   0x.... 0x....      BL       vTaskDelay
    407            
    408            POTENCIA_setRPM(0);
   \   00000032   0x2000             MOVS     R0,#+0
   \   00000034   0x.... 0x....      BL       POTENCIA_setRPM
    409            POTENCIA_set_neutro(0);  
   \   00000038   0x2000             MOVS     R0,#+0
   \   0000003A   0x.... 0x....      BL       POTENCIA_set_neutro
    410          }
   \   0000003E   0xBD10             POP      {R4,PC}          ;; return
    411          /**********************************************************************************
    412          *       Descrição       :       Resfriamento do sistema
    413          *       Parametros      :       nenhum
    414          *       Retorno         :       nenhum
    415          **********************************************************************************/

   \                                 In section .text, align 2, keep-with-next
    416          void PREPARACAO_resfriamento(unsigned char idioma){
   \                     PREPARACAO_resfriamento:
   \   00000000   0xB510             PUSH     {R4,LR}
   \   00000002   0x0004             MOVS     R4,R0
    417            
    418            POTENCIA_set_neutro(1);
   \   00000004   0x2001             MOVS     R0,#+1
   \   00000006   0x.... 0x....      BL       POTENCIA_set_neutro
    419            vTaskDelay(500);  
   \   0000000A   0xF44F 0x70FA      MOV      R0,#+500
   \   0000000E   0x.... 0x....      BL       vTaskDelay
    420            POTENCIA_setRPM(6000);
   \   00000012   0xF241 0x7070      MOVW     R0,#+6000
   \   00000016   0x.... 0x....      BL       POTENCIA_setRPM
    421            
    422            STRING_write_to_external(CLEAR_DISPLAY,(char*)STRING_mensagem_resfriando[idioma][0],
    423                                                   (char*)STRING_mensagem_resfriando[idioma][1]);
   \   0000001A   0xB2E4             UXTB     R4,R4            ;; ZeroExt  R4,R4,#+24,#+24
   \   0000001C   0x....             LDR.N    R0,??DataTable5_11
   \   0000001E   0xEB10 0x00C4      ADDS     R0,R0,R4, LSL #+3
   \   00000022   0x6842             LDR      R2,[R0, #+4]
   \   00000024   0xB2E4             UXTB     R4,R4            ;; ZeroExt  R4,R4,#+24,#+24
   \   00000026   0x....             LDR.N    R0,??DataTable5_11
   \   00000028   0xF850 0x1034      LDR      R1,[R0, R4, LSL #+3]
   \   0000002C   0x2000             MOVS     R0,#+0
   \   0000002E   0x.... 0x....      BL       STRING_write_to_external
    424            vTaskDelay(30000);
   \   00000032   0xF247 0x5030      MOVW     R0,#+30000
   \   00000036   0x.... 0x....      BL       vTaskDelay
    425            
    426            POTENCIA_setRPM(0);
   \   0000003A   0x2000             MOVS     R0,#+0
   \   0000003C   0x.... 0x....      BL       POTENCIA_setRPM
    427            POTENCIA_set_neutro(0);  
   \   00000040   0x2000             MOVS     R0,#+0
   \   00000042   0x.... 0x....      BL       POTENCIA_set_neutro
    428          }
   \   00000046   0xBD10             POP      {R4,PC}          ;; return
    429          /**********************************************************************************
    430          *       Descrição       :       Limpeza da panela e agradecimento pela
    431          *                               compra
    432          *       Parametros      :       nenhum
    433          *       Retorno         :       nenhum
    434          **********************************************************************************/

   \                                 In section .text, align 2, keep-with-next
    435          void PREPARACAO_limpeza_inicial(unsigned char idioma){
   \                     PREPARACAO_limpeza_inicial:
   \   00000000   0xB510             PUSH     {R4,LR}
   \   00000002   0x0004             MOVS     R4,R0
    436            
    437            POTENCIA_set_neutro(1);
   \   00000004   0x2001             MOVS     R0,#+1
   \   00000006   0x.... 0x....      BL       POTENCIA_set_neutro
    438            vTaskDelay(500);
   \   0000000A   0xF44F 0x70FA      MOV      R0,#+500
   \   0000000E   0x.... 0x....      BL       vTaskDelay
    439            POTENCIA_setRPM(12000);
   \   00000012   0xF642 0x60E0      MOVW     R0,#+12000
   \   00000016   0x.... 0x....      BL       POTENCIA_setRPM
    440            
    441            STRING_write_to_external(CLEAR_DISPLAY,(char*)STRING_mensagem_limpeza_inicial[idioma][0],(char*)STRING_mensagem_limpeza_inicial[idioma][1]);
   \   0000001A   0xB2E4             UXTB     R4,R4            ;; ZeroExt  R4,R4,#+24,#+24
   \   0000001C   0x....             LDR.N    R0,??DataTable5_12
   \   0000001E   0xEB10 0x00C4      ADDS     R0,R0,R4, LSL #+3
   \   00000022   0x6842             LDR      R2,[R0, #+4]
   \   00000024   0xB2E4             UXTB     R4,R4            ;; ZeroExt  R4,R4,#+24,#+24
   \   00000026   0x....             LDR.N    R0,??DataTable5_12
   \   00000028   0xF850 0x1034      LDR      R1,[R0, R4, LSL #+3]
   \   0000002C   0x2000             MOVS     R0,#+0
   \   0000002E   0x.... 0x....      BL       STRING_write_to_external
    442            vTaskDelay(7000);
   \   00000032   0xF641 0x3058      MOVW     R0,#+7000
   \   00000036   0x.... 0x....      BL       vTaskDelay
    443            
    444            POTENCIA_setRPM(0);
   \   0000003A   0x2000             MOVS     R0,#+0
   \   0000003C   0x.... 0x....      BL       POTENCIA_setRPM
    445            POTENCIA_set_neutro(0);  
   \   00000040   0x2000             MOVS     R0,#+0
   \   00000042   0x.... 0x....      BL       POTENCIA_set_neutro
    446          }
   \   00000046   0xBD10             POP      {R4,PC}          ;; return

   \                                 In section .text, align 4, keep-with-next
   \                     ??DataTable5:
   \   00000000   0x........         DC32     PREPARACAO_contador_compensacao

   \                                 In section .text, align 4, keep-with-next
   \                     ??DataTable5_1:
   \   00000000   0x........         DC32     PREPARACAO_compensador

   \                                 In section .text, align 4, keep-with-next
   \                     ??DataTable5_2:
   \   00000000   0x0001D4C0         DC32     0x1d4c0

   \                                 In section .text, align 4, keep-with-next
   \                     ??DataTable5_3:
   \   00000000   0x........         DC32     STRING_mensagem_inicio_preparacao

   \                                 In section .text, align 4, keep-with-next
   \                     ??DataTable5_4:
   \   00000000   0x........         DC32     PREPARACAO_cnt_preparo

   \                                 In section .text, align 4, keep-with-next
   \                     ??DataTable5_5:
   \   00000000   0x00013880         DC32     0x13880

   \                                 In section .text, align 4, keep-with-next
   \                     ??DataTable5_6:
   \   00000000   0x........         DC32     PREPARACAO_cnt_rampa

   \                                 In section .text, align 4, keep-with-next
   \                     ??DataTable5_7:
   \   00000000   0x........         DC32     `?<Constant "  %01d:%02d  ">`

   \                                 In section .text, align 4, keep-with-next
   \                     ??DataTable5_8:
   \   00000000   0x........         DC32     STRING_mensagem_pipocas_prontas

   \                                 In section .text, align 4, keep-with-next
   \                     ??DataTable5_9:
   \   00000000   0x........         DC32     `?<Constant "%05d RPM-%03doC">`

   \                                 In section .text, align 4, keep-with-next
   \                     ??DataTable5_10:
   \   00000000   0x........         DC32     STRING_mensagem_limpeza

   \                                 In section .text, align 4, keep-with-next
   \                     ??DataTable5_11:
   \   00000000   0x........         DC32     STRING_mensagem_resfriando

   \                                 In section .text, align 4, keep-with-next
   \                     ??DataTable5_12:
   \   00000000   0x........         DC32     STRING_mensagem_limpeza_inicial

   \                                 In section .rodata, align 4
   \                     `?<Constant "  %01d:%02d  ">`:
   \   00000000   0x20 0x20          DC8 "  %01d:%02d  "
   \              0x25 0x30    
   \              0x31 0x64    
   \              0x3A 0x25    
   \              0x30 0x32    
   \              0x64 0x20    
   \              0x20 0x00    
   \   0000000E   0x00 0x00          DC8 0, 0

   \                                 In section .rodata, align 4
   \                     `?<Constant "%05d RPM-%03doC">`:
   \   00000000   0x25 0x30          DC8 "%05d RPM-%03doC"
   \              0x35 0x64    
   \              0x20 0x52    
   \              0x50 0x4D    
   \              0x2D 0x25    
   \              0x30 0x33    
   \              0x64 0x6F    
   \              0x43 0x00    
    447          /**********************************************************************************
    448          *       Fim do arquivo
    449          **********************************************************************************/
    450          

   Maximum stack usage in bytes:

   .cstack Function
   ------- --------
      32   PREPARACAO_atualiza_info_tempo
        32   -> STRING_write_to_external
        32   -> sprintf
       8   PREPARACAO_dosagem_milho
         8   -> BOARD_get_sinal
         8   -> BOARD_set_motor_dose
         8   -> vTaskDelay
      40   PREPARACAO_entry
        40   -> AA_calculaTemperatura
        40   -> APLICACAO_tela_descanso
        40   -> BOARD_liga_placa_instrucao
        40   -> BOARD_setter_led_instrucao
        40   -> CT_set_temperatura
        40   -> EMBALAGEM_libera_pacote
        40   -> FATURAMENTO_add_arrecadacao_parcial
        40   -> FATURAMENTO_add_arrecadacao_total
        40   -> FATURAMENTO_add_contagem_parcial
        40   -> FATURAMENTO_add_contagem_total
        40   -> FATURAMENTO_inc_contador_pipocas_teste
        40   -> PAGAMENTOS_set_bloqueio
        40   -> PARAMETROS_le
        40   -> PLAYERWAVE_iniciaMusica
        40   -> PLAYERWAVE_verificaToque
        40   -> PLAYER_interrompeMusica
        40   -> POTENCIA_getRPMmedido
        40   -> POTENCIA_setRPM
        40   -> POTENCIA_set_neutro
        40   -> PREPARACAO_atualiza_info_tempo
        40   -> PREPARACAO_dosagem_milho
        40   -> PREPARACAO_limpeza
        40   -> PREPARACAO_tela_interna
        40   -> PREPARACAO_verificaVentilador
        40   -> STRING_write_to_external
        40   -> STRING_write_to_internal
        40   -> vTaskDelay
       8   PREPARACAO_limpeza
         8   -> POTENCIA_setRPM
         8   -> POTENCIA_set_neutro
         8   -> STRING_write_to_external
         8   -> vTaskDelay
       8   PREPARACAO_limpeza_inicial
         8   -> POTENCIA_setRPM
         8   -> POTENCIA_set_neutro
         8   -> STRING_write_to_external
         8   -> vTaskDelay
       8   PREPARACAO_resfriamento
         8   -> POTENCIA_setRPM
         8   -> POTENCIA_set_neutro
         8   -> STRING_write_to_external
         8   -> vTaskDelay
      32   PREPARACAO_tela_interna
        32   -> AA_calculaTemperatura
        32   -> POTENCIA_getRPMmedido
        32   -> STRING_write_to_internal
        32   -> sprintf
       8   PREPARACAO_verificaVentilador
         8   -> POTENCIA_getRPMmedido
         8   -> vTaskDelay
      16   PREPARACAO_verifica_resistencia
        16   -> AA_calculaTemperatura
        16   -> vTaskDelay


   Section sizes:

   Bytes  Function/Label
   -----  --------------
      16  ?<Constant "  %01d:%02d  ">
      16  ?<Constant "%05d RPM-%03doC">
       4  ??DataTable5
       4  ??DataTable5_1
       4  ??DataTable5_10
       4  ??DataTable5_11
       4  ??DataTable5_12
       4  ??DataTable5_2
       4  ??DataTable5_3
       4  ??DataTable5_4
       4  ??DataTable5_5
       4  ??DataTable5_6
       4  ??DataTable5_7
       4  ??DataTable5_8
       4  ??DataTable5_9
      62  PREPARACAO_atualiza_info_tempo
       4  PREPARACAO_cnt_preparo
       4  PREPARACAO_cnt_rampa
       4  PREPARACAO_compensador
       4  PREPARACAO_contador_compensacao
      88  PREPARACAO_dosagem_milho
     736  PREPARACAO_entry
      64  PREPARACAO_limpeza
      72  PREPARACAO_limpeza_inicial
      72  PREPARACAO_resfriamento
      42  PREPARACAO_tela_interna
      40  PREPARACAO_verificaVentilador
      46  PREPARACAO_verifica_resistencia

 
    16 bytes in section .bss
    32 bytes in section .rodata
 1 274 bytes in section .text
 
 1 274 bytes of CODE  memory
    32 bytes of CONST memory
    16 bytes of DATA  memory

Errors: none
Warnings: 1
