###############################################################################
#                                                                             #
# IAR ANSI C/C++ Compiler V6.50.3.4676/W32 for ARM      07/Jul/2017  16:29:24 #
# Copyright 1999-2013 IAR Systems AB.                                         #
#                                                                             #
#    Cpu mode     =  thumb                                                    #
#    Endian       =  little                                                   #
#    Source file  =  C:\Users\Marcos\Dropbox\Reps\Dextro\IBA\Hardware\MaisPip #
#                    ocaG2\SOFTWARE\Relatorio\Relatorio.c                     #
#    Command line =  C:\Users\Marcos\Dropbox\Reps\Dextro\IBA\Hardware\MaisPip #
#                    ocaG2\SOFTWARE\Relatorio\Relatorio.c -lC                 #
#                    C:\Users\Marcos\Dropbox\Reps\Dextro\IBA\Hardware\MaisPip #
#                    ocaG2\SOFTWARE\Debug\List\ -lA                           #
#                    C:\Users\Marcos\Dropbox\Reps\Dextro\IBA\Hardware\MaisPip #
#                    ocaG2\SOFTWARE\Debug\List\ -o                            #
#                    C:\Users\Marcos\Dropbox\Reps\Dextro\IBA\Hardware\MaisPip #
#                    ocaG2\SOFTWARE\Debug\Obj\ --no_cse --no_unroll           #
#                    --no_inline --no_code_motion --no_tbaa --no_clustering   #
#                    --no_scheduling --debug --endian=little --cpu=Cortex-M3  #
#                    -e --fpu=None --dlib_config "C:\Program Files (x86)\IAR  #
#                    Systems\Embedded Workbench 6.5\arm\INC\c\DLib_Config_Nor #
#                    mal.h" -Ol                                               #
#    List file    =  C:\Users\Marcos\Dropbox\Reps\Dextro\IBA\Hardware\MaisPip #
#                    ocaG2\SOFTWARE\Debug\List\Relatorio.lst                  #
#    Object file  =  C:\Users\Marcos\Dropbox\Reps\Dextro\IBA\Hardware\MaisPip #
#                    ocaG2\SOFTWARE\Debug\Obj\Relatorio.o                     #
#                                                                             #
#                                                                             #
###############################################################################

C:\Users\Marcos\Dropbox\Reps\Dextro\IBA\Hardware\MaisPipocaG2\SOFTWARE\Relatorio\Relatorio.c
      1          /*__________________________________________________________________________________
      2          |	Quark Tecnologia Eletrônica Embarcada
      3          |       
      4          |       Itapema - SC
      5          |       www.quarktee.com.br
      6          | __________________________________________________________________________________
      7          |
      8          |       This source code was developed by Quark  and cannot be copied, in part 
      9          |       or in whole, or used, except when legally licensed by Quark 
     10          |       or its distributors.
     11          |
     12          |       Este código é propriedade da Quark  e não pode ser copiado, em parte 
     13          |       ou em todo, ou utilizado, exceto quando for legalmente licenciado pela 
     14          |       Quark  ou por um de seus distribuidores.
     15          | __________________________________________________________________________________
     16          |
     17          |       Arquivo            :  Relatorio.c
     18          | 
     19          |       Autor              :  Marcos Aquino
     20          |       Data criação       :  30/05/2017
     21          |
     22          |       Revisões           :  001
     23          |
     24          |
     25          | __________________________________________________________________________________
     26          */
     27          
     28          /***********************************************************************************
     29          *       Includes
     30          ***********************************************************************************/
     31          #include <stdio.h>
     32          #include <stdlib.h>
     33          #include <string.h>
     34          #include "..\includes.h"
     35          #include "relatorio.h"
     36          #include "relatorio_ptbr.h"
     37          
     38          /***********************************************************************************
     39          *       Definições
     40          ***********************************************************************************/
     41          #define LINHA_TROCA_PRECO               "  [Troca de preco]\n\r"
     42          
     43          /***********************************************************************************
     44          *       Constantes
     45          ***********************************************************************************/
     46          
     47          
     48          /***********************************************************************************
     49          *       Variaveis
     50          ***********************************************************************************/
     51          
     52          
     53          /***********************************************************************************
     54          *       Funções
     55          ***********************************************************************************/
     56          void RELATORIO_eventos_troca_preco(void);
     57          
     58          /***********************************************************************************
     59          *       Implementação 
     60          ***********************************************************************************/
     61          
     62          /***********************************************************************************
     63          *       Descrição       :       ponto de entrada do emissor do relatório
     64          *       Parametros      :       nenhum
     65          *       Retorno         :       nenhum
     66          ***********************************************************************************/

   \                                 In section .text, align 2, keep-with-next
     67          void RELATORIO_entry(void){
   \                     RELATORIO_entry:
   \   00000000   0xB510             PUSH     {R4,LR}
   \   00000002   0xB0A0             SUB      SP,SP,#+128
     68            unsigned int numero_serie;
     69            unsigned int arrecadacao_parcial;
     70            unsigned int arrecadacao_total;
     71            unsigned int unidades_parcial;
     72            unsigned int unidades_total;
     73            unsigned int cartao_parcial;
     74            unsigned int cartao_total;
     75            unsigned char hora,minuto,segundo,dia,mes;
     76            unsigned int ano;
     77            unsigned int comissao_ponto;
     78            unsigned int faturamento_ponto;  
     79            unsigned int valor;
     80            char buffer_linha[64];
     81            unsigned int preparacao_teste;
     82            
     83            SERIALMUX_seleciona(SERIALMUX_RS232);
   \   00000004   0x2000             MOVS     R0,#+0
   \   00000006   0x.... 0x....      BL       SERIALMUX_seleciona
     84            
     85            RTC_getValue(&hora,&minuto,&segundo,&dia,&mes,&ano);
   \   0000000A   0xA81B             ADD      R0,SP,#+108
   \   0000000C   0x9001             STR      R0,[SP, #+4]
   \   0000000E   0xA802             ADD      R0,SP,#+8
   \   00000010   0x9000             STR      R0,[SP, #+0]
   \   00000012   0xF10D 0x0309      ADD      R3,SP,#+9
   \   00000016   0xF10D 0x020A      ADD      R2,SP,#+10
   \   0000001A   0xF10D 0x010B      ADD      R1,SP,#+11
   \   0000001E   0xA803             ADD      R0,SP,#+12
   \   00000020   0x.... 0x....      BL       RTC_getValue
     86            PARAMETROS_le(ADR_NUMERO_SERIE,             (void*)&numero_serie);  
   \   00000024   0xA91E             ADD      R1,SP,#+120
   \   00000026   0x2024             MOVS     R0,#+36
   \   00000028   0x.... 0x....      BL       PARAMETROS_le
     87            PARAMETROS_le(ADR_CONTAGEM_UNIDADES_PARCIAL,(void*)&unidades_parcial);
   \   0000002C   0xA91D             ADD      R1,SP,#+116
   \   0000002E   0x200A             MOVS     R0,#+10
   \   00000030   0x.... 0x....      BL       PARAMETROS_le
     88            PARAMETROS_le(ADR_CONTAGEM_UNIDADES_TOTAL,  (void*)&unidades_total);
   \   00000034   0xA91C             ADD      R1,SP,#+112
   \   00000036   0x200B             MOVS     R0,#+11
   \   00000038   0x.... 0x....      BL       PARAMETROS_le
     89            PARAMETROS_le(ADR_MOEDA_PARCIAL,            (void*)&arrecadacao_parcial);
   \   0000003C   0xA914             ADD      R1,SP,#+80
   \   0000003E   0x200C             MOVS     R0,#+12
   \   00000040   0x.... 0x....      BL       PARAMETROS_le
     90            PARAMETROS_le(ADR_MOEDA_TOTAL,              (void*)&arrecadacao_total);
   \   00000044   0xA919             ADD      R1,SP,#+100
   \   00000046   0x200D             MOVS     R0,#+13
   \   00000048   0x.... 0x....      BL       PARAMETROS_le
     91            PARAMETROS_le(ADR_CARTAO_PARCIAL,           (void*)&cartao_parcial);
   \   0000004C   0xA918             ADD      R1,SP,#+96
   \   0000004E   0x200E             MOVS     R0,#+14
   \   00000050   0x.... 0x....      BL       PARAMETROS_le
     92            PARAMETROS_le(ADR_CARTAO_TOTAL,             (void*)&cartao_total); 
   \   00000054   0xA917             ADD      R1,SP,#+92
   \   00000056   0x200F             MOVS     R0,#+15
   \   00000058   0x.... 0x....      BL       PARAMETROS_le
     93            PARAMETROS_le(ADR_COMISSAO_PONTO,           (void*)&comissao_ponto);
   \   0000005C   0xA916             ADD      R1,SP,#+88
   \   0000005E   0x2025             MOVS     R0,#+37
   \   00000060   0x.... 0x....      BL       PARAMETROS_le
     94            PARAMETROS_le(ADR_VALOR_PIPOCA,             (void*)&valor);
   \   00000064   0xA915             ADD      R1,SP,#+84
   \   00000066   0x2003             MOVS     R0,#+3
   \   00000068   0x.... 0x....      BL       PARAMETROS_le
     95            PARAMETROS_le(ADR_CONTADOR_PIPOCAS_TESTE,   (void*)&preparacao_teste);  
   \   0000006C   0xA91A             ADD      R1,SP,#+104
   \   0000006E   0x2027             MOVS     R0,#+39
   \   00000070   0x.... 0x....      BL       PARAMETROS_le
     96              
     97            faturamento_ponto = comissao_ponto * arrecadacao_parcial;
   \   00000074   0x9816             LDR      R0,[SP, #+88]
   \   00000076   0x9914             LDR      R1,[SP, #+80]
   \   00000078   0xFB01 0xF400      MUL      R4,R1,R0
     98            faturamento_ponto/= 100;
   \   0000007C   0x2064             MOVS     R0,#+100
   \   0000007E   0xFBB4 0xF4F0      UDIV     R4,R4,R0
     99            
    100            // Linha 01
    101            sprintf(buffer_linha,REL_PT_BR_01);
   \   00000082   0x.... 0x....      LDR.W    R1,??DataTable1
   \   00000086   0xA804             ADD      R0,SP,#+16
   \   00000088   0x.... 0x....      BL       sprintf
    102            IMPRESSORA_envia_linha(buffer_linha);
   \   0000008C   0xA804             ADD      R0,SP,#+16
   \   0000008E   0x.... 0x....      BL       IMPRESSORA_envia_linha
    103            // Linha 02
    104            sprintf(buffer_linha,REL_PT_BR_02);
   \   00000092   0x.... 0x....      LDR.W    R1,??DataTable1_1
   \   00000096   0xA804             ADD      R0,SP,#+16
   \   00000098   0x.... 0x....      BL       sprintf
    105            IMPRESSORA_envia_linha(buffer_linha);  
   \   0000009C   0xA804             ADD      R0,SP,#+16
   \   0000009E   0x.... 0x....      BL       IMPRESSORA_envia_linha
    106            // Linha 03
    107            sprintf(buffer_linha,REL_PT_BR_03);
   \   000000A2   0x.... 0x....      LDR.W    R1,??DataTable1
   \   000000A6   0xA804             ADD      R0,SP,#+16
   \   000000A8   0x.... 0x....      BL       sprintf
    108            IMPRESSORA_envia_linha(buffer_linha);  
   \   000000AC   0xA804             ADD      R0,SP,#+16
   \   000000AE   0x.... 0x....      BL       IMPRESSORA_envia_linha
    109            // Linha 04
    110            sprintf(buffer_linha,REL_PT_BR_04);
   \   000000B2   0x.... 0x....      LDR.W    R1,??DataTable1_2
   \   000000B6   0xA804             ADD      R0,SP,#+16
   \   000000B8   0x.... 0x....      BL       sprintf
    111            IMPRESSORA_envia_linha(buffer_linha);  
   \   000000BC   0xA804             ADD      R0,SP,#+16
   \   000000BE   0x.... 0x....      BL       IMPRESSORA_envia_linha
    112            // Linha 05
    113            sprintf(buffer_linha,REL_PT_BR_05);
   \   000000C2   0x.... 0x....      LDR.W    R1,??DataTable1_3
   \   000000C6   0xA804             ADD      R0,SP,#+16
   \   000000C8   0x.... 0x....      BL       sprintf
    114            IMPRESSORA_envia_linha(buffer_linha);  
   \   000000CC   0xA804             ADD      R0,SP,#+16
   \   000000CE   0x.... 0x....      BL       IMPRESSORA_envia_linha
    115            // Linha 06
    116            sprintf(buffer_linha,REL_PT_BR_06);
   \   000000D2   0x.... 0x....      LDR.W    R1,??DataTable1_2
   \   000000D6   0xA804             ADD      R0,SP,#+16
   \   000000D8   0x.... 0x....      BL       sprintf
    117            IMPRESSORA_envia_linha(buffer_linha);  
   \   000000DC   0xA804             ADD      R0,SP,#+16
   \   000000DE   0x.... 0x....      BL       IMPRESSORA_envia_linha
    118            // Linha 07
    119            sprintf(buffer_linha,REL_PT_BR_07);
   \   000000E2   0x.... 0x....      LDR.W    R1,??DataTable1
   \   000000E6   0xA804             ADD      R0,SP,#+16
   \   000000E8   0x.... 0x....      BL       sprintf
    120            IMPRESSORA_envia_linha(buffer_linha);  
   \   000000EC   0xA804             ADD      R0,SP,#+16
   \   000000EE   0x.... 0x....      BL       IMPRESSORA_envia_linha
    121            // Linha 08
    122            sprintf(buffer_linha,REL_PT_BR_08);
   \   000000F2   0x.... 0x....      LDR.W    R1,??DataTable1_4
   \   000000F6   0xA804             ADD      R0,SP,#+16
   \   000000F8   0x.... 0x....      BL       sprintf
    123            IMPRESSORA_envia_linha(buffer_linha);  
   \   000000FC   0xA804             ADD      R0,SP,#+16
   \   000000FE   0x.... 0x....      BL       IMPRESSORA_envia_linha
    124            // Linha 09
    125            sprintf(buffer_linha,REL_PT_BR_09);
   \   00000102   0x.... 0x....      LDR.W    R1,??DataTable1_5
   \   00000106   0xA804             ADD      R0,SP,#+16
   \   00000108   0x.... 0x....      BL       sprintf
    126            IMPRESSORA_envia_linha(buffer_linha);  
   \   0000010C   0xA804             ADD      R0,SP,#+16
   \   0000010E   0x.... 0x....      BL       IMPRESSORA_envia_linha
    127            // Linha 10
    128            sprintf(buffer_linha,REL_PT_BR_10);
   \   00000112   0x9A1E             LDR      R2,[SP, #+120]
   \   00000114   0x.... 0x....      LDR.W    R1,??DataTable1_6
   \   00000118   0xA804             ADD      R0,SP,#+16
   \   0000011A   0x.... 0x....      BL       sprintf
    129            IMPRESSORA_envia_linha(buffer_linha);  
   \   0000011E   0xA804             ADD      R0,SP,#+16
   \   00000120   0x.... 0x....      BL       IMPRESSORA_envia_linha
    130            // Linha 11
    131            sprintf(buffer_linha,REL_PT_BR_11);
   \   00000124   0x.... 0x....      LDR.W    R1,??DataTable1_4
   \   00000128   0xA804             ADD      R0,SP,#+16
   \   0000012A   0x.... 0x....      BL       sprintf
    132            IMPRESSORA_envia_linha(buffer_linha);  
   \   0000012E   0xA804             ADD      R0,SP,#+16
   \   00000130   0x.... 0x....      BL       IMPRESSORA_envia_linha
    133            // Linha 12
    134            sprintf(buffer_linha,REL_PT_BR_12);
   \   00000134   0x.... 0x....      LDR.W    R1,??DataTable1_7
   \   00000138   0xA804             ADD      R0,SP,#+16
   \   0000013A   0x.... 0x....      BL       sprintf
    135            IMPRESSORA_envia_linha(buffer_linha);  
   \   0000013E   0xA804             ADD      R0,SP,#+16
   \   00000140   0x.... 0x....      BL       IMPRESSORA_envia_linha
    136            // Linha 13
    137            sprintf(buffer_linha,REL_PT_BR_13);
   \   00000144   0x9A1D             LDR      R2,[SP, #+116]
   \   00000146   0x.... 0x....      LDR.W    R1,??DataTable1_8
   \   0000014A   0xA804             ADD      R0,SP,#+16
   \   0000014C   0x.... 0x....      BL       sprintf
    138            IMPRESSORA_envia_linha(buffer_linha);  
   \   00000150   0xA804             ADD      R0,SP,#+16
   \   00000152   0x.... 0x....      BL       IMPRESSORA_envia_linha
    139            // Linha 14
    140            sprintf(buffer_linha,REL_PT_BR_14);
   \   00000156   0x9814             LDR      R0,[SP, #+80]
   \   00000158   0x2164             MOVS     R1,#+100
   \   0000015A   0xFBB0 0xF2F1      UDIV     R2,R0,R1
   \   0000015E   0xFB01 0x0312      MLS      R3,R1,R2,R0
   \   00000162   0x9814             LDR      R0,[SP, #+80]
   \   00000164   0x2164             MOVS     R1,#+100
   \   00000166   0xFBB0 0xF2F1      UDIV     R2,R0,R1
   \   0000016A   0x.... 0x....      LDR.W    R1,??DataTable1_9
   \   0000016E   0xA804             ADD      R0,SP,#+16
   \   00000170   0x.... 0x....      BL       sprintf
    141            IMPRESSORA_envia_linha(buffer_linha);  
   \   00000174   0xA804             ADD      R0,SP,#+16
   \   00000176   0x.... 0x....      BL       IMPRESSORA_envia_linha
    142            // Linha 15
    143            sprintf(buffer_linha,REL_PT_BR_15);
   \   0000017A   0x.... 0x....      LDR.W    R1,??DataTable1_4
   \   0000017E   0xA804             ADD      R0,SP,#+16
   \   00000180   0x.... 0x....      BL       sprintf
    144            IMPRESSORA_envia_linha(buffer_linha);  
   \   00000184   0xA804             ADD      R0,SP,#+16
   \   00000186   0x.... 0x....      BL       IMPRESSORA_envia_linha
    145            // Linha 16
    146            sprintf(buffer_linha,REL_PT_BR_16);
   \   0000018A   0x.... 0x....      LDR.W    R1,??DataTable1_10
   \   0000018E   0xA804             ADD      R0,SP,#+16
   \   00000190   0x.... 0x....      BL       sprintf
    147            IMPRESSORA_envia_linha(buffer_linha);  
   \   00000194   0xA804             ADD      R0,SP,#+16
   \   00000196   0x.... 0x....      BL       IMPRESSORA_envia_linha
    148            // Linha 17
    149            sprintf(buffer_linha,REL_PT_BR_17);
   \   0000019A   0x9A1C             LDR      R2,[SP, #+112]
   \   0000019C   0x.... 0x....      LDR.W    R1,??DataTable1_8
   \   000001A0   0xA804             ADD      R0,SP,#+16
   \   000001A2   0x.... 0x....      BL       sprintf
    150            IMPRESSORA_envia_linha(buffer_linha);  
   \   000001A6   0xA804             ADD      R0,SP,#+16
   \   000001A8   0x.... 0x....      BL       IMPRESSORA_envia_linha
    151            // Linha 18
    152            sprintf(buffer_linha,REL_PT_BR_18);
   \   000001AC   0x9819             LDR      R0,[SP, #+100]
   \   000001AE   0x2164             MOVS     R1,#+100
   \   000001B0   0xFBB0 0xF2F1      UDIV     R2,R0,R1
   \   000001B4   0xFB01 0x0312      MLS      R3,R1,R2,R0
   \   000001B8   0x9819             LDR      R0,[SP, #+100]
   \   000001BA   0x2164             MOVS     R1,#+100
   \   000001BC   0xFBB0 0xF2F1      UDIV     R2,R0,R1
   \   000001C0   0x.... 0x....      LDR.W    R1,??DataTable1_9
   \   000001C4   0xA804             ADD      R0,SP,#+16
   \   000001C6   0x.... 0x....      BL       sprintf
    153            IMPRESSORA_envia_linha(buffer_linha);  
   \   000001CA   0xA804             ADD      R0,SP,#+16
   \   000001CC   0x.... 0x....      BL       IMPRESSORA_envia_linha
    154            // Linha 19
    155            sprintf(buffer_linha,REL_PT_BR_19);
   \   000001D0   0x.... 0x....      LDR.W    R1,??DataTable1_4
   \   000001D4   0xA804             ADD      R0,SP,#+16
   \   000001D6   0x.... 0x....      BL       sprintf
    156            IMPRESSORA_envia_linha(buffer_linha);  
   \   000001DA   0xA804             ADD      R0,SP,#+16
   \   000001DC   0x.... 0x....      BL       IMPRESSORA_envia_linha
    157            // Linha 20
    158            sprintf(buffer_linha,REL_PT_BR_20);
   \   000001E0   0x.... 0x....      LDR.W    R1,??DataTable1_11
   \   000001E4   0xA804             ADD      R0,SP,#+16
   \   000001E6   0x.... 0x....      BL       sprintf
    159            IMPRESSORA_envia_linha(buffer_linha);  
   \   000001EA   0xA804             ADD      R0,SP,#+16
   \   000001EC   0x.... 0x....      BL       IMPRESSORA_envia_linha
    160            // Linha 21
    161            sprintf(buffer_linha,REL_PT_BR_21);
   \   000001F0   0x9818             LDR      R0,[SP, #+96]
   \   000001F2   0x2164             MOVS     R1,#+100
   \   000001F4   0xFBB0 0xF2F1      UDIV     R2,R0,R1
   \   000001F8   0xFB01 0x0312      MLS      R3,R1,R2,R0
   \   000001FC   0x9818             LDR      R0,[SP, #+96]
   \   000001FE   0x2164             MOVS     R1,#+100
   \   00000200   0xFBB0 0xF2F1      UDIV     R2,R0,R1
   \   00000204   0x.... 0x....      LDR.W    R1,??DataTable1_12
   \   00000208   0xA804             ADD      R0,SP,#+16
   \   0000020A   0x.... 0x....      BL       sprintf
    162            IMPRESSORA_envia_linha(buffer_linha);  
   \   0000020E   0xA804             ADD      R0,SP,#+16
   \   00000210   0x.... 0x....      BL       IMPRESSORA_envia_linha
    163            // Linha 22
    164            sprintf(buffer_linha,REL_PT_BR_22);
   \   00000214   0x9817             LDR      R0,[SP, #+92]
   \   00000216   0x2164             MOVS     R1,#+100
   \   00000218   0xFBB0 0xF2F1      UDIV     R2,R0,R1
   \   0000021C   0xFB01 0x0312      MLS      R3,R1,R2,R0
   \   00000220   0x9817             LDR      R0,[SP, #+92]
   \   00000222   0x2164             MOVS     R1,#+100
   \   00000224   0xFBB0 0xF2F1      UDIV     R2,R0,R1
   \   00000228   0x.... 0x....      LDR.W    R1,??DataTable1_13
   \   0000022C   0xA804             ADD      R0,SP,#+16
   \   0000022E   0x.... 0x....      BL       sprintf
    165            IMPRESSORA_envia_linha(buffer_linha);  
   \   00000232   0xA804             ADD      R0,SP,#+16
   \   00000234   0x.... 0x....      BL       IMPRESSORA_envia_linha
    166            // Linha 23
    167            sprintf(buffer_linha,REL_PT_BR_23);
   \   00000238   0x....             LDR.N    R1,??DataTable1_4
   \   0000023A   0xA804             ADD      R0,SP,#+16
   \   0000023C   0x.... 0x....      BL       sprintf
    168            IMPRESSORA_envia_linha(buffer_linha);  
   \   00000240   0xA804             ADD      R0,SP,#+16
   \   00000242   0x.... 0x....      BL       IMPRESSORA_envia_linha
    169            // Linha 24
    170            sprintf(buffer_linha,REL_PT_BR_24);
   \   00000246   0x.... 0x....      LDR.W    R1,??DataTable1_14
   \   0000024A   0xA804             ADD      R0,SP,#+16
   \   0000024C   0x.... 0x....      BL       sprintf
    171            IMPRESSORA_envia_linha(buffer_linha);  
   \   00000250   0xA804             ADD      R0,SP,#+16
   \   00000252   0x.... 0x....      BL       IMPRESSORA_envia_linha
    172            // Linha 25
    173            sprintf(buffer_linha,REL_PT_BR_25);
   \   00000256   0x9A16             LDR      R2,[SP, #+88]
   \   00000258   0x....             LDR.N    R1,??DataTable1_15
   \   0000025A   0xA804             ADD      R0,SP,#+16
   \   0000025C   0x.... 0x....      BL       sprintf
    174            IMPRESSORA_envia_linha(buffer_linha);  
   \   00000260   0xA804             ADD      R0,SP,#+16
   \   00000262   0x.... 0x....      BL       IMPRESSORA_envia_linha
    175            // Linha 26
    176            sprintf(buffer_linha,REL_PT_BR_26);
   \   00000266   0x2064             MOVS     R0,#+100
   \   00000268   0xFBB4 0xF1F0      UDIV     R1,R4,R0
   \   0000026C   0xFB00 0x4311      MLS      R3,R0,R1,R4
   \   00000270   0x2064             MOVS     R0,#+100
   \   00000272   0xFBB4 0xF2F0      UDIV     R2,R4,R0
   \   00000276   0x....             LDR.N    R1,??DataTable1_16
   \   00000278   0xA804             ADD      R0,SP,#+16
   \   0000027A   0x.... 0x....      BL       sprintf
    177            IMPRESSORA_envia_linha(buffer_linha);  
   \   0000027E   0xA804             ADD      R0,SP,#+16
   \   00000280   0x.... 0x....      BL       IMPRESSORA_envia_linha
    178            // Linha 27
    179            sprintf(buffer_linha,REL_PT_BR_27);
   \   00000284   0x....             LDR.N    R1,??DataTable1_4
   \   00000286   0xA804             ADD      R0,SP,#+16
   \   00000288   0x.... 0x....      BL       sprintf
    180            IMPRESSORA_envia_linha(buffer_linha);  
   \   0000028C   0xA804             ADD      R0,SP,#+16
   \   0000028E   0x.... 0x....      BL       IMPRESSORA_envia_linha
    181            // Linha 28
    182            sprintf(buffer_linha,REL_PT_BR_28);
   \   00000292   0x....             LDR.N    R1,??DataTable1_17
   \   00000294   0xA804             ADD      R0,SP,#+16
   \   00000296   0x.... 0x....      BL       sprintf
    183            IMPRESSORA_envia_linha(buffer_linha);  
   \   0000029A   0xA804             ADD      R0,SP,#+16
   \   0000029C   0x.... 0x....      BL       IMPRESSORA_envia_linha
    184            // Linha 29
    185            sprintf(buffer_linha,REL_PT_BR_29);
   \   000002A0   0x981B             LDR      R0,[SP, #+108]
   \   000002A2   0x9000             STR      R0,[SP, #+0]
   \   000002A4   0xF89D 0x3008      LDRB     R3,[SP, #+8]
   \   000002A8   0xF89D 0x2009      LDRB     R2,[SP, #+9]
   \   000002AC   0x....             LDR.N    R1,??DataTable1_18
   \   000002AE   0xA804             ADD      R0,SP,#+16
   \   000002B0   0x.... 0x....      BL       sprintf
    186            IMPRESSORA_envia_linha(buffer_linha);  
   \   000002B4   0xA804             ADD      R0,SP,#+16
   \   000002B6   0x.... 0x....      BL       IMPRESSORA_envia_linha
    187            // Linha 30
    188            sprintf(buffer_linha,REL_PT_BR_30);
   \   000002BA   0xF89D 0x000A      LDRB     R0,[SP, #+10]
   \   000002BE   0x9000             STR      R0,[SP, #+0]
   \   000002C0   0xF89D 0x300B      LDRB     R3,[SP, #+11]
   \   000002C4   0xF89D 0x200C      LDRB     R2,[SP, #+12]
   \   000002C8   0x....             LDR.N    R1,??DataTable1_19
   \   000002CA   0xA804             ADD      R0,SP,#+16
   \   000002CC   0x.... 0x....      BL       sprintf
    189            IMPRESSORA_envia_linha(buffer_linha);  
   \   000002D0   0xA804             ADD      R0,SP,#+16
   \   000002D2   0x.... 0x....      BL       IMPRESSORA_envia_linha
    190            // Linha 31
    191            sprintf(buffer_linha,REL_PT_BR_31);
   \   000002D6   0x....             LDR.N    R1,??DataTable1_4
   \   000002D8   0xA804             ADD      R0,SP,#+16
   \   000002DA   0x.... 0x....      BL       sprintf
    192            IMPRESSORA_envia_linha(buffer_linha);  
   \   000002DE   0xA804             ADD      R0,SP,#+16
   \   000002E0   0x.... 0x....      BL       IMPRESSORA_envia_linha
    193            // Linha 32
    194            sprintf(buffer_linha,REL_PT_BR_32);
   \   000002E4   0x....             LDR.N    R1,??DataTable1_20
   \   000002E6   0xA804             ADD      R0,SP,#+16
   \   000002E8   0x.... 0x....      BL       sprintf
    195            IMPRESSORA_envia_linha(buffer_linha);  
   \   000002EC   0xA804             ADD      R0,SP,#+16
   \   000002EE   0x.... 0x....      BL       IMPRESSORA_envia_linha
    196            // Linha 33
    197            sprintf(buffer_linha,REL_PT_BR_33);
   \   000002F2   0x9815             LDR      R0,[SP, #+84]
   \   000002F4   0x2164             MOVS     R1,#+100
   \   000002F6   0xFBB0 0xF2F1      UDIV     R2,R0,R1
   \   000002FA   0xFB01 0x0312      MLS      R3,R1,R2,R0
   \   000002FE   0x9815             LDR      R0,[SP, #+84]
   \   00000300   0x2164             MOVS     R1,#+100
   \   00000302   0xFBB0 0xF2F1      UDIV     R2,R0,R1
   \   00000306   0x....             LDR.N    R1,??DataTable1_21
   \   00000308   0xA804             ADD      R0,SP,#+16
   \   0000030A   0x.... 0x....      BL       sprintf
    198            IMPRESSORA_envia_linha(buffer_linha);  
   \   0000030E   0xA804             ADD      R0,SP,#+16
   \   00000310   0x.... 0x....      BL       IMPRESSORA_envia_linha
    199            // Linha 34
    200            sprintf(buffer_linha,REL_PT_BR_34);
   \   00000314   0x....             LDR.N    R1,??DataTable1_4
   \   00000316   0xA804             ADD      R0,SP,#+16
   \   00000318   0x.... 0x....      BL       sprintf
    201            IMPRESSORA_envia_linha(buffer_linha);  
   \   0000031C   0xA804             ADD      R0,SP,#+16
   \   0000031E   0x.... 0x....      BL       IMPRESSORA_envia_linha
    202            // Linha 35
    203            sprintf(buffer_linha,REL_PT_BR_35);
   \   00000322   0x....             LDR.N    R1,??DataTable1_4
   \   00000324   0xA804             ADD      R0,SP,#+16
   \   00000326   0x.... 0x....      BL       sprintf
    204            IMPRESSORA_envia_linha(buffer_linha);  
   \   0000032A   0xA804             ADD      R0,SP,#+16
   \   0000032C   0x.... 0x....      BL       IMPRESSORA_envia_linha
    205            // Linha 36
    206            sprintf(buffer_linha,REL_PT_BR_36);
   \   00000330   0x....             LDR.N    R1,??DataTable1_22
   \   00000332   0xA804             ADD      R0,SP,#+16
   \   00000334   0x.... 0x....      BL       sprintf
    207            IMPRESSORA_envia_linha(buffer_linha);  
   \   00000338   0xA804             ADD      R0,SP,#+16
   \   0000033A   0x.... 0x....      BL       IMPRESSORA_envia_linha
    208            // Linha 37
    209            sprintf(buffer_linha,REL_PT_BR_37);
   \   0000033E   0x9A1A             LDR      R2,[SP, #+104]
   \   00000340   0x....             LDR.N    R1,??DataTable1_23
   \   00000342   0xA804             ADD      R0,SP,#+16
   \   00000344   0x.... 0x....      BL       sprintf
    210            IMPRESSORA_envia_linha(buffer_linha);  
   \   00000348   0xA804             ADD      R0,SP,#+16
   \   0000034A   0x.... 0x....      BL       IMPRESSORA_envia_linha
    211            // Linha 38
    212            sprintf(buffer_linha,REL_PT_BR_38);
   \   0000034E   0x....             LDR.N    R1,??DataTable1_4
   \   00000350   0xA804             ADD      R0,SP,#+16
   \   00000352   0x.... 0x....      BL       sprintf
    213            IMPRESSORA_envia_linha(buffer_linha);  
   \   00000356   0xA804             ADD      R0,SP,#+16
   \   00000358   0x.... 0x....      BL       IMPRESSORA_envia_linha
    214            // Linha 39
    215            sprintf(buffer_linha,REL_PT_BR_39);
   \   0000035C   0x....             LDR.N    R1,??DataTable1_4
   \   0000035E   0xA804             ADD      R0,SP,#+16
   \   00000360   0x.... 0x....      BL       sprintf
    216            IMPRESSORA_envia_linha(buffer_linha);
   \   00000364   0xA804             ADD      R0,SP,#+16
   \   00000366   0x.... 0x....      BL       IMPRESSORA_envia_linha
    217            
    218            // Imprime os últimos 10 eventos de troca
    219            // no preço da pipoca
    220            RELATORIO_eventos_troca_preco();
   \   0000036A   0x.... 0x....      BL       RELATORIO_eventos_troca_preco
    221            
    222            // Linha 40
    223            sprintf(buffer_linha,REL_PT_BR_40);
   \   0000036E   0x....             LDR.N    R1,??DataTable1_4
   \   00000370   0xA804             ADD      R0,SP,#+16
   \   00000372   0x.... 0x....      BL       sprintf
    224            IMPRESSORA_envia_linha(buffer_linha);  
   \   00000376   0xA804             ADD      R0,SP,#+16
   \   00000378   0x.... 0x....      BL       IMPRESSORA_envia_linha
    225            // Linha 41
    226            sprintf(buffer_linha,REL_PT_BR_41);
   \   0000037C   0x....             LDR.N    R1,??DataTable1_4
   \   0000037E   0xA804             ADD      R0,SP,#+16
   \   00000380   0x.... 0x....      BL       sprintf
    227            IMPRESSORA_envia_linha(buffer_linha);  
   \   00000384   0xA804             ADD      R0,SP,#+16
   \   00000386   0x.... 0x....      BL       IMPRESSORA_envia_linha
    228            // Linha 42
    229            sprintf(buffer_linha,REL_PT_BR_42);
   \   0000038A   0x....             LDR.N    R1,??DataTable1_4
   \   0000038C   0xA804             ADD      R0,SP,#+16
   \   0000038E   0x.... 0x....      BL       sprintf
    230            IMPRESSORA_envia_linha(buffer_linha);    
   \   00000392   0xA804             ADD      R0,SP,#+16
   \   00000394   0x.... 0x....      BL       IMPRESSORA_envia_linha
    231            // Linha 42
    232            sprintf(buffer_linha,REL_PT_BR_42);
   \   00000398   0x....             LDR.N    R1,??DataTable1_4
   \   0000039A   0xA804             ADD      R0,SP,#+16
   \   0000039C   0x.... 0x....      BL       sprintf
    233            IMPRESSORA_envia_linha(buffer_linha);    
   \   000003A0   0xA804             ADD      R0,SP,#+16
   \   000003A2   0x.... 0x....      BL       IMPRESSORA_envia_linha
    234            // Linha 43
    235            sprintf(buffer_linha,REL_PT_BR_43);
   \   000003A6   0x....             LDR.N    R1,??DataTable1_4
   \   000003A8   0xA804             ADD      R0,SP,#+16
   \   000003AA   0x.... 0x....      BL       sprintf
    236            IMPRESSORA_envia_linha(buffer_linha);    
   \   000003AE   0xA804             ADD      R0,SP,#+16
   \   000003B0   0x.... 0x....      BL       IMPRESSORA_envia_linha
    237            // Linha 44
    238            sprintf(buffer_linha,REL_PT_BR_44);
   \   000003B4   0x....             LDR.N    R1,??DataTable1_4
   \   000003B6   0xA804             ADD      R0,SP,#+16
   \   000003B8   0x.... 0x....      BL       sprintf
    239            IMPRESSORA_envia_linha(buffer_linha);    
   \   000003BC   0xA804             ADD      R0,SP,#+16
   \   000003BE   0x.... 0x....      BL       IMPRESSORA_envia_linha
    240            // Linha 45
    241            sprintf(buffer_linha,REL_PT_BR_45);
   \   000003C2   0x....             LDR.N    R1,??DataTable1_24
   \   000003C4   0xA804             ADD      R0,SP,#+16
   \   000003C6   0x.... 0x....      BL       sprintf
    242            IMPRESSORA_envia_linha(buffer_linha);    
   \   000003CA   0xA804             ADD      R0,SP,#+16
   \   000003CC   0x.... 0x....      BL       IMPRESSORA_envia_linha
    243            // Linha 46
    244            sprintf(buffer_linha,REL_PT_BR_46);
   \   000003D0   0x....             LDR.N    R1,??DataTable1_25
   \   000003D2   0xA804             ADD      R0,SP,#+16
   \   000003D4   0x.... 0x....      BL       sprintf
    245            IMPRESSORA_envia_linha(buffer_linha);    
   \   000003D8   0xA804             ADD      R0,SP,#+16
   \   000003DA   0x.... 0x....      BL       IMPRESSORA_envia_linha
    246            // Linha 47
    247            sprintf(buffer_linha,REL_PT_BR_47);
   \   000003DE   0x....             LDR.N    R1,??DataTable1_4
   \   000003E0   0xA804             ADD      R0,SP,#+16
   \   000003E2   0x.... 0x....      BL       sprintf
    248            IMPRESSORA_envia_linha(buffer_linha);    
   \   000003E6   0xA804             ADD      R0,SP,#+16
   \   000003E8   0x.... 0x....      BL       IMPRESSORA_envia_linha
    249            // Linha 48
    250            sprintf(buffer_linha,REL_PT_BR_48);
   \   000003EC   0x....             LDR.N    R1,??DataTable1_4
   \   000003EE   0xA804             ADD      R0,SP,#+16
   \   000003F0   0x.... 0x....      BL       sprintf
    251            IMPRESSORA_envia_linha(buffer_linha);    
   \   000003F4   0xA804             ADD      R0,SP,#+16
   \   000003F6   0x.... 0x....      BL       IMPRESSORA_envia_linha
    252            // Linha 49
    253            sprintf(buffer_linha,REL_PT_BR_49);
   \   000003FA   0x....             LDR.N    R1,??DataTable1_4
   \   000003FC   0xA804             ADD      R0,SP,#+16
   \   000003FE   0x.... 0x....      BL       sprintf
    254            IMPRESSORA_envia_linha(buffer_linha);    
   \   00000402   0xA804             ADD      R0,SP,#+16
   \   00000404   0x.... 0x....      BL       IMPRESSORA_envia_linha
    255            // Linha 50
    256            sprintf(buffer_linha,REL_PT_BR_50);
   \   00000408   0x....             LDR.N    R1,??DataTable1
   \   0000040A   0xA804             ADD      R0,SP,#+16
   \   0000040C   0x.... 0x....      BL       sprintf
    257            IMPRESSORA_envia_linha(buffer_linha);    
   \   00000410   0xA804             ADD      R0,SP,#+16
   \   00000412   0x.... 0x....      BL       IMPRESSORA_envia_linha
    258            // Linha 51
    259            sprintf(buffer_linha,REL_PT_BR_51);
   \   00000416   0x....             LDR.N    R1,??DataTable1_26
   \   00000418   0xA804             ADD      R0,SP,#+16
   \   0000041A   0x.... 0x....      BL       sprintf
    260            IMPRESSORA_envia_linha(buffer_linha);    
   \   0000041E   0xA804             ADD      R0,SP,#+16
   \   00000420   0x.... 0x....      BL       IMPRESSORA_envia_linha
    261            // Linha 52
    262            sprintf(buffer_linha,REL_PT_BR_52);
   \   00000424   0x....             LDR.N    R1,??DataTable1_27
   \   00000426   0xA804             ADD      R0,SP,#+16
   \   00000428   0x.... 0x....      BL       sprintf
    263            IMPRESSORA_envia_linha(buffer_linha);      
   \   0000042C   0xA804             ADD      R0,SP,#+16
   \   0000042E   0x.... 0x....      BL       IMPRESSORA_envia_linha
    264            // Linha 53
    265            sprintf(buffer_linha,REL_PT_BR_53);
   \   00000432   0x....             LDR.N    R1,??DataTable1_4
   \   00000434   0xA804             ADD      R0,SP,#+16
   \   00000436   0x.... 0x....      BL       sprintf
    266            IMPRESSORA_envia_linha(buffer_linha);        
   \   0000043A   0xA804             ADD      R0,SP,#+16
   \   0000043C   0x.... 0x....      BL       IMPRESSORA_envia_linha
    267            // Linha 54
    268            sprintf(buffer_linha,REL_PT_BR_54);
   \   00000440   0x....             LDR.N    R1,??DataTable1_4
   \   00000442   0xA804             ADD      R0,SP,#+16
   \   00000444   0x.... 0x....      BL       sprintf
    269            IMPRESSORA_envia_linha(buffer_linha);          
   \   00000448   0xA804             ADD      R0,SP,#+16
   \   0000044A   0x.... 0x....      BL       IMPRESSORA_envia_linha
    270            // Linha 55
    271            sprintf(buffer_linha,REL_PT_BR_55);
   \   0000044E   0x....             LDR.N    R1,??DataTable1_4
   \   00000450   0xA804             ADD      R0,SP,#+16
   \   00000452   0x.... 0x....      BL       sprintf
    272            IMPRESSORA_envia_linha(buffer_linha);            
   \   00000456   0xA804             ADD      R0,SP,#+16
   \   00000458   0x.... 0x....      BL       IMPRESSORA_envia_linha
    273            // Linha 56
    274            sprintf(buffer_linha,REL_PT_BR_56);
   \   0000045C   0x....             LDR.N    R1,??DataTable1_4
   \   0000045E   0xA804             ADD      R0,SP,#+16
   \   00000460   0x.... 0x....      BL       sprintf
    275            IMPRESSORA_envia_linha(buffer_linha);              
   \   00000464   0xA804             ADD      R0,SP,#+16
   \   00000466   0x.... 0x....      BL       IMPRESSORA_envia_linha
    276            // Linha 57
    277            sprintf(buffer_linha,REL_PT_BR_57);
   \   0000046A   0x....             LDR.N    R1,??DataTable1_4
   \   0000046C   0xA804             ADD      R0,SP,#+16
   \   0000046E   0x.... 0x....      BL       sprintf
    278            IMPRESSORA_envia_linha(buffer_linha);                
   \   00000472   0xA804             ADD      R0,SP,#+16
   \   00000474   0x.... 0x....      BL       IMPRESSORA_envia_linha
    279            // Linha 58
    280            sprintf(buffer_linha,REL_PT_BR_58);
   \   00000478   0x....             LDR.N    R1,??DataTable1_4
   \   0000047A   0xA804             ADD      R0,SP,#+16
   \   0000047C   0x.... 0x....      BL       sprintf
    281            IMPRESSORA_envia_linha(buffer_linha);                  
   \   00000480   0xA804             ADD      R0,SP,#+16
   \   00000482   0x.... 0x....      BL       IMPRESSORA_envia_linha
    282            // Linha 59
    283            sprintf(buffer_linha,REL_PT_BR_59);
   \   00000486   0x....             LDR.N    R1,??DataTable1_4
   \   00000488   0xA804             ADD      R0,SP,#+16
   \   0000048A   0x.... 0x....      BL       sprintf
    284            IMPRESSORA_envia_linha(buffer_linha);                    
   \   0000048E   0xA804             ADD      R0,SP,#+16
   \   00000490   0x.... 0x....      BL       IMPRESSORA_envia_linha
    285            // Linha 60
    286            sprintf(buffer_linha,REL_PT_BR_60);
   \   00000494   0x....             LDR.N    R1,??DataTable1_4
   \   00000496   0xA804             ADD      R0,SP,#+16
   \   00000498   0x.... 0x....      BL       sprintf
    287            IMPRESSORA_envia_linha(buffer_linha);        
   \   0000049C   0xA804             ADD      R0,SP,#+16
   \   0000049E   0x.... 0x....      BL       IMPRESSORA_envia_linha
    288            
    289            SERIALMUX_seleciona(SERIALMUX_USB);
   \   000004A2   0x2002             MOVS     R0,#+2
   \   000004A4   0x.... 0x....      BL       SERIALMUX_seleciona
    290          }
   \   000004A8   0xB020             ADD      SP,SP,#+128
   \   000004AA   0xBD10             POP      {R4,PC}          ;; return
    291          /***********************************************************************************
    292          *       Descrição       :       Verifica se existem eventos de alteração
    293          *                               no valor da pipoca
    294          *       Parametros      :       nennhum
    295          *       Retorno         :       nenhum
    296          ***********************************************************************************/

   \                                 In section .text, align 2, keep-with-next
    297          void RELATORIO_eventos_troca_preco(void){
   \                     RELATORIO_eventos_troca_preco:
   \   00000000   0xB570             PUSH     {R4-R6,LR}
   \   00000002   0xB094             SUB      SP,SP,#+80
    298            unsigned short int eventos;
    299            unsigned short int novo_preco;
    300            unsigned short int preco_antigo;
    301            unsigned char hora,minuto,segundo;
    302            unsigned char dia,mes;
    303            unsigned int ano;
    304            char buffer_linha[40];
    305            
    306            eventos = FTP_get_quantidade_novas_trocas();
   \   00000004   0x.... 0x....      BL       FTP_get_quantidade_novas_trocas
   \   00000008   0x0004             MOVS     R4,R0
    307            if(eventos){
   \   0000000A   0xB2A4             UXTH     R4,R4            ;; ZeroExt  R4,R4,#+16,#+16
   \   0000000C   0x2C00             CMP      R4,#+0
   \   0000000E   0xD072             BEQ.N    ??RELATORIO_eventos_troca_preco_0
    308              
    309              sprintf(buffer_linha,LINHA_TROCA_PRECO);
   \   00000010   0x....             LDR.N    R1,??DataTable1_28
   \   00000012   0xA809             ADD      R0,SP,#+36
   \   00000014   0x.... 0x....      BL       sprintf
    310              IMPRESSORA_envia_linha(buffer_linha);                 
   \   00000018   0xA809             ADD      R0,SP,#+36
   \   0000001A   0x.... 0x....      BL       IMPRESSORA_envia_linha
    311                  
    312              for(unsigned short int i=0,indice=eventos-1;i<eventos;i++,indice--){
   \   0000001E   0x2500             MOVS     R5,#+0
   \   00000020   0x1E66             SUBS     R6,R4,#+1
   \   00000022   0xE05D             B.N      ??RELATORIO_eventos_troca_preco_1
    313                
    314                FTP_get_troca(indice,&novo_preco,&preco_antigo,&hora,&minuto,&segundo,&dia,&mes,&ano);
   \                     ??RELATORIO_eventos_troca_preco_2:
   \   00000024   0xA808             ADD      R0,SP,#+32
   \   00000026   0x9004             STR      R0,[SP, #+16]
   \   00000028   0xA805             ADD      R0,SP,#+20
   \   0000002A   0x9003             STR      R0,[SP, #+12]
   \   0000002C   0xF10D 0x0015      ADD      R0,SP,#+21
   \   00000030   0x9002             STR      R0,[SP, #+8]
   \   00000032   0xF10D 0x0016      ADD      R0,SP,#+22
   \   00000036   0x9001             STR      R0,[SP, #+4]
   \   00000038   0xF10D 0x0017      ADD      R0,SP,#+23
   \   0000003C   0x9000             STR      R0,[SP, #+0]
   \   0000003E   0xAB06             ADD      R3,SP,#+24
   \   00000040   0xF10D 0x021A      ADD      R2,SP,#+26
   \   00000044   0xA907             ADD      R1,SP,#+28
   \   00000046   0x0030             MOVS     R0,R6
   \   00000048   0xB280             UXTH     R0,R0            ;; ZeroExt  R0,R0,#+16,#+16
   \   0000004A   0x.... 0x....      BL       FTP_get_troca
    315                
    316                sprintf(buffer_linha,"  [%02d de %02d]\n\r",i+1,eventos);
   \   0000004E   0xB2A4             UXTH     R4,R4            ;; ZeroExt  R4,R4,#+16,#+16
   \   00000050   0x0023             MOVS     R3,R4
   \   00000052   0xB2AD             UXTH     R5,R5            ;; ZeroExt  R5,R5,#+16,#+16
   \   00000054   0x1C6A             ADDS     R2,R5,#+1
   \   00000056   0x....             LDR.N    R1,??DataTable1_29
   \   00000058   0xA809             ADD      R0,SP,#+36
   \   0000005A   0x.... 0x....      BL       sprintf
    317                IMPRESSORA_envia_linha(buffer_linha);    
   \   0000005E   0xA809             ADD      R0,SP,#+36
   \   00000060   0x.... 0x....      BL       IMPRESSORA_envia_linha
    318                
    319                sprintf(buffer_linha,"   Preco Antigo: R$ %02d,%02d\n\r\n\r",preco_antigo/100,preco_antigo%100);
   \   00000064   0xF8BD 0x001A      LDRH     R0,[SP, #+26]
   \   00000068   0x2164             MOVS     R1,#+100
   \   0000006A   0xFB90 0xF2F1      SDIV     R2,R0,R1
   \   0000006E   0xFB01 0x0312      MLS      R3,R1,R2,R0
   \   00000072   0xF8BD 0x001A      LDRH     R0,[SP, #+26]
   \   00000076   0x2164             MOVS     R1,#+100
   \   00000078   0xFB90 0xF2F1      SDIV     R2,R0,R1
   \   0000007C   0x....             LDR.N    R1,??DataTable1_30
   \   0000007E   0xA809             ADD      R0,SP,#+36
   \   00000080   0x.... 0x....      BL       sprintf
    320                IMPRESSORA_envia_linha(buffer_linha);   
   \   00000084   0xA809             ADD      R0,SP,#+36
   \   00000086   0x.... 0x....      BL       IMPRESSORA_envia_linha
    321                
    322                sprintf(buffer_linha,"   Novo Preco: R$ %02d,%02d\n\r\n\r",novo_preco/100,novo_preco%100);
   \   0000008A   0xF8BD 0x001C      LDRH     R0,[SP, #+28]
   \   0000008E   0x2164             MOVS     R1,#+100
   \   00000090   0xFB90 0xF2F1      SDIV     R2,R0,R1
   \   00000094   0xFB01 0x0312      MLS      R3,R1,R2,R0
   \   00000098   0xF8BD 0x001C      LDRH     R0,[SP, #+28]
   \   0000009C   0x2164             MOVS     R1,#+100
   \   0000009E   0xFB90 0xF2F1      SDIV     R2,R0,R1
   \   000000A2   0x....             LDR.N    R1,??DataTable1_31
   \   000000A4   0xA809             ADD      R0,SP,#+36
   \   000000A6   0x.... 0x....      BL       sprintf
    323                IMPRESSORA_envia_linha(buffer_linha);   
   \   000000AA   0xA809             ADD      R0,SP,#+36
   \   000000AC   0x.... 0x....      BL       IMPRESSORA_envia_linha
    324                
    325                sprintf(buffer_linha,"   Em %02d/%02d/%04d as %02d:%02d:%02d\n\r",dia,mes,ano,hora,minuto,segundo);
   \   000000B0   0xF89D 0x0016      LDRB     R0,[SP, #+22]
   \   000000B4   0x9003             STR      R0,[SP, #+12]
   \   000000B6   0xF89D 0x0017      LDRB     R0,[SP, #+23]
   \   000000BA   0x9002             STR      R0,[SP, #+8]
   \   000000BC   0xF89D 0x0018      LDRB     R0,[SP, #+24]
   \   000000C0   0x9001             STR      R0,[SP, #+4]
   \   000000C2   0x9808             LDR      R0,[SP, #+32]
   \   000000C4   0x9000             STR      R0,[SP, #+0]
   \   000000C6   0xF89D 0x3014      LDRB     R3,[SP, #+20]
   \   000000CA   0xF89D 0x2015      LDRB     R2,[SP, #+21]
   \   000000CE   0x....             LDR.N    R1,??DataTable1_32
   \   000000D0   0xA809             ADD      R0,SP,#+36
   \   000000D2   0x.... 0x....      BL       sprintf
    326                IMPRESSORA_envia_linha(buffer_linha);   
   \   000000D6   0xA809             ADD      R0,SP,#+36
   \   000000D8   0x.... 0x....      BL       IMPRESSORA_envia_linha
    327              }
   \   000000DC   0x1C6D             ADDS     R5,R5,#+1
   \   000000DE   0x1E76             SUBS     R6,R6,#+1
   \                     ??RELATORIO_eventos_troca_preco_1:
   \   000000E0   0xB2AD             UXTH     R5,R5            ;; ZeroExt  R5,R5,#+16,#+16
   \   000000E2   0xB2A4             UXTH     R4,R4            ;; ZeroExt  R4,R4,#+16,#+16
   \   000000E4   0x42A5             CMP      R5,R4
   \   000000E6   0xD39D             BCC.N    ??RELATORIO_eventos_troca_preco_2
    328              
    329              sprintf(buffer_linha,"\n\r\n\r\n\r\n\r\n\r");
   \   000000E8   0x....             LDR.N    R1,??DataTable1_33
   \   000000EA   0xA809             ADD      R0,SP,#+36
   \   000000EC   0x.... 0x....      BL       sprintf
    330              IMPRESSORA_envia_linha(buffer_linha);       
   \   000000F0   0xA809             ADD      R0,SP,#+36
   \   000000F2   0x.... 0x....      BL       IMPRESSORA_envia_linha
    331            }      
    332          }
   \                     ??RELATORIO_eventos_troca_preco_0:
   \   000000F6   0xB014             ADD      SP,SP,#+80
   \   000000F8   0xBD70             POP      {R4-R6,PC}       ;; return

   \                                 In section .text, align 4, keep-with-next
   \                     ??DataTable1:
   \   00000000   0x........         DC32     `?<Constant "+--------------------...">`

   \                                 In section .text, align 4, keep-with-next
   \                     ??DataTable1_1:
   \   00000000   0x........         DC32     `?<Constant "|  GRUPO ALTECH - MAI...">`

   \                                 In section .text, align 4, keep-with-next
   \                     ??DataTable1_2:
   \   00000000   0x........         DC32     `?<Constant "+                    ...">`

   \                                 In section .text, align 4, keep-with-next
   \                     ??DataTable1_3:
   \   00000000   0x........         DC32     `?<Constant "+  RELATORIO DE VENDA...">`

   \                                 In section .text, align 4, keep-with-next
   \                     ??DataTable1_4:
   \   00000000   0x........         DC32     `?<Constant "                     ...">`

   \                                 In section .text, align 4, keep-with-next
   \                     ??DataTable1_5:
   \   00000000   0x........         DC32     `?<Constant "  [Numero de serie]  ...">`

   \                                 In section .text, align 4, keep-with-next
   \                     ??DataTable1_6:
   \   00000000   0x........         DC32     `?<Constant "  %06d               ...">`

   \                                 In section .text, align 4, keep-with-next
   \                     ??DataTable1_7:
   \   00000000   0x........         DC32     `?<Constant "  [Faturamento parcia...">`

   \                                 In section .text, align 4, keep-with-next
   \                     ??DataTable1_8:
   \   00000000   0x........         DC32     `?<Constant "   unidades   : %d   ...">`

   \                                 In section .text, align 4, keep-with-next
   \                     ??DataTable1_9:
   \   00000000   0x........         DC32     `?<Constant "   arrecadacao: R$ %d...">`

   \                                 In section .text, align 4, keep-with-next
   \                     ??DataTable1_10:
   \   00000000   0x........         DC32     `?<Constant "  [Faturamento total]...">`

   \                                 In section .text, align 4, keep-with-next
   \                     ??DataTable1_11:
   \   00000000   0x........         DC32     `?<Constant "  [Faturamento cartao...">`

   \                                 In section .text, align 4, keep-with-next
   \                     ??DataTable1_12:
   \   00000000   0x........         DC32     `?<Constant "   parcial    : R$ %d...">`

   \                                 In section .text, align 4, keep-with-next
   \                     ??DataTable1_13:
   \   00000000   0x........         DC32     `?<Constant "   total      : R$ %d...">`

   \                                 In section .text, align 4, keep-with-next
   \                     ??DataTable1_14:
   \   00000000   0x........         DC32     `?<Constant "  [Comissao do ponto]...">`

   \                                 In section .text, align 4, keep-with-next
   \                     ??DataTable1_15:
   \   00000000   0x........         DC32     `?<Constant "   taxa       : %d %%...">`

   \                                 In section .text, align 4, keep-with-next
   \                     ??DataTable1_16:
   \   00000000   0x........         DC32     `?<Constant "   montante   : R$ %d...">`

   \                                 In section .text, align 4, keep-with-next
   \                     ??DataTable1_17:
   \   00000000   0x........         DC32     `?<Constant "  [Hora/Data do Relat...">`

   \                                 In section .text, align 4, keep-with-next
   \                     ??DataTable1_18:
   \   00000000   0x........         DC32     `?<Constant "    %02d/%02d/%04d   ...">`

   \                                 In section .text, align 4, keep-with-next
   \                     ??DataTable1_19:
   \   00000000   0x........         DC32     `?<Constant "    %02d:%02d:%02d   ...">`

   \                                 In section .text, align 4, keep-with-next
   \                     ??DataTable1_20:
   \   00000000   0x........         DC32     `?<Constant "  [Valor da pipoca]  ...">`

   \                                 In section .text, align 4, keep-with-next
   \                     ??DataTable1_21:
   \   00000000   0x........         DC32     `?<Constant "    R$ %d,%02d       ...">`

   \                                 In section .text, align 4, keep-with-next
   \                     ??DataTable1_22:
   \   00000000   0x........         DC32     `?<Constant "  [Pipocas teste]    ...">`

   \                                 In section .text, align 4, keep-with-next
   \                     ??DataTable1_23:
   \   00000000   0x........         DC32     `?<Constant "    preparacoes: %d  ...">`

   \                                 In section .text, align 4, keep-with-next
   \                     ??DataTable1_24:
   \   00000000   0x........         DC32     `?<Constant "  ___________________...">`

   \                                 In section .text, align 4, keep-with-next
   \                     ??DataTable1_25:
   \   00000000   0x........         DC32     `?<Constant "           Responsave...">`

   \                                 In section .text, align 4, keep-with-next
   \                     ??DataTable1_26:
   \   00000000   0x........         DC32     `?<Constant "|          www.maispi...">`

   \                                 In section .text, align 4, keep-with-next
   \                     ??DataTable1_27:
   \   00000000   0x........         DC32     `?<Constant "+--------------------...">_1`

   \                                 In section .text, align 4, keep-with-next
   \                     ??DataTable1_28:
   \   00000000   0x........         DC32     `?<Constant "  [Troca de preco]\\n\\r">`

   \                                 In section .text, align 4, keep-with-next
   \                     ??DataTable1_29:
   \   00000000   0x........         DC32     `?<Constant "  [%02d de %02d]\\n\\r">`

   \                                 In section .text, align 4, keep-with-next
   \                     ??DataTable1_30:
   \   00000000   0x........         DC32     `?<Constant "   Preco Antigo: R$ %...">`

   \                                 In section .text, align 4, keep-with-next
   \                     ??DataTable1_31:
   \   00000000   0x........         DC32     `?<Constant "   Novo Preco: R$ %02...">`

   \                                 In section .text, align 4, keep-with-next
   \                     ??DataTable1_32:
   \   00000000   0x........         DC32     `?<Constant "   Em %02d/%02d/%04d ...">`

   \                                 In section .text, align 4, keep-with-next
   \                     ??DataTable1_33:
   \   00000000   0x........         DC32     `?<Constant "\\n\\r\\n\\r\\n\\r\\n\\r\\n\\r">`

   \                                 In section .rodata, align 4
   \                     `?<Constant "+--------------------...">`:
   \   00000000   0x2B 0x2D          DC8 "+----------------------------------------+\012\015"
   \              0x2D 0x2D    
   \              0x2D 0x2D    
   \              0x2D 0x2D    
   \              0x2D 0x2D    
   \              0x2D 0x2D    
   \              0x2D 0x2D    
   \              0x2D 0x2D    
   \              0x2D 0x2D    
   \              0x2D 0x2D    
   \              0x2D 0x2D    
   \              0x2D 0x2D    
   \              0x2D 0x2D    
   \              0x2D 0x2D    
   \              0x2D 0x2D    
   \              0x2D 0x2D    
   \              0x2D 0x2D    
   \              0x2D 0x2D    
   \              0x2D 0x2D    
   \              0x2D 0x2D    
   \              0x2D 0x2B    
   \              0x0A 0x0D    
   \              0x00         
   \   0000002D   0x00 0x00          DC8 0, 0, 0
   \              0x00         

   \                                 In section .rodata, align 4
   \                     `?<Constant "|  GRUPO ALTECH - MAI...">`:
   \   00000000   0x7C 0x20          DC8 "|  GRUPO ALTECH - MAIS PIPOCA            +\012\015"
   \              0x20 0x47    
   \              0x52 0x55    
   \              0x50 0x4F    
   \              0x20 0x41    
   \              0x4C 0x54    
   \              0x45 0x43    
   \              0x48 0x20    
   \              0x2D 0x20    
   \              0x4D 0x41    
   \              0x49 0x53    
   \              0x20 0x50    
   \              0x49 0x50    
   \              0x4F 0x43    
   \              0x41 0x20    
   \              0x20 0x20    
   \              0x20 0x20    
   \              0x20 0x20    
   \              0x20 0x20    
   \              0x20 0x20    
   \              0x20 0x2B    
   \              0x0A 0x0D    
   \              0x00         
   \   0000002D   0x00 0x00          DC8 0, 0, 0
   \              0x00         

   \                                 In section .rodata, align 4
   \                     `?<Constant "+                    ...">`:
   \   00000000   0x2B 0x20          DC8 "+                                        +\012\015"
   \              0x20 0x20    
   \              0x20 0x20    
   \              0x20 0x20    
   \              0x20 0x20    
   \              0x20 0x20    
   \              0x20 0x20    
   \              0x20 0x20    
   \              0x20 0x20    
   \              0x20 0x20    
   \              0x20 0x20    
   \              0x20 0x20    
   \              0x20 0x20    
   \              0x20 0x20    
   \              0x20 0x20    
   \              0x20 0x20    
   \              0x20 0x20    
   \              0x20 0x20    
   \              0x20 0x20    
   \              0x20 0x20    
   \              0x20 0x2B    
   \              0x0A 0x0D    
   \              0x00         
   \   0000002D   0x00 0x00          DC8 0, 0, 0
   \              0x00         

   \                                 In section .rodata, align 4
   \                     `?<Constant "+  RELATORIO DE VENDA...">`:
   \   00000000   0x2B 0x20          DC8 "+  RELATORIO DE VENDAS                   +\012\015"
   \              0x20 0x52    
   \              0x45 0x4C    
   \              0x41 0x54    
   \              0x4F 0x52    
   \              0x49 0x4F    
   \              0x20 0x44    
   \              0x45 0x20    
   \              0x56 0x45    
   \              0x4E 0x44    
   \              0x41 0x53    
   \              0x20 0x20    
   \              0x20 0x20    
   \              0x20 0x20    
   \              0x20 0x20    
   \              0x20 0x20    
   \              0x20 0x20    
   \              0x20 0x20    
   \              0x20 0x20    
   \              0x20 0x20    
   \              0x20 0x2B    
   \              0x0A 0x0D    
   \              0x00         
   \   0000002D   0x00 0x00          DC8 0, 0, 0
   \              0x00         

   \                                 In section .rodata, align 4
   \                     `?<Constant "                     ...">`:
   \   00000000   0x20 0x20          DC8 "                                          \012\015"
   \              0x20 0x20    
   \              0x20 0x20    
   \              0x20 0x20    
   \              0x20 0x20    
   \              0x20 0x20    
   \              0x20 0x20    
   \              0x20 0x20    
   \              0x20 0x20    
   \              0x20 0x20    
   \              0x20 0x20    
   \              0x20 0x20    
   \              0x20 0x20    
   \              0x20 0x20    
   \              0x20 0x20    
   \              0x20 0x20    
   \              0x20 0x20    
   \              0x20 0x20    
   \              0x20 0x20    
   \              0x20 0x20    
   \              0x20 0x20    
   \              0x0A 0x0D    
   \              0x00         
   \   0000002D   0x00 0x00          DC8 0, 0, 0
   \              0x00         

   \                                 In section .rodata, align 4
   \                     `?<Constant "  [Numero de serie]  ...">`:
   \   00000000   0x20 0x20          DC8 "  [Numero de serie]                       \012\015"
   \              0x5B 0x4E    
   \              0x75 0x6D    
   \              0x65 0x72    
   \              0x6F 0x20    
   \              0x64 0x65    
   \              0x20 0x73    
   \              0x65 0x72    
   \              0x69 0x65    
   \              0x5D 0x20    
   \              0x20 0x20    
   \              0x20 0x20    
   \              0x20 0x20    
   \              0x20 0x20    
   \              0x20 0x20    
   \              0x20 0x20    
   \              0x20 0x20    
   \              0x20 0x20    
   \              0x20 0x20    
   \              0x20 0x20    
   \              0x20 0x20    
   \              0x0A 0x0D    
   \              0x00         
   \   0000002D   0x00 0x00          DC8 0, 0, 0
   \              0x00         

   \                                 In section .rodata, align 4
   \                     `?<Constant "  %06d               ...">`:
   \   00000000   0x20 0x20          DC8 "  %06d                                    \012\015"
   \              0x25 0x30    
   \              0x36 0x64    
   \              0x20 0x20    
   \              0x20 0x20    
   \              0x20 0x20    
   \              0x20 0x20    
   \              0x20 0x20    
   \              0x20 0x20    
   \              0x20 0x20    
   \              0x20 0x20    
   \              0x20 0x20    
   \              0x20 0x20    
   \              0x20 0x20    
   \              0x20 0x20    
   \              0x20 0x20    
   \              0x20 0x20    
   \              0x20 0x20    
   \              0x20 0x20    
   \              0x20 0x20    
   \              0x20 0x20    
   \              0x0A 0x0D    
   \              0x00         
   \   0000002D   0x00 0x00          DC8 0, 0, 0
   \              0x00         

   \                                 In section .rodata, align 4
   \                     `?<Constant "  [Faturamento parcia...">`:
   \   00000000   0x20 0x20          DC8 "  [Faturamento parcial]                   \012\015"
   \              0x5B 0x46    
   \              0x61 0x74    
   \              0x75 0x72    
   \              0x61 0x6D    
   \              0x65 0x6E    
   \              0x74 0x6F    
   \              0x20 0x70    
   \              0x61 0x72    
   \              0x63 0x69    
   \              0x61 0x6C    
   \              0x5D 0x20    
   \              0x20 0x20    
   \              0x20 0x20    
   \              0x20 0x20    
   \              0x20 0x20    
   \              0x20 0x20    
   \              0x20 0x20    
   \              0x20 0x20    
   \              0x20 0x20    
   \              0x20 0x20    
   \              0x0A 0x0D    
   \              0x00         
   \   0000002D   0x00 0x00          DC8 0, 0, 0
   \              0x00         

   \                                 In section .rodata, align 4
   \                     `?<Constant "   unidades   : %d   ...">`:
   \   00000000   0x20 0x20          DC8 "   unidades   : %d                        \012\015"
   \              0x20 0x75    
   \              0x6E 0x69    
   \              0x64 0x61    
   \              0x64 0x65    
   \              0x73 0x20    
   \              0x20 0x20    
   \              0x3A 0x20    
   \              0x25 0x64    
   \              0x20 0x20    
   \              0x20 0x20    
   \              0x20 0x20    
   \              0x20 0x20    
   \              0x20 0x20    
   \              0x20 0x20    
   \              0x20 0x20    
   \              0x20 0x20    
   \              0x20 0x20    
   \              0x20 0x20    
   \              0x20 0x20    
   \              0x20 0x20    
   \              0x0A 0x0D    
   \              0x00         
   \   0000002D   0x00 0x00          DC8 0, 0, 0
   \              0x00         

   \                                 In section .rodata, align 4
   \                     `?<Constant "   arrecadacao: R$ %d...">`:
   \   00000000   0x20 0x20          DC8 "   arrecadacao: R$ %d,%02d                \012\015"
   \              0x20 0x61    
   \              0x72 0x72    
   \              0x65 0x63    
   \              0x61 0x64    
   \              0x61 0x63    
   \              0x61 0x6F    
   \              0x3A 0x20    
   \              0x52 0x24    
   \              0x20 0x25    
   \              0x64 0x2C    
   \              0x25 0x30    
   \              0x32 0x64    
   \              0x20 0x20    
   \              0x20 0x20    
   \              0x20 0x20    
   \              0x20 0x20    
   \              0x20 0x20    
   \              0x20 0x20    
   \              0x20 0x20    
   \              0x20 0x20    
   \              0x0A 0x0D    
   \              0x00         
   \   0000002D   0x00 0x00          DC8 0, 0, 0
   \              0x00         

   \                                 In section .rodata, align 4
   \                     `?<Constant "  [Faturamento total]...">`:
   \   00000000   0x20 0x20          DC8 "  [Faturamento total]                     \012\015"
   \              0x5B 0x46    
   \              0x61 0x74    
   \              0x75 0x72    
   \              0x61 0x6D    
   \              0x65 0x6E    
   \              0x74 0x6F    
   \              0x20 0x74    
   \              0x6F 0x74    
   \              0x61 0x6C    
   \              0x5D 0x20    
   \              0x20 0x20    
   \              0x20 0x20    
   \              0x20 0x20    
   \              0x20 0x20    
   \              0x20 0x20    
   \              0x20 0x20    
   \              0x20 0x20    
   \              0x20 0x20    
   \              0x20 0x20    
   \              0x20 0x20    
   \              0x0A 0x0D    
   \              0x00         
   \   0000002D   0x00 0x00          DC8 0, 0, 0
   \              0x00         

   \                                 In section .rodata, align 4
   \                     `?<Constant "  [Faturamento cartao...">`:
   \   00000000   0x20 0x20          DC8 "  [Faturamento cartao]                    \012\015"
   \              0x5B 0x46    
   \              0x61 0x74    
   \              0x75 0x72    
   \              0x61 0x6D    
   \              0x65 0x6E    
   \              0x74 0x6F    
   \              0x20 0x63    
   \              0x61 0x72    
   \              0x74 0x61    
   \              0x6F 0x5D    
   \              0x20 0x20    
   \              0x20 0x20    
   \              0x20 0x20    
   \              0x20 0x20    
   \              0x20 0x20    
   \              0x20 0x20    
   \              0x20 0x20    
   \              0x20 0x20    
   \              0x20 0x20    
   \              0x20 0x20    
   \              0x0A 0x0D    
   \              0x00         
   \   0000002D   0x00 0x00          DC8 0, 0, 0
   \              0x00         

   \                                 In section .rodata, align 4
   \                     `?<Constant "   parcial    : R$ %d...">`:
   \   00000000   0x20 0x20          DC8 "   parcial    : R$ %d,%02d                \012\015"
   \              0x20 0x70    
   \              0x61 0x72    
   \              0x63 0x69    
   \              0x61 0x6C    
   \              0x20 0x20    
   \              0x20 0x20    
   \              0x3A 0x20    
   \              0x52 0x24    
   \              0x20 0x25    
   \              0x64 0x2C    
   \              0x25 0x30    
   \              0x32 0x64    
   \              0x20 0x20    
   \              0x20 0x20    
   \              0x20 0x20    
   \              0x20 0x20    
   \              0x20 0x20    
   \              0x20 0x20    
   \              0x20 0x20    
   \              0x20 0x20    
   \              0x0A 0x0D    
   \              0x00         
   \   0000002D   0x00 0x00          DC8 0, 0, 0
   \              0x00         

   \                                 In section .rodata, align 4
   \                     `?<Constant "   total      : R$ %d...">`:
   \   00000000   0x20 0x20          DC8 "   total      : R$ %d,%02d                \012\015"
   \              0x20 0x74    
   \              0x6F 0x74    
   \              0x61 0x6C    
   \              0x20 0x20    
   \              0x20 0x20    
   \              0x20 0x20    
   \              0x3A 0x20    
   \              0x52 0x24    
   \              0x20 0x25    
   \              0x64 0x2C    
   \              0x25 0x30    
   \              0x32 0x64    
   \              0x20 0x20    
   \              0x20 0x20    
   \              0x20 0x20    
   \              0x20 0x20    
   \              0x20 0x20    
   \              0x20 0x20    
   \              0x20 0x20    
   \              0x20 0x20    
   \              0x0A 0x0D    
   \              0x00         
   \   0000002D   0x00 0x00          DC8 0, 0, 0
   \              0x00         

   \                                 In section .rodata, align 4
   \                     `?<Constant "  [Comissao do ponto]...">`:
   \   00000000   0x20 0x20          DC8 "  [Comissao do ponto]                     \012\015"
   \              0x5B 0x43    
   \              0x6F 0x6D    
   \              0x69 0x73    
   \              0x73 0x61    
   \              0x6F 0x20    
   \              0x64 0x6F    
   \              0x20 0x70    
   \              0x6F 0x6E    
   \              0x74 0x6F    
   \              0x5D 0x20    
   \              0x20 0x20    
   \              0x20 0x20    
   \              0x20 0x20    
   \              0x20 0x20    
   \              0x20 0x20    
   \              0x20 0x20    
   \              0x20 0x20    
   \              0x20 0x20    
   \              0x20 0x20    
   \              0x20 0x20    
   \              0x0A 0x0D    
   \              0x00         
   \   0000002D   0x00 0x00          DC8 0, 0, 0
   \              0x00         

   \                                 In section .rodata, align 4
   \                     `?<Constant "   taxa       : %d %%...">`:
   \   00000000   0x20 0x20          DC8 "   taxa       : %d %%                     \012\015"
   \              0x20 0x74    
   \              0x61 0x78    
   \              0x61 0x20    
   \              0x20 0x20    
   \              0x20 0x20    
   \              0x20 0x20    
   \              0x3A 0x20    
   \              0x25 0x64    
   \              0x20 0x25    
   \              0x25 0x20    
   \              0x20 0x20    
   \              0x20 0x20    
   \              0x20 0x20    
   \              0x20 0x20    
   \              0x20 0x20    
   \              0x20 0x20    
   \              0x20 0x20    
   \              0x20 0x20    
   \              0x20 0x20    
   \              0x20 0x20    
   \              0x0A 0x0D    
   \              0x00         
   \   0000002D   0x00 0x00          DC8 0, 0, 0
   \              0x00         

   \                                 In section .rodata, align 4
   \                     `?<Constant "   montante   : R$ %d...">`:
   \   00000000   0x20 0x20          DC8 "   montante   : R$ %d,%02d                \012\015"
   \              0x20 0x6D    
   \              0x6F 0x6E    
   \              0x74 0x61    
   \              0x6E 0x74    
   \              0x65 0x20    
   \              0x20 0x20    
   \              0x3A 0x20    
   \              0x52 0x24    
   \              0x20 0x25    
   \              0x64 0x2C    
   \              0x25 0x30    
   \              0x32 0x64    
   \              0x20 0x20    
   \              0x20 0x20    
   \              0x20 0x20    
   \              0x20 0x20    
   \              0x20 0x20    
   \              0x20 0x20    
   \              0x20 0x20    
   \              0x20 0x20    
   \              0x0A 0x0D    
   \              0x00         
   \   0000002D   0x00 0x00          DC8 0, 0, 0
   \              0x00         

   \                                 In section .rodata, align 4
   \                     `?<Constant "  [Hora/Data do Relat...">`:
   \   00000000   0x20 0x20          DC8 "  [Hora/Data do Relatorio]                \012\015"
   \              0x5B 0x48    
   \              0x6F 0x72    
   \              0x61 0x2F    
   \              0x44 0x61    
   \              0x74 0x61    
   \              0x20 0x64    
   \              0x6F 0x20    
   \              0x52 0x65    
   \              0x6C 0x61    
   \              0x74 0x6F    
   \              0x72 0x69    
   \              0x6F 0x5D    
   \              0x20 0x20    
   \              0x20 0x20    
   \              0x20 0x20    
   \              0x20 0x20    
   \              0x20 0x20    
   \              0x20 0x20    
   \              0x20 0x20    
   \              0x20 0x20    
   \              0x0A 0x0D    
   \              0x00         
   \   0000002D   0x00 0x00          DC8 0, 0, 0
   \              0x00         

   \                                 In section .rodata, align 4
   \                     `?<Constant "    %02d/%02d/%04d   ...">`:
   \   00000000   0x20 0x20          DC8 "    %02d/%02d/%04d                        \012\015"
   \              0x20 0x20    
   \              0x25 0x30    
   \              0x32 0x64    
   \              0x2F 0x25    
   \              0x30 0x32    
   \              0x64 0x2F    
   \              0x25 0x30    
   \              0x34 0x64    
   \              0x20 0x20    
   \              0x20 0x20    
   \              0x20 0x20    
   \              0x20 0x20    
   \              0x20 0x20    
   \              0x20 0x20    
   \              0x20 0x20    
   \              0x20 0x20    
   \              0x20 0x20    
   \              0x20 0x20    
   \              0x20 0x20    
   \              0x20 0x20    
   \              0x0A 0x0D    
   \              0x00         
   \   0000002D   0x00 0x00          DC8 0, 0, 0
   \              0x00         

   \                                 In section .rodata, align 4
   \                     `?<Constant "    %02d:%02d:%02d   ...">`:
   \   00000000   0x20 0x20          DC8 "    %02d:%02d:%02d                        \012\015"
   \              0x20 0x20    
   \              0x25 0x30    
   \              0x32 0x64    
   \              0x3A 0x25    
   \              0x30 0x32    
   \              0x64 0x3A    
   \              0x25 0x30    
   \              0x32 0x64    
   \              0x20 0x20    
   \              0x20 0x20    
   \              0x20 0x20    
   \              0x20 0x20    
   \              0x20 0x20    
   \              0x20 0x20    
   \              0x20 0x20    
   \              0x20 0x20    
   \              0x20 0x20    
   \              0x20 0x20    
   \              0x20 0x20    
   \              0x20 0x20    
   \              0x0A 0x0D    
   \              0x00         
   \   0000002D   0x00 0x00          DC8 0, 0, 0
   \              0x00         

   \                                 In section .rodata, align 4
   \                     `?<Constant "  [Valor da pipoca]  ...">`:
   \   00000000   0x20 0x20          DC8 "  [Valor da pipoca]                       \012\015"
   \              0x5B 0x56    
   \              0x61 0x6C    
   \              0x6F 0x72    
   \              0x20 0x64    
   \              0x61 0x20    
   \              0x70 0x69    
   \              0x70 0x6F    
   \              0x63 0x61    
   \              0x5D 0x20    
   \              0x20 0x20    
   \              0x20 0x20    
   \              0x20 0x20    
   \              0x20 0x20    
   \              0x20 0x20    
   \              0x20 0x20    
   \              0x20 0x20    
   \              0x20 0x20    
   \              0x20 0x20    
   \              0x20 0x20    
   \              0x20 0x20    
   \              0x0A 0x0D    
   \              0x00         
   \   0000002D   0x00 0x00          DC8 0, 0, 0
   \              0x00         

   \                                 In section .rodata, align 4
   \                     `?<Constant "    R$ %d,%02d       ...">`:
   \   00000000   0x20 0x20          DC8 "    R$ %d,%02d                            \012\015"
   \              0x20 0x20    
   \              0x52 0x24    
   \              0x20 0x25    
   \              0x64 0x2C    
   \              0x25 0x30    
   \              0x32 0x64    
   \              0x20 0x20    
   \              0x20 0x20    
   \              0x20 0x20    
   \              0x20 0x20    
   \              0x20 0x20    
   \              0x20 0x20    
   \              0x20 0x20    
   \              0x20 0x20    
   \              0x20 0x20    
   \              0x20 0x20    
   \              0x20 0x20    
   \              0x20 0x20    
   \              0x20 0x20    
   \              0x20 0x20    
   \              0x0A 0x0D    
   \              0x00         
   \   0000002D   0x00 0x00          DC8 0, 0, 0
   \              0x00         

   \                                 In section .rodata, align 4
   \                     `?<Constant "  [Pipocas teste]    ...">`:
   \   00000000   0x20 0x20          DC8 "  [Pipocas teste]                         \012\015"
   \              0x5B 0x50    
   \              0x69 0x70    
   \              0x6F 0x63    
   \              0x61 0x73    
   \              0x20 0x74    
   \              0x65 0x73    
   \              0x74 0x65    
   \              0x5D 0x20    
   \              0x20 0x20    
   \              0x20 0x20    
   \              0x20 0x20    
   \              0x20 0x20    
   \              0x20 0x20    
   \              0x20 0x20    
   \              0x20 0x20    
   \              0x20 0x20    
   \              0x20 0x20    
   \              0x20 0x20    
   \              0x20 0x20    
   \              0x20 0x20    
   \              0x0A 0x0D    
   \              0x00         
   \   0000002D   0x00 0x00          DC8 0, 0, 0
   \              0x00         

   \                                 In section .rodata, align 4
   \                     `?<Constant "    preparacoes: %d  ...">`:
   \   00000000   0x20 0x20          DC8 "    preparacoes: %d                       \012\015"
   \              0x20 0x20    
   \              0x70 0x72    
   \              0x65 0x70    
   \              0x61 0x72    
   \              0x61 0x63    
   \              0x6F 0x65    
   \              0x73 0x3A    
   \              0x20 0x25    
   \              0x64 0x20    
   \              0x20 0x20    
   \              0x20 0x20    
   \              0x20 0x20    
   \              0x20 0x20    
   \              0x20 0x20    
   \              0x20 0x20    
   \              0x20 0x20    
   \              0x20 0x20    
   \              0x20 0x20    
   \              0x20 0x20    
   \              0x20 0x20    
   \              0x0A 0x0D    
   \              0x00         
   \   0000002D   0x00 0x00          DC8 0, 0, 0
   \              0x00         

   \                                 In section .rodata, align 4
   \                     `?<Constant "  ___________________...">`:
   \   00000000   0x20 0x20          DC8 "  ________________________________________\012\015"
   \              0x5F 0x5F    
   \              0x5F 0x5F    
   \              0x5F 0x5F    
   \              0x5F 0x5F    
   \              0x5F 0x5F    
   \              0x5F 0x5F    
   \              0x5F 0x5F    
   \              0x5F 0x5F    
   \              0x5F 0x5F    
   \              0x5F 0x5F    
   \              0x5F 0x5F    
   \              0x5F 0x5F    
   \              0x5F 0x5F    
   \              0x5F 0x5F    
   \              0x5F 0x5F    
   \              0x5F 0x5F    
   \              0x5F 0x5F    
   \              0x5F 0x5F    
   \              0x5F 0x5F    
   \              0x5F 0x5F    
   \              0x0A 0x0D    
   \              0x00         
   \   0000002D   0x00 0x00          DC8 0, 0, 0
   \              0x00         

   \                                 In section .rodata, align 4
   \                     `?<Constant "           Responsave...">`:
   \   00000000   0x20 0x20          DC8 "           Responsavel pelo ponto         \012\015"
   \              0x20 0x20    
   \              0x20 0x20    
   \              0x20 0x20    
   \              0x20 0x20    
   \              0x20 0x52    
   \              0x65 0x73    
   \              0x70 0x6F    
   \              0x6E 0x73    
   \              0x61 0x76    
   \              0x65 0x6C    
   \              0x20 0x70    
   \              0x65 0x6C    
   \              0x6F 0x20    
   \              0x70 0x6F    
   \              0x6E 0x74    
   \              0x6F 0x20    
   \              0x20 0x20    
   \              0x20 0x20    
   \              0x20 0x20    
   \              0x20 0x20    
   \              0x0A 0x0D    
   \              0x00         
   \   0000002D   0x00 0x00          DC8 0, 0, 0
   \              0x00         

   \                                 In section .rodata, align 4
   \                     `?<Constant "|          www.maispi...">`:
   \   00000000   0x7C 0x20          DC8 "|          www.maispipoca.com.br         |\012\015"
   \              0x20 0x20    
   \              0x20 0x20    
   \              0x20 0x20    
   \              0x20 0x20    
   \              0x20 0x77    
   \              0x77 0x77    
   \              0x2E 0x6D    
   \              0x61 0x69    
   \              0x73 0x70    
   \              0x69 0x70    
   \              0x6F 0x63    
   \              0x61 0x2E    
   \              0x63 0x6F    
   \              0x6D 0x2E    
   \              0x62 0x72    
   \              0x20 0x20    
   \              0x20 0x20    
   \              0x20 0x20    
   \              0x20 0x20    
   \              0x20 0x7C    
   \              0x0A 0x0D    
   \              0x00         
   \   0000002D   0x00 0x00          DC8 0, 0, 0
   \              0x00         

   \                                 In section .rodata, align 4
   \                     `?<Constant "+--------------------...">_1`:
   \   00000000   0x2B 0x2D          DC8 "+----------------------------------------|\012\015"
   \              0x2D 0x2D    
   \              0x2D 0x2D    
   \              0x2D 0x2D    
   \              0x2D 0x2D    
   \              0x2D 0x2D    
   \              0x2D 0x2D    
   \              0x2D 0x2D    
   \              0x2D 0x2D    
   \              0x2D 0x2D    
   \              0x2D 0x2D    
   \              0x2D 0x2D    
   \              0x2D 0x2D    
   \              0x2D 0x2D    
   \              0x2D 0x2D    
   \              0x2D 0x2D    
   \              0x2D 0x2D    
   \              0x2D 0x2D    
   \              0x2D 0x2D    
   \              0x2D 0x2D    
   \              0x2D 0x7C    
   \              0x0A 0x0D    
   \              0x00         
   \   0000002D   0x00 0x00          DC8 0, 0, 0
   \              0x00         

   \                                 In section .rodata, align 4
   \                     `?<Constant "  [Troca de preco]\\n\\r">`:
   \   00000000   0x20 0x20          DC8 "  [Troca de preco]\012\015"
   \              0x5B 0x54    
   \              0x72 0x6F    
   \              0x63 0x61    
   \              0x20 0x64    
   \              0x65 0x20    
   \              0x70 0x72    
   \              0x65 0x63    
   \              0x6F 0x5D    
   \              0x0A 0x0D    
   \              0x00         
   \   00000015   0x00 0x00          DC8 0, 0, 0
   \              0x00         

   \                                 In section .rodata, align 4
   \                     `?<Constant "  [%02d de %02d]\\n\\r">`:
   \   00000000   0x20 0x20          DC8 "  [%02d de %02d]\012\015"
   \              0x5B 0x25    
   \              0x30 0x32    
   \              0x64 0x20    
   \              0x64 0x65    
   \              0x20 0x25    
   \              0x30 0x32    
   \              0x64 0x5D    
   \              0x0A 0x0D    
   \              0x00         
   \   00000013   0x00               DC8 0

   \                                 In section .rodata, align 4
   \                     `?<Constant "   Preco Antigo: R$ %...">`:
   \   00000000   0x20 0x20          DC8 "   Preco Antigo: R$ %02d,%02d\012\015\012\015"
   \              0x20 0x50    
   \              0x72 0x65    
   \              0x63 0x6F    
   \              0x20 0x41    
   \              0x6E 0x74    
   \              0x69 0x67    
   \              0x6F 0x3A    
   \              0x20 0x52    
   \              0x24 0x20    
   \              0x25 0x30    
   \              0x32 0x64    
   \              0x2C 0x25    
   \              0x30 0x32    
   \              0x64 0x0A    
   \              0x0D 0x0A    
   \              0x0D 0x00    
   \   00000022   0x00 0x00          DC8 0, 0

   \                                 In section .rodata, align 4
   \                     `?<Constant "   Novo Preco: R$ %02...">`:
   \   00000000   0x20 0x20          DC8 "   Novo Preco: R$ %02d,%02d\012\015\012\015"
   \              0x20 0x4E    
   \              0x6F 0x76    
   \              0x6F 0x20    
   \              0x50 0x72    
   \              0x65 0x63    
   \              0x6F 0x3A    
   \              0x20 0x52    
   \              0x24 0x20    
   \              0x25 0x30    
   \              0x32 0x64    
   \              0x2C 0x25    
   \              0x30 0x32    
   \              0x64 0x0A    
   \              0x0D 0x0A    
   \              0x0D 0x00    

   \                                 In section .rodata, align 4
   \                     `?<Constant "   Em %02d/%02d/%04d ...">`:
   \   00000000   0x20 0x20          DC8 "   Em %02d/%02d/%04d as %02d:%02d:%02d\012\015"
   \              0x20 0x45    
   \              0x6D 0x20    
   \              0x25 0x30    
   \              0x32 0x64    
   \              0x2F 0x25    
   \              0x30 0x32    
   \              0x64 0x2F    
   \              0x25 0x30    
   \              0x34 0x64    
   \              0x20 0x61    
   \              0x73 0x20    
   \              0x25 0x30    
   \              0x32 0x64    
   \              0x3A 0x25    
   \              0x30 0x32    
   \              0x64 0x3A    
   \              0x25 0x30    
   \              0x32 0x64    
   \              0x0A 0x0D    
   \              0x00         
   \   00000029   0x00 0x00          DC8 0, 0, 0
   \              0x00         

   \                                 In section .rodata, align 4
   \                     `?<Constant "\\n\\r\\n\\r\\n\\r\\n\\r\\n\\r">`:
   \   00000000   0x0A 0x0D          DC8 "\012\015\012\015\012\015\012\015\012\015"
   \              0x0A 0x0D    
   \              0x0A 0x0D    
   \              0x0A 0x0D    
   \              0x0A 0x0D    
   \              0x00         
   \   0000000B   0x00               DC8 0
    333          /***********************************************************************************
    334          *       Fim do arquivo
    335          ***********************************************************************************/

   Maximum stack usage in bytes:

   .cstack Function
   ------- --------
     136   RELATORIO_entry
       136   -> IMPRESSORA_envia_linha
       136   -> PARAMETROS_le
       136   -> RELATORIO_eventos_troca_preco
       136   -> RTC_getValue
       136   -> SERIALMUX_seleciona
       136   -> sprintf
      96   RELATORIO_eventos_troca_preco
        96   -> FTP_get_quantidade_novas_trocas
        96   -> FTP_get_troca
        96   -> IMPRESSORA_envia_linha
        96   -> sprintf


   Section sizes:

   Bytes  Function/Label
   -----  --------------
      48  ?<Constant "                     ...">
      48  ?<Constant "           Responsave...">
      48  ?<Constant "    %02d/%02d/%04d   ...">
      48  ?<Constant "    %02d:%02d:%02d   ...">
      48  ?<Constant "    R$ %d,%02d       ...">
      48  ?<Constant "    preparacoes: %d  ...">
      44  ?<Constant "   Em %02d/%02d/%04d ...">
      32  ?<Constant "   Novo Preco: R$ %02...">
      36  ?<Constant "   Preco Antigo: R$ %...">
      48  ?<Constant "   arrecadacao: R$ %d...">
      48  ?<Constant "   montante   : R$ %d...">
      48  ?<Constant "   parcial    : R$ %d...">
      48  ?<Constant "   taxa       : %d %%...">
      48  ?<Constant "   total      : R$ %d...">
      48  ?<Constant "   unidades   : %d   ...">
      48  ?<Constant "  %06d               ...">
      20  ?<Constant "  [%02d de %02d]\n\r">
      48  ?<Constant "  [Comissao do ponto]...">
      48  ?<Constant "  [Faturamento cartao...">
      48  ?<Constant "  [Faturamento parcia...">
      48  ?<Constant "  [Faturamento total]...">
      48  ?<Constant "  [Hora/Data do Relat...">
      48  ?<Constant "  [Numero de serie]  ...">
      48  ?<Constant "  [Pipocas teste]    ...">
      24  ?<Constant "  [Troca de preco]\n\r">
      48  ?<Constant "  [Valor da pipoca]  ...">
      48  ?<Constant "  ___________________...">
      48  ?<Constant "+                    ...">
      48  ?<Constant "+  RELATORIO DE VENDA...">
      48  ?<Constant "+--------------------...">
      48  ?<Constant "+--------------------...">_1
      12  ?<Constant "\n\r\n\r\n\r\n\r\n\r">
      48  ?<Constant "|          www.maispi...">
      48  ?<Constant "|  GRUPO ALTECH - MAI...">
       4  ??DataTable1
       4  ??DataTable1_1
       4  ??DataTable1_10
       4  ??DataTable1_11
       4  ??DataTable1_12
       4  ??DataTable1_13
       4  ??DataTable1_14
       4  ??DataTable1_15
       4  ??DataTable1_16
       4  ??DataTable1_17
       4  ??DataTable1_18
       4  ??DataTable1_19
       4  ??DataTable1_2
       4  ??DataTable1_20
       4  ??DataTable1_21
       4  ??DataTable1_22
       4  ??DataTable1_23
       4  ??DataTable1_24
       4  ??DataTable1_25
       4  ??DataTable1_26
       4  ??DataTable1_27
       4  ??DataTable1_28
       4  ??DataTable1_29
       4  ??DataTable1_3
       4  ??DataTable1_30
       4  ??DataTable1_31
       4  ??DataTable1_32
       4  ??DataTable1_33
       4  ??DataTable1_4
       4  ??DataTable1_5
       4  ??DataTable1_6
       4  ??DataTable1_7
       4  ??DataTable1_8
       4  ??DataTable1_9
    1196  RELATORIO_entry
     250  RELATORIO_eventos_troca_preco

 
 1 512 bytes in section .rodata
 1 582 bytes in section .text
 
 1 582 bytes of CODE  memory
 1 512 bytes of CONST memory

Errors: none
Warnings: none
