###############################################################################
#                                                                             #
# IAR ANSI C/C++ Compiler V6.50.3.4676/W32 for ARM      13/Sep/2017  17:11:20 #
# Copyright 1999-2013 IAR Systems AB.                                         #
#                                                                             #
#    Cpu mode     =  thumb                                                    #
#    Endian       =  little                                                   #
#    Source file  =  C:\repositorios\MaisPipocaG2\SOFTWARE\Drivers\RTC\RTC.C  #
#    Command line =  C:\repositorios\MaisPipocaG2\SOFTWARE\Drivers\RTC\RTC.C  #
#                    -lC C:\repositorios\MaisPipocaG2\SOFTWARE\Debug\List\    #
#                    -lA C:\repositorios\MaisPipocaG2\SOFTWARE\Debug\List\    #
#                    -o C:\repositorios\MaisPipocaG2\SOFTWARE\Debug\Obj\      #
#                    --no_cse --no_unroll --no_inline --no_code_motion        #
#                    --no_tbaa --no_clustering --no_scheduling --debug        #
#                    --endian=little --cpu=Cortex-M3 -e --fpu=None            #
#                    --dlib_config "C:\Program Files (x86)\IAR                #
#                    Systems\Embedded Workbench 6.5\arm\INC\c\DLib_Config_Nor #
#                    mal.h" -On                                               #
#    List file    =  C:\repositorios\MaisPipocaG2\SOFTWARE\Debug\List\RTC.lst #
#    Object file  =  C:\repositorios\MaisPipocaG2\SOFTWARE\Debug\Obj\RTC.o    #
#                                                                             #
#                                                                             #
###############################################################################

C:\repositorios\MaisPipocaG2\SOFTWARE\Drivers\RTC\RTC.C
      1          /*__________________________________________________________________________________
      2          |	Quark Tecnologia Eletrônica Ltda.
      3          |       
      4          |       Itapema - SC
      5          |       www.quarktee.com.br
      6          | __________________________________________________________________________________
      7          |
      8          |       This source code was developed by Quark and cannot be copied, in part 
      9          |       or in whole, or used, except when legally licensed by Quark
     10          |       or its distributors.
     11          |
     12          |       Este código é propriedade da Quark e não pode ser copiado, em parte 
     13          |       ou em todo, ou utilizado, exceto quando for legalmente licenciado pela 
     14          |       Quark ou por um de seus distribuidores.
     15          | __________________________________________________________________________________
     16          |
     17          |       Arquivo            :  rtc.c
     18          |       Descrição          :  Funções para manutenção do rtc do 
     19          |                             LPC1768
     20          | 
     21          |       Autor              :  Marcos Aquino
     22          |       Data criação       :  28/07/2011
     23          |
     24          |       Revisões           :  1.0
     25          |
     26          |
     27          | __________________________________________________________________________________
     28          */
     29          /***********************************************************************************
     30          *     Includes
     31          ***********************************************************************************/
     32          #include <nxp\iolpc1768.h>

   \                                 In section .noinit, at 0x400fc0c4
   \   __absolute union <unnamed> volatile _A_PCONP
   \                     _A_PCONP:
   \   00000000                      DS8 4

   \                                 In section .noinit, at 0x40024008
   \   __absolute union <unnamed> volatile _A_RTCCCR
   \                     _A_RTCCCR:
   \   00000000                      DS8 4

   \                                 In section .noinit, at 0x40024020
   \   __absolute union <unnamed> volatile _A_RTCSEC
   \                     _A_RTCSEC:
   \   00000000                      DS8 4

   \                                 In section .noinit, at 0x40024024
   \   __absolute union <unnamed> volatile _A_RTCMIN
   \                     _A_RTCMIN:
   \   00000000                      DS8 4

   \                                 In section .noinit, at 0x40024028
   \   __absolute union <unnamed> volatile _A_RTCHOUR
   \                     _A_RTCHOUR:
   \   00000000                      DS8 4

   \                                 In section .noinit, at 0x4002402c
   \   __absolute union <unnamed> volatile _A_RTCDOM
   \                     _A_RTCDOM:
   \   00000000                      DS8 4

   \                                 In section .noinit, at 0x40024038
   \   __absolute union <unnamed> volatile _A_RTCMONTH
   \                     _A_RTCMONTH:
   \   00000000                      DS8 4

   \                                 In section .noinit, at 0x4002403c
   \   __absolute union <unnamed> volatile _A_RTCYEAR
   \                     _A_RTCYEAR:
   \   00000000                      DS8 4
     33          #include "..\..\includes.h"
     34          #include "rtc.h"
     35          
     36          /***********************************************************************************
     37          *     Definições com constantes utilizadas no programa
     38          ***********************************************************************************/ 
     39          
     40          
     41          
     42          /***********************************************************************************
     43          *     Enumerações
     44          ***********************************************************************************/
     45          
     46          
     47          /***********************************************************************************
     48          *     Estruturas
     49          ***********************************************************************************/
     50          
     51          
     52          /***********************************************************************************
     53          *     Uniões
     54          ***********************************************************************************/
     55          
     56          
     57          /***********************************************************************************
     58          *     Constantes
     59          ***********************************************************************************/
     60          
     61          
     62          /***********************************************************************************
     63          *     Variaveis locais
     64          ***********************************************************************************/
     65          
     66          
     67          /***********************************************************************************
     68          *     Funções locais
     69          ***********************************************************************************/
     70           
     71          /***********************************************************************************
     72          *     Implementação
     73          ***********************************************************************************/
     74          
     75          /***********************************************************************************
     76          *     Descrição   :   Inicialização do módulo
     77          *     Parametros  :   nenhum
     78          *     Retorno     :   nenhum
     79          ***********************************************************************************/

   \                                 In section .text, align 2, keep-with-next
     80          void RTC_init(void){
     81            
     82            PCONP_bit.PCRTC = 1; // Habilita a alimentação do periférico    
   \                     RTC_init:
   \   00000000   0x....             LDR.N    R0,??DataTable2  ;; 0x400fc0c4
   \   00000002   0x6800             LDR      R0,[R0, #+0]
   \   00000004   0xF450 0x7000      ORRS     R0,R0,#0x200
   \   00000008   0x....             LDR.N    R1,??DataTable2  ;; 0x400fc0c4
   \   0000000A   0x6008             STR      R0,[R1, #+0]
     83            
     84            RTCCCR = 0x00;
   \   0000000C   0x....             LDR.N    R0,??DataTable2_1  ;; 0x40024008
   \   0000000E   0x2100             MOVS     R1,#+0
   \   00000010   0x6001             STR      R1,[R0, #+0]
     85            RTCCCR_bit.CLKEN = 1; // Clock habilitado
   \   00000012   0x....             LDR.N    R0,??DataTable2_1  ;; 0x40024008
   \   00000014   0x6800             LDR      R0,[R0, #+0]
   \   00000016   0xF050 0x0001      ORRS     R0,R0,#0x1
   \   0000001A   0x....             LDR.N    R1,??DataTable2_1  ;; 0x40024008
   \   0000001C   0x6008             STR      R0,[R1, #+0]
     86            
     87          }
   \   0000001E   0x4770             BX       LR               ;; return
   \   00000020                      REQUIRE _A_PCONP
   \   00000020                      REQUIRE _A_RTCCCR
     88          /***********************************************************************************
     89          *    Descrição    :   Ajusta a hora, minuto e segundo do rtc
     90          *    Parametros   :   (unsigned char) hora
     91          *                     (unsigned char) minuto
     92          *                     (unsigned char) segundos
     93          *                     (unsigned char) dia
     94          *                     (unsigned char) mes
     95          *                     (unsigned int ) ano
     96          *   Retorno       :   nenhum
     97          ***********************************************************************************/

   \                                 In section .text, align 2, keep-with-next
     98          void RTC_setValue(unsigned char hour,unsigned char minute,unsigned char second,
     99                            unsigned char day,unsigned char month,unsigned int year){
   \                     RTC_setValue:
   \   00000000   0xB470             PUSH     {R4-R6}
   \   00000002   0x9C03             LDR      R4,[SP, #+12]
   \   00000004   0x9D04             LDR      R5,[SP, #+16]
    100           
    101            RTCSEC = second;
   \   00000006   0x....             LDR.N    R6,??DataTable2_2  ;; 0x40024020
   \   00000008   0xB2D2             UXTB     R2,R2            ;; ZeroExt  R2,R2,#+24,#+24
   \   0000000A   0x6032             STR      R2,[R6, #+0]
    102            RTCMIN = minute;
   \   0000000C   0x....             LDR.N    R6,??DataTable2_3  ;; 0x40024024
   \   0000000E   0xB2C9             UXTB     R1,R1            ;; ZeroExt  R1,R1,#+24,#+24
   \   00000010   0x6031             STR      R1,[R6, #+0]
    103            RTCHOUR = hour;
   \   00000012   0x....             LDR.N    R6,??DataTable2_4  ;; 0x40024028
   \   00000014   0xB2C0             UXTB     R0,R0            ;; ZeroExt  R0,R0,#+24,#+24
   \   00000016   0x6030             STR      R0,[R6, #+0]
    104            RTCDOM = day;
   \   00000018   0x....             LDR.N    R6,??DataTable2_5  ;; 0x4002402c
   \   0000001A   0xB2DB             UXTB     R3,R3            ;; ZeroExt  R3,R3,#+24,#+24
   \   0000001C   0x6033             STR      R3,[R6, #+0]
    105            RTCMONTH = month;
   \   0000001E   0x....             LDR.N    R6,??DataTable2_6  ;; 0x40024038
   \   00000020   0xB2E4             UXTB     R4,R4            ;; ZeroExt  R4,R4,#+24,#+24
   \   00000022   0x6034             STR      R4,[R6, #+0]
    106            RTCYEAR = year;                                      
   \   00000024   0x....             LDR.N    R6,??DataTable2_7  ;; 0x4002403c
   \   00000026   0x6035             STR      R5,[R6, #+0]
    107          }
   \   00000028   0xBC70             POP      {R4-R6}
   \   0000002A   0x4770             BX       LR               ;; return
   \   0000002C                      REQUIRE _A_RTCSEC
   \   0000002C                      REQUIRE _A_RTCMIN
   \   0000002C                      REQUIRE _A_RTCHOUR
   \   0000002C                      REQUIRE _A_RTCDOM
   \   0000002C                      REQUIRE _A_RTCMONTH
   \   0000002C                      REQUIRE _A_RTCYEAR
    108          /***********************************************************************************
    109          *    Descrição   :    Lê os valores de hora,minuto,segundo,dia,mes e ano do rtc
    110          *    Parametros  :    (unsigned char*) hora
    111          *                     (unsigned char*) minuto
    112          *                     (unsigned char*) segundo
    113          *                     (unsigned char*) dia
    114          *                     (unsigned char*) mes
    115          *                     (unsigned int*) ano
    116          *   Retorno     :     nenhum
    117          ***********************************************************************************/

   \                                 In section .text, align 2, keep-with-next
    118          void RTC_getValue(unsigned char *hour,unsigned char *minute,unsigned char *second,
    119                            unsigned char *day,unsigned char *month,unsigned int *year){
   \                     RTC_getValue:
   \   00000000   0xB470             PUSH     {R4-R6}
   \   00000002   0x9C03             LDR      R4,[SP, #+12]
   \   00000004   0x9D04             LDR      R5,[SP, #+16]
    120                              
    121            *second = RTCSEC;
   \   00000006   0x....             LDR.N    R6,??DataTable2_2  ;; 0x40024020
   \   00000008   0x6836             LDR      R6,[R6, #+0]
   \   0000000A   0x7016             STRB     R6,[R2, #+0]
    122            *minute = RTCMIN;
   \   0000000C   0x....             LDR.N    R6,??DataTable2_3  ;; 0x40024024
   \   0000000E   0x6836             LDR      R6,[R6, #+0]
   \   00000010   0x700E             STRB     R6,[R1, #+0]
    123            *hour = RTCHOUR;
   \   00000012   0x....             LDR.N    R6,??DataTable2_4  ;; 0x40024028
   \   00000014   0x6836             LDR      R6,[R6, #+0]
   \   00000016   0x7006             STRB     R6,[R0, #+0]
    124            *day = RTCDOM;
   \   00000018   0x....             LDR.N    R6,??DataTable2_5  ;; 0x4002402c
   \   0000001A   0x6836             LDR      R6,[R6, #+0]
   \   0000001C   0x701E             STRB     R6,[R3, #+0]
    125            *month = RTCMONTH;
   \   0000001E   0x....             LDR.N    R6,??DataTable2_6  ;; 0x40024038
   \   00000020   0x6836             LDR      R6,[R6, #+0]
   \   00000022   0x7026             STRB     R6,[R4, #+0]
    126            *year = RTCYEAR;                    
   \   00000024   0x....             LDR.N    R6,??DataTable2_7  ;; 0x4002403c
   \   00000026   0x6836             LDR      R6,[R6, #+0]
   \   00000028   0x602E             STR      R6,[R5, #+0]
    127          }
   \   0000002A   0xBC70             POP      {R4-R6}
   \   0000002C   0x4770             BX       LR               ;; return
   \   0000002E                      REQUIRE _A_RTCSEC
   \   0000002E                      REQUIRE _A_RTCMIN
   \   0000002E                      REQUIRE _A_RTCHOUR
   \   0000002E                      REQUIRE _A_RTCDOM
   \   0000002E                      REQUIRE _A_RTCMONTH
   \   0000002E                      REQUIRE _A_RTCYEAR

   \                                 In section .text, align 4, keep-with-next
   \                     ??DataTable2:
   \   00000000   0x400FC0C4         DC32     0x400fc0c4

   \                                 In section .text, align 4, keep-with-next
   \                     ??DataTable2_1:
   \   00000000   0x40024008         DC32     0x40024008

   \                                 In section .text, align 4, keep-with-next
   \                     ??DataTable2_2:
   \   00000000   0x40024020         DC32     0x40024020

   \                                 In section .text, align 4, keep-with-next
   \                     ??DataTable2_3:
   \   00000000   0x40024024         DC32     0x40024024

   \                                 In section .text, align 4, keep-with-next
   \                     ??DataTable2_4:
   \   00000000   0x40024028         DC32     0x40024028

   \                                 In section .text, align 4, keep-with-next
   \                     ??DataTable2_5:
   \   00000000   0x4002402C         DC32     0x4002402c

   \                                 In section .text, align 4, keep-with-next
   \                     ??DataTable2_6:
   \   00000000   0x40024038         DC32     0x40024038

   \                                 In section .text, align 4, keep-with-next
   \                     ??DataTable2_7:
   \   00000000   0x4002403C         DC32     0x4002403c
    128          /***********************************************************************************
    129          *		Fim do arquivo
    130          ***********************************************************************************/

   Maximum stack usage in bytes:

   .cstack Function
   ------- --------
      12   RTC_getValue
       0   RTC_init
      12   RTC_setValue


   Section sizes:

   Bytes  Function/Label
   -----  --------------
       4  ??DataTable2
       4  ??DataTable2_1
       4  ??DataTable2_2
       4  ??DataTable2_3
       4  ??DataTable2_4
       4  ??DataTable2_5
       4  ??DataTable2_6
       4  ??DataTable2_7
      46  RTC_getValue
      32  RTC_init
      44  RTC_setValue
       4  _A_PCONP
       4  _A_RTCCCR
       4  _A_RTCDOM
       4  _A_RTCHOUR
       4  _A_RTCMIN
       4  _A_RTCMONTH
       4  _A_RTCSEC
       4  _A_RTCYEAR

 
  32 bytes in section .noinit (abs)
 154 bytes in section .text
 
 154 bytes of CODE memory
   0 bytes of DATA memory (+ 32 bytes shared)

Errors: none
Warnings: none
