###############################################################################
#                                                                             #
# IAR ANSI C/C++ Compiler V6.50.3.4676/W32 for ARM      19/Jul/2017  15:04:22 #
# Copyright 1999-2013 IAR Systems AB.                                         #
#                                                                             #
#    Cpu mode     =  thumb                                                    #
#    Endian       =  little                                                   #
#    Source file  =  C:\Users\Marcos\Dropbox\Reps\Dextro\IBA\Hardware\MaisPip #
#                    ocaG2\SOFTWARE\Drivers\WATCHDOG\WATCHDOG.C               #
#    Command line =  C:\Users\Marcos\Dropbox\Reps\Dextro\IBA\Hardware\MaisPip #
#                    ocaG2\SOFTWARE\Drivers\WATCHDOG\WATCHDOG.C -lC           #
#                    C:\Users\Marcos\Dropbox\Reps\Dextro\IBA\Hardware\MaisPip #
#                    ocaG2\SOFTWARE\Debug\List\ -lA                           #
#                    C:\Users\Marcos\Dropbox\Reps\Dextro\IBA\Hardware\MaisPip #
#                    ocaG2\SOFTWARE\Debug\List\ -o                            #
#                    C:\Users\Marcos\Dropbox\Reps\Dextro\IBA\Hardware\MaisPip #
#                    ocaG2\SOFTWARE\Debug\Obj\ --no_cse --no_unroll           #
#                    --no_inline --no_code_motion --no_tbaa --no_clustering   #
#                    --no_scheduling --debug --endian=little --cpu=Cortex-M3  #
#                    -e --fpu=None --dlib_config "C:\Program Files (x86)\IAR  #
#                    Systems\Embedded Workbench 6.5\arm\INC\c\DLib_Config_Nor #
#                    mal.h" -Ol                                               #
#    List file    =  C:\Users\Marcos\Dropbox\Reps\Dextro\IBA\Hardware\MaisPip #
#                    ocaG2\SOFTWARE\Debug\List\WATCHDOG.lst                   #
#    Object file  =  C:\Users\Marcos\Dropbox\Reps\Dextro\IBA\Hardware\MaisPip #
#                    ocaG2\SOFTWARE\Debug\Obj\WATCHDOG.o                      #
#                                                                             #
#                                                                             #
###############################################################################

C:\Users\Marcos\Dropbox\Reps\Dextro\IBA\Hardware\MaisPipocaG2\SOFTWARE\Drivers\WATCHDOG\WATCHDOG.C
      1          /*__________________________________________________________________________________
      2          |	Chave Digital Tecnologia Eletronica Ltda. 
      3          |       
      4          |       Balneário Camboriú - SC
      5          |       www.chavedigital.com.br
      6          | __________________________________________________________________________________
      7          |
      8          |       This source code was developed by Chave Digital and cannot be copied, in part 
      9          |       or in whole, or used, except when legally licensed by Chave Digital
     10          |       or its distributors.
     11          |
     12          |       Este código é propriedade da Chave Digital e não pode ser copiado, em parte 
     13          |       ou em todo, ou utilizado, exceto quando for legalmente licenciado pela 
     14          |       Chave Digital ou por um de seus distribuidores.
     15          | __________________________________________________________________________________
     16          |
     17          |       Arquivo            :  watchdog.c
     18          |       Descrição          :  Funções para configuração e controle
     19          |                             do watchdog dos LPC17XX
     20          | 
     21          |       Autor              :  Marcos Aquino
     22          |       Data criação       :  12/12/2011
     23          |
     24          |       Revisões           :  1.0.0.0
     25          |
     26          |
     27          | __________________________________________________________________________________
     28          */
     29          /***********************************************************************************
     30          *   Includes
     31          ***********************************************************************************/
     32          #include <nxp\iolpc1768.h>
     33          #include "watchdog.h"
     34          
     35          
     36          /***********************************************************************************
     37          *   Definições com constantes utilizadas no programa
     38          ***********************************************************************************/ 
     39          
     40          
     41          
     42          /***********************************************************************************
     43          *   Enumerações
     44          ***********************************************************************************/
     45          
     46          
     47          /***********************************************************************************
     48          *   Estruturas
     49          ***********************************************************************************/
     50          
     51          
     52          /***********************************************************************************
     53          *   Uniões
     54          ***********************************************************************************/
     55          
     56          
     57          /***********************************************************************************
     58          *   Constantes
     59          ***********************************************************************************/
     60          
     61          
     62          /***********************************************************************************
     63          *   Variaveis locais
     64          ***********************************************************************************/
     65          
     66          
     67          /***********************************************************************************
     68          *   Funções locais
     69          ***********************************************************************************/
     70           
     71          /***********************************************************************************
     72          *   Implementação
     73          ***********************************************************************************/
     74          
     75          /***********************************************************************************
     76          *   Descrição     :   Inicializa o watchdog
     77          *   Parametros    :   (unsigned long int) intervalo em milisegundos
     78          *   Retorno       :   nenhum
     79          ***********************************************************************************/

   \                                 In section .text, align 2, keep-with-next
     80          void WATCHDOG_init(unsigned int intervalo){
     81          /*
     82            WDMOD_bit.WDEN = 1;  // Habilita o periférico    
     83            WDMOD_bit.WDRESET = 1; // Reset do chip quando houver estouro da contagem
     84            
     85            WDCLKSEL_bit.WDSEL =   0x00; // Oscilador RC
     86            WDCLKSEL_bit.WDLOCK = 0x01; // Bloqueio o acesso ao registrador
     87            
     88            WDTC = 2048*2000;
     89            FEEDS_THE_DOG();  
     90            */
     91          }
   \                     WATCHDOG_init:
   \   00000000   0x4770             BX       LR               ;; return
     92          /***********************************************************************************
     93          *   Fim do arquivo
     94          ***********************************************************************************/

   Maximum stack usage in bytes:

   .cstack Function
   ------- --------
       0   WATCHDOG_init


   Section sizes:

   Bytes  Function/Label
   -----  --------------
       2  WATCHDOG_init

 
 2 bytes in section .text
 
 2 bytes of CODE memory

Errors: none
Warnings: none
