###############################################################################
#                                                                             #
# IAR ANSI C/C++ Compiler V6.50.3.4676/W32 for ARM      07/Jul/2017  16:29:15 #
# Copyright 1999-2013 IAR Systems AB.                                         #
#                                                                             #
#    Cpu mode     =  thumb                                                    #
#    Endian       =  little                                                   #
#    Source file  =  C:\Users\Marcos\Dropbox\Reps\Dextro\IBA\Hardware\MaisPip #
#                    ocaG2\SOFTWARE\Drivers\WH1602_2\WH1602_2.C               #
#    Command line =  C:\Users\Marcos\Dropbox\Reps\Dextro\IBA\Hardware\MaisPip #
#                    ocaG2\SOFTWARE\Drivers\WH1602_2\WH1602_2.C -lC           #
#                    C:\Users\Marcos\Dropbox\Reps\Dextro\IBA\Hardware\MaisPip #
#                    ocaG2\SOFTWARE\Debug\List\ -lA                           #
#                    C:\Users\Marcos\Dropbox\Reps\Dextro\IBA\Hardware\MaisPip #
#                    ocaG2\SOFTWARE\Debug\List\ -o                            #
#                    C:\Users\Marcos\Dropbox\Reps\Dextro\IBA\Hardware\MaisPip #
#                    ocaG2\SOFTWARE\Debug\Obj\ --no_cse --no_unroll           #
#                    --no_inline --no_code_motion --no_tbaa --no_clustering   #
#                    --no_scheduling --debug --endian=little --cpu=Cortex-M3  #
#                    -e --fpu=None --dlib_config "C:\Program Files (x86)\IAR  #
#                    Systems\Embedded Workbench 6.5\arm\INC\c\DLib_Config_Nor #
#                    mal.h" -Ol                                               #
#    List file    =  C:\Users\Marcos\Dropbox\Reps\Dextro\IBA\Hardware\MaisPip #
#                    ocaG2\SOFTWARE\Debug\List\WH1602_2.lst                   #
#    Object file  =  C:\Users\Marcos\Dropbox\Reps\Dextro\IBA\Hardware\MaisPip #
#                    ocaG2\SOFTWARE\Debug\Obj\WH1602_2.o                      #
#                                                                             #
#                                                                             #
###############################################################################

C:\Users\Marcos\Dropbox\Reps\Dextro\IBA\Hardware\MaisPipocaG2\SOFTWARE\Drivers\WH1602_2\WH1602_2.C
      1          /*__________________________________________________________________________________
      2          |	Quark Tecnologia Eletrônica Embarcada
      3          |       
      4          |       Itapema - SC
      5          |       www.quarktee.com.br
      6          | __________________________________________________________________________________
      7          |
      8          |       This source code was developed by Quark  and cannot be copied, in part 
      9          |       or in whole, or used, except when legally licensed by Quark 
     10          |       or its distributors.
     11          |
     12          |       Este código é propriedade da Quark  e não pode ser copiado, em parte 
     13          |       ou em todo, ou utilizado, exceto quando for legalmente licenciado pela 
     14          |       Quark  ou por um de seus distribuidores.
     15          | _________________________________________________________________________________
     16          |
     17          |       Arquivo            :  WH1602.C
     18          |       Descrição          :  Driver para o LCD wh1602 da winstar
     19          | 
     20          |       Autor              :  Marcos Aquino
     21          |       Data criação       :
     22          |
     23          |       Revisões           :  1.0.0.0
     24          |
     25          |
     26          | __________________________________________________________________________________
     27          */
     28          
     29          /***********************************************************************************
     30          *		Includes
     31          ***********************************************************************************/
     32          #include <stdio.h>
     33          #include <stdlib.h>
     34          #include <intrinsics.h>
     35          #include "WH1602_2_targetWrapper.h"

   \                                 In section .noinit, at 0x2009c040
   \   __absolute union <unnamed> volatile _A_FIO2DIR
   \                     _A_FIO2DIR:
   \   00000000                      DS8 4

   \                                 In section .noinit, at 0x2009c058
   \   __absolute union <unnamed> volatile _A_FIO2SET
   \                     _A_FIO2SET:
   \   00000000                      DS8 4

   \                                 In section .noinit, at 0x2009c05c
   \   __absolute union <unnamed> volatile _A_FIO2CLR
   \                     _A_FIO2CLR:
   \   00000000                      DS8 4
     36          #include "WH1602_2.H"
     37          /***********************************************************************************
     38          *		Constantes
     39          ***********************************************************************************/
     40          #define ENDERECO_SEGUNDA_LINHA              0xC0
     41          #define DELAY_CICLES                        1100
     42          
     43          #define HD44780_2_delay_ms(X)                 vTaskDelay(X)
     44          
     45          #define BLOCO_SUPER_NOP                       __no_operation();__no_operation();__no_operation();__no_operation();\
     46                                                        __no_operation();__no_operation();__no_operation();__no_operation();\
     47                                                        __no_operation();__no_operation();__no_operation();__no_operation();\
     48                                                        __no_operation();__no_operation();__no_operation();__no_operation();\
     49                                                        __no_operation();__no_operation();__no_operation();__no_operation();\
     50                                                        __no_operation();__no_operation();__no_operation();__no_operation();\
     51                                                        __no_operation();__no_operation();__no_operation();__no_operation();\
     52                                                        __no_operation();__no_operation();__no_operation();__no_operation();\
     53                                                        __no_operation();__no_operation();__no_operation();__no_operation();\
     54                                                        __no_operation();__no_operation();__no_operation();__no_operation();\
     55                                                        __no_operation();__no_operation();__no_operation();__no_operation();\
     56          
     57          /***********************************************************************************
     58          *		Variaveis locais
     59          ***********************************************************************************/

   \                                 In section .bss, align 1
     60          unsigned char LCD2_controleLcd=0x00;
   \                     LCD2_controleLcd:
   \   00000000                      DS8 1
     61          extern unsigned short int IU_tempoRefreshSegundoLCD;

   \                                 In section .bss, align 4
     62          unsigned int HD44780_2_tempoRefreshSegundoLCD;
   \                     HD44780_2_tempoRefreshSegundoLCD:
   \   00000000                      DS8 4
     63          
     64          /***********************************************************************************
     65          *		Funções locais
     66          ***********************************************************************************/
     67          void HD44780_2_enviaNibble(unsigned char value);
     68          void HD44780_2_enviaByte(unsigned char endereco,unsigned char value);
     69          
     70          /***********************************************************************************
     71          *		Implementação
     72          ***********************************************************************************/
     73          
     74          /***********************************************************************************
     75          *   Descrição   :   Inicialização do módulo
     76          *   Parametros  :   nenhum
     77          *   Retorno     :   nenhum
     78          ***********************************************************************************/

   \                                 In section .text, align 2, keep-with-next
     79          void HD44780_2_init(unsigned char modo1,unsigned char modo2){
   \                     HD44780_2_init:
   \   00000000   0xB570             PUSH     {R4-R6,LR}
   \   00000002   0x0004             MOVS     R4,R0
   \   00000004   0x000D             MOVS     R5,R1
     80            unsigned char i;
     81            
     82            INIT_2_DIR_PINS; 
   \   00000006   0x.... 0x....      LDR.W    R0,??DataTable9  ;; 0x2009c040
   \   0000000A   0x6800             LDR      R0,[R0, #+0]
   \   0000000C   0xF450 0x7080      ORRS     R0,R0,#0x100
   \   00000010   0x.... 0x....      LDR.W    R1,??DataTable9  ;; 0x2009c040
   \   00000014   0x6008             STR      R0,[R1, #+0]
   \   00000016   0x.... 0x....      LDR.W    R0,??DataTable9  ;; 0x2009c040
   \   0000001A   0x6800             LDR      R0,[R0, #+0]
   \   0000001C   0xF050 0x0080      ORRS     R0,R0,#0x80
   \   00000020   0x.... 0x....      LDR.W    R1,??DataTable9  ;; 0x2009c040
   \   00000024   0x6008             STR      R0,[R1, #+0]
   \   00000026   0x.... 0x....      LDR.W    R0,??DataTable9  ;; 0x2009c040
   \   0000002A   0x6800             LDR      R0,[R0, #+0]
   \   0000002C   0xF050 0x0040      ORRS     R0,R0,#0x40
   \   00000030   0x.... 0x....      LDR.W    R1,??DataTable9  ;; 0x2009c040
   \   00000034   0x6008             STR      R0,[R1, #+0]
   \   00000036   0x.... 0x....      LDR.W    R0,??DataTable9  ;; 0x2009c040
   \   0000003A   0x6800             LDR      R0,[R0, #+0]
   \   0000003C   0xF450 0x7000      ORRS     R0,R0,#0x200
   \   00000040   0x.... 0x....      LDR.W    R1,??DataTable9  ;; 0x2009c040
   \   00000044   0x6008             STR      R0,[R1, #+0]
   \   00000046   0x.... 0x....      LDR.W    R0,??DataTable9  ;; 0x2009c040
   \   0000004A   0x6800             LDR      R0,[R0, #+0]
   \   0000004C   0xF050 0x0020      ORRS     R0,R0,#0x20
   \   00000050   0x.... 0x....      LDR.W    R1,??DataTable9  ;; 0x2009c040
   \   00000054   0x6008             STR      R0,[R1, #+0]
   \   00000056   0x.... 0x....      LDR.W    R0,??DataTable9  ;; 0x2009c040
   \   0000005A   0x6800             LDR      R0,[R0, #+0]
   \   0000005C   0xF050 0x0020      ORRS     R0,R0,#0x20
   \   00000060   0x.... 0x....      LDR.W    R1,??DataTable9  ;; 0x2009c040
   \   00000064   0x6008             STR      R0,[R1, #+0]
   \   00000066   0x.... 0x....      LDR.W    R0,??DataTable9  ;; 0x2009c040
   \   0000006A   0x6800             LDR      R0,[R0, #+0]
   \   0000006C   0xF050 0x0010      ORRS     R0,R0,#0x10
   \   00000070   0x.... 0x....      LDR.W    R1,??DataTable9  ;; 0x2009c040
   \   00000074   0x6008             STR      R0,[R1, #+0]
     83            
     84            HD44780_2_delay_ms(500);
   \   00000076   0xF44F 0x70FA      MOV      R0,#+500
   \   0000007A   0x.... 0x....      BL       vTaskDelay
     85          
     86            for(i=0;i<3;i++){
   \   0000007E   0x2600             MOVS     R6,#+0
   \   00000080   0xE006             B.N      ??HD44780_2_init_0
     87              HD44780_2_enviaNibble(0x03);
   \                     ??HD44780_2_init_1:
   \   00000082   0x2003             MOVS     R0,#+3
   \   00000084   0x.... 0x....      BL       HD44780_2_enviaNibble
     88              HD44780_2_delay_ms(100);  
   \   00000088   0x2064             MOVS     R0,#+100
   \   0000008A   0x.... 0x....      BL       vTaskDelay
     89            }
   \   0000008E   0x1C76             ADDS     R6,R6,#+1
   \                     ??HD44780_2_init_0:
   \   00000090   0xB2F6             UXTB     R6,R6            ;; ZeroExt  R6,R6,#+24,#+24
   \   00000092   0x2E03             CMP      R6,#+3
   \   00000094   0xDBF5             BLT.N    ??HD44780_2_init_1
     90            
     91            HD44780_2_enviaNibble(0x02);
   \   00000096   0x2002             MOVS     R0,#+2
   \   00000098   0x.... 0x....      BL       HD44780_2_enviaNibble
     92            HD44780_2_delay_ms(20);      
   \   0000009C   0x2014             MOVS     R0,#+20
   \   0000009E   0x.... 0x....      BL       vTaskDelay
     93            
     94            
     95            HD44780_2_enviaByte(0,0x20 | modo1);
   \   000000A2   0xF054 0x0120      ORRS     R1,R4,#0x20
   \   000000A6   0xB2C9             UXTB     R1,R1            ;; ZeroExt  R1,R1,#+24,#+24
   \   000000A8   0x2000             MOVS     R0,#+0
   \   000000AA   0x.... 0x....      BL       HD44780_2_enviaByte
     96            HD44780_2_delay_ms(20);        
   \   000000AE   0x2014             MOVS     R0,#+20
   \   000000B0   0x.... 0x....      BL       vTaskDelay
     97            HD44780_2_enviaByte(0,0x08 | modo2);
   \   000000B4   0xF055 0x0108      ORRS     R1,R5,#0x8
   \   000000B8   0xB2C9             UXTB     R1,R1            ;; ZeroExt  R1,R1,#+24,#+24
   \   000000BA   0x2000             MOVS     R0,#+0
   \   000000BC   0x.... 0x....      BL       HD44780_2_enviaByte
     98            HD44780_2_delay_ms(20);        
   \   000000C0   0x2014             MOVS     R0,#+20
   \   000000C2   0x.... 0x....      BL       vTaskDelay
     99            
    100            LCD2_controleLcd = 0x08 | modo2;
   \   000000C6   0xF055 0x0008      ORRS     R0,R5,#0x8
   \   000000CA   0x.... 0x....      LDR.W    R1,??DataTable9_1
   \   000000CE   0x7008             STRB     R0,[R1, #+0]
    101            
    102            HD44780_2_enviaByte(0,0x10);
   \   000000D0   0x2110             MOVS     R1,#+16
   \   000000D2   0x2000             MOVS     R0,#+0
   \   000000D4   0x.... 0x....      BL       HD44780_2_enviaByte
    103            HD44780_2_delay_ms(10);          
   \   000000D8   0x200A             MOVS     R0,#+10
   \   000000DA   0x.... 0x....      BL       vTaskDelay
    104            HD44780_2_enviaByte(0,0x06);   
   \   000000DE   0x2106             MOVS     R1,#+6
   \   000000E0   0x2000             MOVS     R0,#+0
   \   000000E2   0x.... 0x....      BL       HD44780_2_enviaByte
    105            HD44780_2_delay_ms(10);          
   \   000000E6   0x200A             MOVS     R0,#+10
   \   000000E8   0x.... 0x....      BL       vTaskDelay
    106          }
   \   000000EC   0xBD70             POP      {R4-R6,PC}       ;; return
   \   000000EE                      REQUIRE _A_FIO2DIR
    107          /***********************************************************************************
    108          *    Descrição   :   Envia um nibble para o controlador do LCD
    109          *    Parametros  :   (unsigned char) valor que será escrito no display
    110          *    Retorno     :   nenhum
    111          ***********************************************************************************/

   \                                 In section .text, align 2, keep-with-next
    112          void HD44780_2_enviaNibble(unsigned char value){
    113           
    114            BLOCO_SUPER_NOP;
   \                     HD44780_2_enviaNibble:
   \   00000000   0xBF00             Nop      
   \   00000002   0xBF00             Nop      
   \   00000004   0xBF00             Nop      
   \   00000006   0xBF00             Nop      
   \   00000008   0xBF00             Nop      
   \   0000000A   0xBF00             Nop      
   \   0000000C   0xBF00             Nop      
   \   0000000E   0xBF00             Nop      
   \   00000010   0xBF00             Nop      
   \   00000012   0xBF00             Nop      
   \   00000014   0xBF00             Nop      
   \   00000016   0xBF00             Nop      
   \   00000018   0xBF00             Nop      
   \   0000001A   0xBF00             Nop      
   \   0000001C   0xBF00             Nop      
   \   0000001E   0xBF00             Nop      
   \   00000020   0xBF00             Nop      
   \   00000022   0xBF00             Nop      
   \   00000024   0xBF00             Nop      
   \   00000026   0xBF00             Nop      
   \   00000028   0xBF00             Nop      
   \   0000002A   0xBF00             Nop      
   \   0000002C   0xBF00             Nop      
   \   0000002E   0xBF00             Nop      
   \   00000030   0xBF00             Nop      
   \   00000032   0xBF00             Nop      
   \   00000034   0xBF00             Nop      
   \   00000036   0xBF00             Nop      
   \   00000038   0xBF00             Nop      
   \   0000003A   0xBF00             Nop      
   \   0000003C   0xBF00             Nop      
   \   0000003E   0xBF00             Nop      
   \   00000040   0xBF00             Nop      
   \   00000042   0xBF00             Nop      
   \   00000044   0xBF00             Nop      
   \   00000046   0xBF00             Nop      
   \   00000048   0xBF00             Nop      
   \   0000004A   0xBF00             Nop      
   \   0000004C   0xBF00             Nop      
   \   0000004E   0xBF00             Nop      
   \   00000050   0xBF00             Nop      
   \   00000052   0xBF00             Nop      
   \   00000054   0xBF00             Nop      
   \   00000056   0xBF00             Nop      
    115            LCD_2_WRITE_NIBBLE(value);  
   \   00000058   0x07C1             LSLS     R1,R0,#+31
   \   0000005A   0xD508             BPL.N    ??HD44780_2_enviaNibble_0
   \   0000005C   0x.... 0x....      LDR.W    R1,??DataTable9_2  ;; 0x2009c058
   \   00000060   0x6809             LDR      R1,[R1, #+0]
   \   00000062   0xF451 0x7180      ORRS     R1,R1,#0x100
   \   00000066   0x.... 0x....      LDR.W    R2,??DataTable9_2  ;; 0x2009c058
   \   0000006A   0x6011             STR      R1,[R2, #+0]
   \   0000006C   0xE006             B.N      ??HD44780_2_enviaNibble_1
   \                     ??HD44780_2_enviaNibble_0:
   \   0000006E   0x.... 0x....      LDR.W    R1,??DataTable9_3  ;; 0x2009c05c
   \   00000072   0x6809             LDR      R1,[R1, #+0]
   \   00000074   0xF451 0x7180      ORRS     R1,R1,#0x100
   \   00000078   0x....             LDR.N    R2,??DataTable9_3  ;; 0x2009c05c
   \   0000007A   0x6011             STR      R1,[R2, #+0]
   \                     ??HD44780_2_enviaNibble_1:
   \   0000007C   0x0781             LSLS     R1,R0,#+30
   \   0000007E   0xD506             BPL.N    ??HD44780_2_enviaNibble_2
   \   00000080   0x....             LDR.N    R1,??DataTable9_2  ;; 0x2009c058
   \   00000082   0x6809             LDR      R1,[R1, #+0]
   \   00000084   0xF051 0x0180      ORRS     R1,R1,#0x80
   \   00000088   0x....             LDR.N    R2,??DataTable9_2  ;; 0x2009c058
   \   0000008A   0x6011             STR      R1,[R2, #+0]
   \   0000008C   0xE005             B.N      ??HD44780_2_enviaNibble_3
   \                     ??HD44780_2_enviaNibble_2:
   \   0000008E   0x....             LDR.N    R1,??DataTable9_3  ;; 0x2009c05c
   \   00000090   0x6809             LDR      R1,[R1, #+0]
   \   00000092   0xF051 0x0180      ORRS     R1,R1,#0x80
   \   00000096   0x....             LDR.N    R2,??DataTable9_3  ;; 0x2009c05c
   \   00000098   0x6011             STR      R1,[R2, #+0]
   \                     ??HD44780_2_enviaNibble_3:
   \   0000009A   0x0741             LSLS     R1,R0,#+29
   \   0000009C   0xD506             BPL.N    ??HD44780_2_enviaNibble_4
   \   0000009E   0x....             LDR.N    R1,??DataTable9_2  ;; 0x2009c058
   \   000000A0   0x6809             LDR      R1,[R1, #+0]
   \   000000A2   0xF051 0x0140      ORRS     R1,R1,#0x40
   \   000000A6   0x....             LDR.N    R2,??DataTable9_2  ;; 0x2009c058
   \   000000A8   0x6011             STR      R1,[R2, #+0]
   \   000000AA   0xE005             B.N      ??HD44780_2_enviaNibble_5
   \                     ??HD44780_2_enviaNibble_4:
   \   000000AC   0x....             LDR.N    R1,??DataTable9_3  ;; 0x2009c05c
   \   000000AE   0x6809             LDR      R1,[R1, #+0]
   \   000000B0   0xF051 0x0140      ORRS     R1,R1,#0x40
   \   000000B4   0x....             LDR.N    R2,??DataTable9_3  ;; 0x2009c05c
   \   000000B6   0x6011             STR      R1,[R2, #+0]
   \                     ??HD44780_2_enviaNibble_5:
   \   000000B8   0x0700             LSLS     R0,R0,#+28
   \   000000BA   0xD506             BPL.N    ??HD44780_2_enviaNibble_6
   \   000000BC   0x....             LDR.N    R0,??DataTable9_2  ;; 0x2009c058
   \   000000BE   0x6800             LDR      R0,[R0, #+0]
   \   000000C0   0xF450 0x7000      ORRS     R0,R0,#0x200
   \   000000C4   0x....             LDR.N    R1,??DataTable9_2  ;; 0x2009c058
   \   000000C6   0x6008             STR      R0,[R1, #+0]
   \   000000C8   0xE005             B.N      ??HD44780_2_enviaNibble_7
   \                     ??HD44780_2_enviaNibble_6:
   \   000000CA   0x....             LDR.N    R0,??DataTable9_3  ;; 0x2009c05c
   \   000000CC   0x6800             LDR      R0,[R0, #+0]
   \   000000CE   0xF450 0x7000      ORRS     R0,R0,#0x200
   \   000000D2   0x....             LDR.N    R1,??DataTable9_3  ;; 0x2009c05c
   \   000000D4   0x6008             STR      R0,[R1, #+0]
    116            BLOCO_SUPER_NOP;
   \                     ??HD44780_2_enviaNibble_7:
   \   000000D6   0xBF00             Nop      
   \   000000D8   0xBF00             Nop      
   \   000000DA   0xBF00             Nop      
   \   000000DC   0xBF00             Nop      
   \   000000DE   0xBF00             Nop      
   \   000000E0   0xBF00             Nop      
   \   000000E2   0xBF00             Nop      
   \   000000E4   0xBF00             Nop      
   \   000000E6   0xBF00             Nop      
   \   000000E8   0xBF00             Nop      
   \   000000EA   0xBF00             Nop      
   \   000000EC   0xBF00             Nop      
   \   000000EE   0xBF00             Nop      
   \   000000F0   0xBF00             Nop      
   \   000000F2   0xBF00             Nop      
   \   000000F4   0xBF00             Nop      
   \   000000F6   0xBF00             Nop      
   \   000000F8   0xBF00             Nop      
   \   000000FA   0xBF00             Nop      
   \   000000FC   0xBF00             Nop      
   \   000000FE   0xBF00             Nop      
   \   00000100   0xBF00             Nop      
   \   00000102   0xBF00             Nop      
   \   00000104   0xBF00             Nop      
   \   00000106   0xBF00             Nop      
   \   00000108   0xBF00             Nop      
   \   0000010A   0xBF00             Nop      
   \   0000010C   0xBF00             Nop      
   \   0000010E   0xBF00             Nop      
   \   00000110   0xBF00             Nop      
   \   00000112   0xBF00             Nop      
   \   00000114   0xBF00             Nop      
   \   00000116   0xBF00             Nop      
   \   00000118   0xBF00             Nop      
   \   0000011A   0xBF00             Nop      
   \   0000011C   0xBF00             Nop      
   \   0000011E   0xBF00             Nop      
   \   00000120   0xBF00             Nop      
   \   00000122   0xBF00             Nop      
   \   00000124   0xBF00             Nop      
   \   00000126   0xBF00             Nop      
   \   00000128   0xBF00             Nop      
   \   0000012A   0xBF00             Nop      
   \   0000012C   0xBF00             Nop      
    117            SET_LCD_2_ENABLE;   
   \   0000012E   0x....             LDR.N    R0,??DataTable9_2  ;; 0x2009c058
   \   00000130   0x6800             LDR      R0,[R0, #+0]
   \   00000132   0xF050 0x0010      ORRS     R0,R0,#0x10
   \   00000136   0x....             LDR.N    R1,??DataTable9_2  ;; 0x2009c058
   \   00000138   0x6008             STR      R0,[R1, #+0]
    118            BLOCO_SUPER_NOP;
   \   0000013A   0xBF00             Nop      
   \   0000013C   0xBF00             Nop      
   \   0000013E   0xBF00             Nop      
   \   00000140   0xBF00             Nop      
   \   00000142   0xBF00             Nop      
   \   00000144   0xBF00             Nop      
   \   00000146   0xBF00             Nop      
   \   00000148   0xBF00             Nop      
   \   0000014A   0xBF00             Nop      
   \   0000014C   0xBF00             Nop      
   \   0000014E   0xBF00             Nop      
   \   00000150   0xBF00             Nop      
   \   00000152   0xBF00             Nop      
   \   00000154   0xBF00             Nop      
   \   00000156   0xBF00             Nop      
   \   00000158   0xBF00             Nop      
   \   0000015A   0xBF00             Nop      
   \   0000015C   0xBF00             Nop      
   \   0000015E   0xBF00             Nop      
   \   00000160   0xBF00             Nop      
   \   00000162   0xBF00             Nop      
   \   00000164   0xBF00             Nop      
   \   00000166   0xBF00             Nop      
   \   00000168   0xBF00             Nop      
   \   0000016A   0xBF00             Nop      
   \   0000016C   0xBF00             Nop      
   \   0000016E   0xBF00             Nop      
   \   00000170   0xBF00             Nop      
   \   00000172   0xBF00             Nop      
   \   00000174   0xBF00             Nop      
   \   00000176   0xBF00             Nop      
   \   00000178   0xBF00             Nop      
   \   0000017A   0xBF00             Nop      
   \   0000017C   0xBF00             Nop      
   \   0000017E   0xBF00             Nop      
   \   00000180   0xBF00             Nop      
   \   00000182   0xBF00             Nop      
   \   00000184   0xBF00             Nop      
   \   00000186   0xBF00             Nop      
   \   00000188   0xBF00             Nop      
   \   0000018A   0xBF00             Nop      
   \   0000018C   0xBF00             Nop      
   \   0000018E   0xBF00             Nop      
   \   00000190   0xBF00             Nop      
    119            CLR_LCD_2_ENABLE;   
   \   00000192   0x....             LDR.N    R0,??DataTable9_3  ;; 0x2009c05c
   \   00000194   0x6800             LDR      R0,[R0, #+0]
   \   00000196   0xF050 0x0010      ORRS     R0,R0,#0x10
   \   0000019A   0x....             LDR.N    R1,??DataTable9_3  ;; 0x2009c05c
   \   0000019C   0x6008             STR      R0,[R1, #+0]
    120            BLOCO_SUPER_NOP;
   \   0000019E   0xBF00             Nop      
   \   000001A0   0xBF00             Nop      
   \   000001A2   0xBF00             Nop      
   \   000001A4   0xBF00             Nop      
   \   000001A6   0xBF00             Nop      
   \   000001A8   0xBF00             Nop      
   \   000001AA   0xBF00             Nop      
   \   000001AC   0xBF00             Nop      
   \   000001AE   0xBF00             Nop      
   \   000001B0   0xBF00             Nop      
   \   000001B2   0xBF00             Nop      
   \   000001B4   0xBF00             Nop      
   \   000001B6   0xBF00             Nop      
   \   000001B8   0xBF00             Nop      
   \   000001BA   0xBF00             Nop      
   \   000001BC   0xBF00             Nop      
   \   000001BE   0xBF00             Nop      
   \   000001C0   0xBF00             Nop      
   \   000001C2   0xBF00             Nop      
   \   000001C4   0xBF00             Nop      
   \   000001C6   0xBF00             Nop      
   \   000001C8   0xBF00             Nop      
   \   000001CA   0xBF00             Nop      
   \   000001CC   0xBF00             Nop      
   \   000001CE   0xBF00             Nop      
   \   000001D0   0xBF00             Nop      
   \   000001D2   0xBF00             Nop      
   \   000001D4   0xBF00             Nop      
   \   000001D6   0xBF00             Nop      
   \   000001D8   0xBF00             Nop      
   \   000001DA   0xBF00             Nop      
   \   000001DC   0xBF00             Nop      
   \   000001DE   0xBF00             Nop      
   \   000001E0   0xBF00             Nop      
   \   000001E2   0xBF00             Nop      
   \   000001E4   0xBF00             Nop      
   \   000001E6   0xBF00             Nop      
   \   000001E8   0xBF00             Nop      
   \   000001EA   0xBF00             Nop      
   \   000001EC   0xBF00             Nop      
   \   000001EE   0xBF00             Nop      
   \   000001F0   0xBF00             Nop      
   \   000001F2   0xBF00             Nop      
   \   000001F4   0xBF00             Nop      
    121          }
   \   000001F6   0x4770             BX       LR               ;; return
   \   000001F8                      REQUIRE _A_FIO2SET
   \   000001F8                      REQUIRE _A_FIO2CLR
    122          /***********************************************************************************
    123          *    Descrição    :   Envia um byte para o controlador do LCD
    124          *    Parametros   :   (unsigned char) endereço
    125          *                     (unsigned char) valor que será escrito no controlador
    126          *    Retorno      :   nenhum
    127          ***********************************************************************************/

   \                                 In section .text, align 2, keep-with-next
    128          void HD44780_2_enviaByte(unsigned char endereco,unsigned char value){
   \                     HD44780_2_enviaByte:
   \   00000000   0xB510             PUSH     {R4,LR}
   \   00000002   0x000C             MOVS     R4,R1
    129          
    130            (endereco)?(SET_LCD_2_RS):(CLR_LCD_2_RS);                              
   \   00000004   0xB2C0             UXTB     R0,R0            ;; ZeroExt  R0,R0,#+24,#+24
   \   00000006   0x2800             CMP      R0,#+0
   \   00000008   0xD006             BEQ.N    ??HD44780_2_enviaByte_0
   \   0000000A   0x....             LDR.N    R0,??DataTable9_2  ;; 0x2009c058
   \   0000000C   0x6800             LDR      R0,[R0, #+0]
   \   0000000E   0xF050 0x0020      ORRS     R0,R0,#0x20
   \   00000012   0x....             LDR.N    R1,??DataTable9_2  ;; 0x2009c058
   \   00000014   0x6008             STR      R0,[R1, #+0]
   \   00000016   0xE005             B.N      ??HD44780_2_enviaByte_1
   \                     ??HD44780_2_enviaByte_0:
   \   00000018   0x....             LDR.N    R0,??DataTable9_3  ;; 0x2009c05c
   \   0000001A   0x6800             LDR      R0,[R0, #+0]
   \   0000001C   0xF050 0x0020      ORRS     R0,R0,#0x20
   \   00000020   0x....             LDR.N    R1,??DataTable9_3  ;; 0x2009c05c
   \   00000022   0x6008             STR      R0,[R1, #+0]
    131            HD44780_2_enviaNibble(value>>4);
   \                     ??HD44780_2_enviaByte_1:
   \   00000024   0xB2E4             UXTB     R4,R4            ;; ZeroExt  R4,R4,#+24,#+24
   \   00000026   0x0920             LSRS     R0,R4,#+4
   \   00000028   0x.... 0x....      BL       HD44780_2_enviaNibble
    132            BLOCO_SUPER_NOP;
   \   0000002C   0xBF00             Nop      
   \   0000002E   0xBF00             Nop      
   \   00000030   0xBF00             Nop      
   \   00000032   0xBF00             Nop      
   \   00000034   0xBF00             Nop      
   \   00000036   0xBF00             Nop      
   \   00000038   0xBF00             Nop      
   \   0000003A   0xBF00             Nop      
   \   0000003C   0xBF00             Nop      
   \   0000003E   0xBF00             Nop      
   \   00000040   0xBF00             Nop      
   \   00000042   0xBF00             Nop      
   \   00000044   0xBF00             Nop      
   \   00000046   0xBF00             Nop      
   \   00000048   0xBF00             Nop      
   \   0000004A   0xBF00             Nop      
   \   0000004C   0xBF00             Nop      
   \   0000004E   0xBF00             Nop      
   \   00000050   0xBF00             Nop      
   \   00000052   0xBF00             Nop      
   \   00000054   0xBF00             Nop      
   \   00000056   0xBF00             Nop      
   \   00000058   0xBF00             Nop      
   \   0000005A   0xBF00             Nop      
   \   0000005C   0xBF00             Nop      
   \   0000005E   0xBF00             Nop      
   \   00000060   0xBF00             Nop      
   \   00000062   0xBF00             Nop      
   \   00000064   0xBF00             Nop      
   \   00000066   0xBF00             Nop      
   \   00000068   0xBF00             Nop      
   \   0000006A   0xBF00             Nop      
   \   0000006C   0xBF00             Nop      
   \   0000006E   0xBF00             Nop      
   \   00000070   0xBF00             Nop      
   \   00000072   0xBF00             Nop      
   \   00000074   0xBF00             Nop      
   \   00000076   0xBF00             Nop      
   \   00000078   0xBF00             Nop      
   \   0000007A   0xBF00             Nop      
   \   0000007C   0xBF00             Nop      
   \   0000007E   0xBF00             Nop      
   \   00000080   0xBF00             Nop      
   \   00000082   0xBF00             Nop      
    133            HD44780_2_enviaNibble(value);  
   \   00000084   0x0020             MOVS     R0,R4
   \   00000086   0xB2C0             UXTB     R0,R0            ;; ZeroExt  R0,R0,#+24,#+24
   \   00000088   0x.... 0x....      BL       HD44780_2_enviaNibble
    134            
    135            HD44780_2_delay_ms(2);  
   \   0000008C   0x2002             MOVS     R0,#+2
   \   0000008E   0x.... 0x....      BL       vTaskDelay
    136          }
   \   00000092   0xBD10             POP      {R4,PC}          ;; return
   \   00000094                      REQUIRE _A_FIO2SET
   \   00000094                      REQUIRE _A_FIO2CLR
    137          /***********************************************************************************
    138          *     Descrição   :   Posiciona o cursor em uma determinada linha do display   
    139          *     Parametros  :   (unsigned char) X
    140          *                     (unsigned char) Y
    141          *     Retorno     :   (nenhum)
    142          ***********************************************************************************/

   \                                 In section .text, align 2, keep-with-next
    143          void HD44780_2_posicionaTexto(unsigned char x,unsigned char y){
   \                     HD44780_2_posicionaTexto:
   \   00000000   0xB580             PUSH     {R7,LR}
    144              
    145            if(x<16 && y==0)
   \   00000002   0xB2C0             UXTB     R0,R0            ;; ZeroExt  R0,R0,#+24,#+24
   \   00000004   0x2810             CMP      R0,#+16
   \   00000006   0xDA09             BGE.N    ??HD44780_2_posicionaTexto_0
   \   00000008   0xB2C9             UXTB     R1,R1            ;; ZeroExt  R1,R1,#+24,#+24
   \   0000000A   0x2900             CMP      R1,#+0
   \   0000000C   0xD106             BNE.N    ??HD44780_2_posicionaTexto_0
    146               HD44780_2_enviaByte(0,0x80 + x);
   \   0000000E   0xF1B0 0x0180      SUBS     R1,R0,#+128
   \   00000012   0xB2C9             UXTB     R1,R1            ;; ZeroExt  R1,R1,#+24,#+24
   \   00000014   0x2000             MOVS     R0,#+0
   \   00000016   0x.... 0x....      BL       HD44780_2_enviaByte
   \   0000001A   0xE008             B.N      ??HD44780_2_posicionaTexto_1
    147            else
    148              if(y==1)
   \                     ??HD44780_2_posicionaTexto_0:
   \   0000001C   0xB2C9             UXTB     R1,R1            ;; ZeroExt  R1,R1,#+24,#+24
   \   0000001E   0x2901             CMP      R1,#+1
   \   00000020   0xD105             BNE.N    ??HD44780_2_posicionaTexto_1
    149                HD44780_2_enviaByte(0,0xC0 + x);
   \   00000022   0xF1B0 0x0140      SUBS     R1,R0,#+64
   \   00000026   0xB2C9             UXTB     R1,R1            ;; ZeroExt  R1,R1,#+24,#+24
   \   00000028   0x2000             MOVS     R0,#+0
   \   0000002A   0x.... 0x....      BL       HD44780_2_enviaByte
    150              
    151            HD44780_2_delay_ms(4);      
   \                     ??HD44780_2_posicionaTexto_1:
   \   0000002E   0x2004             MOVS     R0,#+4
   \   00000030   0x.... 0x....      BL       vTaskDelay
    152          }
   \   00000034   0xBD01             POP      {R0,PC}          ;; return
    153          /***********************************************************************************
    154          *     Descrição    :  Escreve um caracter no display
    155          *     Parametrs    :  (char)
    156          *     Retorno      :  nenhum
    157          ***********************************************************************************/

   \                                 In section .text, align 2, keep-with-next
    158          void HD44780_2_writeChar(char c){
   \                     HD44780_2_writeChar:
   \   00000000   0xB580             PUSH     {R7,LR}
    159            
    160            switch(c){
   \   00000002   0xB2C0             UXTB     R0,R0            ;; ZeroExt  R0,R0,#+24,#+24
   \   00000004   0x0001             MOVS     R1,R0
   \   00000006   0x290A             CMP      R1,#+10
   \   00000008   0xD00C             BEQ.N    ??HD44780_2_writeChar_0
   \   0000000A   0x290C             CMP      R1,#+12
   \   0000000C   0xD002             BEQ.N    ??HD44780_2_writeChar_1
   \   0000000E   0x290D             CMP      R1,#+13
   \   00000010   0xD008             BEQ.N    ??HD44780_2_writeChar_0
   \   00000012   0xE00C             B.N      ??HD44780_2_writeChar_2
    161              case '\f':  HD44780_2_enviaByte(0,1);
   \                     ??HD44780_2_writeChar_1:
   \   00000014   0x2101             MOVS     R1,#+1
   \   00000016   0x2000             MOVS     R0,#+0
   \   00000018   0x.... 0x....      BL       HD44780_2_enviaByte
    162                          HD44780_2_delay_ms(12);
   \   0000001C   0x200C             MOVS     R0,#+12
   \   0000001E   0x.... 0x....      BL       vTaskDelay
    163                          break;    
   \   00000022   0xE009             B.N      ??HD44780_2_writeChar_3
    164              case '\n':    
    165              case '\r':  HD44780_2_enviaByte(1,2);
   \                     ??HD44780_2_writeChar_0:
   \   00000024   0x2102             MOVS     R1,#+2
   \   00000026   0x2001             MOVS     R0,#+1
   \   00000028   0x.... 0x....      BL       HD44780_2_enviaByte
    166                          break;    
   \   0000002C   0xE004             B.N      ??HD44780_2_writeChar_3
    167              default  :  HD44780_2_enviaByte(1,c);
   \                     ??HD44780_2_writeChar_2:
   \   0000002E   0x0001             MOVS     R1,R0
   \   00000030   0xB2C9             UXTB     R1,R1            ;; ZeroExt  R1,R1,#+24,#+24
   \   00000032   0x2001             MOVS     R0,#+1
   \   00000034   0x.... 0x....      BL       HD44780_2_enviaByte
    168                          break;
    169            }
    170          }
   \                     ??HD44780_2_writeChar_3:
   \   00000038   0xBD01             POP      {R0,PC}          ;; return
    171          /***********************************************************************************
    172          *     Descrição   :   Escreve uma string no display
    173          *     Parametros  :   (char*) Ponteiro para a string
    174          *     Retorno     :   nenhum
    175          ***********************************************************************************/

   \                                 In section .text, align 2, keep-with-next
    176          void HD44780_2_writeString(char *string){
   \                     HD44780_2_writeString:
   \   00000000   0xB510             PUSH     {R4,LR}
   \   00000002   0x0004             MOVS     R4,R0
    177            
    178            if(!HD44780_2_tempoRefreshSegundoLCD){
   \   00000004   0x....             LDR.N    R0,??DataTable9_4
   \   00000006   0x6800             LDR      R0,[R0, #+0]
   \   00000008   0x2800             CMP      R0,#+0
   \   0000000A   0xD10F             BNE.N    ??HD44780_2_writeString_0
    179              
    180              HD44780_2_tempoRefreshSegundoLCD = 30000;
   \   0000000C   0x....             LDR.N    R0,??DataTable9_4
   \   0000000E   0xF247 0x5130      MOVW     R1,#+30000
   \   00000012   0x6001             STR      R1,[R0, #+0]
    181              HD44780_2_init(LCD_DISPLAY_8X5 | LCD_2_LINHAS,
    182                             LCD_DISPLAY_LIGADO | LCD_CURSOR_DESLIGADO | LCD_CURSOR_FIXO);          
   \   00000014   0x2104             MOVS     R1,#+4
   \   00000016   0x2008             MOVS     R0,#+8
   \   00000018   0x.... 0x....      BL       HD44780_2_init
    183              HD44780_2_clearText();    
   \   0000001C   0x200C             MOVS     R0,#+12
   \   0000001E   0x.... 0x....      BL       HD44780_2_writeChar
   \   00000022   0xE003             B.N      ??HD44780_2_writeString_0
    184            }  
    185            
    186            while(*string)
    187              HD44780_2_writeChar(*string++);      
   \                     ??HD44780_2_writeString_1:
   \   00000024   0x7820             LDRB     R0,[R4, #+0]
   \   00000026   0x.... 0x....      BL       HD44780_2_writeChar
   \   0000002A   0x1C64             ADDS     R4,R4,#+1
   \                     ??HD44780_2_writeString_0:
   \   0000002C   0x7820             LDRB     R0,[R4, #+0]
   \   0000002E   0x2800             CMP      R0,#+0
   \   00000030   0xD1F8             BNE.N    ??HD44780_2_writeString_1
    188          }
   \   00000032   0xBD10             POP      {R4,PC}          ;; return
    189          /***********************************************************************************
    190          *     Descrição   :   Liga o display
    191          *     Parametros  :   (nenhum)
    192          *     Retorno     :   (nenhum)
    193          ***********************************************************************************/

   \                                 In section .text, align 2, keep-with-next
    194          void HD44780_2_ligaDisplay(void){
   \                     HD44780_2_ligaDisplay:
   \   00000000   0xB580             PUSH     {R7,LR}
    195           
    196            LCD2_controleLcd |= 0x04;
   \   00000002   0x....             LDR.N    R0,??DataTable9_1
   \   00000004   0x7800             LDRB     R0,[R0, #+0]
   \   00000006   0xF050 0x0004      ORRS     R0,R0,#0x4
   \   0000000A   0x....             LDR.N    R1,??DataTable9_1
   \   0000000C   0x7008             STRB     R0,[R1, #+0]
    197            HD44780_2_enviaByte(0,LCD2_controleLcd);  
   \   0000000E   0x....             LDR.N    R0,??DataTable9_1
   \   00000010   0x7801             LDRB     R1,[R0, #+0]
   \   00000012   0x2000             MOVS     R0,#+0
   \   00000014   0x.... 0x....      BL       HD44780_2_enviaByte
    198          }
   \   00000018   0xBD01             POP      {R0,PC}          ;; return
    199          /***********************************************************************************
    200          *     Descrição    :    Desliga o display
    201          *     Parametros   :    (nenhum)
    202          *     Retorno      :    (nenhum)
    203          ***********************************************************************************/

   \                                 In section .text, align 2, keep-with-next
    204          void HD44780_2_desligaDisplay(void){
   \                     HD44780_2_desligaDisplay:
   \   00000000   0xB580             PUSH     {R7,LR}
    205           
    206            LCD2_controleLcd &= 0xFB;
   \   00000002   0x....             LDR.N    R0,??DataTable9_1
   \   00000004   0x7800             LDRB     R0,[R0, #+0]
   \   00000006   0xF010 0x00FB      ANDS     R0,R0,#0xFB
   \   0000000A   0x....             LDR.N    R1,??DataTable9_1
   \   0000000C   0x7008             STRB     R0,[R1, #+0]
    207            HD44780_2_enviaByte(0,LCD2_controleLcd);
   \   0000000E   0x....             LDR.N    R0,??DataTable9_1
   \   00000010   0x7801             LDRB     R1,[R0, #+0]
   \   00000012   0x2000             MOVS     R0,#+0
   \   00000014   0x.... 0x....      BL       HD44780_2_enviaByte
    208          }
   \   00000018   0xBD01             POP      {R0,PC}          ;; return
    209          /************************************************************************************
    210          *     Descrição     :   Liga o cursor
    211          *     Parametros    :   nenhum
    212          *     Retorno       :   nenhum
    213          ***********************************************************************************/

   \                                 In section .text, align 2, keep-with-next
    214          void HD44780_2_ligaCursor(void){
   \                     HD44780_2_ligaCursor:
   \   00000000   0xB580             PUSH     {R7,LR}
    215            
    216            LCD2_controleLcd |= 0x02;
   \   00000002   0x....             LDR.N    R0,??DataTable9_1
   \   00000004   0x7800             LDRB     R0,[R0, #+0]
   \   00000006   0xF050 0x0002      ORRS     R0,R0,#0x2
   \   0000000A   0x....             LDR.N    R1,??DataTable9_1
   \   0000000C   0x7008             STRB     R0,[R1, #+0]
    217            HD44780_2_enviaByte(0,LCD2_controleLcd);  
   \   0000000E   0x....             LDR.N    R0,??DataTable9_1
   \   00000010   0x7801             LDRB     R1,[R0, #+0]
   \   00000012   0x2000             MOVS     R0,#+0
   \   00000014   0x.... 0x....      BL       HD44780_2_enviaByte
    218          }
   \   00000018   0xBD01             POP      {R0,PC}          ;; return
    219          /***********************************************************************************
    220          *     Descrição     :   Desliga o cursor
    221          *     Parametros    :   nenhum
    222          *     Retorno       :   nenhum
    223          ***********************************************************************************/

   \                                 In section .text, align 2, keep-with-next
    224          void HD44780_2_desligaCursor(void){
   \                     HD44780_2_desligaCursor:
   \   00000000   0xB580             PUSH     {R7,LR}
    225            
    226            LCD2_controleLcd &= 0xFD;
   \   00000002   0x....             LDR.N    R0,??DataTable9_1
   \   00000004   0x7800             LDRB     R0,[R0, #+0]
   \   00000006   0xF010 0x00FD      ANDS     R0,R0,#0xFD
   \   0000000A   0x....             LDR.N    R1,??DataTable9_1
   \   0000000C   0x7008             STRB     R0,[R1, #+0]
    227            HD44780_2_enviaByte(0,LCD2_controleLcd);  
   \   0000000E   0x....             LDR.N    R0,??DataTable9_1
   \   00000010   0x7801             LDRB     R1,[R0, #+0]
   \   00000012   0x2000             MOVS     R0,#+0
   \   00000014   0x.... 0x....      BL       HD44780_2_enviaByte
    228          }
   \   00000018   0xBD01             POP      {R0,PC}          ;; return
    229          /***********************************************************************************
    230          *     Descrição     :   Liga o cursor piscante
    231          *     Parametros    :   nenhum
    232          *     Retorno       :   nenhum
    233          ***********************************************************************************/

   \                                 In section .text, align 2, keep-with-next
    234          void HD44780_2_ligaCursorPiscante(void){
   \                     HD44780_2_ligaCursorPiscante:
   \   00000000   0xB580             PUSH     {R7,LR}
    235           
    236            LCD2_controleLcd |= 0x01;
   \   00000002   0x....             LDR.N    R0,??DataTable9_1
   \   00000004   0x7800             LDRB     R0,[R0, #+0]
   \   00000006   0xF050 0x0001      ORRS     R0,R0,#0x1
   \   0000000A   0x....             LDR.N    R1,??DataTable9_1
   \   0000000C   0x7008             STRB     R0,[R1, #+0]
    237            HD44780_2_enviaByte(0,LCD2_controleLcd); 
   \   0000000E   0x....             LDR.N    R0,??DataTable9_1
   \   00000010   0x7801             LDRB     R1,[R0, #+0]
   \   00000012   0x2000             MOVS     R0,#+0
   \   00000014   0x.... 0x....      BL       HD44780_2_enviaByte
    238          }
   \   00000018   0xBD01             POP      {R0,PC}          ;; return
    239          /***********************************************************************************
    240          *     Descrição     :   Desliga o cursor piscante
    241          *     Parametros    :   nenhum
    242          *     Retorno       :   nenhum
    243          ***********************************************************************************/

   \                                 In section .text, align 2, keep-with-next
    244          void HD44780_2_desligaCursorPiscante(void){
   \                     HD44780_2_desligaCursorPiscante:
   \   00000000   0xB580             PUSH     {R7,LR}
    245           
    246             LCD2_controleLcd &= 0xFE;
   \   00000002   0x....             LDR.N    R0,??DataTable9_1
   \   00000004   0x7800             LDRB     R0,[R0, #+0]
   \   00000006   0xF010 0x00FE      ANDS     R0,R0,#0xFE
   \   0000000A   0x....             LDR.N    R1,??DataTable9_1
   \   0000000C   0x7008             STRB     R0,[R1, #+0]
    247             HD44780_2_enviaByte(0,LCD2_controleLcd);
   \   0000000E   0x....             LDR.N    R0,??DataTable9_1
   \   00000010   0x7801             LDRB     R1,[R0, #+0]
   \   00000012   0x2000             MOVS     R0,#+0
   \   00000014   0x.... 0x....      BL       HD44780_2_enviaByte
    248          }                                   
   \   00000018   0xBD01             POP      {R0,PC}          ;; return

   \                                 In section .text, align 4, keep-with-next
   \                     ??DataTable9:
   \   00000000   0x2009C040         DC32     0x2009c040

   \                                 In section .text, align 4, keep-with-next
   \                     ??DataTable9_1:
   \   00000000   0x........         DC32     LCD2_controleLcd

   \                                 In section .text, align 4, keep-with-next
   \                     ??DataTable9_2:
   \   00000000   0x2009C058         DC32     0x2009c058

   \                                 In section .text, align 4, keep-with-next
   \                     ??DataTable9_3:
   \   00000000   0x2009C05C         DC32     0x2009c05c

   \                                 In section .text, align 4, keep-with-next
   \                     ??DataTable9_4:
   \   00000000   0x........         DC32     HD44780_2_tempoRefreshSegundoLCD
    249          /***********************************************************************************
    250          *		Fim do arquivo
    251          ***********************************************************************************/

   Maximum stack usage in bytes:

   .cstack Function
   ------- --------
       8   HD44780_2_desligaCursor
         8   -> HD44780_2_enviaByte
       8   HD44780_2_desligaCursorPiscante
         8   -> HD44780_2_enviaByte
       8   HD44780_2_desligaDisplay
         8   -> HD44780_2_enviaByte
       8   HD44780_2_enviaByte
         8   -> HD44780_2_enviaNibble
         8   -> vTaskDelay
       0   HD44780_2_enviaNibble
      16   HD44780_2_init
        16   -> HD44780_2_enviaByte
        16   -> HD44780_2_enviaNibble
        16   -> vTaskDelay
       8   HD44780_2_ligaCursor
         8   -> HD44780_2_enviaByte
       8   HD44780_2_ligaCursorPiscante
         8   -> HD44780_2_enviaByte
       8   HD44780_2_ligaDisplay
         8   -> HD44780_2_enviaByte
       8   HD44780_2_posicionaTexto
         8   -> HD44780_2_enviaByte
         8   -> vTaskDelay
       8   HD44780_2_writeChar
         8   -> HD44780_2_enviaByte
         8   -> vTaskDelay
       8   HD44780_2_writeString
         8   -> HD44780_2_init
         8   -> HD44780_2_writeChar


   Section sizes:

   Bytes  Function/Label
   -----  --------------
       4  ??DataTable9
       4  ??DataTable9_1
       4  ??DataTable9_2
       4  ??DataTable9_3
       4  ??DataTable9_4
      26  HD44780_2_desligaCursor
      26  HD44780_2_desligaCursorPiscante
      26  HD44780_2_desligaDisplay
     148  HD44780_2_enviaByte
     504  HD44780_2_enviaNibble
     238  HD44780_2_init
      26  HD44780_2_ligaCursor
      26  HD44780_2_ligaCursorPiscante
      26  HD44780_2_ligaDisplay
      54  HD44780_2_posicionaTexto
       4  HD44780_2_tempoRefreshSegundoLCD
      58  HD44780_2_writeChar
      52  HD44780_2_writeString
       1  LCD2_controleLcd
       4  _A_FIO2CLR
       4  _A_FIO2DIR
       4  _A_FIO2SET

 
     5 bytes in section .bss
    12 bytes in section .noinit (abs)
 1 230 bytes in section .text
 
 1 230 bytes of CODE memory
     5 bytes of DATA memory (+ 12 bytes shared)

Errors: none
Warnings: none
