Change Component DesignItemId : Designator=R8 Old DesignItemId= New DesignItemId=1K-0805-5%
Change Component DesignItemId : Designator=R9 Old DesignItemId= New DesignItemId=1K-0805-5%
Change Component DesignItemId : Designator=R11 Old DesignItemId= New DesignItemId=1K-0805-5%
Change Component DesignItemId : Designator=R15 Old DesignItemId= New DesignItemId=1K-0805-5%
Change Component DesignItemId : Designator=R17 Old DesignItemId= New DesignItemId=1K-0805-5%
Change Component DesignItemId : Designator=R19 Old DesignItemId= New DesignItemId=1K-0805-5%
Change Component DesignItemId : Designator=R21 Old DesignItemId= New DesignItemId=1K-0805-5%
Change Component DesignItemId : Designator=R23 Old DesignItemId= New DesignItemId=1K-0805-5%
Change Component DesignItemId : Designator=R42 Old DesignItemId= New DesignItemId=1K-0805-5%
Change Component DesignItemId : Designator=R43 Old DesignItemId= New DesignItemId=1K-0805-5%
Change Component DesignItemId : Designator=R53 Old DesignItemId= New DesignItemId=1K-0805-5%
Change Component DesignItemId : Designator=R54 Old DesignItemId= New DesignItemId=1K-0805-5%
Change Component DesignItemId : Designator=R59 Old DesignItemId= New DesignItemId=1K-0805-5%
Change Component DesignItemId : Designator=R60 Old DesignItemId= New DesignItemId=1K-0805-5%
Change Component DesignItemId : Designator=R66 Old DesignItemId= New DesignItemId=1K-0805-5%
Change Component DesignItemId : Designator=R68 Old DesignItemId= New DesignItemId=1K-0805-5%
Change Component DesignItemId : Designator=R74 Old DesignItemId= New DesignItemId=1K-0805-5%
Change Component DesignItemId : Designator=R75 Old DesignItemId= New DesignItemId=1K-0805-5%
Change Component DesignItemId : Designator=R79 Old DesignItemId= New DesignItemId=1K-0805-5%
Change Component DesignItemId : Designator=R84 Old DesignItemId= New DesignItemId=1K-0805-5%
Change Component DesignItemId : Designator=R91 Old DesignItemId= New DesignItemId=1K-0805-5%
Change Component DesignItemId : Designator=R92 Old DesignItemId= New DesignItemId=1K-0805-5%
Change Component DesignItemId : Designator=R94 Old DesignItemId= New DesignItemId=1K-0805-5%
Change Component DesignItemId : Designator=R101 Old DesignItemId= New DesignItemId=1K-0805-5%
Change Component DesignItemId : Designator=R106 Old DesignItemId= New DesignItemId=1K-0805-5%
Change Component DesignItemId : Designator=R110 Old DesignItemId= New DesignItemId=1K-0805-5%
Change Component DesignItemId : Designator=R123 Old DesignItemId= New DesignItemId=1K-0805-5%
Change Component DesignItemId : Designator=R126 Old DesignItemId= New DesignItemId=1K-0805-5%
Change Component DesignItemId : Designator=R127 Old DesignItemId= New DesignItemId=1K-0805-5%
Change Component DesignItemId : Designator=R130 Old DesignItemId= New DesignItemId=1K-0805-5%
Change Component DesignItemId : Designator=R131 Old DesignItemId= New DesignItemId=1K-0805-5%
Change Component DesignItemId : Designator=R132 Old DesignItemId= New DesignItemId=1K-0805-5%
Change Component DesignItemId : Designator=D16 Old DesignItemId= New DesignItemId=1N4007
Change Component DesignItemId : Designator=D3 Old DesignItemId= New DesignItemId=1N4148-SOD80
Change Component DesignItemId : Designator=D1 Old DesignItemId= New DesignItemId=1N5819-SOD80
Change Component DesignItemId : Designator=D10 Old DesignItemId= New DesignItemId=1N5819-SOD80
Change Component DesignItemId : Designator=D12 Old DesignItemId= New DesignItemId=1N5819-SOD80
Change Component DesignItemId : Designator=D18 Old DesignItemId= New DesignItemId=1N5819-SOD80
Change Component DesignItemId : Designator=D23 Old DesignItemId= New DesignItemId=1N5819-SOD80
Change Component DesignItemId : Designator=D25 Old DesignItemId= New DesignItemId=1N5819-SOD80
Change Component DesignItemId : Designator=D27 Old DesignItemId= New DesignItemId=1N5819-SOD80
Change Component DesignItemId : Designator=D29 Old DesignItemId= New DesignItemId=1N5819-SOD80
Change Component DesignItemId : Designator=D31 Old DesignItemId= New DesignItemId=1N5819-SOD80
Change Component DesignItemId : Designator=D33 Old DesignItemId= New DesignItemId=1N5819-SOD80
Change Component DesignItemId : Designator=D39 Old DesignItemId= New DesignItemId=1N5819-SOD80
Change Component DesignItemId : Designator=D41 Old DesignItemId= New DesignItemId=1N5819-SOD80
Change Component DesignItemId : Designator=D42 Old DesignItemId= New DesignItemId=1N5819-SOD80
Change Component DesignItemId : Designator=D43 Old DesignItemId= New DesignItemId=1N5819-SOD80
Change Component DesignItemId : Designator=D44 Old DesignItemId= New DesignItemId=1N5819-SOD80
Change Component DesignItemId : Designator=D20 Old DesignItemId= New DesignItemId=1N5819
Change Component DesignItemId : Designator=D21 Old DesignItemId= New DesignItemId=1N5819
Change Component DesignItemId : Designator=R1 Old DesignItemId= New DesignItemId=10K-0805-5%
Change Component DesignItemId : Designator=R2 Old DesignItemId= New DesignItemId=10K-0805-5%
Change Component DesignItemId : Designator=R3 Old DesignItemId= New DesignItemId=10K-0805-5%
Change Component DesignItemId : Designator=R4 Old DesignItemId= New DesignItemId=10K-0805-5%
Change Component DesignItemId : Designator=R5 Old DesignItemId= New DesignItemId=10K-0805-5%
Change Component DesignItemId : Designator=R6 Old DesignItemId= New DesignItemId=10K-0805-5%
Change Component DesignItemId : Designator=R7 Old DesignItemId= New DesignItemId=10K-0805-5%
Change Component DesignItemId : Designator=R16 Old DesignItemId= New DesignItemId=10K-0805-5%
Change Component DesignItemId : Designator=R18 Old DesignItemId= New DesignItemId=10K-0805-5%
Change Component DesignItemId : Designator=R20 Old DesignItemId= New DesignItemId=10K-0805-5%
Change Component DesignItemId : Designator=R22 Old DesignItemId= New DesignItemId=10K-0805-5%
Change Component DesignItemId : Designator=R40 Old DesignItemId= New DesignItemId=10K-0805-5%
Change Component DesignItemId : Designator=R41 Old DesignItemId= New DesignItemId=10K-0805-5%
Change Component DesignItemId : Designator=R48 Old DesignItemId= New DesignItemId=10K-0805-5%
Change Component DesignItemId : Designator=R55 Old DesignItemId= New DesignItemId=10K-0805-5%
Change Component DesignItemId : Designator=R56 Old DesignItemId= New DesignItemId=10K-0805-5%
Change Component DesignItemId : Designator=R57 Old DesignItemId= New DesignItemId=10K-0805-5%
Change Component DesignItemId : Designator=R58 Old DesignItemId= New DesignItemId=10K-0805-5%
Change Component DesignItemId : Designator=R61 Old DesignItemId= New DesignItemId=10K-0805-5%
Change Component DesignItemId : Designator=R62 Old DesignItemId= New DesignItemId=10K-0805-5%
Change Component DesignItemId : Designator=R63 Old DesignItemId= New DesignItemId=10K-0805-5%
Change Component DesignItemId : Designator=R64 Old DesignItemId= New DesignItemId=10K-0805-5%
Change Component DesignItemId : Designator=R65 Old DesignItemId= New DesignItemId=10K-0805-5%
Change Component DesignItemId : Designator=R67 Old DesignItemId= New DesignItemId=10K-0805-5%
Change Component DesignItemId : Designator=R71 Old DesignItemId= New DesignItemId=10K-0805-5%
Change Component DesignItemId : Designator=R72 Old DesignItemId= New DesignItemId=10K-0805-5%
Change Component DesignItemId : Designator=R73 Old DesignItemId= New DesignItemId=10K-0805-5%
Change Component DesignItemId : Designator=R76 Old DesignItemId= New DesignItemId=10K-0805-5%
Change Component DesignItemId : Designator=R78 Old DesignItemId= New DesignItemId=10K-0805-5%
Change Component DesignItemId : Designator=R81 Old DesignItemId= New DesignItemId=10K-0805-5%
Change Component DesignItemId : Designator=R82 Old DesignItemId= New DesignItemId=10K-0805-5%
Change Component DesignItemId : Designator=R83 Old DesignItemId= New DesignItemId=10K-0805-5%
Change Component DesignItemId : Designator=R89 Old DesignItemId= New DesignItemId=10K-0805-5%
Change Component DesignItemId : Designator=R90 Old DesignItemId= New DesignItemId=10K-0805-5%
Change Component DesignItemId : Designator=R93 Old DesignItemId= New DesignItemId=10K-0805-5%
Change Component DesignItemId : Designator=R95 Old DesignItemId= New DesignItemId=10K-0805-5%
Change Component DesignItemId : Designator=R96 Old DesignItemId= New DesignItemId=10K-0805-5%
Change Component DesignItemId : Designator=R98 Old DesignItemId= New DesignItemId=10K-0805-5%
Change Component DesignItemId : Designator=R100 Old DesignItemId= New DesignItemId=10K-0805-5%
Change Component DesignItemId : Designator=R103 Old DesignItemId= New DesignItemId=10K-0805-5%
Change Component DesignItemId : Designator=R104 Old DesignItemId= New DesignItemId=10K-0805-5%
Change Component DesignItemId : Designator=R105 Old DesignItemId= New DesignItemId=10K-0805-5%
Change Component DesignItemId : Designator=R111 Old DesignItemId= New DesignItemId=10K-0805-5%
Change Component DesignItemId : Designator=R112 Old DesignItemId= New DesignItemId=10K-0805-5%
Change Component DesignItemId : Designator=R113 Old DesignItemId= New DesignItemId=10K-0805-5%
Change Component DesignItemId : Designator=R114 Old DesignItemId= New DesignItemId=10K-0805-5%
Change Component DesignItemId : Designator=R121 Old DesignItemId= New DesignItemId=10K-0805-5%
Change Component DesignItemId : Designator=R122 Old DesignItemId= New DesignItemId=10K-0805-5%
Change Component DesignItemId : Designator=R124 Old DesignItemId= New DesignItemId=10K-0805-5%
Change Component DesignItemId : Designator=R128 Old DesignItemId= New DesignItemId=10K-0805-5%
Change Component DesignItemId : Designator=R129 Old DesignItemId= New DesignItemId=10K-0805-5%
Change Component DesignItemId : Designator=R133 Old DesignItemId= New DesignItemId=10K-0805-5%
Change Component DesignItemId : Designator=R77 Old DesignItemId= New DesignItemId=10R-0805-5%
Change Component DesignItemId : Designator=R80 Old DesignItemId= New DesignItemId=10R-0805-5%
Change Component DesignItemId : Designator=R85 Old DesignItemId= New DesignItemId=10R-0805-5%
Change Component DesignItemId : Designator=R86 Old DesignItemId= New DesignItemId=10R-0805-5%
Change Component DesignItemId : Designator=R87 Old DesignItemId= New DesignItemId=10R-0805-5%
Change Component DesignItemId : Designator=R88 Old DesignItemId= New DesignItemId=10R-0805-5%
Change Component DesignItemId : Designator=R119 Old DesignItemId= New DesignItemId=10R-0805-5%
Change Component DesignItemId : Designator=R120 Old DesignItemId= New DesignItemId=10R-0805-5%
Change Component DesignItemId : Designator=R125 Old DesignItemId= New DesignItemId=10R-0805-5%
Change Component DesignItemId : Designator=C54 Old DesignItemId= New DesignItemId=10uF/35V-tantalo
Change Component DesignItemId : Designator=C56 Old DesignItemId= New DesignItemId=10uF/35V-tantalo
Change Component DesignItemId : Designator=C19 Old DesignItemId= New DesignItemId=22pF-0805-NPO
Change Component DesignItemId : Designator=C20 Old DesignItemId= New DesignItemId=22pF-0805-NPO
Change Component DesignItemId : Designator=C21 Old DesignItemId= New DesignItemId=22pF-0805-NPO
Change Component DesignItemId : Designator=C22 Old DesignItemId= New DesignItemId=22pF-0805-NPO
Change Component DesignItemId : Designator=C49 Old DesignItemId= New DesignItemId=22pF-0805-NPO
Change Component DesignItemId : Designator=R25 Old DesignItemId= New DesignItemId=56K-0805-5%
Change Component DesignItemId : Designator=R26 Old DesignItemId= New DesignItemId=56K-0805-5%
Change Component DesignItemId : Designator=R27 Old DesignItemId= New DesignItemId=56K-0805-5%
Change Component DesignItemId : Designator=R28 Old DesignItemId= New DesignItemId=56K-0805-5%
Change Component DesignItemId : Designator=U5 Old DesignItemId= New DesignItemId=74HC245D
Change Component DesignItemId : Designator=U2 Old DesignItemId= New DesignItemId=74HC595D
Change Component DesignItemId : Designator=R10 Old DesignItemId= New DesignItemId=100K-0805-5%
Change Component DesignItemId : Designator=R35 Old DesignItemId= New DesignItemId=100K-0805-5%
Change Component DesignItemId : Designator=R37 Old DesignItemId= New DesignItemId=100K-0805-5%
Change Component DesignItemId : Designator=R39 Old DesignItemId= New DesignItemId=100K-0805-5%
Change Component DesignItemId : Designator=R99 Old DesignItemId= New DesignItemId=100K-0805-5%
Change Component DesignItemId : Designator=R108 Old DesignItemId= New DesignItemId=100K-0805-5%
Change Component DesignItemId : Designator=R109 Old DesignItemId= New DesignItemId=100K-0805-5%
Change Component DesignItemId : Designator=R117 Old DesignItemId= New DesignItemId=100K-0805-5%
Change Component DesignItemId : Designator=R118 Old DesignItemId= New DesignItemId=100K-0805-5%
Change Component DesignItemId : Designator=C1 Old DesignItemId= New DesignItemId=100nF/50-0805-NPO
Change Component DesignItemId : Designator=C2 Old DesignItemId= New DesignItemId=100nF/50-0805-NPO
Change Component DesignItemId : Designator=C3 Old DesignItemId= New DesignItemId=100nF/50-0805-NPO
Change Component DesignItemId : Designator=C4 Old DesignItemId= New DesignItemId=100nF/50-0805-NPO
Change Component DesignItemId : Designator=C5 Old DesignItemId= New DesignItemId=100nF/50-0805-NPO
Change Component DesignItemId : Designator=C6 Old DesignItemId= New DesignItemId=100nF/50-0805-NPO
Change Component DesignItemId : Designator=C7 Old DesignItemId= New DesignItemId=100nF/50-0805-NPO
Change Component DesignItemId : Designator=C8 Old DesignItemId= New DesignItemId=100nF/50-0805-NPO
Change Component DesignItemId : Designator=C9 Old DesignItemId= New DesignItemId=100nF/50-0805-NPO
Change Component DesignItemId : Designator=C10 Old DesignItemId= New DesignItemId=100nF/50-0805-NPO
Change Component DesignItemId : Designator=C11 Old DesignItemId= New DesignItemId=100nF/50-0805-NPO
Change Component DesignItemId : Designator=C12 Old DesignItemId= New DesignItemId=100nF/50-0805-NPO
Change Component DesignItemId : Designator=C13 Old DesignItemId= New DesignItemId=100nF/50-0805-NPO
Change Component DesignItemId : Designator=C14 Old DesignItemId= New DesignItemId=100nF/50-0805-NPO
Change Component DesignItemId : Designator=C15 Old DesignItemId= New DesignItemId=100nF/50-0805-NPO
Change Component DesignItemId : Designator=C16 Old DesignItemId= New DesignItemId=100nF/50-0805-NPO
Change Component DesignItemId : Designator=C17 Old DesignItemId= New DesignItemId=100nF/50-0805-NPO
Change Component DesignItemId : Designator=C18 Old DesignItemId= New DesignItemId=100nF/50-0805-NPO
Change Component DesignItemId : Designator=C23 Old DesignItemId= New DesignItemId=100nF/50-0805-NPO
Change Component DesignItemId : Designator=C24 Old DesignItemId= New DesignItemId=100nF/50-0805-NPO
Change Component DesignItemId : Designator=C25 Old DesignItemId= New DesignItemId=100nF/50-0805-NPO
Change Component DesignItemId : Designator=C26 Old DesignItemId= New DesignItemId=100nF/50-0805-NPO
Change Component DesignItemId : Designator=C27 Old DesignItemId= New DesignItemId=100nF/50-0805-NPO
Change Component DesignItemId : Designator=C28 Old DesignItemId= New DesignItemId=100nF/50-0805-NPO
Change Component DesignItemId : Designator=C29 Old DesignItemId= New DesignItemId=100nF/50-0805-NPO
Change Component DesignItemId : Designator=C30 Old DesignItemId= New DesignItemId=100nF/50-0805-NPO
Change Component DesignItemId : Designator=C31 Old DesignItemId= New DesignItemId=100nF/50-0805-NPO
Change Component DesignItemId : Designator=C32 Old DesignItemId= New DesignItemId=100nF/50-0805-NPO
Change Component DesignItemId : Designator=C33 Old DesignItemId= New DesignItemId=100nF/50-0805-NPO
Change Component DesignItemId : Designator=C34 Old DesignItemId= New DesignItemId=100nF/50-0805-NPO
Change Component DesignItemId : Designator=C35 Old DesignItemId= New DesignItemId=100nF/50-0805-NPO
Change Component DesignItemId : Designator=C37 Old DesignItemId= New DesignItemId=100nF/50-0805-NPO
Change Component DesignItemId : Designator=C39 Old DesignItemId= New DesignItemId=100nF/50-0805-NPO
Change Component DesignItemId : Designator=C41 Old DesignItemId= New DesignItemId=100nF/50-0805-NPO
Change Component DesignItemId : Designator=C42 Old DesignItemId= New DesignItemId=100nF/50-0805-NPO
Change Component DesignItemId : Designator=C43 Old DesignItemId= New DesignItemId=100nF/50-0805-NPO
Change Component DesignItemId : Designator=C44 Old DesignItemId= New DesignItemId=100nF/50-0805-NPO
Change Component DesignItemId : Designator=C45 Old DesignItemId= New DesignItemId=100nF/50-0805-NPO
Change Component DesignItemId : Designator=C46 Old DesignItemId= New DesignItemId=100nF/50-0805-NPO
Change Component DesignItemId : Designator=C47 Old DesignItemId= New DesignItemId=100nF/50-0805-NPO
Change Component DesignItemId : Designator=C48 Old DesignItemId= New DesignItemId=100nF/50-0805-NPO
Change Component DesignItemId : Designator=C50 Old DesignItemId= New DesignItemId=100nF/50-0805-NPO
Change Component DesignItemId : Designator=C51 Old DesignItemId= New DesignItemId=100nF/50-0805-NPO
Change Component DesignItemId : Designator=C52 Old DesignItemId= New DesignItemId=100nF/50-0805-NPO
Change Component DesignItemId : Designator=C53 Old DesignItemId= New DesignItemId=100nF/50-0805-NPO
Change Component DesignItemId : Designator=C55 Old DesignItemId= New DesignItemId=100nF/50-0805-NPO
Change Component DesignItemId : Designator=C57 Old DesignItemId= New DesignItemId=100nF/50-0805-NPO
Change Component DesignItemId : Designator=C58 Old DesignItemId= New DesignItemId=100nF/50-0805-NPO
Change Component DesignItemId : Designator=C59 Old DesignItemId= New DesignItemId=100nF/50-0805-NPO
Change Component DesignItemId : Designator=C60 Old DesignItemId= New DesignItemId=100nF/50-0805-NPO
Change Component DesignItemId : Designator=C61 Old DesignItemId= New DesignItemId=100nF/50-0805-NPO
Change Component DesignItemId : Designator=C62 Old DesignItemId= New DesignItemId=100nF/50-0805-NPO
Change Component DesignItemId : Designator=C63 Old DesignItemId= New DesignItemId=100nF/50-0805-NPO
Change Component DesignItemId : Designator=C64 Old DesignItemId= New DesignItemId=100nF/50-0805-NPO
Change Component DesignItemId : Designator=C65 Old DesignItemId= New DesignItemId=100nF/50-0805-NPO
Change Component DesignItemId : Designator=C66 Old DesignItemId= New DesignItemId=100nF/50-0805-NPO
Change Component DesignItemId : Designator=C68 Old DesignItemId= New DesignItemId=100nF/50-0805-NPO
Change Component DesignItemId : Designator=C69 Old DesignItemId= New DesignItemId=100nF/50-0805-NPO
Change Component DesignItemId : Designator=C70 Old DesignItemId= New DesignItemId=100nF/50-0805-NPO
Change Component DesignItemId : Designator=C71 Old DesignItemId= New DesignItemId=100nF/50-0805-NPO
Change Component DesignItemId : Designator=C72 Old DesignItemId= New DesignItemId=100nF/50-0805-NPO
Change Component DesignItemId : Designator=C73 Old DesignItemId= New DesignItemId=100nF/50-0805-NPO
Change Component DesignItemId : Designator=C74 Old DesignItemId= New DesignItemId=100nF/50-0805-NPO
Change Component DesignItemId : Designator=R12 Old DesignItemId= New DesignItemId=100R-0805-5%
Change Component DesignItemId : Designator=R13 Old DesignItemId= New DesignItemId=100R-0805-5%
Change Component DesignItemId : Designator=R14 Old DesignItemId= New DesignItemId=100R-0805-5%
Change Component DesignItemId : Designator=R24 Old DesignItemId= New DesignItemId=100R-0805-5%
Change Component DesignItemId : Designator=R30 Old DesignItemId= New DesignItemId=100R-0805-5%
Change Component DesignItemId : Designator=R31 Old DesignItemId= New DesignItemId=100R-0805-5%
Change Component DesignItemId : Designator=R32 Old DesignItemId= New DesignItemId=100R-0805-5%
Change Component DesignItemId : Designator=R34 Old DesignItemId= New DesignItemId=100R-0805-5%
Change Component DesignItemId : Designator=R36 Old DesignItemId= New DesignItemId=100R-0805-5%
Change Component DesignItemId : Designator=R38 Old DesignItemId= New DesignItemId=100R-0805-5%
Change Component DesignItemId : Designator=R69 Old DesignItemId= New DesignItemId=100R-0805-5%
Change Component DesignItemId : Designator=R70 Old DesignItemId= New DesignItemId=100R-0805-5%
Change Component DesignItemId : Designator=R97 Old DesignItemId= New DesignItemId=100R-0805-5%
Change Component DesignItemId : Designator=R102 Old DesignItemId= New DesignItemId=100R-0805-5%
Change Component DesignItemId : Designator=R107 Old DesignItemId= New DesignItemId=100R-0805-5%
Change Component DesignItemId : Designator=R115 Old DesignItemId= New DesignItemId=100R-0805-5%
Change Component DesignItemId : Designator=R116 Old DesignItemId= New DesignItemId=100R-0805-5%
Change Component DesignItemId : Designator=C36 Old DesignItemId= New DesignItemId=100uF/50V
Change Component DesignItemId : Designator=C38 Old DesignItemId= New DesignItemId=100uF/50V
Change Component DesignItemId : Designator=C40 Old DesignItemId= New DesignItemId=100uF/50V
Change Component DesignItemId : Designator=C67 Old DesignItemId= New DesignItemId=470uF/50V
Change Component DesignItemId : Designator=S1 Old DesignItemId= New DesignItemId=A06-L12
Change Component DesignItemId : Designator=S2 Old DesignItemId= New DesignItemId=A06-L12
Change Component DesignItemId : Designator=S3 Old DesignItemId= New DesignItemId=A06-L12
Change Component DesignItemId : Designator=S4 Old DesignItemId= New DesignItemId=A06-L12
Change Component DesignItemId : Designator=S5 Old DesignItemId= New DesignItemId=A06-L12
Change Component DesignItemId : Designator=U14 Old DesignItemId= New DesignItemId=AT45DB161E-SSHF2B-T
Change Component DesignItemId : Designator=D24 Old DesignItemId= New DesignItemId=BA54
Change Component DesignItemId : Designator=D26 Old DesignItemId= New DesignItemId=BA54
Change Component DesignItemId : Designator=D28 Old DesignItemId= New DesignItemId=BA54
Change Component DesignItemId : Designator=D30 Old DesignItemId= New DesignItemId=BA54
Change Component DesignItemId : Designator=D32 Old DesignItemId= New DesignItemId=BA54
Change Component DesignItemId : Designator=D34 Old DesignItemId= New DesignItemId=BA54
Change Component DesignItemId : Designator=J14 Old DesignItemId= New DesignItemId=BARRA DE PINOS
Change Component DesignItemId : Designator=D2 Old DesignItemId= New DesignItemId=BAT54ST
Change Component DesignItemId : Designator=D4 Old DesignItemId= New DesignItemId=BAT54ST
Change Component DesignItemId : Designator=D5 Old DesignItemId= New DesignItemId=BAT54ST
Change Component DesignItemId : Designator=D7 Old DesignItemId= New DesignItemId=BAT54ST
Change Component DesignItemId : Designator=D8 Old DesignItemId= New DesignItemId=BAT54ST
Change Component DesignItemId : Designator=D9 Old DesignItemId= New DesignItemId=BAT54ST
Change Component DesignItemId : Designator=D11 Old DesignItemId= New DesignItemId=BAT54ST
Change Component DesignItemId : Designator=D13 Old DesignItemId= New DesignItemId=BAT54ST
Change Component DesignItemId : Designator=D14 Old DesignItemId= New DesignItemId=BAT54ST
Change Component DesignItemId : Designator=D15 Old DesignItemId= New DesignItemId=BAT54ST
Change Component DesignItemId : Designator=D35 Old DesignItemId= New DesignItemId=BAT54ST
Change Component DesignItemId : Designator=D36 Old DesignItemId= New DesignItemId=BAT54ST
Change Component DesignItemId : Designator=D37 Old DesignItemId= New DesignItemId=BAT54ST
Change Component DesignItemId : Designator=D38 Old DesignItemId= New DesignItemId=BAT54ST
Change Component DesignItemId : Designator=D40 Old DesignItemId= New DesignItemId=BAT54ST
Change Component DesignItemId : Designator=D46 Old DesignItemId= New DesignItemId=BAT54ST
Change Component DesignItemId : Designator=D47 Old DesignItemId= New DesignItemId=BAT54ST
Change Component DesignItemId : Designator=D48 Old DesignItemId= New DesignItemId=BAT54ST
Change Component DesignItemId : Designator=Q5 Old DesignItemId= New DesignItemId=BC846
Change Component DesignItemId : Designator=Q6 Old DesignItemId= New DesignItemId=BC846
Change Component DesignItemId : Designator=Q10 Old DesignItemId= New DesignItemId=BC846
Change Component DesignItemId : Designator=Q12 Old DesignItemId= New DesignItemId=BC846
Change Component DesignItemId : Designator=Q14 Old DesignItemId= New DesignItemId=BC846
Change Component DesignItemId : Designator=Q15 Old DesignItemId= New DesignItemId=BC846
Change Component DesignItemId : Designator=Q17 Old DesignItemId= New DesignItemId=BC846
Change Component DesignItemId : Designator=Q19 Old DesignItemId= New DesignItemId=BC846
Change Component DesignItemId : Designator=Q11 Old DesignItemId= New DesignItemId=BC856L
Change Component DesignItemId : Designator=U10 Old DesignItemId= New DesignItemId=CD74HC4052PWR
Change Component DesignItemId : Designator=J17 Old DesignItemId= New DesignItemId=CONECTOR MICRO-SD
Change Component DesignItemId : Designator=X1 Old DesignItemId= New DesignItemId=CRISTAL 12MHZ
Change Component DesignItemId : Designator=X2 Old DesignItemId= New DesignItemId=CRISTAL 32.768 Hz
Change Component DesignItemId : Designator=J10 Old DesignItemId= New DesignItemId=DB-9 - FÊMEA 180º MONTAGEM EM PCI
Change Component DesignItemId : Designator=L4 Old DesignItemId= New DesignItemId=FERRITE BEAD 2K7-100MHZ - 200 mA - 800mOHM DC
Change Component DesignItemId : Designator=L5 Old DesignItemId= New DesignItemId=FERRITE BEAD 2K7-100MHZ - 200 mA - 800mOHM DC
Change Component DesignItemId : Designator=U13 Old DesignItemId= New DesignItemId=FT232RL
Change Component DesignItemId : Designator=J12 Old DesignItemId= New DesignItemId=HEADER 10x2
Change Component DesignItemId : Designator=J13 Old DesignItemId= New DesignItemId=IDCSN
Change Component DesignItemId : Designator=L3' Old DesignItemId= New DesignItemId=indutor 1mH CNF15
Change Component DesignItemId : Designator=L3 Old DesignItemId= New DesignItemId=indutor 1mH CNF15
Change Component DesignItemId : Designator=L9 Old DesignItemId= New DesignItemId=indutor 1mH CNF15
Change Component DesignItemId : Designator=L10 Old DesignItemId= New DesignItemId=indutor 1mH CNF15
Change Component DesignItemId : Designator=Q1 Old DesignItemId= New DesignItemId=IRF9540
Change Component DesignItemId : Designator=Q18 Old DesignItemId= New DesignItemId=IRF9540
Change Component DesignItemId : Designator=Q2 Old DesignItemId= New DesignItemId=IRLZ44N-TO220
Change Component DesignItemId : Designator=Q3 Old DesignItemId= New DesignItemId=IRLZ44N-TO220
Change Component DesignItemId : Designator=Q4 Old DesignItemId= New DesignItemId=IRLZ44N-TO220
Change Component DesignItemId : Designator=Q16 Old DesignItemId= New DesignItemId=IRLZ44N-TO220
Change Component DesignItemId : Designator=Q20 Old DesignItemId= New DesignItemId=IRLZ44N-TO220
Change Component DesignItemId : Designator=Q21 Old DesignItemId= New DesignItemId=IRLZ44N-TO220
Change Component DesignItemId : Designator=J22 Old DesignItemId= New DesignItemId=JUMPER 3
Change Component DesignItemId : Designator=L1 Old DesignItemId= New DesignItemId=LED VERDE 0603 SMD
Change Component DesignItemId : Designator=L2 Old DesignItemId= New DesignItemId=LED VERMELHO 0603 SMD
Change Component DesignItemId : Designator=L6 Old DesignItemId= New DesignItemId=LED VERMELHO 0603 SMD
Change Component DesignItemId : Designator=L7 Old DesignItemId= New DesignItemId=LED VERMELHO 0603 SMD
Change Component DesignItemId : Designator=L8 Old DesignItemId= New DesignItemId=LED VERMELHO 0603 SMD
Change Component DesignItemId : Designator=U1 Old DesignItemId= New DesignItemId=LM358
Change Component DesignItemId : Designator=U11 Old DesignItemId= New DesignItemId=LM1117MPX-3,3V-SOT223
Change Component DesignItemId : Designator=U7 Old DesignItemId= New DesignItemId=LM2575S-5.0
Change Component DesignItemId : Designator=U9 Old DesignItemId= New DesignItemId=LM3940IT-3.3-TO220
Change Component DesignItemId : Designator=U4 Old DesignItemId= New DesignItemId=LPC1768FDB100
Change Component DesignItemId : Designator=U6 Old DesignItemId= New DesignItemId=MAX3232CSE
Change Component DesignItemId : Designator=J1 Old DesignItemId= New DesignItemId=MFPL-02
Change Component DesignItemId : Designator=J23 Old DesignItemId= New DesignItemId=MFPL-02
Change Component DesignItemId : Designator=J2 Old DesignItemId= New DesignItemId=MFPL-04
Change Component DesignItemId : Designator=J8 Old DesignItemId= New DesignItemId=MFPL-04
Change Component DesignItemId : Designator=J9 Old DesignItemId= New DesignItemId=MFPL-04
Change Component DesignItemId : Designator=J11 Old DesignItemId= New DesignItemId=MFPL-04
Change Component DesignItemId : Designator=J18 Old DesignItemId= New DesignItemId=MFPL-04
Change Component DesignItemId : Designator=J20 Old DesignItemId= New DesignItemId=MFPL-04
Change Component DesignItemId : Designator=J5 Old DesignItemId= New DesignItemId=MFPL-06
Change Component DesignItemId : Designator=J6 Old DesignItemId= New DesignItemId=MFPL-06
Change Component DesignItemId : Designator=J15 Old DesignItemId= New DesignItemId=MFPL-06
Change Component DesignItemId : Designator=J3 Old DesignItemId= New DesignItemId=MFPL-10
Change Component DesignItemId : Designator=J4 Old DesignItemId= New DesignItemId=MFPL-10
Change Component DesignItemId : Designator=J7 Old DesignItemId= New DesignItemId=MFPL-10
Change Component DesignItemId : Designator=J21 Old DesignItemId= New DesignItemId=MINI_USB
Change Component DesignItemId : Designator=Q7 Old DesignItemId= New DesignItemId=MJD31
Change Component DesignItemId : Designator=J19 Old DesignItemId= New DesignItemId=NMJ3HF-S
Change Component DesignItemId : Designator=J16 Old DesignItemId= New DesignItemId=PCMC2-4
Change Component DesignItemId : Designator=PSW1 Old DesignItemId= New DesignItemId=POLYSWITCH 200mA
Change Component DesignItemId : Designator=PSW2 Old DesignItemId= New DesignItemId=POLYSWITCH 200mA
Change Component DesignItemId : Designator=PSW3 Old DesignItemId= New DesignItemId=PTC 2A-120V
Change Component DesignItemId : Designator=PSW4 Old DesignItemId= New DesignItemId=PTC 2A-120V
Change Component DesignItemId : Designator=PSW5 Old DesignItemId= New DesignItemId=PTC 2A-120V
Change Component DesignItemId : Designator=PSW6 Old DesignItemId= New DesignItemId=PTC 2A-120V
Change Component DesignItemId : Designator=PSW7 Old DesignItemId= New DesignItemId=PTC 2A-120V
Change Component DesignItemId : Designator=PSW8 Old DesignItemId= New DesignItemId=PTC 2A-120V
Change Component DesignItemId : Designator=R29 Old DesignItemId= New DesignItemId=RES 5R6-CR100
Change Component DesignItemId : Designator=R44 Old DesignItemId= New DesignItemId=RES 10K-0805
Change Component DesignItemId : Designator=R45 Old DesignItemId= New DesignItemId=RES 10K-0805
Change Component DesignItemId : Designator=R46 Old DesignItemId= New DesignItemId=RES 10K-0805
Change Component DesignItemId : Designator=R47 Old DesignItemId= New DesignItemId=RES 10K-0805
Change Component DesignItemId : Designator=R49 Old DesignItemId= New DesignItemId=RES 10K-0805
Change Component DesignItemId : Designator=R50 Old DesignItemId= New DesignItemId=RES 10K-0805
Change Component DesignItemId : Designator=R51 Old DesignItemId= New DesignItemId=RES 10K-0805
Change Component DesignItemId : Designator=R52 Old DesignItemId= New DesignItemId=RES 10K-0805
Change Component DesignItemId : Designator=D6 Old DesignItemId= New DesignItemId=SMBJ5.0A
Change Component DesignItemId : Designator=D19 Old DesignItemId= New DesignItemId=SMBJ5.0A
Change Component DesignItemId : Designator=D22 Old DesignItemId= New DesignItemId=SMBJ5.0A
Change Component DesignItemId : Designator=D45 Old DesignItemId= New DesignItemId=SMBJ5.0A
Change Component DesignItemId : Designator=D17 Old DesignItemId= New DesignItemId=SMBJ30.0A
Change Component DesignItemId : Designator=U8 Old DesignItemId= New DesignItemId=SST25VF032B
Change Component DesignItemId : Designator=B1 Old DesignItemId= New DesignItemId=SUPORTE PILHA CR2032
Change Component DesignItemId : Designator=U12 Old DesignItemId= New DesignItemId=TDA8932T
Change Component DesignItemId : Designator=Q13 Old DesignItemId= New DesignItemId=TIP42A
Change Component DesignItemId : Designator=R33 Old DesignItemId= New DesignItemId=TRIMPOT 3386 50K
Change Component DesignItemId : Designator=U3 Old DesignItemId= New DesignItemId=ULN2003
Change Component DesignItemId : Designator=LCD1 Old DesignItemId= New DesignItemId=WH1602A
Change Component Footprint: Designator=C1 Old Footprint=0805-REVISADO O New Footprint=0805-REVISADO ONDA
Change Component Footprint: Designator=C2 Old Footprint=0805-REVISADO O New Footprint=0805-REVISADO ONDA
Change Component Footprint: Designator=C3 Old Footprint=0805-REVISADO O New Footprint=0805-REVISADO ONDA
Change Component Footprint: Designator=C4 Old Footprint=0805-REVISADO O New Footprint=0805-REVISADO ONDA
Change Component Footprint: Designator=C5 Old Footprint=0805-REVISADO O New Footprint=0805-REVISADO ONDA
Change Component Footprint: Designator=C6 Old Footprint=0805-REVISADO O New Footprint=0805-REVISADO ONDA
Change Component Footprint: Designator=C7 Old Footprint=0805-REVISADO O New Footprint=0805-REVISADO ONDA
Change Component Footprint: Designator=C8 Old Footprint=0805-REVISADO O New Footprint=0805-REVISADO ONDA
Change Component Footprint: Designator=C9 Old Footprint=0805-REVISADO O New Footprint=0805-REVISADO ONDA
Change Component Footprint: Designator=C10 Old Footprint=0805-REVISADO O New Footprint=0805-REVISADO ONDA
Change Component Footprint: Designator=C11 Old Footprint=0805-REVISADO O New Footprint=0805-REVISADO ONDA
Change Component Footprint: Designator=C12 Old Footprint=0805-REVISADO O New Footprint=0805-REVISADO ONDA
Change Component Footprint: Designator=C13 Old Footprint=0805-REVISADO O New Footprint=0805-REVISADO ONDA
Change Component Footprint: Designator=C14 Old Footprint=0805-REVISADO O New Footprint=0805-REVISADO ONDA
Change Component Footprint: Designator=C15 Old Footprint=0805-REVISADO O New Footprint=0805-REVISADO ONDA
Change Component Footprint: Designator=C16 Old Footprint=0805-REVISADO O New Footprint=0805-REVISADO ONDA
Change Component Footprint: Designator=C17 Old Footprint=0805-REVISADO O New Footprint=0805-REVISADO ONDA
Change Component Footprint: Designator=C18 Old Footprint=0805-REVISADO O New Footprint=0805-REVISADO ONDA
Change Component Footprint: Designator=C19 Old Footprint=0805-REVISADO O New Footprint=0805-REVISADO ONDA
Change Component Footprint: Designator=C20 Old Footprint=0805-REVISADO O New Footprint=0805-REVISADO ONDA
Change Component Footprint: Designator=C21 Old Footprint=0805-REVISADO O New Footprint=0805-REVISADO ONDA
Change Component Footprint: Designator=C22 Old Footprint=0805-REVISADO O New Footprint=0805-REVISADO ONDA
Change Component Footprint: Designator=C23 Old Footprint=0805-REVISADO O New Footprint=0805-REVISADO ONDA
Change Component Footprint: Designator=C24 Old Footprint=0805-REVISADO O New Footprint=0805-REVISADO ONDA
Change Component Footprint: Designator=C25 Old Footprint=0805-REVISADO O New Footprint=0805-REVISADO ONDA
Change Component Footprint: Designator=C26 Old Footprint=0805-REVISADO O New Footprint=0805-REVISADO ONDA
Change Component Footprint: Designator=C27 Old Footprint=0805-REVISADO O New Footprint=0805-REVISADO ONDA
Change Component Footprint: Designator=C28 Old Footprint=0805-REVISADO O New Footprint=0805-REVISADO ONDA
Change Component Footprint: Designator=C29 Old Footprint=0805-REVISADO O New Footprint=0805-REVISADO ONDA
Change Component Footprint: Designator=C30 Old Footprint=0805-REVISADO O New Footprint=0805-REVISADO ONDA
Change Component Footprint: Designator=C31 Old Footprint=0805-REVISADO O New Footprint=0805-REVISADO ONDA
Change Component Footprint: Designator=C32 Old Footprint=0805-REVISADO O New Footprint=0805-REVISADO ONDA
Change Component Footprint: Designator=C33 Old Footprint=0805-REVISADO O New Footprint=0805-REVISADO ONDA
Change Component Footprint: Designator=C34 Old Footprint=0805-REVISADO O New Footprint=0805-REVISADO ONDA
Change Component Footprint: Designator=C35 Old Footprint=0805-REVISADO O New Footprint=0805-REVISADO ONDA
Change Component Footprint: Designator=C37 Old Footprint=0805-REVISADO O New Footprint=0805-REVISADO ONDA
Change Component Footprint: Designator=C39 Old Footprint=0805-REVISADO O New Footprint=0805-REVISADO ONDA
Change Component Footprint: Designator=C41 Old Footprint=0805-REVISADO O New Footprint=0805-REVISADO ONDA
Change Component Footprint: Designator=C42 Old Footprint=0805-REVISADO O New Footprint=0805-REVISADO ONDA
Change Component Footprint: Designator=C43 Old Footprint=0805-REVISADO O New Footprint=0805-REVISADO ONDA
Change Component Footprint: Designator=C44 Old Footprint=0805-REVISADO O New Footprint=0805-REVISADO ONDA
Change Component Footprint: Designator=C45 Old Footprint=0805-REVISADO O New Footprint=0805-REVISADO ONDA
Change Component Footprint: Designator=C46 Old Footprint=0805-REVISADO O New Footprint=0805-REVISADO ONDA
Change Component Footprint: Designator=C47 Old Footprint=0805-REVISADO O New Footprint=0805-REVISADO ONDA
Change Component Footprint: Designator=C48 Old Footprint=0805-REVISADO O New Footprint=0805-REVISADO ONDA
Change Component Footprint: Designator=C49 Old Footprint=0805-REVISADO O New Footprint=0805-REVISADO ONDA
Change Component Footprint: Designator=C50 Old Footprint=0805-REVISADO O New Footprint=0805-REVISADO ONDA
Change Component Footprint: Designator=C51 Old Footprint=0805-REVISADO O New Footprint=0805-REVISADO ONDA
Change Component Footprint: Designator=C52 Old Footprint=0805-REVISADO O New Footprint=0805-REVISADO ONDA
Change Component Footprint: Designator=C53 Old Footprint=0805-REVISADO O New Footprint=0805-REVISADO ONDA
Change Component Footprint: Designator=C55 Old Footprint=0805-REVISADO O New Footprint=0805-REVISADO ONDA
Change Component Footprint: Designator=C57 Old Footprint=0805-REVISADO O New Footprint=0805-REVISADO ONDA
Change Component Footprint: Designator=C58 Old Footprint=0805-REVISADO O New Footprint=0805-REVISADO ONDA
Change Component Footprint: Designator=C59 Old Footprint=0805-REVISADO O New Footprint=0805-REVISADO ONDA
Change Component Footprint: Designator=C60 Old Footprint=0805-REVISADO O New Footprint=0805-REVISADO ONDA
Change Component Footprint: Designator=C61 Old Footprint=0805-REVISADO O New Footprint=0805-REVISADO ONDA
Change Component Footprint: Designator=C62 Old Footprint=0805-REVISADO O New Footprint=0805-REVISADO ONDA
Change Component Footprint: Designator=C63 Old Footprint=0805-REVISADO O New Footprint=0805-REVISADO ONDA
Change Component Footprint: Designator=C64 Old Footprint=0805-REVISADO O New Footprint=0805-REVISADO ONDA
Change Component Footprint: Designator=C65 Old Footprint=0805-REVISADO O New Footprint=0805-REVISADO ONDA
Change Component Footprint: Designator=C66 Old Footprint=0805-REVISADO O New Footprint=0805-REVISADO ONDA
Change Component Footprint: Designator=C68 Old Footprint=0805-REVISADO O New Footprint=0805-REVISADO ONDA
Change Component Footprint: Designator=C69 Old Footprint=0805-REVISADO O New Footprint=0805-REVISADO ONDA
Change Component Footprint: Designator=C70 Old Footprint=0805-REVISADO O New Footprint=0805-REVISADO ONDA
Change Component Footprint: Designator=C71 Old Footprint=0805-REVISADO O New Footprint=0805-REVISADO ONDA
Change Component Footprint: Designator=C72 Old Footprint=0805-REVISADO O New Footprint=0805-REVISADO ONDA
Change Component Footprint: Designator=C73 Old Footprint=0805-REVISADO O New Footprint=0805-REVISADO ONDA
Change Component Footprint: Designator=C74 Old Footprint=0805-REVISADO O New Footprint=0805-REVISADO ONDA
Change Component Footprint: Designator=L4 Old Footprint=0805-REVISADO O New Footprint=0805-REVISADO ONDA
Change Component Footprint: Designator=L5 Old Footprint=0805-REVISADO O New Footprint=0805-REVISADO ONDA
Change Component Footprint: Designator=R1 Old Footprint=0805-REVISADO O New Footprint=0805-REVISADO ONDA
Change Component Footprint: Designator=R2 Old Footprint=0805-REVISADO O New Footprint=0805-REVISADO ONDA
Change Component Footprint: Designator=R3 Old Footprint=0805-REVISADO O New Footprint=0805-REVISADO ONDA
Change Component Footprint: Designator=R4 Old Footprint=0805-REVISADO O New Footprint=0805-REVISADO ONDA
Change Component Footprint: Designator=R5 Old Footprint=0805-REVISADO O New Footprint=0805-REVISADO ONDA
Change Component Footprint: Designator=R6 Old Footprint=0805-REVISADO O New Footprint=0805-REVISADO ONDA
Change Component Footprint: Designator=R7 Old Footprint=0805-REVISADO O New Footprint=0805-REVISADO ONDA
Change Component Footprint: Designator=R8 Old Footprint=0805-REVISADO O New Footprint=0805-REVISADO ONDA
Change Component Footprint: Designator=R9 Old Footprint=0805-REVISADO O New Footprint=0805-REVISADO ONDA
Change Component Footprint: Designator=R10 Old Footprint=0805-REVISADO O New Footprint=0805-REVISADO ONDA
Change Component Footprint: Designator=R11 Old Footprint=0805-REVISADO O New Footprint=0805-REVISADO ONDA
Change Component Footprint: Designator=R12 Old Footprint=0805-REVISADO O New Footprint=0805-REVISADO ONDA
Change Component Footprint: Designator=R13 Old Footprint=0805-REVISADO O New Footprint=0805-REVISADO ONDA
Change Component Footprint: Designator=R14 Old Footprint=0805-REVISADO O New Footprint=0805-REVISADO ONDA
Change Component Footprint: Designator=R15 Old Footprint=0805-REVISADO O New Footprint=0805-REVISADO ONDA
Change Component Footprint: Designator=R16 Old Footprint=0805-REVISADO O New Footprint=0805-REVISADO ONDA
Change Component Footprint: Designator=R17 Old Footprint=0805-REVISADO O New Footprint=0805-REVISADO ONDA
Change Component Footprint: Designator=R18 Old Footprint=0805-REVISADO O New Footprint=0805-REVISADO ONDA
Change Component Footprint: Designator=R19 Old Footprint=0805-REVISADO O New Footprint=0805-REVISADO ONDA
Change Component Footprint: Designator=R20 Old Footprint=0805-REVISADO O New Footprint=0805-REVISADO ONDA
Change Component Footprint: Designator=R21 Old Footprint=0805-REVISADO O New Footprint=0805-REVISADO ONDA
Change Component Footprint: Designator=R22 Old Footprint=0805-REVISADO O New Footprint=0805-REVISADO ONDA
Change Component Footprint: Designator=R23 Old Footprint=0805-REVISADO O New Footprint=0805-REVISADO ONDA
Change Component Footprint: Designator=R24 Old Footprint=0805-REVISADO O New Footprint=0805-REVISADO ONDA
Change Component Footprint: Designator=R25 Old Footprint=0805-REVISADO O New Footprint=0805-REVISADO ONDA
Change Component Footprint: Designator=R26 Old Footprint=0805-REVISADO O New Footprint=0805-REVISADO ONDA
Change Component Footprint: Designator=R27 Old Footprint=0805-REVISADO O New Footprint=0805-REVISADO ONDA
Change Component Footprint: Designator=R28 Old Footprint=0805-REVISADO O New Footprint=0805-REVISADO ONDA
Change Component Footprint: Designator=R30 Old Footprint=0805-REVISADO O New Footprint=0805-REVISADO ONDA
Change Component Footprint: Designator=R31 Old Footprint=0805-REVISADO O New Footprint=0805-REVISADO ONDA
Change Component Footprint: Designator=R32 Old Footprint=0805-REVISADO O New Footprint=0805-REVISADO ONDA
Change Component Footprint: Designator=R34 Old Footprint=0805-REVISADO O New Footprint=0805-REVISADO ONDA
Change Component Footprint: Designator=R35 Old Footprint=0805-REVISADO O New Footprint=0805-REVISADO ONDA
Change Component Footprint: Designator=R36 Old Footprint=0805-REVISADO O New Footprint=0805-REVISADO ONDA
Change Component Footprint: Designator=R37 Old Footprint=0805-REVISADO O New Footprint=0805-REVISADO ONDA
Change Component Footprint: Designator=R38 Old Footprint=0805-REVISADO O New Footprint=0805-REVISADO ONDA
Change Component Footprint: Designator=R39 Old Footprint=0805-REVISADO O New Footprint=0805-REVISADO ONDA
Change Component Footprint: Designator=R40 Old Footprint=0805-REVISADO O New Footprint=0805-REVISADO ONDA
Change Component Footprint: Designator=R41 Old Footprint=0805-REVISADO O New Footprint=0805-REVISADO ONDA
Change Component Footprint: Designator=R42 Old Footprint=0805-REVISADO O New Footprint=0805-REVISADO ONDA
Change Component Footprint: Designator=R43 Old Footprint=0805-REVISADO O New Footprint=0805-REVISADO ONDA
Change Component Footprint: Designator=R44 Old Footprint=0805-REVISADO O New Footprint=0805-REVISADO ONDA
Change Component Footprint: Designator=R45 Old Footprint=0805-REVISADO O New Footprint=0805-REVISADO ONDA
Change Component Footprint: Designator=R46 Old Footprint=0805-REVISADO O New Footprint=0805-REVISADO ONDA
Change Component Footprint: Designator=R47 Old Footprint=0805-REVISADO O New Footprint=0805-REVISADO ONDA
Change Component Footprint: Designator=R48 Old Footprint=0805-REVISADO O New Footprint=0805-REVISADO ONDA
Change Component Footprint: Designator=R49 Old Footprint=0805-REVISADO O New Footprint=0805-REVISADO ONDA
Change Component Footprint: Designator=R50 Old Footprint=0805-REVISADO O New Footprint=0805-REVISADO ONDA
Change Component Footprint: Designator=R51 Old Footprint=0805-REVISADO O New Footprint=0805-REVISADO ONDA
Change Component Footprint: Designator=R52 Old Footprint=0805-REVISADO O New Footprint=0805-REVISADO ONDA
Change Component Footprint: Designator=R53 Old Footprint=0805-REVISADO O New Footprint=0805-REVISADO ONDA
Change Component Footprint: Designator=R54 Old Footprint=0805-REVISADO O New Footprint=0805-REVISADO ONDA
Change Component Footprint: Designator=R55 Old Footprint=0805-REVISADO O New Footprint=0805-REVISADO ONDA
Change Component Footprint: Designator=R56 Old Footprint=0805-REVISADO O New Footprint=0805-REVISADO ONDA
Change Component Footprint: Designator=R57 Old Footprint=0805-REVISADO O New Footprint=0805-REVISADO ONDA
Change Component Footprint: Designator=R58 Old Footprint=0805-REVISADO O New Footprint=0805-REVISADO ONDA
Change Component Footprint: Designator=R59 Old Footprint=0805-REVISADO O New Footprint=0805-REVISADO ONDA
Change Component Footprint: Designator=R60 Old Footprint=0805-REVISADO O New Footprint=0805-REVISADO ONDA
Change Component Footprint: Designator=R61 Old Footprint=0805-REVISADO O New Footprint=0805-REVISADO ONDA
Change Component Footprint: Designator=R62 Old Footprint=0805-REVISADO O New Footprint=0805-REVISADO ONDA
Change Component Footprint: Designator=R63 Old Footprint=0805-REVISADO O New Footprint=0805-REVISADO ONDA
Change Component Footprint: Designator=R64 Old Footprint=0805-REVISADO O New Footprint=0805-REVISADO ONDA
Change Component Footprint: Designator=R65 Old Footprint=0805-REVISADO O New Footprint=0805-REVISADO ONDA
Change Component Footprint: Designator=R66 Old Footprint=0805-REVISADO O New Footprint=0805-REVISADO ONDA
Change Component Footprint: Designator=R67 Old Footprint=0805-REVISADO O New Footprint=0805-REVISADO ONDA
Change Component Footprint: Designator=R68 Old Footprint=0805-REVISADO O New Footprint=0805-REVISADO ONDA
Change Component Footprint: Designator=R69 Old Footprint=0805-REVISADO O New Footprint=0805-REVISADO ONDA
Change Component Footprint: Designator=R70 Old Footprint=0805-REVISADO O New Footprint=0805-REVISADO ONDA
Change Component Footprint: Designator=R71 Old Footprint=0805-REVISADO O New Footprint=0805-REVISADO ONDA
Change Component Footprint: Designator=R72 Old Footprint=0805-REVISADO O New Footprint=0805-REVISADO ONDA
Change Component Footprint: Designator=R73 Old Footprint=0805-REVISADO O New Footprint=0805-REVISADO ONDA
Change Component Footprint: Designator=R74 Old Footprint=0805-REVISADO O New Footprint=0805-REVISADO ONDA
Change Component Footprint: Designator=R75 Old Footprint=0805-REVISADO O New Footprint=0805-REVISADO ONDA
Change Component Footprint: Designator=R76 Old Footprint=0805-REVISADO O New Footprint=0805-REVISADO ONDA
Change Component Footprint: Designator=R78 Old Footprint=0805-REVISADO O New Footprint=0805-REVISADO ONDA
Change Component Footprint: Designator=R79 Old Footprint=0805-REVISADO O New Footprint=0805-REVISADO ONDA
Change Component Footprint: Designator=R81 Old Footprint=0805-REVISADO O New Footprint=0805-REVISADO ONDA
Change Component Footprint: Designator=R82 Old Footprint=0805-REVISADO O New Footprint=0805-REVISADO ONDA
Change Component Footprint: Designator=R83 Old Footprint=0805-REVISADO O New Footprint=0805-REVISADO ONDA
Change Component Footprint: Designator=R84 Old Footprint=0805-REVISADO O New Footprint=0805-REVISADO ONDA
Change Component Footprint: Designator=R89 Old Footprint=0805-REVISADO O New Footprint=0805-REVISADO ONDA
Change Component Footprint: Designator=R90 Old Footprint=0805-REVISADO O New Footprint=0805-REVISADO ONDA
Change Component Footprint: Designator=R91 Old Footprint=0805-REVISADO O New Footprint=0805-REVISADO ONDA
Change Component Footprint: Designator=R92 Old Footprint=0805-REVISADO O New Footprint=0805-REVISADO ONDA
Change Component Footprint: Designator=R93 Old Footprint=0805-REVISADO O New Footprint=0805-REVISADO ONDA
Change Component Footprint: Designator=R94 Old Footprint=0805-REVISADO O New Footprint=0805-REVISADO ONDA
Change Component Footprint: Designator=R95 Old Footprint=0805-REVISADO O New Footprint=0805-REVISADO ONDA
Change Component Footprint: Designator=R96 Old Footprint=0805-REVISADO O New Footprint=0805-REVISADO ONDA
Change Component Footprint: Designator=R97 Old Footprint=0805-REVISADO O New Footprint=0805-REVISADO ONDA
Change Component Footprint: Designator=R98 Old Footprint=0805-REVISADO O New Footprint=0805-REVISADO ONDA
Change Component Footprint: Designator=R99 Old Footprint=0805-REVISADO O New Footprint=0805-REVISADO ONDA
Change Component Footprint: Designator=R100 Old Footprint=0805-REVISADO O New Footprint=0805-REVISADO ONDA
Change Component Footprint: Designator=R101 Old Footprint=0805-REVISADO O New Footprint=0805-REVISADO ONDA
Change Component Footprint: Designator=R102 Old Footprint=0805-REVISADO O New Footprint=0805-REVISADO ONDA
Change Component Footprint: Designator=R103 Old Footprint=0805-REVISADO O New Footprint=0805-REVISADO ONDA
Change Component Footprint: Designator=R104 Old Footprint=0805-REVISADO O New Footprint=0805-REVISADO ONDA
Change Component Footprint: Designator=R105 Old Footprint=0805-REVISADO O New Footprint=0805-REVISADO ONDA
Change Component Footprint: Designator=R106 Old Footprint=0805-REVISADO O New Footprint=0805-REVISADO ONDA
Change Component Footprint: Designator=R107 Old Footprint=0805-REVISADO O New Footprint=0805-REVISADO ONDA
Change Component Footprint: Designator=R108 Old Footprint=0805-REVISADO O New Footprint=0805-REVISADO ONDA
Change Component Footprint: Designator=R109 Old Footprint=0805-REVISADO O New Footprint=0805-REVISADO ONDA
Change Component Footprint: Designator=R110 Old Footprint=0805-REVISADO O New Footprint=0805-REVISADO ONDA
Change Component Footprint: Designator=R111 Old Footprint=0805-REVISADO O New Footprint=0805-REVISADO ONDA
Change Component Footprint: Designator=R112 Old Footprint=0805-REVISADO O New Footprint=0805-REVISADO ONDA
Change Component Footprint: Designator=R113 Old Footprint=0805-REVISADO O New Footprint=0805-REVISADO ONDA
Change Component Footprint: Designator=R114 Old Footprint=0805-REVISADO O New Footprint=0805-REVISADO ONDA
Change Component Footprint: Designator=R115 Old Footprint=0805-REVISADO O New Footprint=0805-REVISADO ONDA
Change Component Footprint: Designator=R116 Old Footprint=0805-REVISADO O New Footprint=0805-REVISADO ONDA
Change Component Footprint: Designator=R117 Old Footprint=0805-REVISADO O New Footprint=0805-REVISADO ONDA
Change Component Footprint: Designator=R118 Old Footprint=0805-REVISADO O New Footprint=0805-REVISADO ONDA
Change Component Footprint: Designator=R121 Old Footprint=0805-REVISADO O New Footprint=0805-REVISADO ONDA
Change Component Footprint: Designator=R122 Old Footprint=0805-REVISADO O New Footprint=0805-REVISADO ONDA
Change Component Footprint: Designator=R123 Old Footprint=0805-REVISADO O New Footprint=0805-REVISADO ONDA
Change Component Footprint: Designator=R124 Old Footprint=0805-REVISADO O New Footprint=0805-REVISADO ONDA
Change Component Footprint: Designator=R126 Old Footprint=0805-REVISADO O New Footprint=0805-REVISADO ONDA
Change Component Footprint: Designator=R127 Old Footprint=0805-REVISADO O New Footprint=0805-REVISADO ONDA
Change Component Footprint: Designator=R128 Old Footprint=0805-REVISADO O New Footprint=0805-REVISADO ONDA
Change Component Footprint: Designator=R129 Old Footprint=0805-REVISADO O New Footprint=0805-REVISADO ONDA
Change Component Footprint: Designator=R130 Old Footprint=0805-REVISADO O New Footprint=0805-REVISADO ONDA
Change Component Footprint: Designator=R131 Old Footprint=0805-REVISADO O New Footprint=0805-REVISADO ONDA
Change Component Footprint: Designator=R132 Old Footprint=0805-REVISADO O New Footprint=0805-REVISADO ONDA
Change Component Footprint: Designator=R133 Old Footprint=0805-REVISADO O New Footprint=0805-REVISADO ONDA
Change Component Footprint: Designator=PSW1 Old Footprint=1206-REVISADO O New Footprint=1206-REVISADO ONDA
Change Component Footprint: Designator=PSW2 Old Footprint=1206-REVISADO O New Footprint=1206-REVISADO ONDA
Change Component Footprint: Designator=PSW3 Old Footprint=1206-REVISADO O New Footprint=1206-REVISADO ONDA
Change Component Footprint: Designator=PSW4 Old Footprint=1206-REVISADO O New Footprint=1206-REVISADO ONDA
Change Component Footprint: Designator=PSW5 Old Footprint=1206-REVISADO O New Footprint=1206-REVISADO ONDA
Change Component Footprint: Designator=PSW6 Old Footprint=1206-REVISADO O New Footprint=1206-REVISADO ONDA
Change Component Footprint: Designator=PSW7 Old Footprint=1206-REVISADO O New Footprint=1206-REVISADO ONDA
Change Component Footprint: Designator=PSW8 Old Footprint=1206-REVISADO O New Footprint=1206-REVISADO ONDA
Change Component Footprint: Designator=R77 Old Footprint=1206-REVISADO O New Footprint=1206-REVISADO ONDA
Change Component Footprint: Designator=R85 Old Footprint=1206-REVISADO O New Footprint=1206-REVISADO ONDA
Change Component Footprint: Designator=R86 Old Footprint=1206-REVISADO O New Footprint=1206-REVISADO ONDA
Change Component Footprint: Designator=R87 Old Footprint=1206-REVISADO O New Footprint=1206-REVISADO ONDA
Change Component Footprint: Designator=R88 Old Footprint=1206-REVISADO O New Footprint=1206-REVISADO ONDA
Change Component Footprint: Designator=R119 Old Footprint=1206-REVISADO O New Footprint=1206-REVISADO ONDA
Change Component Footprint: Designator=R120 Old Footprint=1206-REVISADO O New Footprint=1206-REVISADO ONDA
Change Component Footprint: Designator=R29 Old Footprint=2512 - REVISADO New Footprint=2512 - REVISADO ONDA
Change Component Footprint: Designator=J10 Old Footprint=DB9-FÊMEA MONTA_DB9-FÊMEA_MONTAGEM_EM_PCI_180(Primary) New Footprint=DB9-FÊMEA MONTAGEM EM PCI 180
Change Component Footprint: Designator=Q7 Old Footprint=DPAK REVISADO O New Footprint=DPAK REVISADO ONDA
Change Component Footprint: Designator=Q13 Old Footprint=DPAK REVISADO O New Footprint=DPAK REVISADO ONDA
Change Component Footprint: Designator=L3' Old Footprint=INDUTOR B82479A New Footprint=INDUTOR 47mH
Change Component Footprint: Designator=D1 Old Footprint=MINIMLEF/SOD80 New Footprint=MINIMLEF/SOD80 - REVISADO ONDA
Change Component Footprint: Designator=D3 Old Footprint=MINIMLEF/SOD80 New Footprint=MINIMLEF/SOD80 - REVISADO ONDA
Change Component Footprint: Designator=D10 Old Footprint=MINIMLEF/SOD80 New Footprint=MINIMLEF/SOD80 - REVISADO ONDA
Change Component Footprint: Designator=D12 Old Footprint=MINIMLEF/SOD80 New Footprint=MINIMLEF/SOD80 - REVISADO ONDA
Change Component Footprint: Designator=D23 Old Footprint=MINIMLEF/SOD80 New Footprint=MINIMLEF/SOD80 - REVISADO ONDA
Change Component Footprint: Designator=D25 Old Footprint=MINIMLEF/SOD80 New Footprint=MINIMLEF/SOD80 - REVISADO ONDA
Change Component Footprint: Designator=D27 Old Footprint=MINIMLEF/SOD80 New Footprint=MINIMLEF/SOD80 - REVISADO ONDA
Change Component Footprint: Designator=D29 Old Footprint=MINIMLEF/SOD80 New Footprint=MINIMLEF/SOD80 - REVISADO ONDA
Change Component Footprint: Designator=D31 Old Footprint=MINIMLEF/SOD80 New Footprint=MINIMLEF/SOD80 - REVISADO ONDA
Change Component Footprint: Designator=D33 Old Footprint=MINIMLEF/SOD80 New Footprint=MINIMLEF/SOD80 - REVISADO ONDA
Change Component Footprint: Designator=D39 Old Footprint=MINIMLEF/SOD80 New Footprint=MINIMLEF/SOD80 - REVISADO ONDA
Change Component Footprint: Designator=U8 Old Footprint=SOIC LARGO ATME New Footprint=SOIC LARGO ATMEL
Change Component Footprint: Designator=D2 Old Footprint=SOT23 - REVISAD New Footprint=SOT23 - REVISADO ONDA
Change Component Footprint: Designator=D4 Old Footprint=SOT23 - REVISAD New Footprint=SOT23 - REVISADO ONDA
Change Component Footprint: Designator=D5 Old Footprint=SOT23 - REVISAD New Footprint=SOT23 - REVISADO ONDA
Change Component Footprint: Designator=D7 Old Footprint=SOT23 - REVISAD New Footprint=SOT23 - REVISADO ONDA
Change Component Footprint: Designator=D8 Old Footprint=SOT23 - REVISAD New Footprint=SOT23 - REVISADO ONDA
Change Component Footprint: Designator=D9 Old Footprint=SOT23 - REVISAD New Footprint=SOT23 - REVISADO ONDA
Change Component Footprint: Designator=D11 Old Footprint=SOT23 - REVISAD New Footprint=SOT23 - REVISADO ONDA
Change Component Footprint: Designator=D13 Old Footprint=SOT23 - REVISAD New Footprint=SOT23 - REVISADO ONDA
Change Component Footprint: Designator=D14 Old Footprint=SOT23 - REVISAD New Footprint=SOT23 - REVISADO ONDA
Change Component Footprint: Designator=D15 Old Footprint=SOT23 - REVISAD New Footprint=SOT23 - REVISADO ONDA
Change Component Footprint: Designator=D24 Old Footprint=SOT23 - REVISAD New Footprint=SOT23 - REVISADO ONDA
Change Component Footprint: Designator=D26 Old Footprint=SOT23 - REVISAD New Footprint=SOT23 - REVISADO ONDA
Change Component Footprint: Designator=D28 Old Footprint=SOT23 - REVISAD New Footprint=SOT23 - REVISADO ONDA
Change Component Footprint: Designator=D30 Old Footprint=SOT23 - REVISAD New Footprint=SOT23 - REVISADO ONDA
Change Component Footprint: Designator=D32 Old Footprint=SOT23 - REVISAD New Footprint=SOT23 - REVISADO ONDA
Change Component Footprint: Designator=D34 Old Footprint=SOT23 - REVISAD New Footprint=SOT23 - REVISADO ONDA
Change Component Footprint: Designator=D35 Old Footprint=SOT23 - REVISAD New Footprint=SOT23 - REVISADO ONDA
Change Component Footprint: Designator=D36 Old Footprint=SOT23 - REVISAD New Footprint=SOT23 - REVISADO ONDA
Change Component Footprint: Designator=D37 Old Footprint=SOT23 - REVISAD New Footprint=SOT23 - REVISADO ONDA
Change Component Footprint: Designator=D38 Old Footprint=SOT23 - REVISAD New Footprint=SOT23 - REVISADO ONDA
Change Component Footprint: Designator=D40 Old Footprint=SOT23 - REVISAD New Footprint=SOT23 - REVISADO ONDA
Change Component Footprint: Designator=D46 Old Footprint=SOT23 - REVISAD New Footprint=SOT23 - REVISADO ONDA
Change Component Footprint: Designator=D47 Old Footprint=SOT23 - REVISAD New Footprint=SOT23 - REVISADO ONDA
Change Component Footprint: Designator=D48 Old Footprint=SOT23 - REVISAD New Footprint=SOT23 - REVISADO ONDA
Change Component Footprint: Designator=Q5 Old Footprint=SOT23 - REVISAD New Footprint=SOT23 - REVISADO ONDA
Change Component Footprint: Designator=Q6 Old Footprint=SOT23 - REVISAD New Footprint=SOT23 - REVISADO ONDA
Change Component Footprint: Designator=Q10 Old Footprint=SOT23 - REVISAD New Footprint=SOT23 - REVISADO ONDA
Change Component Footprint: Designator=Q11 Old Footprint=SOT23 - REVISAD New Footprint=SOT23 - REVISADO ONDA
Change Component Footprint: Designator=Q12 Old Footprint=SOT23 - REVISAD New Footprint=SOT23 - REVISADO ONDA
Change Component Footprint: Designator=Q14 Old Footprint=SOT23 - REVISAD New Footprint=SOT23 - REVISADO ONDA
Change Component Footprint: Designator=Q15 Old Footprint=SOT23 - REVISAD New Footprint=SOT23 - REVISADO ONDA
Change Component Footprint: Designator=Q17 Old Footprint=SOT23 - REVISAD New Footprint=SOT23 - REVISADO ONDA
Change Component Footprint: Designator=Q19 Old Footprint=SOT23 - REVISAD New Footprint=SOT23 - REVISADO ONDA
Change Component Footprint: Designator=B1 Old Footprint=SUPORTE PILHA C New Footprint=SUPORTE PILHA CR2032
Change Component Footprint: Designator=C54 Old Footprint=TANTALO VISHAY New Footprint=tantalo vishay E
Change Component Footprint: Designator=C56 Old Footprint=TANTALO VISHAY New Footprint=tantalo vishay E
Change Component Footprint: Designator=U9 Old Footprint=TO-263_3 New Footprint=TO-263
Change Component Footprint: Designator=LCD1 Old Footprint=WH1602B_DS_WH1602B_DS(Primary) New Footprint=WH1602B_DS
Change Component Comment : Designator=R66 Old Comment= New Comment=1K-0805-5%
Change Component Comment : Designator=D20 Old Comment= New Comment=1N5819-SMD
Change Component Comment : Designator=D21 Old Comment= New Comment=1N5819-SMD
Change Component Comment : Designator=R62 Old Comment= New Comment=10K-0805-5%
Change Component Comment : Designator=R121 Old Comment= New Comment=10K-0805-5%
Change Component Comment : Designator=X1 Old Comment= New Comment=12MHZ
Change Component Comment : Designator=L9 Old Comment= New Comment=22uH-MBH10145C
Change Component Comment : Designator=L10 Old Comment= New Comment=22uH-MBH10145C
Change Component Comment : Designator=X2 Old Comment= New Comment=32.768Hz
Change Component Comment : Designator=U5 Old Comment= New Comment=74HC245D
Change Component Comment : Designator=U10 Old Comment= New Comment=74HC4052D,653
Change Component Comment : Designator=R123 Old Comment= New Comment=330R-0805-5%
Change Component Comment : Designator=J21 Old Comment= New Comment=10118194-0001LF - CONECTOR MICRO USB
Change Component Comment : Designator=J17 Old Comment= New Comment=0472192001 - CONECTOR MICRO-SD
Change Component Comment : Designator=S1 Old Comment= New Comment=A06-L12
Change Component Comment : Designator=S2 Old Comment= New Comment=A06-L12
Change Component Comment : Designator=S3 Old Comment= New Comment=A06-L12
Change Component Comment : Designator=S4 Old Comment= New Comment=A06-L12
Change Component Comment : Designator=U14 Old Comment= New Comment=AT45DB161E-SSHF2B-T
Change Component Comment : Designator=J22 Old Comment= New Comment=BARRA DE PINOS 3
Change Component Comment : Designator=U13 Old Comment= New Comment=FT232RL
Change Component Comment : Designator=J19 Old Comment= New Comment=JACK 1/4" NMJ3HF-S
Change Component Comment : Designator=L1 Old Comment= New Comment=LED VERDE 1206
Change Component Comment : Designator=L2 Old Comment= New Comment=LED VERMELHO 1206
Change Component Comment : Designator=L6 Old Comment= New Comment=LED VERMELHO 1206
Change Component Comment : Designator=L7 Old Comment= New Comment=LED VERMELHO 1206
Change Component Comment : Designator=L8 Old Comment= New Comment=LED VERMELHO 1206
Change Component Comment : Designator=U1 Old Comment= New Comment=LM358
Change Component Comment : Designator=U11 Old Comment= New Comment=LM1117MPX-3,3V
Change Component Comment : Designator=U7 Old Comment= New Comment=LM2575S-5.0
Change Component Comment : Designator=U9 Old Comment= New Comment=LM2937ES-3.3
Change Component Comment : Designator=U4 Old Comment= New Comment=LPC1768FBD100
Change Component Comment : Designator=B1 Old Comment= New Comment=SUPORTE PILHA
Change Component Comment : Designator=U12 Old Comment= New Comment=TDA8932T
Change Component Comment : Designator=U3 Old Comment= New Comment=ULN2003-SMD
Change Component Comment : Designator=R1 Old Comment=0R-0805 New Comment=49.9K-0805-1%
Change Component Comment : Designator=R2 Old Comment=1K-0805-5% New Comment=1.58K-0805-1%
Change Component Comment : Designator=R81 Old Comment=1K-0805-5% New Comment=1M-0805-5%
Change Component Comment : Designator=R128 Old Comment=1K-0805-5% New Comment=4K7-0805-5%
Change Component Comment : Designator=R4 Old Comment=1K-0805-5% New Comment=10K-0805-5%
Change Component Comment : Designator=R5 Old Comment=1K-0805-5% New Comment=10K-0805-5%
Change Component Comment : Designator=R6 Old Comment=1K-0805-5% New Comment=10K-0805-5%
Change Component Comment : Designator=R129 Old Comment=1K-0805-5% New Comment=10K-0805-5%
Change Component Comment : Designator=R82 Old Comment=1K-0805-5% New Comment=10R-0805-5%
Change Component Comment : Designator=R130 Old Comment=1K-0805-5% New Comment=330R-0805-5%
Change Component Comment : Designator=R131 Old Comment=1K-0805-5% New Comment=330R-0805-5%
Change Component Comment : Designator=R132 Old Comment=1K-0805-5% New Comment=330R-0805-5%
Change Component Comment : Designator=R104 Old Comment=1K-0805-5% New Comment=470R-0805-5%
Change Component Comment : Designator=R126 Old Comment=1K-0805-5% New Comment=499R-0805-1%
Change Component Comment : Designator=R125 Old Comment=1K-1206-5% New Comment=10R-1206-5%
Change Component Comment : Designator=L3' Old Comment=1mH-CNF15-26 AWG New Comment=330uH(IMAG 10x10)
Change Component Comment : Designator=L3 Old Comment=1mH-CNF15-26 AWG New Comment=330uH(IMAG 10x10)
Change Component Comment : Designator=R83 Old Comment=10K-0805-5% New Comment=1M-0805-5%
Change Component Comment : Designator=R96 Old Comment=10K-0805-5% New Comment=10R-0805-5%
Change Component Comment : Designator=R124 Old Comment=10K-0805-5% New Comment=39K-0805-5%
Change Component Comment : Designator=R103 Old Comment=10K-0805-5% New Comment=470R-0805-5%
Change Component Comment : Designator=R80 Old Comment=100K-0805-5% New Comment=2R2-0805-5%
Change Component Comment : Designator=R3 Old Comment=100K-0805-5% New Comment=3.65K-0805-1%
Change Component Comment : Designator=C73 Old Comment=100nF/50V-0805 New Comment=1uF/25V-X7R-0805-10%
Change Component Comment : Designator=C2 Old Comment=100nF/50V-0805 New Comment=2,7nF/50V-0805
Change Component Comment : Designator=C3 Old Comment=100nF/50V-0805 New Comment=2,7nF/50V-0805
Change Component Comment : Designator=R65 Old Comment=100nF/50V-0805 New Comment=10K-0805-5%
Change Component Comment : Designator=C48 Old Comment=100nF/50V-0805 New Comment=15nF/50V-0805
Change Component Comment : Designator=C60 Old Comment=100nF/50V-0805 New Comment=15nF/50V-0805
Change Component Comment : Designator=C1 Old Comment=100nF/50V-0805 New Comment=120nF/50V-0805
Change Component Comment : Designator=C5 Old Comment=100nF/50V-0805 New Comment=470pF/50V-0805
Change Component Comment : Designator=C59 Old Comment=100nF/50V-0805 New Comment=470pF/50V-0805
Change Component Comment : Designator=C6 Old Comment=100nF/50V-0805 New Comment=680nF/50V-0805
Change Component Comment : Designator=C52 Old Comment=100nF/50V-0805 New Comment=680nF/50V-0805
Change Component Comment : Designator=R133 Old Comment=100R-0805-5% New Comment=10K-0805-5%
Change Component Comment : Designator=C36 Old Comment=100uF/35V New Comment=470uF/35V
Change Component Comment : Designator=D46 Old Comment=BC846L New Comment=BAT54ST
Change Component Comment : Designator=D47 Old Comment=BC846L New Comment=BAT54ST
Change Component Comment : Designator=D48 Old Comment=BC846L New Comment=BAT54ST
Change Component Comment : Designator=Q7 Old Comment=MJD31 New Comment=MJD122
Change Component Comment : Designator=PSW6 Old Comment=NANOSMDC050F/13.2-2 New Comment=POLYSWITCH 1206, 1A TRIP - 0,5A HOLD
Change Component Comment : Designator=D17 Old Comment=SMBJ30.0A New Comment=SMBJ15CA
Change Component Description : Designator=L3 Old Description= New Description=1mH-CNF15-26 AWG
Change Component Description : Designator=L9 Old Description= New Description=1mH-CNF15-26 AWG
Change Component Description : Designator=L10 Old Description= New Description=1mH-CNF15-26 AWG
Change Component Description : Designator=D16 Old Description= New Description=1N4007
Change Component Description : Designator=D18 Old Description= New Description=1N5819-SOD80
Change Component Description : Designator=D41 Old Description= New Description=1N5819-SOD80
Change Component Description : Designator=D42 Old Description= New Description=1N5819-SOD80
Change Component Description : Designator=D43 Old Description= New Description=1N5819-SOD80
Change Component Description : Designator=D44 Old Description= New Description=1N5819-SOD80
Change Component Description : Designator=D20 Old Description= New Description=1N5819
Change Component Description : Designator=D21 Old Description= New Description=1N5819
Change Component Description : Designator=R80 Old Description= New Description=10R-0805-5%
Change Component Description : Designator=R125 Old Description= New Description=10R-0805-5%
Change Component Description : Designator=X1 Old Description= New Description=12MHZ
Change Component Description : Designator=U5 Old Description= New Description=74HC245D
Change Component Description : Designator=U2 Old Description= New Description=74HC595D
Change Component Description : Designator=U10 Old Description= New Description=74HC4052D,653
Change Component Description : Designator=C36 Old Description= New Description=100uF/50V
Change Component Description : Designator=C38 Old Description= New Description=100uF/50V
Change Component Description : Designator=C40 Old Description= New Description=100uF/50V
Change Component Description : Designator=C67 Old Description= New Description=470uF/50V
Change Component Description : Designator=S1 Old Description= New Description=A06-L12
Change Component Description : Designator=S2 Old Description= New Description=A06-L12
Change Component Description : Designator=S3 Old Description= New Description=A06-L12
Change Component Description : Designator=S4 Old Description= New Description=A06-L12
Change Component Description : Designator=S5 Old Description= New Description=A06-L12
Change Component Description : Designator=U14 Old Description= New Description=AT45DB161E-SSHF2B-T
Change Component Description : Designator=J12 Old Description= New Description=BARRA DE PINOS 10x2 VIAS
Change Component Description : Designator=J14 Old Description= New Description=BMO-02-2E
Change Component Description : Designator=J13 Old Description= New Description=CONECTOR HEADER 10 VIAS 90º
Change Component Description : Designator=X2 Old Description= New Description=CRISTAL 32.768Hz
Change Component Description : Designator=U13 Old Description= New Description=FT232RL
Change Component Description : Designator=Q1 Old Description= New Description=IRF9540
Change Component Description : Designator=Q18 Old Description= New Description=IRF9540
Change Component Description : Designator=Q2 Old Description= New Description=IRLZ44N-TO220
Change Component Description : Designator=Q3 Old Description= New Description=IRLZ44N-TO220
Change Component Description : Designator=Q4 Old Description= New Description=IRLZ44N-TO220
Change Component Description : Designator=Q16 Old Description= New Description=IRLZ44N-TO220
Change Component Description : Designator=Q20 Old Description= New Description=IRLZ44N-TO220
Change Component Description : Designator=Q21 Old Description= New Description=IRLZ44N-TO220
Change Component Description : Designator=L1 Old Description= New Description=LED VERDE 0603 VERDE
Change Component Description : Designator=L2 Old Description= New Description=LED VERMELHO 0603 SMD
Change Component Description : Designator=L6 Old Description= New Description=LED VERMELHO 0603 SMD
Change Component Description : Designator=L7 Old Description= New Description=LED VERMELHO 0603 SMD
Change Component Description : Designator=L8 Old Description= New Description=LED VERMELHO 0603 SMD
Change Component Description : Designator=U1 Old Description= New Description=LM358
Change Component Description : Designator=U11 Old Description= New Description=LM1117MPX-3,3V
Change Component Description : Designator=U7 Old Description= New Description=LM2575S-5.0
Change Component Description : Designator=U4 Old Description= New Description=LPC1768FBD100
Change Component Description : Designator=U6 Old Description= New Description=MAX3232CSE
Change Component Description : Designator=J1 Old Description= New Description=MFPL-02
Change Component Description : Designator=J23 Old Description= New Description=MFPL-02
Change Component Description : Designator=J2 Old Description= New Description=MFPL-04
Change Component Description : Designator=J8 Old Description= New Description=MFPL-04
Change Component Description : Designator=J9 Old Description= New Description=MFPL-04
Change Component Description : Designator=J11 Old Description= New Description=MFPL-04
Change Component Description : Designator=J18 Old Description= New Description=MFPL-04
Change Component Description : Designator=J20 Old Description= New Description=MFPL-04
Change Component Description : Designator=J5 Old Description= New Description=MFPL-06
Change Component Description : Designator=J6 Old Description= New Description=MFPL-06
Change Component Description : Designator=J15 Old Description= New Description=MFPL-06
Change Component Description : Designator=J3 Old Description= New Description=MFPL-10
Change Component Description : Designator=J4 Old Description= New Description=MFPL-10
Change Component Description : Designator=J7 Old Description= New Description=MFPL-10
Change Component Description : Designator=J19 Old Description= New Description=NMJ3HF-S
Change Component Description : Designator=J16 Old Description= New Description=PCMC2-4
Change Component Description : Designator=D6 Old Description= New Description=SMBJ5.0A
Change Component Description : Designator=D19 Old Description= New Description=SMBJ5.0A
Change Component Description : Designator=D22 Old Description= New Description=SMBJ5.0A
Change Component Description : Designator=D45 Old Description= New Description=SMBJ5.0A
Change Component Description : Designator=D17 Old Description= New Description=SMBJ30.0A
Change Component Description : Designator=U12 Old Description= New Description=TDA8932T
Change Component Description : Designator=R33 Old Description= New Description=TRIMPOT 10K-BOURNS 3386
Change Component Description : Designator=U3 Old Description= New Description=ULN2003
Change Component Library : Designator=C36 Old Library= New Library=AquinoLib.SchLib
Change Component Library : Designator=C38 Old Library= New Library=AquinoLib.SchLib
Change Component Library : Designator=C40 Old Library= New Library=AquinoLib.SchLib
Change Component Library : Designator=C67 Old Library= New Library=AquinoLib.SchLib
Change Component Library : Designator=D6 Old Library= New Library=AquinoLib.SchLib
Change Component Library : Designator=D16 Old Library= New Library=AquinoLib.SchLib
Change Component Library : Designator=D17 Old Library= New Library=AquinoLib.SchLib
Change Component Library : Designator=D18 Old Library= New Library=AquinoLib.SchLib
Change Component Library : Designator=D19 Old Library= New Library=AquinoLib.SchLib
Change Component Library : Designator=D22 Old Library= New Library=AquinoLib.SchLib
Change Component Library : Designator=D41 Old Library= New Library=AquinoLib.SchLib
Change Component Library : Designator=D42 Old Library= New Library=AquinoLib.SchLib
Change Component Library : Designator=D43 Old Library= New Library=AquinoLib.SchLib
Change Component Library : Designator=D44 Old Library= New Library=AquinoLib.SchLib
Change Component Library : Designator=D45 Old Library= New Library=AquinoLib.SchLib
Change Component Library : Designator=J1 Old Library= New Library=AquinoLib.SchLib
Change Component Library : Designator=J2 Old Library= New Library=AquinoLib.SchLib
Change Component Library : Designator=J3 Old Library= New Library=AquinoLib.SchLib
Change Component Library : Designator=J4 Old Library= New Library=AquinoLib.SchLib
Change Component Library : Designator=J5 Old Library= New Library=AquinoLib.SchLib
Change Component Library : Designator=J6 Old Library= New Library=AquinoLib.SchLib
Change Component Library : Designator=J7 Old Library= New Library=AquinoLib.SchLib
Change Component Library : Designator=J8 Old Library= New Library=AquinoLib.SchLib
Change Component Library : Designator=J9 Old Library= New Library=AquinoLib.SchLib
Change Component Library : Designator=J11 Old Library= New Library=AquinoLib.SchLib
Change Component Library : Designator=J15 Old Library= New Library=AquinoLib.SchLib
Change Component Library : Designator=J16 Old Library= New Library=AquinoLib.SchLib
Change Component Library : Designator=J17 Old Library= New Library=AquinoLib.SchLib
Change Component Library : Designator=J18 Old Library= New Library=AquinoLib.SchLib
Change Component Library : Designator=J19 Old Library= New Library=AquinoLib.SchLib
Change Component Library : Designator=J20 Old Library= New Library=AquinoLib.SchLib
Change Component Library : Designator=J21 Old Library= New Library=AquinoLib.SchLib
Change Component Library : Designator=J23 Old Library= New Library=AquinoLib.SchLib
Change Component Library : Designator=L1 Old Library= New Library=AquinoLib.SchLib
Change Component Library : Designator=L2 Old Library= New Library=AquinoLib.SchLib
Change Component Library : Designator=L3 Old Library= New Library=AquinoLib.SchLib
Change Component Library : Designator=L6 Old Library= New Library=AquinoLib.SchLib
Change Component Library : Designator=L7 Old Library= New Library=AquinoLib.SchLib
Change Component Library : Designator=L8 Old Library= New Library=AquinoLib.SchLib
Change Component Library : Designator=L9 Old Library= New Library=AquinoLib.SchLib
Change Component Library : Designator=L10 Old Library= New Library=AquinoLib.SchLib
Change Component Library : Designator=R80 Old Library= New Library=AquinoLib.SchLib
Change Component Library : Designator=R125 Old Library= New Library=AquinoLib.SchLib
Change Component Library : Designator=U1 Old Library= New Library=AquinoLib.SchLib
Change Component Library : Designator=U3 Old Library= New Library=AquinoLib.SchLib
Change Component Library : Designator=U7 Old Library= New Library=AquinoLib.SchLib
Change Component Library : Designator=U10 Old Library= New Library=AquinoLib.SchLib
Change Component Library : Designator=U11 Old Library= New Library=AquinoLib.SchLib
Change Component Library : Designator=U12 Old Library= New Library=AquinoLib.SchLib
Change Component Library : Designator=U13 Old Library= New Library=AquinoLib.SchLib
Change Component Library : Designator=U14 Old Library= New Library=AquinoLib.SchLib
Change Component Library : Designator=X1 Old Library= New Library=AquinoLib.SchLib
Change Component Library : Designator=X2 Old Library= New Library=AquinoLib.SchLib
Change Component Library : Designator=D20 Old Library= New Library=ChaveDigital3.SchLib
Change Component Library : Designator=D21 Old Library= New Library=ChaveDigital3.SchLib
Change Component Library : Designator=J13 Old Library= New Library=ChaveDigital3.SchLib
Change Component Library : Designator=J22 Old Library= New Library=ChaveDigital3.SchLib
Change Component Library : Designator=Q1 Old Library= New Library=ChaveDigital3.SchLib
Change Component Library : Designator=Q2 Old Library= New Library=ChaveDigital3.SchLib
Change Component Library : Designator=Q3 Old Library= New Library=ChaveDigital3.SchLib
Change Component Library : Designator=Q4 Old Library= New Library=ChaveDigital3.SchLib
Change Component Library : Designator=Q16 Old Library= New Library=ChaveDigital3.SchLib
Change Component Library : Designator=Q18 Old Library= New Library=ChaveDigital3.SchLib
Change Component Library : Designator=Q20 Old Library= New Library=ChaveDigital3.SchLib
Change Component Library : Designator=Q21 Old Library= New Library=ChaveDigital3.SchLib
Change Component Library : Designator=R33 Old Library= New Library=ChaveDigital3.SchLib
Change Component Library : Designator=S1 Old Library= New Library=ChaveDigital3.SchLib
Change Component Library : Designator=S2 Old Library= New Library=ChaveDigital3.SchLib
Change Component Library : Designator=S3 Old Library= New Library=ChaveDigital3.SchLib
Change Component Library : Designator=S4 Old Library= New Library=ChaveDigital3.SchLib
Change Component Library : Designator=S5 Old Library= New Library=ChaveDigital3.SchLib
Change Component Library : Designator=U2 Old Library= New Library=ChaveDigital3.SchLib
Change Component Library : Designator=U4 Old Library= New Library=ChaveDigital3.SchLib
Change Component Library : Designator=U5 Old Library= New Library=ChaveDigital3.SchLib
Change Component Library : Designator=U6 Old Library= New Library=ChaveDigital3.SchLib
Change Component Library : Designator=J12 Old Library= New Library=ChaveDigital.IntLib
Change Component Library : Designator=J14 Old Library= New Library=ChaveDigital.IntLib
Added Component: Designator=R134(0805-REVISADO ONDA)
Added Pin To Net: NetName=RXD_MDB Pin=R134-1
Added Pin To Net: NetName=3,3V Pin=R134-2
Added Class: Name=amplificadorAudio
Added Class: Name=Barreira_pacote
Added Class: Name=Controle_Cupula
Added Class: Name=Controle_placa_potencia
Added Class: Name=ControleEmbalagem
Added Class: Name=ControleLeds
Added Class: Name=CPU
Added Class: Name=Entrada_comestero_rm5
Added Class: Name=IHM
Added Class: Name=Interface_gratis
Added Class: Name=InterfaceConfiguracao
Added Class: Name=JTAG
Added Class: Name=Meios_pagamento
Added Class: Name=Memoria
Added Class: Name=Porta_MDB
Added Class: Name=Regulador
Added Room: Name=amplificadorAudio
Added Room: Name=Barreira_pacote
Added Room: Name=Controle_Cupula
Added Room: Name=Controle_placa_potencia
Added Room: Name=ControleEmbalagem
Added Room: Name=ControleLeds
Added Room: Name=CPU
Added Room: Name=Entrada_comestero_rm5
Added Room: Name=IHM
Added Room: Name=Interface_gratis
Added Room: Name=InterfaceConfiguracao
Added Room: Name=JTAG
Added Room: Name=Meios_pagamento
Added Room: Name=Memoria
Added Room: Name=Porta_MDB
Added Room: Name=Regulador
